[I 2026-09-27 21:13:09,558] Trial 5 finished with value: 0.599 and parameters: {'num_time_intervals': 36, 'embedding_size': 105, 'num_embedding_layers': 1, 'hidden_dims': 79, 'num_recurrent_layers': 2, 'learning_rate': 0.0009083411089892667, 'cross_entropy_loss_weight': 0.5383307045534952}. Best is trial 3 with value: 0.61.
Using GPU: cuda:6 (utilization=0%, free_mem=7450MiB)
Running trial number 6 for ExperimentScenario.TWENTY_FEATURES_HETEROGENEOUS on device cuda:6
Train data path /home/minhn2/uiuc-kidney-failure/generated_data/rep_1/twenty_features_heterogeneous_train_data.csv
Test data path /home/minhn2/uiuc-kidney-failure/generated_data/rep_1/twenty_features_heterogeneous_test_data.csv
Number of patients: test 5216 and train 20864
Number of records: test 1255828 and train 5208900
Epoch 1/50
Average Loss: 0.8763203669682874
Epoch 2/50
Average Loss: 0.8718330265233905
Epoch 3/50
Average Loss: 0.8702504991641419
Epoch 4/50
Average Loss: 0.8685401657639071
Epoch 5/50
Average Loss: 0.8671403637575874
Epoch 6/50
Average Loss: 0.8665721293795852
Epoch 7/50
Average Loss: 0.8663788599421474
Epoch 8/50
Average Loss: 0.8661546468037576
Epoch 9/50
Average Loss: 0.8660817723834775
Epoch 10/50
Average Loss: 0.8658556885971919
Epoch 11/50
Average Loss: 0.8656453917841792
Epoch 12/50
Average Loss: 0.8657038389277266
Patience Counter: 1
Epoch 13/50
Average Loss: 0.8656469972986169
Patience Counter: 2
Epoch 14/50
Average Loss: 0.8655038568584301
Epoch 15/50
Average Loss: 0.8654033073378097
Epoch 16/50
Average Loss: 0.8654014052296285
Epoch 17/50
Average Loss: 0.8653249826340116
Epoch 18/50
Average Loss: 0.8652232948457044
Epoch 19/50
Average Loss: 0.8652985654295323
Patience Counter: 1
Epoch 20/50
Average Loss: 0.8650969837394753
Epoch 21/50
Average Loss: 0.8650558529960305
Epoch 22/50
Average Loss: 0.8650415667808897
Epoch 23/50
Average Loss: 0.8650161304577222
Epoch 24/50
Average Loss: 0.8649131803210742
Epoch 25/50
Average Loss: 0.8652396079644207
Patience Counter: 1
Epoch 26/50
Average Loss: 0.8649956654103303
Patience Counter: 2
Epoch 27/50
Average Loss: 0.8650096254901096
Patience Counter: 3
Epoch 28/50
Average Loss: 0.8649581029545425
Patience Counter: 4
Epoch 29/50
Average Loss: 0.8648512523049382
Epoch 30/50
Average Loss: 0.8647595130995352
Epoch 31/50
Average Loss: 0.8646873777645474
Epoch 32/50
Average Loss: 0.8647790376367188
Patience Counter: 1
Epoch 33/50
Average Loss: 0.8647771888411253
Patience Counter: 2
Epoch 34/50
Average Loss: 0.8648036059167171
Patience Counter: 3
Epoch 35/50
Average Loss: 0.8648074481490555
Patience Counter: 4
Epoch 36/50
Average Loss: 0.8648083637429521
Patience Counter: 5
Early stopping triggered
C-Index on Test Data: 0.609
C-Index on Test Data: 0.61
Current trial C-index: 0.6090, Previously saved model C-index: 0.6100
C-Index on Test Data: 0.609
[I 2026-09-27 22:29:35,651] Trial 6 finished with value: 0.609 and parameters: {'num_time_intervals': 45, 'embedding_size': 70, 'num_embedding_layers': 2, 'hidden_dims': 245, 'num_recurrent_layers': 3, 'learning_rate': 0.00034776405748729056, 'cross_entropy_loss_weight': 0.1691532203237044}. Best is trial 3 with value: 0.61.
Using GPU: cuda:5 (utilization=0%, free_mem=8116MiB)
Running trial number 7 for ExperimentScenario.TWENTY_FEATURES_HETEROGENEOUS on device cuda:5
Train data path /home/minhn2/uiuc-kidney-failure/generated_data/rep_1/twenty_features_heterogeneous_train_data.csv
Test data path /home/minhn2/uiuc-kidney-failure/generated_data/rep_1/twenty_features_heterogeneous_test_data.csv
Number of patients: test 5216 and train 20864
Number of records: test 1255828 and train 5208900
Epoch 1/50
Average Loss: 0.792982579135862
Epoch 2/50
Average Loss: 0.7881721912619405
Epoch 3/50
Average Loss: 0.7869950432439485
Epoch 4/50
Average Loss: 0.7863943553876614
Epoch 5/50
Average Loss: 0.7860981670981052
Epoch 6/50
Average Loss: 0.7857307924083298
Epoch 7/50
Average Loss: 0.7855787973126706
Epoch 8/50
Average Loss: 0.7851797886088809
Epoch 9/50
Average Loss: 0.7846198562047138
Epoch 10/50
Average Loss: 0.7842466657150464
Epoch 11/50
Average Loss: 0.7840091602575434
Epoch 12/50
Average Loss: 0.7837511346063423
Epoch 13/50
Average Loss: 0.7834830361041101
Epoch 14/50
Average Loss: 0.7833045655936559
Epoch 15/50
Average Loss: 0.7831073438802543
Epoch 16/50
Average Loss: 0.7829101001768748
Epoch 17/50
Average Loss: 0.7826212406281476
Epoch 18/50
Average Loss: 0.7824807766937005
Epoch 19/50
Average Loss: 0.7823416270317112
Epoch 20/50
Average Loss: 0.7822640388676758
Epoch 21/50
Average Loss: 0.7822829376703305
Patience Counter: 1
Epoch 22/50
Average Loss: 0.7823453120680767
Patience Counter: 2
Epoch 23/50
Average Loss: 0.7822479207382845
Epoch 24/50
Average Loss: 0.782232200625441
Epoch 25/50
Average Loss: 0.7822931599782215
Patience Counter: 1
Epoch 26/50
Average Loss: 0.7822144969855495
Epoch 27/50
Average Loss: 0.7821263113921955
Epoch 28/50
Average Loss: 0.7821369219651174
Patience Counter: 1
Epoch 29/50
Average Loss: 0.7821461561886388
Patience Counter: 2
Epoch 30/50
Average Loss: 0.7819992617132951
Epoch 31/50
Average Loss: 0.7820371317768556
Patience Counter: 1
Epoch 32/50
Average Loss: 0.7820534039649791
Patience Counter: 2
Epoch 33/50
Average Loss: 0.782010044881326
Patience Counter: 3
Epoch 34/50
Average Loss: 0.7820309158191247
Patience Counter: 4
Epoch 35/50
Average Loss: 0.7819811722894584
Epoch 36/50
Average Loss: 0.7820266555487254
Patience Counter: 1
Epoch 37/50
Average Loss: 0.781924758291746
Epoch 38/50
Average Loss: 0.7819653617209715
Patience Counter: 1
Epoch 39/50
Average Loss: 0.7818416598851071
Epoch 40/50
Average Loss: 0.7820019037416086
Patience Counter: 1
Epoch 41/50
Average Loss: 0.7819549530123548
Patience Counter: 2
Epoch 42/50
Average Loss: 0.7819374915258529
Patience Counter: 3
Epoch 43/50
Average Loss: 0.7817053392409388
Epoch 44/50
Average Loss: 0.7818565997213611
Patience Counter: 1
Epoch 45/50
Average Loss: 0.7818500842406235
Patience Counter: 2
Epoch 46/50
Average Loss: 0.7817897654034334
Patience Counter: 3
Epoch 47/50
Average Loss: 0.7819606298978047
Patience Counter: 4
Epoch 48/50
Average Loss: 0.7818768890979179
Patience Counter: 5
Early stopping triggered
C-Index on Test Data: 0.61
C-Index on Test Data: 0.61
Current trial C-index: 0.6100, Previously saved model C-index: 0.6100
C-Index on Test Data: 0.61
[I 2026-09-28 00:07:20,987] Trial 7 finished with value: 0.61 and parameters: {'num_time_intervals': 10, 'embedding_size': 103, 'num_embedding_layers': 3, 'hidden_dims': 255, 'num_recurrent_layers': 2, 'learning_rate': 8.812482456616799e-05, 'cross_entropy_loss_weight': 0.2896763555856482}. Best is trial 3 with value: 0.61.
Using GPU: cuda:5 (utilization=0%, free_mem=8116MiB)
Running trial number 8 for ExperimentScenario.TWENTY_FEATURES_HETEROGENEOUS on device cuda:5
Train data path /home/minhn2/uiuc-kidney-failure/generated_data/rep_1/twenty_features_heterogeneous_train_data.csv
Test data path /home/minhn2/uiuc-kidney-failure/generated_data/rep_1/twenty_features_heterogeneous_test_data.csv
Number of patients: test 5216 and train 20864
Number of records: test 1255828 and train 5208900
Epoch 1/50
Average Loss: 0.660299037765702
Epoch 2/50
Average Loss: 0.6575860497930769
Epoch 3/50
Average Loss: 0.6570836844910262
Epoch 4/50
Average Loss: 0.656842538379887
Epoch 5/50
Average Loss: 0.6566845651855866
Epoch 6/50
Average Loss: 0.6566602402702282
Epoch 7/50
Average Loss: 0.6565021565621556
Epoch 8/50
Average Loss: 0.6565215391692207
Patience Counter: 1
Epoch 9/50
Average Loss: 0.656451530981584
Epoch 10/50
Average Loss: 0.6564320096021461
Epoch 11/50
Average Loss: 0.6564450356043788
Patience Counter: 1
Epoch 12/50
Average Loss: 0.6564855821443865
Patience Counter: 2
Epoch 13/50
Average Loss: 0.6564215691608227
Epoch 14/50
Average Loss: 0.656505657059342
Patience Counter: 1
Epoch 15/50
Average Loss: 0.656430726478007
Patience Counter: 2
Epoch 16/50
Average Loss: 0.6563796349981456
Epoch 17/50
Average Loss: 0.6563240177629152
Epoch 18/50
Average Loss: 0.6563883204037275
Patience Counter: 1
Epoch 19/50
Average Loss: 0.6564127180424354
Patience Counter: 2
Epoch 20/50
Average Loss: 0.6563290582703588
Patience Counter: 3
Epoch 21/50
Average Loss: 0.6562254375419121
Epoch 22/50
Average Loss: 0.6563261103244575
Patience Counter: 1
Epoch 23/50
Average Loss: 0.6563319861918178
Patience Counter: 2
Epoch 24/50
Average Loss: 0.6562484450680769
Patience Counter: 3
Epoch 25/50
Average Loss: 0.6562334352575868
Patience Counter: 4
Epoch 26/50
Average Loss: 0.6562701700471674
Patience Counter: 5
Early stopping triggered
C-Index on Test Data: 0.601
C-Index on Test Data: 0.61
Current trial C-index: 0.6010, Previously saved model C-index: 0.6100
C-Index on Test Data: 0.601
[I 2026-09-28 01:01:21,645] Trial 8 finished with value: 0.601 and parameters: {'num_time_intervals': 47, 'embedding_size': 33, 'num_embedding_layers': 2, 'hidden_dims': 133, 'num_recurrent_layers': 2, 'learning_rate': 0.0009720189951102108, 'cross_entropy_loss_weight': 0.5999537184705517}. Best is trial 3 with value: 0.61.
Using GPU: cuda:6 (utilization=0%, free_mem=6550MiB)
Running trial number 9 for ExperimentScenario.TWENTY_FEATURES_HETEROGENEOUS on device cuda:6
Train data path /home/minhn2/uiuc-kidney-failure/generated_data/rep_1/twenty_features_heterogeneous_train_data.csv
Test data path /home/minhn2/uiuc-kidney-failure/generated_data/rep_1/twenty_features_heterogeneous_test_data.csv
Number of patients: test 5216 and train 20864
Number of records: test 1255828 and train 5208900
Epoch 1/50
Average Loss: 0.5918307717964976
Epoch 2/50
Average Loss: 0.5889101619640901
Epoch 3/50
Average Loss: 0.5881708344100078
Epoch 4/50
Average Loss: 0.5876480343242467
Epoch 5/50
Average Loss: 0.5872666265764966
Epoch 6/50
Average Loss: 0.5869450701013609
Epoch 7/50
Average Loss: 0.5865315678726252
Epoch 8/50
Average Loss: 0.5861485938464515
Epoch 9/50
Average Loss: 0.5857790515942823
Epoch 10/50
Average Loss: 0.5855572356358947
Epoch 11/50
Average Loss: 0.5853843613184808
Epoch 12/50
Average Loss: 0.5852903622012723
Epoch 13/50
Average Loss: 0.5852110177799927
Epoch 14/50
Average Loss: 0.5850915544281335
Epoch 15/50
Average Loss: 0.58504179397465
Epoch 16/50
Average Loss: 0.5849620584806408
Epoch 17/50
Average Loss: 0.5849301824245491
Epoch 18/50
Average Loss: 0.5849084544048835
Epoch 19/50
Average Loss: 0.5848643112307403
Epoch 20/50
Average Loss: 0.5848463661229069
Epoch 21/50
Average Loss: 0.584803719516585
Epoch 22/50
Average Loss: 0.5847909817216156
Epoch 23/50
Average Loss: 0.5847758190094522
Epoch 24/50
Average Loss: 0.584761290536933
Epoch 25/50
Average Loss: 0.5847073156794513
Epoch 26/50
Average Loss: 0.5847262538997344
Patience Counter: 1
Epoch 27/50
Average Loss: 0.5847063767935196
Epoch 28/50
Average Loss: 0.5846095298452979
Epoch 29/50
Average Loss: 0.5846798070198383
Patience Counter: 1
Epoch 30/50
Average Loss: 0.5846403908458303
Patience Counter: 2
Epoch 31/50
Average Loss: 0.5846244145630736
Patience Counter: 3
Epoch 32/50
Average Loss: 0.584565308153723
Epoch 33/50
Average Loss: 0.5845903263392349
Patience Counter: 1
Epoch 34/50
Average Loss: 0.5846075461586051
Patience Counter: 2
Epoch 35/50
Average Loss: 0.584546109930586
Epoch 36/50
Average Loss: 0.5845333465704732
Epoch 37/50
Average Loss: 0.5845117445428057
Epoch 38/50
Average Loss: 0.5845127808325928
Patience Counter: 1
Epoch 39/50
Average Loss: 0.5845357956892384
Patience Counter: 2
Epoch 40/50
Average Loss: 0.5844933145174419
Epoch 41/50
Average Loss: 0.5844633400437287
Epoch 42/50
Average Loss: 0.584442937433579
Epoch 43/50
Average Loss: 0.5844256757272117
Epoch 44/50
Average Loss: 0.5844726417223198
Patience Counter: 1
Epoch 45/50
Average Loss: 0.5844473333229995
Patience Counter: 2
Epoch 46/50
Average Loss: 0.5844138114941432
Epoch 47/50
Average Loss: 0.5843720326937203
Epoch 48/50
Average Loss: 0.5844158513890003
Patience Counter: 1
Epoch 49/50
Average Loss: 0.5844353352035688
Patience Counter: 2
Epoch 50/50
Average Loss: 0.5843805389426442
Patience Counter: 3
C-Index on Test Data: 0.611
C-Index on Test Data: 0.61
Current trial C-index: 0.6110, Previously saved model C-index: 0.6100
Current model performs better, saving it...
C-Index on Test Data: 0.611
[I 2026-09-28 02:41:05,965] Trial 9 finished with value: 0.611 and parameters: {'num_time_intervals': 38, 'embedding_size': 82, 'num_embedding_layers': 2, 'hidden_dims': 230, 'num_recurrent_layers': 2, 'learning_rate': 9.175712245642918e-05, 'cross_entropy_loss_weight': 0.720642950573056}. Best is trial 9 with value: 0.611.
Number of finished trials:  10
Best trial:
Best hyperparameters: {'num_time_intervals': 38, 'embedding_size': 82, 'num_embedding_layers': 2, 'hidden_dims': 230, 'num_recurrent_layers': 2, 'learning_rate': 9.175712245642918e-05, 'cross_entropy_loss_weight': 0.720642950573056}
C-Index on Test Data: 0.605
Integrated Brier Score Test: 0.183
Train data path /home/minhn2/uiuc-kidney-failure/generated_data/rep_1/twenty_features_heterogeneous_train_data.csv
Test data path /home/minhn2/uiuc-kidney-failure/generated_data/rep_1/twenty_features_heterogeneous_test_data.csv
Number of patients: test 5216 and train 20864
Number of records: test 1255828 and train 5208900
get_last_observation_data(ExperimentScenario.TWENTY_FEATURES_HETEROGENEOUS): train 5208900 rows/20864 subjects -> 20864 rows; test 1255828 rows/5216 subjects -> 5216 rows
Mean time-dependent AUC (patient-level, supported follow-up below 730 days): 0.5234
TRAIN twenty_features_heterogeneous/deepsurv: missing artifact /home/minhn2/uiuc-kidney-failure/generated_data/rep_1/twenty_features_heterogeneous_deepsurv_model.pt
Using GPU: cuda:4 (utilization=0%, free_mem=7336MiB)
Train data path /home/minhn2/uiuc-kidney-failure/generated_data/rep_1/twenty_features_heterogeneous_train_data.csv
Test data path /home/minhn2/uiuc-kidney-failure/generated_data/rep_1/twenty_features_heterogeneous_test_data.csv
Number of patients: test 5216 and train 20864
Number of records: test 1255828 and train 5208900
get_last_observation_data(ExperimentScenario.TWENTY_FEATURES_HETEROGENEOUS): train 5208900 rows/20864 subjects -> 20864 rows; test 1255828 rows/5216 subjects -> 5216 rows
Running Optuna hyperparameter optimization
[I 2026-09-28 03:08:49,295] A new study created in memory with name: no-name-2b33c791-d210-4fc3-846b-c2c916318bca
Using GPU: cuda:4 (utilization=0%, free_mem=7336MiB)
Epoch 1/50
Average Loss: 1068.346563571837
Epoch 2/50
Average Loss: 1068.187902683165
Epoch 3/50
Average Loss: 1068.4047423572074
Patience Counter: 1
Epoch 4/50
Average Loss: 1068.2586837396389
Patience Counter: 2
Epoch 5/50
Average Loss: 1068.2586468952459
Patience Counter: 3
Epoch 6/50
Average Loss: 1068.1718415050973
Epoch 7/50
Average Loss: 1068.3390674125858
Patience Counter: 1
Epoch 8/50
Average Loss: 1068.159740168874
Epoch 9/50
Average Loss: 1068.1139690120046
Epoch 10/50
Average Loss: 1068.3019852056736
Patience Counter: 1
Epoch 11/50
Average Loss: 1068.253105349657
Patience Counter: 2
Epoch 12/50
Average Loss: 1068.2017077934452
Patience Counter: 3
Epoch 13/50
Average Loss: 1068.0895370855565
Epoch 14/50
Average Loss: 1068.0557061172112
Epoch 15/50
Average Loss: 1068.2581995522103
Patience Counter: 1
Epoch 16/50
Average Loss: 1068.2697962318978
Patience Counter: 2
Epoch 17/50
Average Loss: 1068.2891112536918
Patience Counter: 3
Epoch 18/50
Average Loss: 1068.1414478581125
Patience Counter: 4
Epoch 19/50
Average Loss: 1068.202195330364
Patience Counter: 5
Early stopping triggered
C-Index Data: 0.504
No existing model found, saving current model with C-index: 0.5040
[I 2026-09-28 03:10:43,592] Trial 0 finished with value: 0.504 and parameters: {'num_layer': 19, 'hidden_dim_0': 192, 'hidden_dim_1': 157, 'hidden_dim_2': 74, 'hidden_dim_3': 149, 'hidden_dim_4': 16, 'hidden_dim_5': 154, 'hidden_dim_6': 177, 'hidden_dim_7': 39, 'hidden_dim_8': 32, 'hidden_dim_9': 138, 'hidden_dim_10': 210, 'hidden_dim_11': 59, 'hidden_dim_12': 106, 'hidden_dim_13': 179, 'hidden_dim_14': 93, 'hidden_dim_15': 239, 'hidden_dim_16': 124, 'hidden_dim_17': 77, 'hidden_dim_18': 138, 'learning_rate': 4.707369162404839e-05, 'drop_out_rate_0': 0.3319632895753749, 'drop_out_rate_1': 0.4214413939792878, 'drop_out_rate_2': 0.1770402900346406, 'drop_out_rate_3': 0.4874449019799366, 'drop_out_rate_4': 0.1758835141126848, 'drop_out_rate_5': 0.48513038914236095, 'drop_out_rate_6': 0.21919718318905673, 'drop_out_rate_7': 0.38716049066257785, 'drop_out_rate_8': 0.2772138036661556, 'drop_out_rate_9': 0.10953220037535481, 'drop_out_rate_10': 0.11473019092698418, 'drop_out_rate_11': 0.2891857970810144, 'drop_out_rate_12': 0.47461086390976404, 'drop_out_rate_13': 0.17690361989310366, 'drop_out_rate_14': 0.46258693769316495, 'drop_out_rate_15': 0.12690502387249622, 'drop_out_rate_16': 0.47382482818571436, 'drop_out_rate_17': 0.23896490612865395, 'drop_out_rate_18': 0.41161899336373187}. Best is trial 0 with value: 0.504.
Using GPU: cuda:6 (utilization=0%, free_mem=6550MiB)
Epoch 1/50
Average Loss: 1068.3488486685403
Epoch 2/50
Average Loss: 1067.9046046559404
Epoch 3/50
Average Loss: 1068.1413879394531
Patience Counter: 1
Epoch 4/50
Average Loss: 1067.9032667206554
Epoch 5/50
Average Loss: 1067.670211047661
Epoch 6/50
Average Loss: 1067.4504163788586
Epoch 7/50
Average Loss: 1067.216148190382
Epoch 8/50
Average Loss: 1067.3017306444121
Patience Counter: 1
Epoch 9/50
Average Loss: 1067.21398441966
Epoch 10/50
Average Loss: 1067.0016047780107
Epoch 11/50
Average Loss: 1067.1388784269006
Patience Counter: 1
Epoch 12/50
Average Loss: 1067.4163267554306
Patience Counter: 2
Epoch 13/50
Average Loss: 1067.2132981463176
Patience Counter: 3
Epoch 14/50
Average Loss: 1067.3962525158395
Patience Counter: 4
Epoch 15/50
Average Loss: 1067.0889263618283
Patience Counter: 5
Early stopping triggered
C-Index Data: 0.524
C-Index Data: 0.504
Current trial C-index: 0.5240, Previously saved model C-index: 0.5040
Current model performs better, saving it...
[I 2026-09-28 03:12:05,011] Trial 1 finished with value: 0.524 and parameters: {'num_layer': 9, 'hidden_dim_0': 30, 'hidden_dim_1': 204, 'hidden_dim_2': 92, 'hidden_dim_3': 142, 'hidden_dim_4': 111, 'hidden_dim_5': 133, 'hidden_dim_6': 58, 'hidden_dim_7': 247, 'hidden_dim_8': 256, 'learning_rate': 0.0017872081636658226, 'drop_out_rate_0': 0.20456629453869846, 'drop_out_rate_1': 0.2942311008199113, 'drop_out_rate_2': 0.21079247170579576, 'drop_out_rate_3': 0.2707032694201841, 'drop_out_rate_4': 0.3390268273838052, 'drop_out_rate_5': 0.16435510919255003, 'drop_out_rate_6': 0.19644208341511687, 'drop_out_rate_7': 0.40054776301037975, 'drop_out_rate_8': 0.44734627365028723}. Best is trial 1 with value: 0.524.
Using GPU: cuda:7 (utilization=0%, free_mem=7510MiB)
Epoch 1/50
Average Loss: 1068.3451932581459
Epoch 2/50
Average Loss: 1068.321188205626
Epoch 3/50
Average Loss: 1067.9567134205888
Epoch 4/50
Average Loss: 1067.5938724424782
Epoch 5/50
Average Loss: 1067.6226691269294
Patience Counter: 1
Epoch 6/50
Average Loss: 1067.1219478700218
Epoch 7/50
Average Loss: 1067.394283387719
Patience Counter: 1
Epoch 8/50
Average Loss: 1067.3174419868283
Patience Counter: 2
Epoch 9/50
Average Loss: 1067.07201515756
Epoch 10/50
Average Loss: 1067.4109199337843
Patience Counter: 1
Epoch 11/50
Average Loss: 1066.9048934564357
Epoch 12/50
Average Loss: 1067.0267244664635
Patience Counter: 1
Epoch 13/50
Average Loss: 1066.7947797077459
Epoch 14/50
Average Loss: 1067.0348559123713
Patience Counter: 1
Epoch 15/50
Average Loss: 1066.7568605004287
Epoch 16/50
Average Loss: 1066.962577261576
Patience Counter: 1
Epoch 17/50
Average Loss: 1067.026857329578
Patience Counter: 2
Epoch 18/50
Average Loss: 1066.9187168028297
Patience Counter: 3
Epoch 19/50
Average Loss: 1066.6241566727801
Epoch 20/50
Average Loss: 1066.90297792016
Patience Counter: 1
Epoch 21/50
Average Loss: 1066.9427129233757
Patience Counter: 2
Epoch 22/50
Average Loss: 1066.9161708180497
Patience Counter: 3
Epoch 23/50
Average Loss: 1066.9311862108184
Patience Counter: 4
Epoch 24/50
Average Loss: 1066.7684173583984
Patience Counter: 5
Early stopping triggered
C-Index Data: 0.528
C-Index Data: 0.524
Current trial C-index: 0.5280, Previously saved model C-index: 0.5240
Current model performs better, saving it...
