[I 2026-10-02 11:06:33,802] Trial 1 finished with value: 0.5543748586931947 and parameters: {'num_nodes': 64, 'num_layers': 3, 'lr': 0.0002843624810761331, 'batch_size': 256, 'dropout': 0.49485430212594583}. Best is trial 1 with value: 0.5543748586931947.
Using GPU: cuda:6 (utilization=0%, free_mem=48714MiB)
Train data path /home/minhn2/uiuc-kidney-failure/generated_data/rep_1/eight_features_train_data.csv
Test data path /home/minhn2/uiuc-kidney-failure/generated_data/rep_1/eight_features_test_data.csv
Number of patients: test 107 and train 425
Number of records: test 522 and train 1500
/home/minhn2/uiuc-kidney-failure/pkgs/experiments/logistic_hazard.py:91: FutureWarning: You are using `torch.load` with `weights_only=False` (the current default value), which uses the default pickle module implicitly. It is possible to construct malicious pickle data which will execute arbitrary code during unpickling (See https://github.com/pytorch/pytorch/blob/main/SECURITY.md#untrusted-models for more details). In a future release, the default value for `weights_only` will be flipped to `True`. This limits the functions that could be executed during unpickling. Arbitrary objects will no longer be allowed to be loaded via this mode unless they are explicitly allowlisted by the user via `torch.serialization.add_safe_globals`. We recommend you start setting `weights_only=True` for any use case where you don't have full control of the loaded file. Please open an issue on GitHub for any issues related to this experimental feature.
  saved_net = torch.load(saved_path, map_location=device)
Saved model C-index: 0.5544, Current trial C-index: 0.4999
Saved model is better, keeping it
[I 2026-10-02 11:06:34,387] Trial 2 finished with value: 0.4998869545557314 and parameters: {'num_nodes': 64, 'num_layers': 1, 'lr': 0.0012853492393124725, 'batch_size': 256, 'dropout': 0.22251464153894873}. Best is trial 1 with value: 0.5543748586931947.
Using GPU: cuda:7 (utilization=0%, free_mem=48714MiB)
Train data path /home/minhn2/uiuc-kidney-failure/generated_data/rep_1/eight_features_train_data.csv
Test data path /home/minhn2/uiuc-kidney-failure/generated_data/rep_1/eight_features_test_data.csv
Number of patients: test 107 and train 425
Number of records: test 522 and train 1500
/home/minhn2/uiuc-kidney-failure/pkgs/experiments/logistic_hazard.py:91: FutureWarning: You are using `torch.load` with `weights_only=False` (the current default value), which uses the default pickle module implicitly. It is possible to construct malicious pickle data which will execute arbitrary code during unpickling (See https://github.com/pytorch/pytorch/blob/main/SECURITY.md#untrusted-models for more details). In a future release, the default value for `weights_only` will be flipped to `True`. This limits the functions that could be executed during unpickling. Arbitrary objects will no longer be allowed to be loaded via this mode unless they are explicitly allowlisted by the user via `torch.serialization.add_safe_globals`. We recommend you start setting `weights_only=True` for any use case where you don't have full control of the loaded file. Please open an issue on GitHub for any issues related to this experimental feature.
  saved_net = torch.load(saved_path, map_location=device)
Saved model C-index: 0.5544, Current trial C-index: 0.4942
Saved model is better, keeping it
[I 2026-10-02 11:06:35,139] Trial 3 finished with value: 0.4942346823423016 and parameters: {'num_nodes': 128, 'num_layers': 3, 'lr': 0.007385659240232775, 'batch_size': 256, 'dropout': 0.23630334681309917}. Best is trial 1 with value: 0.5543748586931947.
Using GPU: cuda:2 (utilization=0%, free_mem=48714MiB)
Train data path /home/minhn2/uiuc-kidney-failure/generated_data/rep_1/eight_features_train_data.csv
Test data path /home/minhn2/uiuc-kidney-failure/generated_data/rep_1/eight_features_test_data.csv
Number of patients: test 107 and train 425
Number of records: test 522 and train 1500
/home/minhn2/uiuc-kidney-failure/pkgs/experiments/logistic_hazard.py:91: FutureWarning: You are using `torch.load` with `weights_only=False` (the current default value), which uses the default pickle module implicitly. It is possible to construct malicious pickle data which will execute arbitrary code during unpickling (See https://github.com/pytorch/pytorch/blob/main/SECURITY.md#untrusted-models for more details). In a future release, the default value for `weights_only` will be flipped to `True`. This limits the functions that could be executed during unpickling. Arbitrary objects will no longer be allowed to be loaded via this mode unless they are explicitly allowlisted by the user via `torch.serialization.add_safe_globals`. We recommend you start setting `weights_only=True` for any use case where you don't have full control of the loaded file. Please open an issue on GitHub for any issues related to this experimental feature.
  saved_net = torch.load(saved_path, map_location=device)
Saved model C-index: 0.5544, Current trial C-index: 0.5410
Saved model is better, keeping it
[I 2026-10-02 11:06:35,737] Trial 4 finished with value: 0.5410354962695003 and parameters: {'num_nodes': 128, 'num_layers': 1, 'lr': 0.016422149056152868, 'batch_size': 256, 'dropout': 0.37113547251175866}. Best is trial 1 with value: 0.5543748586931947.
Using GPU: cuda:7 (utilization=0%, free_mem=48712MiB)
Train data path /home/minhn2/uiuc-kidney-failure/generated_data/rep_1/eight_features_train_data.csv
Test data path /home/minhn2/uiuc-kidney-failure/generated_data/rep_1/eight_features_test_data.csv
Number of patients: test 107 and train 425
Number of records: test 522 and train 1500
/home/minhn2/uiuc-kidney-failure/pkgs/experiments/logistic_hazard.py:91: FutureWarning: You are using `torch.load` with `weights_only=False` (the current default value), which uses the default pickle module implicitly. It is possible to construct malicious pickle data which will execute arbitrary code during unpickling (See https://github.com/pytorch/pytorch/blob/main/SECURITY.md#untrusted-models for more details). In a future release, the default value for `weights_only` will be flipped to `True`. This limits the functions that could be executed during unpickling. Arbitrary objects will no longer be allowed to be loaded via this mode unless they are explicitly allowlisted by the user via `torch.serialization.add_safe_globals`. We recommend you start setting `weights_only=True` for any use case where you don't have full control of the loaded file. Please open an issue on GitHub for any issues related to this experimental feature.
  saved_net = torch.load(saved_path, map_location=device)
Saved model C-index: 0.5544, Current trial C-index: 0.5293
Saved model is better, keeping it
[I 2026-10-02 11:06:36,538] Trial 5 finished with value: 0.5292787700655663 and parameters: {'num_nodes': 128, 'num_layers': 1, 'lr': 0.0025468496573687774, 'batch_size': 128, 'dropout': 0.21439348158491262}. Best is trial 1 with value: 0.5543748586931947.
Using GPU: cuda:2 (utilization=0%, free_mem=48714MiB)
Train data path /home/minhn2/uiuc-kidney-failure/generated_data/rep_1/eight_features_train_data.csv
Test data path /home/minhn2/uiuc-kidney-failure/generated_data/rep_1/eight_features_test_data.csv
Number of patients: test 107 and train 425
Number of records: test 522 and train 1500
/home/minhn2/uiuc-kidney-failure/pkgs/experiments/logistic_hazard.py:91: FutureWarning: You are using `torch.load` with `weights_only=False` (the current default value), which uses the default pickle module implicitly. It is possible to construct malicious pickle data which will execute arbitrary code during unpickling (See https://github.com/pytorch/pytorch/blob/main/SECURITY.md#untrusted-models for more details). In a future release, the default value for `weights_only` will be flipped to `True`. This limits the functions that could be executed during unpickling. Arbitrary objects will no longer be allowed to be loaded via this mode unless they are explicitly allowlisted by the user via `torch.serialization.add_safe_globals`. We recommend you start setting `weights_only=True` for any use case where you don't have full control of the loaded file. Please open an issue on GitHub for any issues related to this experimental feature.
  saved_net = torch.load(saved_path, map_location=device)
Saved model C-index: 0.5544, Current trial C-index: 0.4587
Saved model is better, keeping it
[I 2026-10-02 11:06:37,308] Trial 6 finished with value: 0.4587384128419625 and parameters: {'num_nodes': 16, 'num_layers': 3, 'lr': 0.00022756050854615695, 'batch_size': 256, 'dropout': 0.17686725521316704}. Best is trial 1 with value: 0.5543748586931947.
Using GPU: cuda:7 (utilization=0%, free_mem=48712MiB)
Train data path /home/minhn2/uiuc-kidney-failure/generated_data/rep_1/eight_features_train_data.csv
Test data path /home/minhn2/uiuc-kidney-failure/generated_data/rep_1/eight_features_test_data.csv
Number of patients: test 107 and train 425
Number of records: test 522 and train 1500
/home/minhn2/uiuc-kidney-failure/pkgs/experiments/logistic_hazard.py:91: FutureWarning: You are using `torch.load` with `weights_only=False` (the current default value), which uses the default pickle module implicitly. It is possible to construct malicious pickle data which will execute arbitrary code during unpickling (See https://github.com/pytorch/pytorch/blob/main/SECURITY.md#untrusted-models for more details). In a future release, the default value for `weights_only` will be flipped to `True`. This limits the functions that could be executed during unpickling. Arbitrary objects will no longer be allowed to be loaded via this mode unless they are explicitly allowlisted by the user via `torch.serialization.add_safe_globals`. We recommend you start setting `weights_only=True` for any use case where you don't have full control of the loaded file. Please open an issue on GitHub for any issues related to this experimental feature.
  saved_net = torch.load(saved_path, map_location=device)
Saved model C-index: 0.5544, Current trial C-index: 0.4540
Saved model is better, keeping it
[I 2026-10-02 11:06:37,882] Trial 7 finished with value: 0.45399050418268144 and parameters: {'num_nodes': 32, 'num_layers': 1, 'lr': 0.09061757685487747, 'batch_size': 256, 'dropout': 0.028397771053455978}. Best is trial 1 with value: 0.5543748586931947.
Using GPU: cuda:3 (utilization=0%, free_mem=48712MiB)
Train data path /home/minhn2/uiuc-kidney-failure/generated_data/rep_1/eight_features_train_data.csv
Test data path /home/minhn2/uiuc-kidney-failure/generated_data/rep_1/eight_features_test_data.csv
Number of patients: test 107 and train 425
Number of records: test 522 and train 1500
/home/minhn2/uiuc-kidney-failure/pkgs/experiments/logistic_hazard.py:91: FutureWarning: You are using `torch.load` with `weights_only=False` (the current default value), which uses the default pickle module implicitly. It is possible to construct malicious pickle data which will execute arbitrary code during unpickling (See https://github.com/pytorch/pytorch/blob/main/SECURITY.md#untrusted-models for more details). In a future release, the default value for `weights_only` will be flipped to `True`. This limits the functions that could be executed during unpickling. Arbitrary objects will no longer be allowed to be loaded via this mode unless they are explicitly allowlisted by the user via `torch.serialization.add_safe_globals`. We recommend you start setting `weights_only=True` for any use case where you don't have full control of the loaded file. Please open an issue on GitHub for any issues related to this experimental feature.
  saved_net = torch.load(saved_path, map_location=device)
Saved model C-index: 0.5544, Current trial C-index: 0.5191
Saved model is better, keeping it
[I 2026-10-02 11:06:40,631] Trial 8 finished with value: 0.5191046800813928 and parameters: {'num_nodes': 64, 'num_layers': 2, 'lr': 0.0008680938876481043, 'batch_size': 32, 'dropout': 0.3357560859230433}. Best is trial 1 with value: 0.5543748586931947.
Using GPU: cuda:7 (utilization=0%, free_mem=48712MiB)
Train data path /home/minhn2/uiuc-kidney-failure/generated_data/rep_1/eight_features_train_data.csv
Test data path /home/minhn2/uiuc-kidney-failure/generated_data/rep_1/eight_features_test_data.csv
Number of patients: test 107 and train 425
Number of records: test 522 and train 1500
/home/minhn2/uiuc-kidney-failure/pkgs/experiments/logistic_hazard.py:91: FutureWarning: You are using `torch.load` with `weights_only=False` (the current default value), which uses the default pickle module implicitly. It is possible to construct malicious pickle data which will execute arbitrary code during unpickling (See https://github.com/pytorch/pytorch/blob/main/SECURITY.md#untrusted-models for more details). In a future release, the default value for `weights_only` will be flipped to `True`. This limits the functions that could be executed during unpickling. Arbitrary objects will no longer be allowed to be loaded via this mode unless they are explicitly allowlisted by the user via `torch.serialization.add_safe_globals`. We recommend you start setting `weights_only=True` for any use case where you don't have full control of the loaded file. Please open an issue on GitHub for any issues related to this experimental feature.
  saved_net = torch.load(saved_path, map_location=device)
Saved model C-index: 0.5544, Current trial C-index: 0.5067
Saved model is better, keeping it
[I 2026-10-02 11:06:43,535] Trial 9 finished with value: 0.5066696812118472 and parameters: {'num_nodes': 64, 'num_layers': 3, 'lr': 0.00044637807686109045, 'batch_size': 32, 'dropout': 0.1456007898251075}. Best is trial 1 with value: 0.5543748586931947.
Number of finished trials:  10
Best trial:
Best hyperparameters: {'num_nodes': 64, 'num_layers': 3, 'lr': 0.0002843624810761331, 'batch_size': 256, 'dropout': 0.49485430212594583}
Loading best model from disk after optimization
Model summary:
MLPVanilla(
  (net): Sequential(
    (0): DenseVanillaBlock(
      (linear): Linear(in_features=8, out_features=64, bias=True)
      (activation): ReLU()
      (batch_norm): BatchNorm1d(64, eps=1e-05, momentum=0.1, affine=True, track_running_stats=True)
      (dropout): Dropout(p=0.49485430212594583, inplace=False)
    )
    (1): DenseVanillaBlock(
      (linear): Linear(in_features=64, out_features=64, bias=True)
      (activation): ReLU()
      (batch_norm): BatchNorm1d(64, eps=1e-05, momentum=0.1, affine=True, track_running_stats=True)
      (dropout): Dropout(p=0.49485430212594583, inplace=False)
    )
    (2): DenseVanillaBlock(
      (linear): Linear(in_features=64, out_features=64, bias=True)
      (activation): ReLU()
      (batch_norm): BatchNorm1d(64, eps=1e-05, momentum=0.1, affine=True, track_running_stats=True)
      (dropout): Dropout(p=0.49485430212594583, inplace=False)
    )
    (3): Linear(in_features=64, out_features=50, bias=False)
  )
)

=== Evaluation Results for eight_features ===
Global test C-index: 0.554
Event rate: 82/107 (76.64%)
Integrated Brier Score Test: 0.811
Train data path /home/minhn2/uiuc-kidney-failure/generated_data/rep_1/eight_features_train_data.csv
Test data path /home/minhn2/uiuc-kidney-failure/generated_data/rep_1/eight_features_test_data.csv
Number of patients: test 107 and train 425
Number of records: test 522 and train 1500
Mean time-dependent AUC (patient-level, supported follow-up below 730 days): 0.4332
COMPLETE
