[I 2026-09-27 11:53:22,780] Trial 9 finished with value: 0.47088063430981764 and parameters: {'num_nodes': 16, 'num_layers': 1, 'lr': 0.00011621438818492922, 'batch_size': 128, 'dropout': 0.20397522204684376}. Best is trial 1 with value: 0.4751520241760878.
Number of finished trials:  10
Best trial:
Best hyperparameters: {'num_nodes': 32, 'num_layers': 3, 'lr': 0.015968151154595833, 'batch_size': 64, 'dropout': 0.4261758966603552}
Loading best model from disk after optimization
Model summary:
MLPVanilla(
  (net): Sequential(
    (0): DenseVanillaBlock(
      (linear): Linear(in_features=40, out_features=32, bias=True)
      (activation): ReLU()
      (batch_norm): BatchNorm1d(32, eps=1e-05, momentum=0.1, affine=True, track_running_stats=True)
      (dropout): Dropout(p=0.4261758966603552, inplace=False)
    )
    (1): DenseVanillaBlock(
      (linear): Linear(in_features=32, out_features=32, bias=True)
      (activation): ReLU()
      (batch_norm): BatchNorm1d(32, eps=1e-05, momentum=0.1, affine=True, track_running_stats=True)
      (dropout): Dropout(p=0.4261758966603552, inplace=False)
    )
    (2): DenseVanillaBlock(
      (linear): Linear(in_features=32, out_features=32, bias=True)
      (activation): ReLU()
      (batch_norm): BatchNorm1d(32, eps=1e-05, momentum=0.1, affine=True, track_running_stats=True)
      (dropout): Dropout(p=0.4261758966603552, inplace=False)
    )
    (3): Linear(in_features=32, out_features=50, bias=False)
  )
)

=== Evaluation Results for twenty_features_heterogeneous ===
Global test C-index: 0.475
Event rate: 4770/5216 (91.45%)
Integrated Brier Score Test: 0.572
Train data path /home/minhn2/uiuc-kidney-failure/generated_data/rep_1/twenty_features_heterogeneous_train_data.csv
Test data path /home/minhn2/uiuc-kidney-failure/generated_data/rep_1/twenty_features_heterogeneous_test_data.csv
Number of patients: test 5216 and train 20864
Number of records: test 1255828 and train 5208900
Mean time-dependent AUC (patient-level, supported follow-up below 730 days): 0.5404
TRAIN twenty_features_heterogeneous/rnnsurv: missing artifact /home/minhn2/uiuc-kidney-failure/generated_data/rep_1/twenty_features_heterogeneous_rnn_surv_model.pt
Using GPU: cuda:7 (utilization=0%, free_mem=11014MiB)
Train data path /home/minhn2/uiuc-kidney-failure/generated_data/rep_1/twenty_features_heterogeneous_train_data.csv
Test data path /home/minhn2/uiuc-kidney-failure/generated_data/rep_1/twenty_features_heterogeneous_test_data.csv
Number of patients: test 5216 and train 20864
Number of records: test 1255828 and train 5208900
Running Optuna hyperparameter optimization
[I 2026-09-27 11:54:04,648] A new study created in memory with name: no-name-5e20333e-9404-4f26-852f-21f176254e37
Using GPU: cuda:4 (utilization=0%, free_mem=11036MiB)
Running trial number 0 for ExperimentScenario.TWENTY_FEATURES_HETEROGENEOUS on device cuda:4
Train data path /home/minhn2/uiuc-kidney-failure/generated_data/rep_1/twenty_features_heterogeneous_train_data.csv
Test data path /home/minhn2/uiuc-kidney-failure/generated_data/rep_1/twenty_features_heterogeneous_test_data.csv
Number of patients: test 5216 and train 20864
Number of records: test 1255828 and train 5208900
Epoch 1/50
Average Loss: 0.6417993973520993
Epoch 2/50
Average Loss: 0.6371648685824685
Epoch 3/50
Average Loss: 0.6366055952555332
Epoch 4/50
Average Loss: 0.6361230602617908
Epoch 5/50
Average Loss: 0.6357816904988297
Epoch 6/50
Average Loss: 0.6354349055288113
Epoch 7/50
Average Loss: 0.6351999000523328
Epoch 8/50
Average Loss: 0.6350291146451349
Epoch 9/50
Average Loss: 0.6348479736646876
Epoch 10/50
Average Loss: 0.6347318137394484
Epoch 11/50
Average Loss: 0.6346948506841145
Epoch 12/50
Average Loss: 0.6345471056796653
Epoch 13/50
Average Loss: 0.6345263125972849
Epoch 14/50
Average Loss: 0.6344064638481431
Epoch 15/50
Average Loss: 0.6343684965184027
Epoch 16/50
Average Loss: 0.6342910141622784
Epoch 17/50
Average Loss: 0.6342249436145427
Epoch 18/50
Average Loss: 0.6341473490193102
Epoch 19/50
Average Loss: 0.6341253459652773
Epoch 20/50
Average Loss: 0.6340744658405335
Epoch 21/50
Average Loss: 0.6339629687557807
Epoch 22/50
Average Loss: 0.6339481874585667
Epoch 23/50
Average Loss: 0.6338379874763963
Epoch 24/50
Average Loss: 0.6337423271213788
Epoch 25/50
Average Loss: 0.6336878128840433
Epoch 26/50
Average Loss: 0.6335955637847485
Epoch 27/50
Average Loss: 0.6334046612152984
Epoch 28/50
Average Loss: 0.633264046700619
Epoch 29/50
Average Loss: 0.6331138856077747
Epoch 30/50
Average Loss: 0.6329570399424826
Epoch 31/50
Average Loss: 0.6328580569624549
Epoch 32/50
Average Loss: 0.6327516849222131
Epoch 33/50
Average Loss: 0.6326919282413617
Epoch 34/50
Average Loss: 0.6326102396714587
Epoch 35/50
Average Loss: 0.632594109539412
Epoch 36/50
Average Loss: 0.6325413926349118
Epoch 37/50
Average Loss: 0.6324874670154129
Epoch 38/50
Average Loss: 0.6324609702873001
Epoch 39/50
Average Loss: 0.6323890164099064
Epoch 40/50
Average Loss: 0.6324661735958614
Patience Counter: 1
Epoch 41/50
Average Loss: 0.6323862742667047
Epoch 42/50
Average Loss: 0.6323479381676435
Epoch 43/50
Average Loss: 0.632313284134675
Epoch 44/50
Average Loss: 0.6323057686958
Epoch 45/50
Average Loss: 0.6322054532423385
Epoch 46/50
Average Loss: 0.6321931483236117
Epoch 47/50
Average Loss: 0.6321332865774174
Epoch 48/50
Average Loss: 0.6320948076020858
Epoch 49/50
Average Loss: 0.6320428993323708
Epoch 50/50
Average Loss: 0.6319416033329982
No compatible saved model found, saving current PMF model
C-Index on Test Data: 0.609
[I 2026-09-27 13:41:15,198] Trial 0 finished with value: 0.609 and parameters: {'num_time_intervals': 30, 'embedding_size': 126, 'num_embedding_layers': 2, 'hidden_dims': 234, 'num_recurrent_layers': 3, 'learning_rate': 3.330721263523944e-05, 'cross_entropy_loss_weight': 0.6119818410541696}. Best is trial 0 with value: 0.609.
Using GPU: cuda:7 (utilization=0%, free_mem=11014MiB)
Running trial number 1 for ExperimentScenario.TWENTY_FEATURES_HETEROGENEOUS on device cuda:7
Train data path /home/minhn2/uiuc-kidney-failure/generated_data/rep_1/twenty_features_heterogeneous_train_data.csv
Test data path /home/minhn2/uiuc-kidney-failure/generated_data/rep_1/twenty_features_heterogeneous_test_data.csv
Number of patients: test 5216 and train 20864
Number of records: test 1255828 and train 5208900
Epoch 1/50
Average Loss: 0.7123694820994123
Epoch 2/50
Average Loss: 0.6990125938057782
Epoch 3/50
Average Loss: 0.6972353024639267
Epoch 4/50
Average Loss: 0.696601144024776
Epoch 5/50
Average Loss: 0.6962525561768272
Epoch 6/50
Average Loss: 0.6960032745032876
Epoch 7/50
Average Loss: 0.695809237792259
Epoch 8/50
Average Loss: 0.6955818119289506
Epoch 9/50
Average Loss: 0.6954795636144396
Epoch 10/50
Average Loss: 0.6953290943572628
Epoch 11/50
Average Loss: 0.6951001558767008
Epoch 12/50
Average Loss: 0.695048802730164
Epoch 13/50
Average Loss: 0.6949678152354358
Epoch 14/50
Average Loss: 0.6948077031928429
Epoch 15/50
Average Loss: 0.6946899758467675
Epoch 16/50
Average Loss: 0.6946138778632953
Epoch 17/50
Average Loss: 0.6944823529998235
Epoch 18/50
Average Loss: 0.6943933773373536
Epoch 19/50
Average Loss: 0.6943371551067767
Epoch 20/50
Average Loss: 0.6941884150785338
Epoch 21/50
Average Loss: 0.694135414729752
Epoch 22/50
Average Loss: 0.6939345343140598
Epoch 23/50
Average Loss: 0.6938403950755526
Epoch 24/50
Average Loss: 0.6938031007293542
Epoch 25/50
Average Loss: 0.6937428020454939
Epoch 26/50
Average Loss: 0.6936791851495581
Epoch 27/50
Average Loss: 0.693492011756074
Epoch 28/50
Average Loss: 0.6935050481864833
Patience Counter: 1
Epoch 29/50
Average Loss: 0.6933586805391012
Epoch 30/50
Average Loss: 0.693225349228392
Epoch 31/50
Average Loss: 0.6932129708979391
Epoch 32/50
Average Loss: 0.6931223674586322
Epoch 33/50
Average Loss: 0.6930656990002315
Epoch 34/50
Average Loss: 0.692922464190906
Epoch 35/50
Average Loss: 0.6930542668437171
Patience Counter: 1
Epoch 36/50
Average Loss: 0.6929429278864428
Patience Counter: 2
Epoch 37/50
Average Loss: 0.6927973845102521
Epoch 38/50
Average Loss: 0.6928234882103522
Patience Counter: 1
Epoch 39/50
Average Loss: 0.6927259739364602
Epoch 40/50
Average Loss: 0.692728068646617
Patience Counter: 1
Epoch 41/50
Average Loss: 0.6926532800993892
Epoch 42/50
Average Loss: 0.6925718987916059
Epoch 43/50
Average Loss: 0.692616764579795
Patience Counter: 1
Epoch 44/50
Average Loss: 0.6925425850424688
Epoch 45/50
Average Loss: 0.6925616533908695
Patience Counter: 1
Epoch 46/50
Average Loss: 0.6924739691218482
Epoch 47/50
Average Loss: 0.6924753722110267
Patience Counter: 1
Epoch 48/50
Average Loss: 0.6923963825249686
Epoch 49/50
Average Loss: 0.6923903079949875
Epoch 50/50
Average Loss: 0.6923886671756067
C-Index on Test Data: 0.604
C-Index on Test Data: 0.609
Current trial C-index: 0.6040, Previously saved model C-index: 0.6090
C-Index on Test Data: 0.604
[I 2026-09-27 15:29:39,988] Trial 1 finished with value: 0.604 and parameters: {'num_time_intervals': 41, 'embedding_size': 43, 'num_embedding_layers': 3, 'hidden_dims': 234, 'num_recurrent_layers': 3, 'learning_rate': 1.2006603884471013e-05, 'cross_entropy_loss_weight': 0.5176670625083502}. Best is trial 0 with value: 0.609.
Using GPU: cuda:6 (utilization=0%, free_mem=11014MiB)
Running trial number 2 for ExperimentScenario.TWENTY_FEATURES_HETEROGENEOUS on device cuda:6
Train data path /home/minhn2/uiuc-kidney-failure/generated_data/rep_1/twenty_features_heterogeneous_train_data.csv
Test data path /home/minhn2/uiuc-kidney-failure/generated_data/rep_1/twenty_features_heterogeneous_test_data.csv
Number of patients: test 5216 and train 20864
Number of records: test 1255828 and train 5208900
Epoch 1/50
Average Loss: 0.5936988229417183
Epoch 2/50
Average Loss: 0.5889516270257926
Epoch 3/50
Average Loss: 0.5885152430358724
Epoch 4/50
Average Loss: 0.5881308245505381
Epoch 5/50
Average Loss: 0.5877447816687364
Epoch 6/50
Average Loss: 0.5875266630671946
Epoch 7/50
Average Loss: 0.5873214828814555
Epoch 8/50
Average Loss: 0.5871018942482865
Epoch 9/50
Average Loss: 0.5868928860532457
Epoch 10/50
Average Loss: 0.5867719880010657
Epoch 11/50
Average Loss: 0.5866490086825816
Epoch 12/50
Average Loss: 0.586516131931985
Epoch 13/50
Average Loss: 0.5863899599291357
Epoch 14/50
Average Loss: 0.5863207354541141
Epoch 15/50
Average Loss: 0.5862997891068318
Epoch 16/50
Average Loss: 0.5861415797992823
Epoch 17/50
Average Loss: 0.5861023326906212
Epoch 18/50
Average Loss: 0.5860921377610875
Epoch 19/50
Average Loss: 0.5859908375494345
Epoch 20/50
Average Loss: 0.5859661117995771
Epoch 21/50
Average Loss: 0.585924227610128
Epoch 22/50
Average Loss: 0.5857915938960937
Epoch 23/50
Average Loss: 0.5857220856062387
Epoch 24/50
Average Loss: 0.5856462847716053
Epoch 25/50
Average Loss: 0.5856210490912404
Epoch 26/50
Average Loss: 0.5854755311088312
Epoch 27/50
Average Loss: 0.5854258881847048
Epoch 28/50
Average Loss: 0.5853049755931276
Epoch 29/50
Average Loss: 0.5851289228466069
Epoch 30/50
Average Loss: 0.5850045669019069
Epoch 31/50
Average Loss: 0.5848918507252411
Epoch 32/50
Average Loss: 0.5847948923932562
Epoch 33/50
Average Loss: 0.5847016814294255
Epoch 34/50
Average Loss: 0.5846235970028238
Epoch 35/50
Average Loss: 0.5846034445824969
Epoch 36/50
Average Loss: 0.5845058231297987
Epoch 37/50
Average Loss: 0.5844665903745265
Epoch 38/50
Average Loss: 0.5844565213198204
Epoch 39/50
Average Loss: 0.5843829307577009
Epoch 40/50
Average Loss: 0.5843300137186251
Epoch 41/50
Average Loss: 0.5843386763667624
Patience Counter: 1
Epoch 42/50
Average Loss: 0.5843210179239353
Epoch 43/50
Average Loss: 0.584269133847004
Epoch 44/50
Average Loss: 0.5842447300729546
Epoch 45/50
Average Loss: 0.5842537558354702
Patience Counter: 1
Epoch 46/50
Average Loss: 0.5842383631746919
Epoch 47/50
Average Loss: 0.5841942934752542
Epoch 48/50
Average Loss: 0.5841991420456649
Patience Counter: 1
Epoch 49/50
Average Loss: 0.5841927885253466
Epoch 50/50
Average Loss: 0.5841395349183391
C-Index on Test Data: 0.609
C-Index on Test Data: 0.609
Current trial C-index: 0.6090, Previously saved model C-index: 0.6090
C-Index on Test Data: 0.609
[I 2026-09-27 17:06:56,460] Trial 2 finished with value: 0.609 and parameters: {'num_time_intervals': 26, 'embedding_size': 119, 'num_embedding_layers': 2, 'hidden_dims': 250, 'num_recurrent_layers': 2, 'learning_rate': 2.760209968494824e-05, 'cross_entropy_loss_weight': 0.6920086703133594}. Best is trial 0 with value: 0.609.
Using GPU: cuda:5 (utilization=0%, free_mem=11016MiB)
Running trial number 3 for ExperimentScenario.TWENTY_FEATURES_HETEROGENEOUS on device cuda:5
Train data path /home/minhn2/uiuc-kidney-failure/generated_data/rep_1/twenty_features_heterogeneous_train_data.csv
Test data path /home/minhn2/uiuc-kidney-failure/generated_data/rep_1/twenty_features_heterogeneous_test_data.csv
Number of patients: test 5216 and train 20864
Number of records: test 1255828 and train 5208900
Epoch 1/50
Average Loss: 0.620558920357957
Epoch 2/50
Average Loss: 0.6172933673999833
Epoch 3/50
Average Loss: 0.6166040320846475
Epoch 4/50
Average Loss: 0.6161212485546514
Epoch 5/50
Average Loss: 0.6157946441566426
Epoch 6/50
Average Loss: 0.6156428995393385
Epoch 7/50
Average Loss: 0.6154058578222585
Epoch 8/50
Average Loss: 0.6152482144746959
Epoch 9/50
Average Loss: 0.6150213497893525
Epoch 10/50
Average Loss: 0.6148331398497707
Epoch 11/50
Average Loss: 0.6145011745327368
Epoch 12/50
Average Loss: 0.6142182089600742
Epoch 13/50
Average Loss: 0.6140333027678668
Epoch 14/50
Average Loss: 0.6139111112512491
Epoch 15/50
Average Loss: 0.6137445299897701
Epoch 16/50
Average Loss: 0.6135768797303526
Epoch 17/50
Average Loss: 0.6134315979051314
Epoch 18/50
Average Loss: 0.6134324129154576
Patience Counter: 1
Epoch 19/50
Average Loss: 0.6133359071648681
Epoch 20/50
Average Loss: 0.6132763733496736
Epoch 21/50
Average Loss: 0.6132823037730938
Patience Counter: 1
Epoch 22/50
Average Loss: 0.6132329757315648
Epoch 23/50
Average Loss: 0.6131749741318584
Epoch 24/50
Average Loss: 0.6131926348287534
Patience Counter: 1
Epoch 25/50
Average Loss: 0.6131866678466655
Patience Counter: 2
Epoch 26/50
Average Loss: 0.6130689501158962
Epoch 27/50
Average Loss: 0.6130320098355826
Epoch 28/50
Average Loss: 0.6130633635835655
Patience Counter: 1
Epoch 29/50
Average Loss: 0.6130358985333563
Patience Counter: 2
Epoch 30/50
Average Loss: 0.6130230995665863
Epoch 31/50
Average Loss: 0.6130303220483979
Patience Counter: 1
Epoch 32/50
Average Loss: 0.612974011408268
Epoch 33/50
Average Loss: 0.6130021469975493
Patience Counter: 1
Epoch 34/50
Average Loss: 0.6129371957051185
Epoch 35/50
Average Loss: 0.6129626767888903
Patience Counter: 1
Epoch 36/50
Average Loss: 0.6129481989311075
Patience Counter: 2
Epoch 37/50
Average Loss: 0.612920017110732
Epoch 38/50
Average Loss: 0.6128538923511249
Epoch 39/50
Average Loss: 0.612895973088267
Patience Counter: 1
Epoch 40/50
Average Loss: 0.612911877845743
Patience Counter: 2
Epoch 41/50
Average Loss: 0.6129096485725644
Patience Counter: 3
Epoch 42/50
Average Loss: 0.612847342599474
Epoch 43/50
Average Loss: 0.6128431965469002
Epoch 44/50
Average Loss: 0.6127804389883639
Epoch 45/50
Average Loss: 0.6128201889680087
Patience Counter: 1
Epoch 46/50
Average Loss: 0.6128292609733356
Patience Counter: 2
Epoch 47/50
Average Loss: 0.6128297178299905
Patience Counter: 3
Epoch 48/50
Average Loss: 0.6127990134322552
Patience Counter: 4
Epoch 49/50
Average Loss: 0.6128441563155483
Patience Counter: 5
Early stopping triggered
C-Index on Test Data: 0.61
C-Index on Test Data: 0.609
Current trial C-index: 0.6100, Previously saved model C-index: 0.6090
Current model performs better, saving it...
C-Index on Test Data: 0.61
[I 2026-09-27 18:43:42,583] Trial 3 finished with value: 0.61 and parameters: {'num_time_intervals': 29, 'embedding_size': 81, 'num_embedding_layers': 3, 'hidden_dims': 239, 'num_recurrent_layers': 2, 'learning_rate': 8.841246197670263e-05, 'cross_entropy_loss_weight': 0.6460501536351136}. Best is trial 3 with value: 0.61.
Using GPU: cuda:4 (utilization=0%, free_mem=8290MiB)
Running trial number 4 for ExperimentScenario.TWENTY_FEATURES_HETEROGENEOUS on device cuda:4
Train data path /home/minhn2/uiuc-kidney-failure/generated_data/rep_1/twenty_features_heterogeneous_train_data.csv
Test data path /home/minhn2/uiuc-kidney-failure/generated_data/rep_1/twenty_features_heterogeneous_test_data.csv
Number of patients: test 5216 and train 20864
Number of records: test 1255828 and train 5208900
Epoch 1/50
Average Loss: 0.8696181053687154
Epoch 2/50
Average Loss: 0.8638077248477364
Epoch 3/50
Average Loss: 0.8624509579749385
Epoch 4/50
Average Loss: 0.8614850137357115
Epoch 5/50
Average Loss: 0.8609568688609124
Epoch 6/50
Average Loss: 0.8604460293560757
Epoch 7/50
Average Loss: 0.8600420801425603
Epoch 8/50
Average Loss: 0.8594884725446102
Epoch 9/50
Average Loss: 0.8587070811244765
Epoch 10/50
Average Loss: 0.8583866324995598
Epoch 11/50
Average Loss: 0.8580216919688033
Epoch 12/50
Average Loss: 0.8580207699481035
Epoch 13/50
Average Loss: 0.8576912126215169
Epoch 14/50
Average Loss: 0.8575194009675102
Epoch 15/50
Average Loss: 0.8573817128935474
Epoch 16/50
Average Loss: 0.8571520638133117
Epoch 17/50
Average Loss: 0.8567776798129855
Epoch 18/50
Average Loss: 0.8564148098611166
Epoch 19/50
Average Loss: 0.8564502029749835
Patience Counter: 1
Epoch 20/50
Average Loss: 0.8563369749564658
Epoch 21/50
Average Loss: 0.8560911959008991
Epoch 22/50
Average Loss: 0.856193802692765
Patience Counter: 1
Epoch 23/50
Average Loss: 0.8560266958336149
Epoch 24/50
Average Loss: 0.8559992665892526
Epoch 25/50
Average Loss: 0.8558688476749082
Epoch 26/50
Average Loss: 0.8558197769852502
Epoch 27/50
Average Loss: 0.8558263957664497
Patience Counter: 1
Epoch 28/50
Average Loss: 0.8557895640182617
Epoch 29/50
Average Loss: 0.8557646734753878
Epoch 30/50
Average Loss: 0.8557255422820599
Epoch 31/50
Average Loss: 0.8557511085180443
Patience Counter: 1
Epoch 32/50
Average Loss: 0.8555293882206003
Epoch 33/50
Average Loss: 0.855621631016121
Patience Counter: 1
Epoch 34/50
Average Loss: 0.8557637203019753
Patience Counter: 2
Epoch 35/50
Average Loss: 0.8556577355688955
Patience Counter: 3
Epoch 36/50
Average Loss: 0.8556169867456979
Patience Counter: 4
Epoch 37/50
Average Loss: 0.855438713711513
Epoch 38/50
Average Loss: 0.8555898888566439
Patience Counter: 1
Epoch 39/50
Average Loss: 0.8556076707459396
Patience Counter: 2
Epoch 40/50
Average Loss: 0.8554141816225599
Epoch 41/50
Average Loss: 0.8554624565749781
Patience Counter: 1
Epoch 42/50
Average Loss: 0.8554090616017351
Epoch 43/50
Average Loss: 0.8553478540495661
Epoch 44/50
Average Loss: 0.8555708561925258
Patience Counter: 1
Epoch 45/50
Average Loss: 0.8554291044310078
Patience Counter: 2
Epoch 46/50
Average Loss: 0.8553256750083378
Epoch 47/50
Average Loss: 0.8553869162851123
Patience Counter: 1
Epoch 48/50
Average Loss: 0.8552893814565813
Epoch 49/50
Average Loss: 0.8554371656340655
Patience Counter: 1
Epoch 50/50
Average Loss: 0.8554383810438949
Patience Counter: 2
C-Index on Test Data: 0.61
C-Index on Test Data: 0.61
Current trial C-index: 0.6100, Previously saved model C-index: 0.6100
C-Index on Test Data: 0.61
[I 2026-09-27 20:42:10,636] Trial 4 finished with value: 0.61 and parameters: {'num_time_intervals': 48, 'embedding_size': 120, 'num_embedding_layers': 2, 'hidden_dims': 160, 'num_recurrent_layers': 2, 'learning_rate': 7.132083826952319e-05, 'cross_entropy_loss_weight': 0.18858981942839367}. Best is trial 3 with value: 0.61.
Using GPU: cuda:6 (utilization=0%, free_mem=8166MiB)
Running trial number 5 for ExperimentScenario.TWENTY_FEATURES_HETEROGENEOUS on device cuda:6
Train data path /home/minhn2/uiuc-kidney-failure/generated_data/rep_1/twenty_features_heterogeneous_train_data.csv
Test data path /home/minhn2/uiuc-kidney-failure/generated_data/rep_1/twenty_features_heterogeneous_test_data.csv
Number of patients: test 5216 and train 20864
Number of records: test 1255828 and train 5208900
Epoch 1/50
Average Loss: 0.6836828642532286
Epoch 2/50
Average Loss: 0.6802947819965256
Epoch 3/50
Average Loss: 0.6798325333812393
Epoch 4/50
Average Loss: 0.679399479351204
Epoch 5/50
Average Loss: 0.6794557333935777
Patience Counter: 1
Epoch 6/50
Average Loss: 0.6792323221775669
Epoch 7/50
Average Loss: 0.6793250588570922
Patience Counter: 1
Epoch 8/50
Average Loss: 0.6793989777339449
Patience Counter: 2
Epoch 9/50
Average Loss: 0.679220535214064
Epoch 10/50
Average Loss: 0.6792207410768134
Patience Counter: 1
Epoch 11/50
Average Loss: 0.6791930872107012
Epoch 12/50
Average Loss: 0.6797771163128064
Patience Counter: 1
Epoch 13/50
Average Loss: 0.679633083936916
Patience Counter: 2
Epoch 14/50
Average Loss: 0.6795509955299283
Patience Counter: 3
Epoch 15/50
Average Loss: 0.6797749746377749
Patience Counter: 4
Epoch 16/50
Average Loss: 0.6795117595817595
Patience Counter: 5
Early stopping triggered
C-Index on Test Data: 0.599
C-Index on Test Data: 0.61
Current trial C-index: 0.5990, Previously saved model C-index: 0.6100
C-Index on Test Data: 0.599
