rep1 train: four_features, eight_features; output=/home/minhn2/uiuc-kidney-failure/generated_data/rep_1
RUN four_features/logistic_hazard
Using GPU: cuda:6 (utilization=0%, free_mem=49068MiB)
Train data path /home/minhn2/uiuc-kidney-failure/generated_data/rep_1/four_features_train_data.csv
Test data path /home/minhn2/uiuc-kidney-failure/generated_data/rep_1/four_features_test_data.csv
Number of patients: test 270 and train 1079
Number of records: test 2121 and train 9730
Training new model with Optuna optimization
Running Optuna hyperparameter optimization
[I 2026-10-02 11:05:44,522] A new study created in memory with name: no-name-71cc4741-f6fc-48ec-a424-1c2d240ba070
Using GPU: cuda:3 (utilization=0%, free_mem=49068MiB)
Train data path /home/minhn2/uiuc-kidney-failure/generated_data/rep_1/four_features_train_data.csv
Test data path /home/minhn2/uiuc-kidney-failure/generated_data/rep_1/four_features_test_data.csv
Number of patients: test 270 and train 1079
Number of records: test 2121 and train 9730
No existing model, saving current model
[I 2026-10-02 11:05:54,486] Trial 0 finished with value: 0.5426734004287324 and parameters: {'num_nodes': 16, 'num_layers': 1, 'lr': 0.026971939929570074, 'batch_size': 64, 'dropout': 0.3745572900108222}. Best is trial 0 with value: 0.5426734004287324.
Using GPU: cuda:6 (utilization=0%, free_mem=49068MiB)
Train data path /home/minhn2/uiuc-kidney-failure/generated_data/rep_1/four_features_train_data.csv
Test data path /home/minhn2/uiuc-kidney-failure/generated_data/rep_1/four_features_test_data.csv
Number of patients: test 270 and train 1079
Number of records: test 2121 and train 9730
/home/minhn2/uiuc-kidney-failure/pkgs/experiments/logistic_hazard.py:91: FutureWarning: You are using `torch.load` with `weights_only=False` (the current default value), which uses the default pickle module implicitly. It is possible to construct malicious pickle data which will execute arbitrary code during unpickling (See https://github.com/pytorch/pytorch/blob/main/SECURITY.md#untrusted-models for more details). In a future release, the default value for `weights_only` will be flipped to `True`. This limits the functions that could be executed during unpickling. Arbitrary objects will no longer be allowed to be loaded via this mode unless they are explicitly allowlisted by the user via `torch.serialization.add_safe_globals`. We recommend you start setting `weights_only=True` for any use case where you don't have full control of the loaded file. Please open an issue on GitHub for any issues related to this experimental feature.
  saved_net = torch.load(saved_path, map_location=device)
Saved model C-index: 0.5427, Current trial C-index: 0.5073
Saved model is better, keeping it
[I 2026-10-02 11:06:00,543] Trial 1 finished with value: 0.5072848163354285 and parameters: {'num_nodes': 128, 'num_layers': 2, 'lr': 0.008565985112366175, 'batch_size': 32, 'dropout': 0.06536047735296607}. Best is trial 0 with value: 0.5426734004287324.
Using GPU: cuda:2 (utilization=0%, free_mem=49068MiB)
Train data path /home/minhn2/uiuc-kidney-failure/generated_data/rep_1/four_features_train_data.csv
Test data path /home/minhn2/uiuc-kidney-failure/generated_data/rep_1/four_features_test_data.csv
Number of patients: test 270 and train 1079
Number of records: test 2121 and train 9730
/home/minhn2/uiuc-kidney-failure/pkgs/experiments/logistic_hazard.py:91: FutureWarning: You are using `torch.load` with `weights_only=False` (the current default value), which uses the default pickle module implicitly. It is possible to construct malicious pickle data which will execute arbitrary code during unpickling (See https://github.com/pytorch/pytorch/blob/main/SECURITY.md#untrusted-models for more details). In a future release, the default value for `weights_only` will be flipped to `True`. This limits the functions that could be executed during unpickling. Arbitrary objects will no longer be allowed to be loaded via this mode unless they are explicitly allowlisted by the user via `torch.serialization.add_safe_globals`. We recommend you start setting `weights_only=True` for any use case where you don't have full control of the loaded file. Please open an issue on GitHub for any issues related to this experimental feature.
  saved_net = torch.load(saved_path, map_location=device)
Saved model C-index: 0.5427, Current trial C-index: 0.5601
New model is better, saving current model
[I 2026-10-02 11:06:04,780] Trial 2 finished with value: 0.5601496929840497 and parameters: {'num_nodes': 32, 'num_layers': 3, 'lr': 0.00017721843130011586, 'batch_size': 64, 'dropout': 0.17062984558705446}. Best is trial 2 with value: 0.5601496929840497.
Using GPU: cuda:6 (utilization=0%, free_mem=48714MiB)
Train data path /home/minhn2/uiuc-kidney-failure/generated_data/rep_1/four_features_train_data.csv
Test data path /home/minhn2/uiuc-kidney-failure/generated_data/rep_1/four_features_test_data.csv
Number of patients: test 270 and train 1079
Number of records: test 2121 and train 9730
/home/minhn2/uiuc-kidney-failure/pkgs/experiments/logistic_hazard.py:91: FutureWarning: You are using `torch.load` with `weights_only=False` (the current default value), which uses the default pickle module implicitly. It is possible to construct malicious pickle data which will execute arbitrary code during unpickling (See https://github.com/pytorch/pytorch/blob/main/SECURITY.md#untrusted-models for more details). In a future release, the default value for `weights_only` will be flipped to `True`. This limits the functions that could be executed during unpickling. Arbitrary objects will no longer be allowed to be loaded via this mode unless they are explicitly allowlisted by the user via `torch.serialization.add_safe_globals`. We recommend you start setting `weights_only=True` for any use case where you don't have full control of the loaded file. Please open an issue on GitHub for any issues related to this experimental feature.
  saved_net = torch.load(saved_path, map_location=device)
Saved model C-index: 0.5601, Current trial C-index: 0.5376
Saved model is better, keeping it
[I 2026-10-02 11:06:09,361] Trial 3 finished with value: 0.5376230788794826 and parameters: {'num_nodes': 128, 'num_layers': 1, 'lr': 0.00013620261331884735, 'batch_size': 32, 'dropout': 0.08740367148184608}. Best is trial 2 with value: 0.5601496929840497.
Using GPU: cuda:7 (utilization=0%, free_mem=49068MiB)
Train data path /home/minhn2/uiuc-kidney-failure/generated_data/rep_1/four_features_train_data.csv
Test data path /home/minhn2/uiuc-kidney-failure/generated_data/rep_1/four_features_test_data.csv
Number of patients: test 270 and train 1079
Number of records: test 2121 and train 9730
/home/minhn2/uiuc-kidney-failure/pkgs/experiments/logistic_hazard.py:91: FutureWarning: You are using `torch.load` with `weights_only=False` (the current default value), which uses the default pickle module implicitly. It is possible to construct malicious pickle data which will execute arbitrary code during unpickling (See https://github.com/pytorch/pytorch/blob/main/SECURITY.md#untrusted-models for more details). In a future release, the default value for `weights_only` will be flipped to `True`. This limits the functions that could be executed during unpickling. Arbitrary objects will no longer be allowed to be loaded via this mode unless they are explicitly allowlisted by the user via `torch.serialization.add_safe_globals`. We recommend you start setting `weights_only=True` for any use case where you don't have full control of the loaded file. Please open an issue on GitHub for any issues related to this experimental feature.
  saved_net = torch.load(saved_path, map_location=device)
Saved model C-index: 0.5601, Current trial C-index: 0.5290
Saved model is better, keeping it
[I 2026-10-02 11:06:16,353] Trial 4 finished with value: 0.5290484322203248 and parameters: {'num_nodes': 16, 'num_layers': 3, 'lr': 0.015896507339321127, 'batch_size': 32, 'dropout': 0.46133980759598153}. Best is trial 2 with value: 0.5601496929840497.
Using GPU: cuda:2 (utilization=0%, free_mem=48714MiB)
Train data path /home/minhn2/uiuc-kidney-failure/generated_data/rep_1/four_features_train_data.csv
Test data path /home/minhn2/uiuc-kidney-failure/generated_data/rep_1/four_features_test_data.csv
Number of patients: test 270 and train 1079
Number of records: test 2121 and train 9730
/home/minhn2/uiuc-kidney-failure/pkgs/experiments/logistic_hazard.py:91: FutureWarning: You are using `torch.load` with `weights_only=False` (the current default value), which uses the default pickle module implicitly. It is possible to construct malicious pickle data which will execute arbitrary code during unpickling (See https://github.com/pytorch/pytorch/blob/main/SECURITY.md#untrusted-models for more details). In a future release, the default value for `weights_only` will be flipped to `True`. This limits the functions that could be executed during unpickling. Arbitrary objects will no longer be allowed to be loaded via this mode unless they are explicitly allowlisted by the user via `torch.serialization.add_safe_globals`. We recommend you start setting `weights_only=True` for any use case where you don't have full control of the loaded file. Please open an issue on GitHub for any issues related to this experimental feature.
  saved_net = torch.load(saved_path, map_location=device)
Saved model C-index: 0.5601, Current trial C-index: 0.5318
Saved model is better, keeping it
[I 2026-10-02 11:06:17,921] Trial 5 finished with value: 0.531809759110562 and parameters: {'num_nodes': 16, 'num_layers': 1, 'lr': 0.013825142788444005, 'batch_size': 128, 'dropout': 0.27840079808998797}. Best is trial 2 with value: 0.5601496929840497.
Using GPU: cuda:3 (utilization=0%, free_mem=48714MiB)
Train data path /home/minhn2/uiuc-kidney-failure/generated_data/rep_1/four_features_train_data.csv
Test data path /home/minhn2/uiuc-kidney-failure/generated_data/rep_1/four_features_test_data.csv
Number of patients: test 270 and train 1079
Number of records: test 2121 and train 9730
/home/minhn2/uiuc-kidney-failure/pkgs/experiments/logistic_hazard.py:91: FutureWarning: You are using `torch.load` with `weights_only=False` (the current default value), which uses the default pickle module implicitly. It is possible to construct malicious pickle data which will execute arbitrary code during unpickling (See https://github.com/pytorch/pytorch/blob/main/SECURITY.md#untrusted-models for more details). In a future release, the default value for `weights_only` will be flipped to `True`. This limits the functions that could be executed during unpickling. Arbitrary objects will no longer be allowed to be loaded via this mode unless they are explicitly allowlisted by the user via `torch.serialization.add_safe_globals`. We recommend you start setting `weights_only=True` for any use case where you don't have full control of the loaded file. Please open an issue on GitHub for any issues related to this experimental feature.
  saved_net = torch.load(saved_path, map_location=device)
Saved model C-index: 0.5601, Current trial C-index: 0.5552
Saved model is better, keeping it
[I 2026-10-02 11:06:21,829] Trial 6 finished with value: 0.555244704429023 and parameters: {'num_nodes': 128, 'num_layers': 3, 'lr': 0.009480660740825349, 'batch_size': 64, 'dropout': 0.4082055891786767}. Best is trial 2 with value: 0.5601496929840497.
Using GPU: cuda:6 (utilization=0%, free_mem=48714MiB)
Train data path /home/minhn2/uiuc-kidney-failure/generated_data/rep_1/four_features_train_data.csv
Test data path /home/minhn2/uiuc-kidney-failure/generated_data/rep_1/four_features_test_data.csv
Number of patients: test 270 and train 1079
Number of records: test 2121 and train 9730
/home/minhn2/uiuc-kidney-failure/pkgs/experiments/logistic_hazard.py:91: FutureWarning: You are using `torch.load` with `weights_only=False` (the current default value), which uses the default pickle module implicitly. It is possible to construct malicious pickle data which will execute arbitrary code during unpickling (See https://github.com/pytorch/pytorch/blob/main/SECURITY.md#untrusted-models for more details). In a future release, the default value for `weights_only` will be flipped to `True`. This limits the functions that could be executed during unpickling. Arbitrary objects will no longer be allowed to be loaded via this mode unless they are explicitly allowlisted by the user via `torch.serialization.add_safe_globals`. We recommend you start setting `weights_only=True` for any use case where you don't have full control of the loaded file. Please open an issue on GitHub for any issues related to this experimental feature.
  saved_net = torch.load(saved_path, map_location=device)
Saved model C-index: 0.5601, Current trial C-index: 0.5432
Saved model is better, keeping it
[I 2026-10-02 11:06:22,824] Trial 7 finished with value: 0.5432183991570686 and parameters: {'num_nodes': 16, 'num_layers': 1, 'lr': 0.02446186116940977, 'batch_size': 256, 'dropout': 0.07269502212774281}. Best is trial 2 with value: 0.5601496929840497.
Using GPU: cuda:2 (utilization=0%, free_mem=48714MiB)
Train data path /home/minhn2/uiuc-kidney-failure/generated_data/rep_1/four_features_train_data.csv
Test data path /home/minhn2/uiuc-kidney-failure/generated_data/rep_1/four_features_test_data.csv
Number of patients: test 270 and train 1079
Number of records: test 2121 and train 9730
/home/minhn2/uiuc-kidney-failure/pkgs/experiments/logistic_hazard.py:91: FutureWarning: You are using `torch.load` with `weights_only=False` (the current default value), which uses the default pickle module implicitly. It is possible to construct malicious pickle data which will execute arbitrary code during unpickling (See https://github.com/pytorch/pytorch/blob/main/SECURITY.md#untrusted-models for more details). In a future release, the default value for `weights_only` will be flipped to `True`. This limits the functions that could be executed during unpickling. Arbitrary objects will no longer be allowed to be loaded via this mode unless they are explicitly allowlisted by the user via `torch.serialization.add_safe_globals`. We recommend you start setting `weights_only=True` for any use case where you don't have full control of the loaded file. Please open an issue on GitHub for any issues related to this experimental feature.
  saved_net = torch.load(saved_path, map_location=device)
Saved model C-index: 0.5601, Current trial C-index: 0.5070
Saved model is better, keeping it
[I 2026-10-02 11:06:26,012] Trial 8 finished with value: 0.5069941503469825 and parameters: {'num_nodes': 128, 'num_layers': 2, 'lr': 0.09549229076426424, 'batch_size': 64, 'dropout': 0.057061627838486895}. Best is trial 2 with value: 0.5601496929840497.
Using GPU: cuda:3 (utilization=0%, free_mem=48712MiB)
Train data path /home/minhn2/uiuc-kidney-failure/generated_data/rep_1/four_features_train_data.csv
Test data path /home/minhn2/uiuc-kidney-failure/generated_data/rep_1/four_features_test_data.csv
Number of patients: test 270 and train 1079
Number of records: test 2121 and train 9730
/home/minhn2/uiuc-kidney-failure/pkgs/experiments/logistic_hazard.py:91: FutureWarning: You are using `torch.load` with `weights_only=False` (the current default value), which uses the default pickle module implicitly. It is possible to construct malicious pickle data which will execute arbitrary code during unpickling (See https://github.com/pytorch/pytorch/blob/main/SECURITY.md#untrusted-models for more details). In a future release, the default value for `weights_only` will be flipped to `True`. This limits the functions that could be executed during unpickling. Arbitrary objects will no longer be allowed to be loaded via this mode unless they are explicitly allowlisted by the user via `torch.serialization.add_safe_globals`. We recommend you start setting `weights_only=True` for any use case where you don't have full control of the loaded file. Please open an issue on GitHub for any issues related to this experimental feature.
  saved_net = torch.load(saved_path, map_location=device)
Saved model C-index: 0.5601, Current trial C-index: 0.5547
Saved model is better, keeping it
[I 2026-10-02 11:06:31,746] Trial 9 finished with value: 0.5546997057006867 and parameters: {'num_nodes': 64, 'num_layers': 2, 'lr': 0.012387949520508442, 'batch_size': 32, 'dropout': 0.3775380327951521}. Best is trial 2 with value: 0.5601496929840497.
Number of finished trials:  10
Best trial:
Best hyperparameters: {'num_nodes': 32, 'num_layers': 3, 'lr': 0.00017721843130011586, 'batch_size': 64, 'dropout': 0.17062984558705446}
Loading best model from disk after optimization
Model summary:
MLPVanilla(
  (net): Sequential(
    (0): DenseVanillaBlock(
      (linear): Linear(in_features=4, out_features=32, bias=True)
      (activation): ReLU()
      (batch_norm): BatchNorm1d(32, eps=1e-05, momentum=0.1, affine=True, track_running_stats=True)
      (dropout): Dropout(p=0.17062984558705446, inplace=False)
    )
    (1): DenseVanillaBlock(
      (linear): Linear(in_features=32, out_features=32, bias=True)
      (activation): ReLU()
      (batch_norm): BatchNorm1d(32, eps=1e-05, momentum=0.1, affine=True, track_running_stats=True)
      (dropout): Dropout(p=0.17062984558705446, inplace=False)
    )
    (2): DenseVanillaBlock(
      (linear): Linear(in_features=32, out_features=32, bias=True)
      (activation): ReLU()
      (batch_norm): BatchNorm1d(32, eps=1e-05, momentum=0.1, affine=True, track_running_stats=True)
      (dropout): Dropout(p=0.17062984558705446, inplace=False)
    )
    (3): Linear(in_features=32, out_features=50, bias=False)
  )
)

=== Evaluation Results for four_features ===
Global test C-index: 0.560
Event rate: 203/270 (75.19%)
Warning: Could not compute Brier Score: time must be smaller than largest observed time point: 3907.038194444444
Train data path /home/minhn2/uiuc-kidney-failure/generated_data/rep_1/four_features_train_data.csv
Test data path /home/minhn2/uiuc-kidney-failure/generated_data/rep_1/four_features_test_data.csv
Number of patients: test 270 and train 1079
Number of records: test 2121 and train 9730
Mean time-dependent AUC (patient-level, supported follow-up below 730 days): 0.5632
RUN eight_features/logistic_hazard
Using GPU: cuda:6 (utilization=0%, free_mem=48714MiB)
Train data path /home/minhn2/uiuc-kidney-failure/generated_data/rep_1/eight_features_train_data.csv
Test data path /home/minhn2/uiuc-kidney-failure/generated_data/rep_1/eight_features_test_data.csv
Number of patients: test 107 and train 425
Number of records: test 522 and train 1500
Training new model with Optuna optimization
Running Optuna hyperparameter optimization
[I 2026-10-02 11:06:32,083] A new study created in memory with name: no-name-371e21f5-c73f-4534-a385-efb65f3df92a
Using GPU: cuda:2 (utilization=0%, free_mem=48714MiB)
Train data path /home/minhn2/uiuc-kidney-failure/generated_data/rep_1/eight_features_train_data.csv
Test data path /home/minhn2/uiuc-kidney-failure/generated_data/rep_1/eight_features_test_data.csv
Number of patients: test 107 and train 425
Number of records: test 522 and train 1500
No existing model, saving current model
[I 2026-10-02 11:06:32,896] Trial 0 finished with value: 0.5295048609541035 and parameters: {'num_nodes': 64, 'num_layers': 1, 'lr': 0.012399697572000254, 'batch_size': 128, 'dropout': 0.1882045150244845}. Best is trial 0 with value: 0.5295048609541035.
Using GPU: cuda:3 (utilization=0%, free_mem=48712MiB)
Train data path /home/minhn2/uiuc-kidney-failure/generated_data/rep_1/eight_features_train_data.csv
Test data path /home/minhn2/uiuc-kidney-failure/generated_data/rep_1/eight_features_test_data.csv
Number of patients: test 107 and train 425
Number of records: test 522 and train 1500
/home/minhn2/uiuc-kidney-failure/pkgs/experiments/logistic_hazard.py:91: FutureWarning: You are using `torch.load` with `weights_only=False` (the current default value), which uses the default pickle module implicitly. It is possible to construct malicious pickle data which will execute arbitrary code during unpickling (See https://github.com/pytorch/pytorch/blob/main/SECURITY.md#untrusted-models for more details). In a future release, the default value for `weights_only` will be flipped to `True`. This limits the functions that could be executed during unpickling. Arbitrary objects will no longer be allowed to be loaded via this mode unless they are explicitly allowlisted by the user via `torch.serialization.add_safe_globals`. We recommend you start setting `weights_only=True` for any use case where you don't have full control of the loaded file. Please open an issue on GitHub for any issues related to this experimental feature.
  saved_net = torch.load(saved_path, map_location=device)
Saved model C-index: 0.5295, Current trial C-index: 0.5544
New model is better, saving current model
