rep1 analyze: twenty_features_heterogeneous; output=/home/minhn2/uiuc-kidney-failure/generated_data/rep_1
TRAIN twenty_features_heterogeneous/logistic_hazard: missing artifact /home/minhn2/uiuc-kidney-failure/generated_data/rep_1/twenty_features_heterogeneous_logistic_hazard_model.pt
Using GPU: cuda:7 (utilization=0%, free_mem=11260MiB)
Train data path /home/minhn2/uiuc-kidney-failure/generated_data/rep_1/twenty_features_heterogeneous_train_data.csv
Test data path /home/minhn2/uiuc-kidney-failure/generated_data/rep_1/twenty_features_heterogeneous_test_data.csv
Number of patients: test 5216 and train 20864
Number of records: test 1255828 and train 5208900
Training new model with Optuna optimization
Running Optuna hyperparameter optimization
[I 2026-09-27 11:39:58,645] A new study created in memory with name: no-name-6568913d-390e-4b75-8fbe-a164973aacb1
Using GPU: cuda:6 (utilization=0%, free_mem=11260MiB)
Train data path /home/minhn2/uiuc-kidney-failure/generated_data/rep_1/twenty_features_heterogeneous_train_data.csv
Test data path /home/minhn2/uiuc-kidney-failure/generated_data/rep_1/twenty_features_heterogeneous_test_data.csv
Number of patients: test 5216 and train 20864
Number of records: test 1255828 and train 5208900
No existing model, saving current model
[I 2026-09-27 11:42:49,699] Trial 0 finished with value: 0.47093157622252857 and parameters: {'num_nodes': 128, 'num_layers': 3, 'lr': 0.00020682149454001041, 'batch_size': 32, 'dropout': 0.13701906076384301}. Best is trial 0 with value: 0.47093157622252857.
Using GPU: cuda:7 (utilization=0%, free_mem=11260MiB)
Train data path /home/minhn2/uiuc-kidney-failure/generated_data/rep_1/twenty_features_heterogeneous_train_data.csv
Test data path /home/minhn2/uiuc-kidney-failure/generated_data/rep_1/twenty_features_heterogeneous_test_data.csv
Number of patients: test 5216 and train 20864
Number of records: test 1255828 and train 5208900
/home/minhn2/uiuc-kidney-failure/pkgs/experiments/logistic_hazard.py:91: FutureWarning: You are using `torch.load` with `weights_only=False` (the current default value), which uses the default pickle module implicitly. It is possible to construct malicious pickle data which will execute arbitrary code during unpickling (See https://github.com/pytorch/pytorch/blob/main/SECURITY.md#untrusted-models for more details). In a future release, the default value for `weights_only` will be flipped to `True`. This limits the functions that could be executed during unpickling. Arbitrary objects will no longer be allowed to be loaded via this mode unless they are explicitly allowlisted by the user via `torch.serialization.add_safe_globals`. We recommend you start setting `weights_only=True` for any use case where you don't have full control of the loaded file. Please open an issue on GitHub for any issues related to this experimental feature.
  saved_net = torch.load(saved_path, map_location=device)
Saved model C-index: 0.4709, Current trial C-index: 0.4752
New model is better, saving current model
[I 2026-09-27 11:44:24,959] Trial 1 finished with value: 0.4751520241760878 and parameters: {'num_nodes': 32, 'num_layers': 3, 'lr': 0.015968151154595833, 'batch_size': 64, 'dropout': 0.4261758966603552}. Best is trial 1 with value: 0.4751520241760878.
Using GPU: cuda:5 (utilization=0%, free_mem=11260MiB)
Train data path /home/minhn2/uiuc-kidney-failure/generated_data/rep_1/twenty_features_heterogeneous_train_data.csv
Test data path /home/minhn2/uiuc-kidney-failure/generated_data/rep_1/twenty_features_heterogeneous_test_data.csv
Number of patients: test 5216 and train 20864
Number of records: test 1255828 and train 5208900
/home/minhn2/uiuc-kidney-failure/pkgs/experiments/logistic_hazard.py:91: FutureWarning: You are using `torch.load` with `weights_only=False` (the current default value), which uses the default pickle module implicitly. It is possible to construct malicious pickle data which will execute arbitrary code during unpickling (See https://github.com/pytorch/pytorch/blob/main/SECURITY.md#untrusted-models for more details). In a future release, the default value for `weights_only` will be flipped to `True`. This limits the functions that could be executed during unpickling. Arbitrary objects will no longer be allowed to be loaded via this mode unless they are explicitly allowlisted by the user via `torch.serialization.add_safe_globals`. We recommend you start setting `weights_only=True` for any use case where you don't have full control of the loaded file. Please open an issue on GitHub for any issues related to this experimental feature.
  saved_net = torch.load(saved_path, map_location=device)
Saved model C-index: 0.4752, Current trial C-index: 0.4738
Saved model is better, keeping it
[I 2026-09-27 11:45:19,626] Trial 2 finished with value: 0.4737654032150043 and parameters: {'num_nodes': 128, 'num_layers': 1, 'lr': 0.02521452526823243, 'batch_size': 128, 'dropout': 0.15108167120381671}. Best is trial 1 with value: 0.4751520241760878.
Using GPU: cuda:4 (utilization=0%, free_mem=11260MiB)
Train data path /home/minhn2/uiuc-kidney-failure/generated_data/rep_1/twenty_features_heterogeneous_train_data.csv
Test data path /home/minhn2/uiuc-kidney-failure/generated_data/rep_1/twenty_features_heterogeneous_test_data.csv
Number of patients: test 5216 and train 20864
Number of records: test 1255828 and train 5208900
/home/minhn2/uiuc-kidney-failure/pkgs/experiments/logistic_hazard.py:91: FutureWarning: You are using `torch.load` with `weights_only=False` (the current default value), which uses the default pickle module implicitly. It is possible to construct malicious pickle data which will execute arbitrary code during unpickling (See https://github.com/pytorch/pytorch/blob/main/SECURITY.md#untrusted-models for more details). In a future release, the default value for `weights_only` will be flipped to `True`. This limits the functions that could be executed during unpickling. Arbitrary objects will no longer be allowed to be loaded via this mode unless they are explicitly allowlisted by the user via `torch.serialization.add_safe_globals`. We recommend you start setting `weights_only=True` for any use case where you don't have full control of the loaded file. Please open an issue on GitHub for any issues related to this experimental feature.
  saved_net = torch.load(saved_path, map_location=device)
Saved model C-index: 0.4752, Current trial C-index: 0.4703
Saved model is better, keeping it
[I 2026-09-27 11:46:45,003] Trial 3 finished with value: 0.47027075545229013 and parameters: {'num_nodes': 16, 'num_layers': 2, 'lr': 0.005906036144551511, 'batch_size': 128, 'dropout': 0.24652729348640123}. Best is trial 1 with value: 0.4751520241760878.
Using GPU: cuda:5 (utilization=0%, free_mem=11016MiB)
Train data path /home/minhn2/uiuc-kidney-failure/generated_data/rep_1/twenty_features_heterogeneous_train_data.csv
Test data path /home/minhn2/uiuc-kidney-failure/generated_data/rep_1/twenty_features_heterogeneous_test_data.csv
Number of patients: test 5216 and train 20864
Number of records: test 1255828 and train 5208900
/home/minhn2/uiuc-kidney-failure/pkgs/experiments/logistic_hazard.py:91: FutureWarning: You are using `torch.load` with `weights_only=False` (the current default value), which uses the default pickle module implicitly. It is possible to construct malicious pickle data which will execute arbitrary code during unpickling (See https://github.com/pytorch/pytorch/blob/main/SECURITY.md#untrusted-models for more details). In a future release, the default value for `weights_only` will be flipped to `True`. This limits the functions that could be executed during unpickling. Arbitrary objects will no longer be allowed to be loaded via this mode unless they are explicitly allowlisted by the user via `torch.serialization.add_safe_globals`. We recommend you start setting `weights_only=True` for any use case where you don't have full control of the loaded file. Please open an issue on GitHub for any issues related to this experimental feature.
  saved_net = torch.load(saved_path, map_location=device)
Saved model C-index: 0.4752, Current trial C-index: 0.4703
Saved model is better, keeping it
[I 2026-09-27 11:48:22,717] Trial 4 finished with value: 0.47030326550680773 and parameters: {'num_nodes': 16, 'num_layers': 3, 'lr': 0.007054010035696261, 'batch_size': 64, 'dropout': 0.05772407989321959}. Best is trial 1 with value: 0.4751520241760878.
Using GPU: cuda:6 (utilization=0%, free_mem=11016MiB)
Train data path /home/minhn2/uiuc-kidney-failure/generated_data/rep_1/twenty_features_heterogeneous_train_data.csv
Test data path /home/minhn2/uiuc-kidney-failure/generated_data/rep_1/twenty_features_heterogeneous_test_data.csv
Number of patients: test 5216 and train 20864
Number of records: test 1255828 and train 5208900
/home/minhn2/uiuc-kidney-failure/pkgs/experiments/logistic_hazard.py:91: FutureWarning: You are using `torch.load` with `weights_only=False` (the current default value), which uses the default pickle module implicitly. It is possible to construct malicious pickle data which will execute arbitrary code during unpickling (See https://github.com/pytorch/pytorch/blob/main/SECURITY.md#untrusted-models for more details). In a future release, the default value for `weights_only` will be flipped to `True`. This limits the functions that could be executed during unpickling. Arbitrary objects will no longer be allowed to be loaded via this mode unless they are explicitly allowlisted by the user via `torch.serialization.add_safe_globals`. We recommend you start setting `weights_only=True` for any use case where you don't have full control of the loaded file. Please open an issue on GitHub for any issues related to this experimental feature.
  saved_net = torch.load(saved_path, map_location=device)
Saved model C-index: 0.4752, Current trial C-index: 0.4708
Saved model is better, keeping it
[I 2026-09-27 11:49:08,155] Trial 5 finished with value: 0.4707594234807714 and parameters: {'num_nodes': 32, 'num_layers': 2, 'lr': 0.0031049840454862748, 'batch_size': 256, 'dropout': 0.07978679515197273}. Best is trial 1 with value: 0.4751520241760878.
Using GPU: cuda:7 (utilization=0%, free_mem=11016MiB)
Train data path /home/minhn2/uiuc-kidney-failure/generated_data/rep_1/twenty_features_heterogeneous_train_data.csv
Test data path /home/minhn2/uiuc-kidney-failure/generated_data/rep_1/twenty_features_heterogeneous_test_data.csv
Number of patients: test 5216 and train 20864
Number of records: test 1255828 and train 5208900
/home/minhn2/uiuc-kidney-failure/pkgs/experiments/logistic_hazard.py:91: FutureWarning: You are using `torch.load` with `weights_only=False` (the current default value), which uses the default pickle module implicitly. It is possible to construct malicious pickle data which will execute arbitrary code during unpickling (See https://github.com/pytorch/pytorch/blob/main/SECURITY.md#untrusted-models for more details). In a future release, the default value for `weights_only` will be flipped to `True`. This limits the functions that could be executed during unpickling. Arbitrary objects will no longer be allowed to be loaded via this mode unless they are explicitly allowlisted by the user via `torch.serialization.add_safe_globals`. We recommend you start setting `weights_only=True` for any use case where you don't have full control of the loaded file. Please open an issue on GitHub for any issues related to this experimental feature.
  saved_net = torch.load(saved_path, map_location=device)
Saved model C-index: 0.4752, Current trial C-index: 0.4701
Saved model is better, keeping it
[I 2026-09-27 11:49:51,267] Trial 6 finished with value: 0.47013412370877306 and parameters: {'num_nodes': 32, 'num_layers': 2, 'lr': 0.00734898402817198, 'batch_size': 256, 'dropout': 0.11005444584280882}. Best is trial 1 with value: 0.4751520241760878.
Using GPU: cuda:6 (utilization=0%, free_mem=11016MiB)
Train data path /home/minhn2/uiuc-kidney-failure/generated_data/rep_1/twenty_features_heterogeneous_train_data.csv
Test data path /home/minhn2/uiuc-kidney-failure/generated_data/rep_1/twenty_features_heterogeneous_test_data.csv
Number of patients: test 5216 and train 20864
Number of records: test 1255828 and train 5208900
/home/minhn2/uiuc-kidney-failure/pkgs/experiments/logistic_hazard.py:91: FutureWarning: You are using `torch.load` with `weights_only=False` (the current default value), which uses the default pickle module implicitly. It is possible to construct malicious pickle data which will execute arbitrary code during unpickling (See https://github.com/pytorch/pytorch/blob/main/SECURITY.md#untrusted-models for more details). In a future release, the default value for `weights_only` will be flipped to `True`. This limits the functions that could be executed during unpickling. Arbitrary objects will no longer be allowed to be loaded via this mode unless they are explicitly allowlisted by the user via `torch.serialization.add_safe_globals`. We recommend you start setting `weights_only=True` for any use case where you don't have full control of the loaded file. Please open an issue on GitHub for any issues related to this experimental feature.
  saved_net = torch.load(saved_path, map_location=device)
Saved model C-index: 0.4752, Current trial C-index: 0.4707
Saved model is better, keeping it
[I 2026-09-27 11:51:27,451] Trial 7 finished with value: 0.4706651077030845 and parameters: {'num_nodes': 128, 'num_layers': 3, 'lr': 0.000551736374846405, 'batch_size': 64, 'dropout': 0.2104587413362365}. Best is trial 1 with value: 0.4751520241760878.
Using GPU: cuda:7 (utilization=0%, free_mem=11016MiB)
Train data path /home/minhn2/uiuc-kidney-failure/generated_data/rep_1/twenty_features_heterogeneous_train_data.csv
Test data path /home/minhn2/uiuc-kidney-failure/generated_data/rep_1/twenty_features_heterogeneous_test_data.csv
Number of patients: test 5216 and train 20864
Number of records: test 1255828 and train 5208900
/home/minhn2/uiuc-kidney-failure/pkgs/experiments/logistic_hazard.py:91: FutureWarning: You are using `torch.load` with `weights_only=False` (the current default value), which uses the default pickle module implicitly. It is possible to construct malicious pickle data which will execute arbitrary code during unpickling (See https://github.com/pytorch/pytorch/blob/main/SECURITY.md#untrusted-models for more details). In a future release, the default value for `weights_only` will be flipped to `True`. This limits the functions that could be executed during unpickling. Arbitrary objects will no longer be allowed to be loaded via this mode unless they are explicitly allowlisted by the user via `torch.serialization.add_safe_globals`. We recommend you start setting `weights_only=True` for any use case where you don't have full control of the loaded file. Please open an issue on GitHub for any issues related to this experimental feature.
  saved_net = torch.load(saved_path, map_location=device)
Saved model C-index: 0.4752, Current trial C-index: 0.4699
Saved model is better, keeping it
[I 2026-09-27 11:52:29,002] Trial 8 finished with value: 0.4698770542163547 and parameters: {'num_nodes': 32, 'num_layers': 2, 'lr': 0.001389280190708224, 'batch_size': 128, 'dropout': 0.3221590749694659}. Best is trial 1 with value: 0.4751520241760878.
Using GPU: cuda:5 (utilization=0%, free_mem=11016MiB)
Train data path /home/minhn2/uiuc-kidney-failure/generated_data/rep_1/twenty_features_heterogeneous_train_data.csv
Test data path /home/minhn2/uiuc-kidney-failure/generated_data/rep_1/twenty_features_heterogeneous_test_data.csv
Number of patients: test 5216 and train 20864
Number of records: test 1255828 and train 5208900
/home/minhn2/uiuc-kidney-failure/pkgs/experiments/logistic_hazard.py:91: FutureWarning: You are using `torch.load` with `weights_only=False` (the current default value), which uses the default pickle module implicitly. It is possible to construct malicious pickle data which will execute arbitrary code during unpickling (See https://github.com/pytorch/pytorch/blob/main/SECURITY.md#untrusted-models for more details). In a future release, the default value for `weights_only` will be flipped to `True`. This limits the functions that could be executed during unpickling. Arbitrary objects will no longer be allowed to be loaded via this mode unless they are explicitly allowlisted by the user via `torch.serialization.add_safe_globals`. We recommend you start setting `weights_only=True` for any use case where you don't have full control of the loaded file. Please open an issue on GitHub for any issues related to this experimental feature.
  saved_net = torch.load(saved_path, map_location=device)
Saved model C-index: 0.4752, Current trial C-index: 0.4709
Saved model is better, keeping it
