[I 2026-09-28 03:14:05,470] Trial 2 finished with value: 0.528 and parameters: {'num_layer': 10, 'hidden_dim_0': 101, 'hidden_dim_1': 142, 'hidden_dim_2': 86, 'hidden_dim_3': 220, 'hidden_dim_4': 243, 'hidden_dim_5': 86, 'hidden_dim_6': 78, 'hidden_dim_7': 185, 'hidden_dim_8': 60, 'hidden_dim_9': 107, 'learning_rate': 0.0007556955759425007, 'drop_out_rate_0': 0.23583078887909173, 'drop_out_rate_1': 0.26466019037123945, 'drop_out_rate_2': 0.10841721110665237, 'drop_out_rate_3': 0.27603752955265903, 'drop_out_rate_4': 0.3625967231737751, 'drop_out_rate_5': 0.2662969716539375, 'drop_out_rate_6': 0.3412802419908456, 'drop_out_rate_7': 0.1299625922291502, 'drop_out_rate_8': 0.16236182242470357, 'drop_out_rate_9': 0.36509073241668055}. Best is trial 2 with value: 0.528.
Using GPU: cuda:6 (utilization=0%, free_mem=6548MiB)
Epoch 1/50
Average Loss: 1068.2985050852706
Epoch 2/50
Average Loss: 1068.1691343726181
Epoch 3/50
Average Loss: 1068.2587153737138
Patience Counter: 1
Epoch 4/50
Average Loss: 1068.2597191043017
Patience Counter: 2
Epoch 5/50
Average Loss: 1068.1476615347513
Epoch 6/50
Average Loss: 1068.1560475419208
Patience Counter: 1
Epoch 7/50
Average Loss: 1067.9841956161872
Epoch 8/50
Average Loss: 1068.0220999368807
Patience Counter: 1
Epoch 9/50
Average Loss: 1067.953632261695
Epoch 10/50
Average Loss: 1067.8493041992188
Epoch 11/50
Average Loss: 1067.6948554806593
Epoch 12/50
Average Loss: 1067.9626747689597
Patience Counter: 1
Epoch 13/50
Average Loss: 1067.701419737281
Patience Counter: 2
Epoch 14/50
Average Loss: 1067.388986354921
Epoch 15/50
Average Loss: 1067.399832004454
Patience Counter: 1
Epoch 16/50
Average Loss: 1067.1387887349943
Epoch 17/50
Average Loss: 1067.4377794963557
Patience Counter: 1
Epoch 18/50
Average Loss: 1067.2668218845274
Patience Counter: 2
Epoch 19/50
Average Loss: 1067.3860179622
Patience Counter: 3
Epoch 20/50
Average Loss: 1067.30635219667
Patience Counter: 4
Epoch 21/50
Average Loss: 1067.2056460496856
Patience Counter: 5
Early stopping triggered
C-Index Data: 0.525
C-Index Data: 0.528
Current trial C-index: 0.5250, Previously saved model C-index: 0.5280
[I 2026-09-28 03:16:08,047] Trial 3 finished with value: 0.525 and parameters: {'num_layer': 7, 'hidden_dim_0': 240, 'hidden_dim_1': 254, 'hidden_dim_2': 114, 'hidden_dim_3': 73, 'hidden_dim_4': 142, 'hidden_dim_5': 207, 'hidden_dim_6': 39, 'learning_rate': 6.746985059801317e-05, 'drop_out_rate_0': 0.20112563572450767, 'drop_out_rate_1': 0.347758184588736, 'drop_out_rate_2': 0.1207188725568844, 'drop_out_rate_3': 0.22199982433314458, 'drop_out_rate_4': 0.2708326757958719, 'drop_out_rate_5': 0.3615280322982295, 'drop_out_rate_6': 0.1950829150741205}. Best is trial 2 with value: 0.528.
Using GPU: cuda:5 (utilization=0%, free_mem=7182MiB)
Epoch 1/50
Average Loss: 1259.1955722715797
Epoch 2/50
Average Loss: 1170.2602870289872
Epoch 3/50
Average Loss: 1124.3195235089559
Epoch 4/50
Average Loss: 1134.9446165503525
Patience Counter: 1
Epoch 5/50
Average Loss: 1106.8448642637672
Epoch 6/50
Average Loss: 1098.3694737132003
Epoch 7/50
Average Loss: 1097.784078830626
Epoch 8/50
Average Loss: 1088.2721352926114
Epoch 9/50
Average Loss: 1081.290221051472
Epoch 10/50
Average Loss: 1077.041816525343
Epoch 11/50
Average Loss: 1074.2395801078983
Epoch 12/50
Average Loss: 1073.1816503013054
Epoch 13/50
Average Loss: 1072.36369025998
Epoch 14/50
Average Loss: 1071.297806530464
Epoch 15/50
Average Loss: 1070.6303037317787
Epoch 16/50
Average Loss: 1070.1869584990711
Epoch 17/50
Average Loss: 1070.1848572521676
Epoch 18/50
Average Loss: 1068.52397974526
Epoch 19/50
Average Loss: 1068.5115970518532
Epoch 20/50
Average Loss: 1069.2422221113995
Patience Counter: 1
Epoch 21/50
Average Loss: 1068.404343767864
Epoch 22/50
Average Loss: 1067.3542413478945
Epoch 23/50
Average Loss: 1067.7361692102943
Patience Counter: 1
Epoch 24/50
Average Loss: 1067.442042280988
Patience Counter: 2
Epoch 25/50
Average Loss: 1067.3816759062977
Patience Counter: 3
Epoch 26/50
Average Loss: 1067.4446600937263
Patience Counter: 4
Epoch 27/50
Average Loss: 1067.2604779499334
Epoch 28/50
Average Loss: 1067.5738346751143
Patience Counter: 1
Epoch 29/50
Average Loss: 1067.1410842523342
Epoch 30/50
Average Loss: 1067.3141445997285
Patience Counter: 1
Epoch 31/50
Average Loss: 1069.6531457668398
Patience Counter: 2
Epoch 32/50
Average Loss: 1068.1460869021532
Patience Counter: 3
Epoch 33/50
Average Loss: 1067.2745357606468
Patience Counter: 4
Epoch 34/50
Average Loss: 1066.925766735542
Epoch 35/50
Average Loss: 1066.8723174304496
Epoch 36/50
Average Loss: 1066.6334280618807
Epoch 37/50
Average Loss: 1067.199502340177
Patience Counter: 1
Epoch 38/50
Average Loss: 1066.6832580566406
Patience Counter: 2
Epoch 39/50
Average Loss: 1066.8647996855946
Patience Counter: 3
Epoch 40/50
Average Loss: 1066.6463381139245
Patience Counter: 4
Epoch 41/50
Average Loss: 1066.9652296857137
Patience Counter: 5
Early stopping triggered
C-Index Data: 0.528
C-Index Data: 0.528
Current trial C-index: 0.5280, Previously saved model C-index: 0.5280
[I 2026-09-28 03:19:43,019] Trial 4 finished with value: 0.528 and parameters: {'num_layer': 1, 'hidden_dim_0': 112, 'learning_rate': 0.0007784109203619148, 'drop_out_rate_0': 0.11036337098898459}. Best is trial 2 with value: 0.528.
Using GPU: cuda:7 (utilization=0%, free_mem=7508MiB)
Epoch 1/50
Average Loss: 1068.2646741169256
Epoch 2/50
Average Loss: 1068.3311454959032
Patience Counter: 1
Epoch 3/50
Average Loss: 1068.1800968821456
Epoch 4/50
Average Loss: 1067.809964063691
Epoch 5/50
Average Loss: 1067.7338528516816
Epoch 6/50
Average Loss: 1067.6754943103324
Epoch 7/50
Average Loss: 1067.8401820485185
Patience Counter: 1
Epoch 8/50
Average Loss: 1067.7184987882288
Patience Counter: 2
Epoch 9/50
Average Loss: 1067.4958183474657
Epoch 10/50
Average Loss: 1067.5439977878477
Patience Counter: 1
Epoch 11/50
Average Loss: 1067.6359040795303
Patience Counter: 2
Epoch 12/50
Average Loss: 1067.8440164705603
Patience Counter: 3
Epoch 13/50
Average Loss: 1067.7710656887148
Patience Counter: 4
Epoch 14/50
Average Loss: 1067.7261013868379
Patience Counter: 5
Early stopping triggered
C-Index Data: 0.527
C-Index Data: 0.528
Current trial C-index: 0.5270, Previously saved model C-index: 0.5280
[I 2026-09-28 03:20:53,143] Trial 5 finished with value: 0.527 and parameters: {'num_layer': 19, 'hidden_dim_0': 250, 'hidden_dim_1': 155, 'hidden_dim_2': 233, 'hidden_dim_3': 80, 'hidden_dim_4': 208, 'hidden_dim_5': 220, 'hidden_dim_6': 186, 'hidden_dim_7': 107, 'hidden_dim_8': 246, 'hidden_dim_9': 187, 'hidden_dim_10': 172, 'hidden_dim_11': 24, 'hidden_dim_12': 39, 'hidden_dim_13': 114, 'hidden_dim_14': 104, 'hidden_dim_15': 183, 'hidden_dim_16': 137, 'hidden_dim_17': 160, 'hidden_dim_18': 81, 'learning_rate': 0.0013366460458142393, 'drop_out_rate_0': 0.24482980203653476, 'drop_out_rate_1': 0.40732972686110136, 'drop_out_rate_2': 0.14760146497247734, 'drop_out_rate_3': 0.4846902271446022, 'drop_out_rate_4': 0.28257044957504274, 'drop_out_rate_5': 0.2798549321991566, 'drop_out_rate_6': 0.3375524715110483, 'drop_out_rate_7': 0.10843604425627446, 'drop_out_rate_8': 0.35544810733614085, 'drop_out_rate_9': 0.1555371517543312, 'drop_out_rate_10': 0.15847217094014743, 'drop_out_rate_11': 0.13484310693374033, 'drop_out_rate_12': 0.11119313754356104, 'drop_out_rate_13': 0.27377667703451924, 'drop_out_rate_14': 0.2919450350749514, 'drop_out_rate_15': 0.3923482007223923, 'drop_out_rate_16': 0.12447430078598859, 'drop_out_rate_17': 0.1488248132049849, 'drop_out_rate_18': 0.3946002513890047}. Best is trial 2 with value: 0.528.
Using GPU: cuda:6 (utilization=0%, free_mem=6548MiB)
Epoch 1/50
Average Loss: 1068.6492156982422
Epoch 2/50
Average Loss: 1067.7980908649724
Epoch 3/50
Average Loss: 1067.4172564250666
Epoch 4/50
Average Loss: 1067.0770334383337
Epoch 5/50
Average Loss: 1067.0331290640481
Epoch 6/50
Average Loss: 1067.4146639195885
Patience Counter: 1
Epoch 7/50
Average Loss: 1067.2325830226991
Patience Counter: 2
Epoch 8/50
Average Loss: 1067.2443174036537
Patience Counter: 3
Epoch 9/50
Average Loss: 1067.1111267834176
Patience Counter: 4
Epoch 10/50
Average Loss: 1067.2340270251761
Patience Counter: 5
Early stopping triggered
C-Index Data: 0.52
C-Index Data: 0.528
Current trial C-index: 0.5200, Previously saved model C-index: 0.5280
[I 2026-09-28 03:21:41,496] Trial 6 finished with value: 0.52 and parameters: {'num_layer': 6, 'hidden_dim_0': 168, 'hidden_dim_1': 175, 'hidden_dim_2': 59, 'hidden_dim_3': 142, 'hidden_dim_4': 183, 'hidden_dim_5': 239, 'learning_rate': 0.0021604395192883347, 'drop_out_rate_0': 0.18963158477863848, 'drop_out_rate_1': 0.13635609052148664, 'drop_out_rate_2': 0.4574216466352812, 'drop_out_rate_3': 0.4220684378922087, 'drop_out_rate_4': 0.2623746235473115, 'drop_out_rate_5': 0.2225531520193}. Best is trial 2 with value: 0.528.
Using GPU: cuda:4 (utilization=0%, free_mem=7334MiB)
Epoch 1/50
Average Loss: 1068.3120582394483
Epoch 2/50
Average Loss: 1068.2922393054496
Epoch 3/50
Average Loss: 1068.3428407994713
Patience Counter: 1
Epoch 4/50
Average Loss: 1068.08626723871
Epoch 5/50
Average Loss: 1068.271398776915
Patience Counter: 1
Epoch 6/50
Average Loss: 1068.3219905946312
Patience Counter: 2
Epoch 7/50
Average Loss: 1068.2161664264959
Patience Counter: 3
Epoch 8/50
Average Loss: 1068.1861981647771
Patience Counter: 4
Epoch 9/50
Average Loss: 1068.304210755883
Patience Counter: 5
Early stopping triggered
C-Index Data: 0.512
C-Index Data: 0.528
Current trial C-index: 0.5120, Previously saved model C-index: 0.5280
[I 2026-09-28 03:22:27,083] Trial 7 finished with value: 0.512 and parameters: {'num_layer': 19, 'hidden_dim_0': 169, 'hidden_dim_1': 242, 'hidden_dim_2': 132, 'hidden_dim_3': 142, 'hidden_dim_4': 246, 'hidden_dim_5': 204, 'hidden_dim_6': 128, 'hidden_dim_7': 34, 'hidden_dim_8': 62, 'hidden_dim_9': 161, 'hidden_dim_10': 130, 'hidden_dim_11': 158, 'hidden_dim_12': 176, 'hidden_dim_13': 18, 'hidden_dim_14': 235, 'hidden_dim_15': 124, 'hidden_dim_16': 229, 'hidden_dim_17': 68, 'hidden_dim_18': 249, 'learning_rate': 0.0012618446273150873, 'drop_out_rate_0': 0.19565264228052617, 'drop_out_rate_1': 0.24661748659269073, 'drop_out_rate_2': 0.4223565413184579, 'drop_out_rate_3': 0.41455116827205085, 'drop_out_rate_4': 0.34008354863577056, 'drop_out_rate_5': 0.19058812894103744, 'drop_out_rate_6': 0.21073390799619146, 'drop_out_rate_7': 0.1071418623209926, 'drop_out_rate_8': 0.23156371986805446, 'drop_out_rate_9': 0.4944197437387895, 'drop_out_rate_10': 0.34484075530690395, 'drop_out_rate_11': 0.237117759550339, 'drop_out_rate_12': 0.33193386522875956, 'drop_out_rate_13': 0.21460322612057056, 'drop_out_rate_14': 0.16521361972464188, 'drop_out_rate_15': 0.29600230070303435, 'drop_out_rate_16': 0.1537688358192203, 'drop_out_rate_17': 0.38460785386979124, 'drop_out_rate_18': 0.43039354872485014}. Best is trial 2 with value: 0.528.
Using GPU: cuda:5 (utilization=0%, free_mem=7180MiB)
Epoch 1/50
Average Loss: 1067.9427497677686
Epoch 2/50
Average Loss: 1068.1948342672208
Patience Counter: 1
Epoch 3/50
Average Loss: 1068.1530296511767
Patience Counter: 2
Epoch 4/50
Average Loss: 1068.266774619498
Patience Counter: 3
Epoch 5/50
Average Loss: 1068.3272269644388
Patience Counter: 4
Epoch 6/50
Average Loss: 1068.3927642077933
Patience Counter: 5
Early stopping triggered
C-Index Data: 0.514
C-Index Data: 0.528
Current trial C-index: 0.5140, Previously saved model C-index: 0.5280
[I 2026-09-28 03:22:57,454] Trial 8 finished with value: 0.514 and parameters: {'num_layer': 18, 'hidden_dim_0': 206, 'hidden_dim_1': 210, 'hidden_dim_2': 204, 'hidden_dim_3': 76, 'hidden_dim_4': 61, 'hidden_dim_5': 256, 'hidden_dim_6': 227, 'hidden_dim_7': 18, 'hidden_dim_8': 98, 'hidden_dim_9': 23, 'hidden_dim_10': 91, 'hidden_dim_11': 115, 'hidden_dim_12': 203, 'hidden_dim_13': 115, 'hidden_dim_14': 95, 'hidden_dim_15': 90, 'hidden_dim_16': 65, 'hidden_dim_17': 21, 'learning_rate': 0.0004485465085559508, 'drop_out_rate_0': 0.3065866119206915, 'drop_out_rate_1': 0.11343423979660289, 'drop_out_rate_2': 0.2632609938727915, 'drop_out_rate_3': 0.318398593970727, 'drop_out_rate_4': 0.44652661416217276, 'drop_out_rate_5': 0.3078595849553667, 'drop_out_rate_6': 0.36467473743685697, 'drop_out_rate_7': 0.21456034209335978, 'drop_out_rate_8': 0.4645785206690216, 'drop_out_rate_9': 0.4532101690874477, 'drop_out_rate_10': 0.2684198133107057, 'drop_out_rate_11': 0.3375742053721192, 'drop_out_rate_12': 0.42138554104458914, 'drop_out_rate_13': 0.2879254673278854, 'drop_out_rate_14': 0.4578889287554331, 'drop_out_rate_15': 0.4110030415948792, 'drop_out_rate_16': 0.18720637622663971, 'drop_out_rate_17': 0.33987842312148486}. Best is trial 2 with value: 0.528.
Using GPU: cuda:7 (utilization=0%, free_mem=7508MiB)
Epoch 1/50
Average Loss: 1069.0212793117616
Epoch 2/50
Average Loss: 1068.3692269674161
Epoch 3/50
Average Loss: 1068.0784201273104
Epoch 4/50
Average Loss: 1067.940190012862
Epoch 5/50
Average Loss: 1067.7228233523485
Epoch 6/50
Average Loss: 1067.6889335818407
Epoch 7/50
Average Loss: 1067.6714674786824
Epoch 8/50
Average Loss: 1067.4248564185166
Epoch 9/50
Average Loss: 1067.6005494652725
Patience Counter: 1
Epoch 10/50
Average Loss: 1067.5989171470085
Patience Counter: 2
Epoch 11/50
Average Loss: 1067.619093732136
Patience Counter: 3
Epoch 12/50
Average Loss: 1067.2960372552639
Epoch 13/50
Average Loss: 1067.471023931736
Patience Counter: 1
Epoch 14/50
Average Loss: 1067.7289421267626
Patience Counter: 2
Epoch 15/50
Average Loss: 1067.6348181003477
Patience Counter: 3
Epoch 16/50
Average Loss: 1067.195983514553
Epoch 17/50
Average Loss: 1066.9505127697457
Epoch 18/50
Average Loss: 1067.1004080423495
Patience Counter: 1
Epoch 19/50
Average Loss: 1067.2068153939597
Patience Counter: 2
Epoch 20/50
Average Loss: 1067.3924694526486
Patience Counter: 3
Epoch 21/50
Average Loss: 1067.2404290176019
Patience Counter: 4
Epoch 22/50
Average Loss: 1067.4534848841224
Patience Counter: 5
Early stopping triggered
C-Index Data: 0.527
C-Index Data: 0.528
Current trial C-index: 0.5270, Previously saved model C-index: 0.5280
