[I 2026-10-02 11:07:25,892] Trial 2 finished with value: 0.48638476865176 and parameters: {'num_nodes': 16, 'num_layers': 3, 'lr': 0.04579273921521883, 'batch_size': 256, 'dropout': 0.16831685279256264}. Best is trial 1 with value: 0.5167146336063759.
Using GPU: cuda:6 (utilization=0%, free_mem=48714MiB)
Train data path /home/minhn2/uiuc-kidney-failure/generated_data/rep_2/eight_features_train_data.csv
Test data path /home/minhn2/uiuc-kidney-failure/generated_data/rep_2/eight_features_test_data.csv
Number of patients: test 107 and train 425
Number of records: test 472 and train 1584
/home/minhn2/uiuc-kidney-failure/pkgs/experiments/logistic_hazard.py:91: FutureWarning: You are using `torch.load` with `weights_only=False` (the current default value), which uses the default pickle module implicitly. It is possible to construct malicious pickle data which will execute arbitrary code during unpickling (See https://github.com/pytorch/pytorch/blob/main/SECURITY.md#untrusted-models for more details). In a future release, the default value for `weights_only` will be flipped to `True`. This limits the functions that could be executed during unpickling. Arbitrary objects will no longer be allowed to be loaded via this mode unless they are explicitly allowlisted by the user via `torch.serialization.add_safe_globals`. We recommend you start setting `weights_only=True` for any use case where you don't have full control of the loaded file. Please open an issue on GitHub for any issues related to this experimental feature.
  saved_net = torch.load(saved_path, map_location=device)
Saved model C-index: 0.5167, Current trial C-index: 0.4935
Saved model is better, keeping it
[I 2026-10-02 11:07:28,855] Trial 3 finished with value: 0.4934691166703564 and parameters: {'num_nodes': 128, 'num_layers': 3, 'lr': 0.00038323808209563996, 'batch_size': 32, 'dropout': 0.24979361629988256}. Best is trial 1 with value: 0.5167146336063759.
Using GPU: cuda:3 (utilization=0%, free_mem=48714MiB)
Train data path /home/minhn2/uiuc-kidney-failure/generated_data/rep_2/eight_features_train_data.csv
Test data path /home/minhn2/uiuc-kidney-failure/generated_data/rep_2/eight_features_test_data.csv
Number of patients: test 107 and train 425
Number of records: test 472 and train 1584
/home/minhn2/uiuc-kidney-failure/pkgs/experiments/logistic_hazard.py:91: FutureWarning: You are using `torch.load` with `weights_only=False` (the current default value), which uses the default pickle module implicitly. It is possible to construct malicious pickle data which will execute arbitrary code during unpickling (See https://github.com/pytorch/pytorch/blob/main/SECURITY.md#untrusted-models for more details). In a future release, the default value for `weights_only` will be flipped to `True`. This limits the functions that could be executed during unpickling. Arbitrary objects will no longer be allowed to be loaded via this mode unless they are explicitly allowlisted by the user via `torch.serialization.add_safe_globals`. We recommend you start setting `weights_only=True` for any use case where you don't have full control of the loaded file. Please open an issue on GitHub for any issues related to this experimental feature.
  saved_net = torch.load(saved_path, map_location=device)
Saved model C-index: 0.5167, Current trial C-index: 0.5183
New model is better, saving current model
[I 2026-10-02 11:07:31,414] Trial 4 finished with value: 0.5182643347354439 and parameters: {'num_nodes': 16, 'num_layers': 2, 'lr': 0.0002744616467635087, 'batch_size': 32, 'dropout': 0.03274230159301883}. Best is trial 4 with value: 0.5182643347354439.
Using GPU: cuda:2 (utilization=0%, free_mem=48714MiB)
Train data path /home/minhn2/uiuc-kidney-failure/generated_data/rep_2/eight_features_train_data.csv
Test data path /home/minhn2/uiuc-kidney-failure/generated_data/rep_2/eight_features_test_data.csv
Number of patients: test 107 and train 425
Number of records: test 472 and train 1584
/home/minhn2/uiuc-kidney-failure/pkgs/experiments/logistic_hazard.py:91: FutureWarning: You are using `torch.load` with `weights_only=False` (the current default value), which uses the default pickle module implicitly. It is possible to construct malicious pickle data which will execute arbitrary code during unpickling (See https://github.com/pytorch/pytorch/blob/main/SECURITY.md#untrusted-models for more details). In a future release, the default value for `weights_only` will be flipped to `True`. This limits the functions that could be executed during unpickling. Arbitrary objects will no longer be allowed to be loaded via this mode unless they are explicitly allowlisted by the user via `torch.serialization.add_safe_globals`. We recommend you start setting `weights_only=True` for any use case where you don't have full control of the loaded file. Please open an issue on GitHub for any issues related to this experimental feature.
  saved_net = torch.load(saved_path, map_location=device)
Saved model C-index: 0.5183, Current trial C-index: 0.5225
New model is better, saving current model
[I 2026-10-02 11:07:32,603] Trial 5 finished with value: 0.5224706663714855 and parameters: {'num_nodes': 128, 'num_layers': 1, 'lr': 0.0020988075417556927, 'batch_size': 64, 'dropout': 0.27191384658067735}. Best is trial 5 with value: 0.5224706663714855.
Using GPU: cuda:6 (utilization=0%, free_mem=48714MiB)
Train data path /home/minhn2/uiuc-kidney-failure/generated_data/rep_2/eight_features_train_data.csv
Test data path /home/minhn2/uiuc-kidney-failure/generated_data/rep_2/eight_features_test_data.csv
Number of patients: test 107 and train 425
Number of records: test 472 and train 1584
/home/minhn2/uiuc-kidney-failure/pkgs/experiments/logistic_hazard.py:91: FutureWarning: You are using `torch.load` with `weights_only=False` (the current default value), which uses the default pickle module implicitly. It is possible to construct malicious pickle data which will execute arbitrary code during unpickling (See https://github.com/pytorch/pytorch/blob/main/SECURITY.md#untrusted-models for more details). In a future release, the default value for `weights_only` will be flipped to `True`. This limits the functions that could be executed during unpickling. Arbitrary objects will no longer be allowed to be loaded via this mode unless they are explicitly allowlisted by the user via `torch.serialization.add_safe_globals`. We recommend you start setting `weights_only=True` for any use case where you don't have full control of the loaded file. Please open an issue on GitHub for any issues related to this experimental feature.
  saved_net = torch.load(saved_path, map_location=device)
Saved model C-index: 0.5225, Current trial C-index: 0.4711
Saved model is better, keeping it
[I 2026-10-02 11:07:35,314] Trial 6 finished with value: 0.4711091432366615 and parameters: {'num_nodes': 16, 'num_layers': 2, 'lr': 0.00018089834424415564, 'batch_size': 32, 'dropout': 0.410284518940781}. Best is trial 5 with value: 0.5224706663714855.
Using GPU: cuda:7 (utilization=0%, free_mem=48714MiB)
Train data path /home/minhn2/uiuc-kidney-failure/generated_data/rep_2/eight_features_train_data.csv
Test data path /home/minhn2/uiuc-kidney-failure/generated_data/rep_2/eight_features_test_data.csv
Number of patients: test 107 and train 425
Number of records: test 472 and train 1584
/home/minhn2/uiuc-kidney-failure/pkgs/experiments/logistic_hazard.py:91: FutureWarning: You are using `torch.load` with `weights_only=False` (the current default value), which uses the default pickle module implicitly. It is possible to construct malicious pickle data which will execute arbitrary code during unpickling (See https://github.com/pytorch/pytorch/blob/main/SECURITY.md#untrusted-models for more details). In a future release, the default value for `weights_only` will be flipped to `True`. This limits the functions that could be executed during unpickling. Arbitrary objects will no longer be allowed to be loaded via this mode unless they are explicitly allowlisted by the user via `torch.serialization.add_safe_globals`. We recommend you start setting `weights_only=True` for any use case where you don't have full control of the loaded file. Please open an issue on GitHub for any issues related to this experimental feature.
  saved_net = torch.load(saved_path, map_location=device)
Saved model C-index: 0.5225, Current trial C-index: 0.5358
New model is better, saving current model
[I 2026-10-02 11:07:37,461] Trial 7 finished with value: 0.5357538189063538 and parameters: {'num_nodes': 128, 'num_layers': 1, 'lr': 0.00014995143215014797, 'batch_size': 32, 'dropout': 0.1256948683182228}. Best is trial 7 with value: 0.5357538189063538.
Using GPU: cuda:2 (utilization=0%, free_mem=48714MiB)
Train data path /home/minhn2/uiuc-kidney-failure/generated_data/rep_2/eight_features_train_data.csv
Test data path /home/minhn2/uiuc-kidney-failure/generated_data/rep_2/eight_features_test_data.csv
Number of patients: test 107 and train 425
Number of records: test 472 and train 1584
/home/minhn2/uiuc-kidney-failure/pkgs/experiments/logistic_hazard.py:91: FutureWarning: You are using `torch.load` with `weights_only=False` (the current default value), which uses the default pickle module implicitly. It is possible to construct malicious pickle data which will execute arbitrary code during unpickling (See https://github.com/pytorch/pytorch/blob/main/SECURITY.md#untrusted-models for more details). In a future release, the default value for `weights_only` will be flipped to `True`. This limits the functions that could be executed during unpickling. Arbitrary objects will no longer be allowed to be loaded via this mode unless they are explicitly allowlisted by the user via `torch.serialization.add_safe_globals`. We recommend you start setting `weights_only=True` for any use case where you don't have full control of the loaded file. Please open an issue on GitHub for any issues related to this experimental feature.
  saved_net = torch.load(saved_path, map_location=device)
Saved model C-index: 0.5358, Current trial C-index: 0.5198
Saved model is better, keeping it
[I 2026-10-02 11:07:38,670] Trial 8 finished with value: 0.5198140358645118 and parameters: {'num_nodes': 16, 'num_layers': 1, 'lr': 0.0015575741161740256, 'batch_size': 64, 'dropout': 0.3439703860686708}. Best is trial 7 with value: 0.5357538189063538.
Using GPU: cuda:6 (utilization=0%, free_mem=48714MiB)
Train data path /home/minhn2/uiuc-kidney-failure/generated_data/rep_2/eight_features_train_data.csv
Test data path /home/minhn2/uiuc-kidney-failure/generated_data/rep_2/eight_features_test_data.csv
Number of patients: test 107 and train 425
Number of records: test 472 and train 1584
/home/minhn2/uiuc-kidney-failure/pkgs/experiments/logistic_hazard.py:91: FutureWarning: You are using `torch.load` with `weights_only=False` (the current default value), which uses the default pickle module implicitly. It is possible to construct malicious pickle data which will execute arbitrary code during unpickling (See https://github.com/pytorch/pytorch/blob/main/SECURITY.md#untrusted-models for more details). In a future release, the default value for `weights_only` will be flipped to `True`. This limits the functions that could be executed during unpickling. Arbitrary objects will no longer be allowed to be loaded via this mode unless they are explicitly allowlisted by the user via `torch.serialization.add_safe_globals`. We recommend you start setting `weights_only=True` for any use case where you don't have full control of the loaded file. Please open an issue on GitHub for any issues related to this experimental feature.
  saved_net = torch.load(saved_path, map_location=device)
Saved model C-index: 0.5358, Current trial C-index: 0.4797
Saved model is better, keeping it
[I 2026-10-02 11:07:40,403] Trial 9 finished with value: 0.4797431923843259 and parameters: {'num_nodes': 64, 'num_layers': 3, 'lr': 0.0003294699111832234, 'batch_size': 64, 'dropout': 0.3367894805990843}. Best is trial 7 with value: 0.5357538189063538.
Number of finished trials:  10
Best trial:
Best hyperparameters: {'num_nodes': 128, 'num_layers': 1, 'lr': 0.00014995143215014797, 'batch_size': 32, 'dropout': 0.1256948683182228}
Loading best model from disk after optimization
Model summary:
MLPVanilla(
  (net): Sequential(
    (0): DenseVanillaBlock(
      (linear): Linear(in_features=8, out_features=128, bias=True)
      (activation): ReLU()
      (batch_norm): BatchNorm1d(128, eps=1e-05, momentum=0.1, affine=True, track_running_stats=True)
      (dropout): Dropout(p=0.1256948683182228, inplace=False)
    )
    (1): Linear(in_features=128, out_features=50, bias=False)
  )
)

=== Evaluation Results for eight_features ===
Global test C-index: 0.536
Event rate: 82/107 (76.64%)
Integrated Brier Score Test: 0.492
Train data path /home/minhn2/uiuc-kidney-failure/generated_data/rep_2/eight_features_train_data.csv
Test data path /home/minhn2/uiuc-kidney-failure/generated_data/rep_2/eight_features_test_data.csv
Number of patients: test 107 and train 425
Number of records: test 472 and train 1584
Mean time-dependent AUC (patient-level, supported follow-up below 730 days): 0.5864
COMPLETE
