rep2 train: four_features, eight_features; output=/home/minhn2/uiuc-kidney-failure/generated_data/rep_2
RUN four_features/logistic_hazard
Using GPU: cuda:7 (utilization=0%, free_mem=49068MiB)
Train data path /home/minhn2/uiuc-kidney-failure/generated_data/rep_2/four_features_train_data.csv
Test data path /home/minhn2/uiuc-kidney-failure/generated_data/rep_2/four_features_test_data.csv
Number of patients: test 270 and train 1079
Number of records: test 2287 and train 9173
Training new model with Optuna optimization
Running Optuna hyperparameter optimization
[I 2026-10-02 11:06:51,839] A new study created in memory with name: no-name-ff18c4fc-344e-4e0a-b516-abbb90c9ec36
Using GPU: cuda:2 (utilization=0%, free_mem=49068MiB)
Train data path /home/minhn2/uiuc-kidney-failure/generated_data/rep_2/four_features_train_data.csv
Test data path /home/minhn2/uiuc-kidney-failure/generated_data/rep_2/four_features_test_data.csv
Number of patients: test 270 and train 1079
Number of records: test 2287 and train 9173
No existing model, saving current model
[I 2026-10-02 11:06:57,359] Trial 0 finished with value: 0.5549497422202441 and parameters: {'num_nodes': 16, 'num_layers': 2, 'lr': 0.011224352933635438, 'batch_size': 64, 'dropout': 0.10999715502963792}. Best is trial 0 with value: 0.5549497422202441.
Using GPU: cuda:6 (utilization=0%, free_mem=49068MiB)
Train data path /home/minhn2/uiuc-kidney-failure/generated_data/rep_2/four_features_train_data.csv
Test data path /home/minhn2/uiuc-kidney-failure/generated_data/rep_2/four_features_test_data.csv
Number of patients: test 270 and train 1079
Number of records: test 2287 and train 9173
/home/minhn2/uiuc-kidney-failure/pkgs/experiments/logistic_hazard.py:91: FutureWarning: You are using `torch.load` with `weights_only=False` (the current default value), which uses the default pickle module implicitly. It is possible to construct malicious pickle data which will execute arbitrary code during unpickling (See https://github.com/pytorch/pytorch/blob/main/SECURITY.md#untrusted-models for more details). In a future release, the default value for `weights_only` will be flipped to `True`. This limits the functions that could be executed during unpickling. Arbitrary objects will no longer be allowed to be loaded via this mode unless they are explicitly allowlisted by the user via `torch.serialization.add_safe_globals`. We recommend you start setting `weights_only=True` for any use case where you don't have full control of the loaded file. Please open an issue on GitHub for any issues related to this experimental feature.
  saved_net = torch.load(saved_path, map_location=device)
Saved model C-index: 0.5549, Current trial C-index: 0.5410
Saved model is better, keeping it
[I 2026-10-02 11:06:59,487] Trial 1 finished with value: 0.5409851266644412 and parameters: {'num_nodes': 128, 'num_layers': 2, 'lr': 0.00010884151881877583, 'batch_size': 128, 'dropout': 0.3121447592861455}. Best is trial 0 with value: 0.5549497422202441.
Using GPU: cuda:7 (utilization=0%, free_mem=49068MiB)
Train data path /home/minhn2/uiuc-kidney-failure/generated_data/rep_2/four_features_train_data.csv
Test data path /home/minhn2/uiuc-kidney-failure/generated_data/rep_2/four_features_test_data.csv
Number of patients: test 270 and train 1079
Number of records: test 2287 and train 9173
/home/minhn2/uiuc-kidney-failure/pkgs/experiments/logistic_hazard.py:91: FutureWarning: You are using `torch.load` with `weights_only=False` (the current default value), which uses the default pickle module implicitly. It is possible to construct malicious pickle data which will execute arbitrary code during unpickling (See https://github.com/pytorch/pytorch/blob/main/SECURITY.md#untrusted-models for more details). In a future release, the default value for `weights_only` will be flipped to `True`. This limits the functions that could be executed during unpickling. Arbitrary objects will no longer be allowed to be loaded via this mode unless they are explicitly allowlisted by the user via `torch.serialization.add_safe_globals`. We recommend you start setting `weights_only=True` for any use case where you don't have full control of the loaded file. Please open an issue on GitHub for any issues related to this experimental feature.
  saved_net = torch.load(saved_path, map_location=device)
Saved model C-index: 0.5549, Current trial C-index: 0.5430
Saved model is better, keeping it
[I 2026-10-02 11:07:00,927] Trial 2 finished with value: 0.5430436556507547 and parameters: {'num_nodes': 64, 'num_layers': 1, 'lr': 0.0032559223718846204, 'batch_size': 256, 'dropout': 0.13870590525478044}. Best is trial 0 with value: 0.5549497422202441.
Using GPU: cuda:7 (utilization=0%, free_mem=48714MiB)
Train data path /home/minhn2/uiuc-kidney-failure/generated_data/rep_2/four_features_train_data.csv
Test data path /home/minhn2/uiuc-kidney-failure/generated_data/rep_2/four_features_test_data.csv
Number of patients: test 270 and train 1079
Number of records: test 2287 and train 9173
/home/minhn2/uiuc-kidney-failure/pkgs/experiments/logistic_hazard.py:91: FutureWarning: You are using `torch.load` with `weights_only=False` (the current default value), which uses the default pickle module implicitly. It is possible to construct malicious pickle data which will execute arbitrary code during unpickling (See https://github.com/pytorch/pytorch/blob/main/SECURITY.md#untrusted-models for more details). In a future release, the default value for `weights_only` will be flipped to `True`. This limits the functions that could be executed during unpickling. Arbitrary objects will no longer be allowed to be loaded via this mode unless they are explicitly allowlisted by the user via `torch.serialization.add_safe_globals`. We recommend you start setting `weights_only=True` for any use case where you don't have full control of the loaded file. Please open an issue on GitHub for any issues related to this experimental feature.
  saved_net = torch.load(saved_path, map_location=device)
Saved model C-index: 0.5549, Current trial C-index: 0.5365
Saved model is better, keeping it
[I 2026-10-02 11:07:04,101] Trial 3 finished with value: 0.536478617261971 and parameters: {'num_nodes': 64, 'num_layers': 2, 'lr': 0.00027808430212399385, 'batch_size': 64, 'dropout': 0.027767443783865586}. Best is trial 0 with value: 0.5549497422202441.
Using GPU: cuda:2 (utilization=0%, free_mem=48714MiB)
Train data path /home/minhn2/uiuc-kidney-failure/generated_data/rep_2/four_features_train_data.csv
Test data path /home/minhn2/uiuc-kidney-failure/generated_data/rep_2/four_features_test_data.csv
Number of patients: test 270 and train 1079
Number of records: test 2287 and train 9173
/home/minhn2/uiuc-kidney-failure/pkgs/experiments/logistic_hazard.py:91: FutureWarning: You are using `torch.load` with `weights_only=False` (the current default value), which uses the default pickle module implicitly. It is possible to construct malicious pickle data which will execute arbitrary code during unpickling (See https://github.com/pytorch/pytorch/blob/main/SECURITY.md#untrusted-models for more details). In a future release, the default value for `weights_only` will be flipped to `True`. This limits the functions that could be executed during unpickling. Arbitrary objects will no longer be allowed to be loaded via this mode unless they are explicitly allowlisted by the user via `torch.serialization.add_safe_globals`. We recommend you start setting `weights_only=True` for any use case where you don't have full control of the loaded file. Please open an issue on GitHub for any issues related to this experimental feature.
  saved_net = torch.load(saved_path, map_location=device)
Saved model C-index: 0.5549, Current trial C-index: 0.5147
Saved model is better, keeping it
[I 2026-10-02 11:07:07,053] Trial 4 finished with value: 0.514669337190757 and parameters: {'num_nodes': 32, 'num_layers': 2, 'lr': 0.0020194937439968292, 'batch_size': 64, 'dropout': 0.1768980809796562}. Best is trial 0 with value: 0.5549497422202441.
Using GPU: cuda:7 (utilization=0%, free_mem=48714MiB)
Train data path /home/minhn2/uiuc-kidney-failure/generated_data/rep_2/four_features_train_data.csv
Test data path /home/minhn2/uiuc-kidney-failure/generated_data/rep_2/four_features_test_data.csv
Number of patients: test 270 and train 1079
Number of records: test 2287 and train 9173
/home/minhn2/uiuc-kidney-failure/pkgs/experiments/logistic_hazard.py:91: FutureWarning: You are using `torch.load` with `weights_only=False` (the current default value), which uses the default pickle module implicitly. It is possible to construct malicious pickle data which will execute arbitrary code during unpickling (See https://github.com/pytorch/pytorch/blob/main/SECURITY.md#untrusted-models for more details). In a future release, the default value for `weights_only` will be flipped to `True`. This limits the functions that could be executed during unpickling. Arbitrary objects will no longer be allowed to be loaded via this mode unless they are explicitly allowlisted by the user via `torch.serialization.add_safe_globals`. We recommend you start setting `weights_only=True` for any use case where you don't have full control of the loaded file. Please open an issue on GitHub for any issues related to this experimental feature.
  saved_net = torch.load(saved_path, map_location=device)
Saved model C-index: 0.5549, Current trial C-index: 0.5414
Saved model is better, keeping it
[I 2026-10-02 11:07:09,647] Trial 5 finished with value: 0.5413745780942844 and parameters: {'num_nodes': 128, 'num_layers': 1, 'lr': 0.08293479069249451, 'batch_size': 64, 'dropout': 0.035177078552547314}. Best is trial 0 with value: 0.5549497422202441.
Using GPU: cuda:6 (utilization=0%, free_mem=48714MiB)
Train data path /home/minhn2/uiuc-kidney-failure/generated_data/rep_2/four_features_train_data.csv
Test data path /home/minhn2/uiuc-kidney-failure/generated_data/rep_2/four_features_test_data.csv
Number of patients: test 270 and train 1079
Number of records: test 2287 and train 9173
/home/minhn2/uiuc-kidney-failure/pkgs/experiments/logistic_hazard.py:91: FutureWarning: You are using `torch.load` with `weights_only=False` (the current default value), which uses the default pickle module implicitly. It is possible to construct malicious pickle data which will execute arbitrary code during unpickling (See https://github.com/pytorch/pytorch/blob/main/SECURITY.md#untrusted-models for more details). In a future release, the default value for `weights_only` will be flipped to `True`. This limits the functions that could be executed during unpickling. Arbitrary objects will no longer be allowed to be loaded via this mode unless they are explicitly allowlisted by the user via `torch.serialization.add_safe_globals`. We recommend you start setting `weights_only=True` for any use case where you don't have full control of the loaded file. Please open an issue on GitHub for any issues related to this experimental feature.
  saved_net = torch.load(saved_path, map_location=device)
Saved model C-index: 0.5549, Current trial C-index: 0.5261
Saved model is better, keeping it
[I 2026-10-02 11:07:11,382] Trial 6 finished with value: 0.5261303364118541 and parameters: {'num_nodes': 128, 'num_layers': 1, 'lr': 0.002611317403227867, 'batch_size': 128, 'dropout': 0.15641637217594617}. Best is trial 0 with value: 0.5549497422202441.
Using GPU: cuda:7 (utilization=0%, free_mem=48714MiB)
Train data path /home/minhn2/uiuc-kidney-failure/generated_data/rep_2/four_features_train_data.csv
Test data path /home/minhn2/uiuc-kidney-failure/generated_data/rep_2/four_features_test_data.csv
Number of patients: test 270 and train 1079
Number of records: test 2287 and train 9173
/home/minhn2/uiuc-kidney-failure/pkgs/experiments/logistic_hazard.py:91: FutureWarning: You are using `torch.load` with `weights_only=False` (the current default value), which uses the default pickle module implicitly. It is possible to construct malicious pickle data which will execute arbitrary code during unpickling (See https://github.com/pytorch/pytorch/blob/main/SECURITY.md#untrusted-models for more details). In a future release, the default value for `weights_only` will be flipped to `True`. This limits the functions that could be executed during unpickling. Arbitrary objects will no longer be allowed to be loaded via this mode unless they are explicitly allowlisted by the user via `torch.serialization.add_safe_globals`. We recommend you start setting `weights_only=True` for any use case where you don't have full control of the loaded file. Please open an issue on GitHub for any issues related to this experimental feature.
  saved_net = torch.load(saved_path, map_location=device)
Saved model C-index: 0.5549, Current trial C-index: 0.5643
New model is better, saving current model
[I 2026-10-02 11:07:12,924] Trial 7 finished with value: 0.5643336671488446 and parameters: {'num_nodes': 16, 'num_layers': 1, 'lr': 0.0011522133840362373, 'batch_size': 128, 'dropout': 0.3482776161431463}. Best is trial 7 with value: 0.5643336671488446.
Using GPU: cuda:7 (utilization=0%, free_mem=48714MiB)
Train data path /home/minhn2/uiuc-kidney-failure/generated_data/rep_2/four_features_train_data.csv
Test data path /home/minhn2/uiuc-kidney-failure/generated_data/rep_2/four_features_test_data.csv
Number of patients: test 270 and train 1079
Number of records: test 2287 and train 9173
/home/minhn2/uiuc-kidney-failure/pkgs/experiments/logistic_hazard.py:91: FutureWarning: You are using `torch.load` with `weights_only=False` (the current default value), which uses the default pickle module implicitly. It is possible to construct malicious pickle data which will execute arbitrary code during unpickling (See https://github.com/pytorch/pytorch/blob/main/SECURITY.md#untrusted-models for more details). In a future release, the default value for `weights_only` will be flipped to `True`. This limits the functions that could be executed during unpickling. Arbitrary objects will no longer be allowed to be loaded via this mode unless they are explicitly allowlisted by the user via `torch.serialization.add_safe_globals`. We recommend you start setting `weights_only=True` for any use case where you don't have full control of the loaded file. Please open an issue on GitHub for any issues related to this experimental feature.
  saved_net = torch.load(saved_path, map_location=device)
Saved model C-index: 0.5643, Current trial C-index: 0.5049
Saved model is better, keeping it
[I 2026-10-02 11:07:15,475] Trial 8 finished with value: 0.5049145061384963 and parameters: {'num_nodes': 64, 'num_layers': 1, 'lr': 0.00656715881182906, 'batch_size': 64, 'dropout': 0.48512499823688}. Best is trial 7 with value: 0.5643336671488446.
Using GPU: cuda:2 (utilization=0%, free_mem=48714MiB)
Train data path /home/minhn2/uiuc-kidney-failure/generated_data/rep_2/four_features_train_data.csv
Test data path /home/minhn2/uiuc-kidney-failure/generated_data/rep_2/four_features_test_data.csv
Number of patients: test 270 and train 1079
Number of records: test 2287 and train 9173
/home/minhn2/uiuc-kidney-failure/pkgs/experiments/logistic_hazard.py:91: FutureWarning: You are using `torch.load` with `weights_only=False` (the current default value), which uses the default pickle module implicitly. It is possible to construct malicious pickle data which will execute arbitrary code during unpickling (See https://github.com/pytorch/pytorch/blob/main/SECURITY.md#untrusted-models for more details). In a future release, the default value for `weights_only` will be flipped to `True`. This limits the functions that could be executed during unpickling. Arbitrary objects will no longer be allowed to be loaded via this mode unless they are explicitly allowlisted by the user via `torch.serialization.add_safe_globals`. We recommend you start setting `weights_only=True` for any use case where you don't have full control of the loaded file. Please open an issue on GitHub for any issues related to this experimental feature.
  saved_net = torch.load(saved_path, map_location=device)
Saved model C-index: 0.5643, Current trial C-index: 0.5523
Saved model is better, keeping it
[I 2026-10-02 11:07:22,375] Trial 9 finished with value: 0.5523163087422573 and parameters: {'num_nodes': 32, 'num_layers': 3, 'lr': 0.00042292808479108744, 'batch_size': 32, 'dropout': 0.3379283512005999}. Best is trial 7 with value: 0.5643336671488446.
Number of finished trials:  10
Best trial:
Best hyperparameters: {'num_nodes': 16, 'num_layers': 1, 'lr': 0.0011522133840362373, 'batch_size': 128, 'dropout': 0.3482776161431463}
Loading best model from disk after optimization
Model summary:
MLPVanilla(
  (net): Sequential(
    (0): DenseVanillaBlock(
      (linear): Linear(in_features=4, out_features=16, bias=True)
      (activation): ReLU()
      (batch_norm): BatchNorm1d(16, eps=1e-05, momentum=0.1, affine=True, track_running_stats=True)
      (dropout): Dropout(p=0.3482776161431463, inplace=False)
    )
    (1): Linear(in_features=16, out_features=50, bias=False)
  )
)

=== Evaluation Results for four_features ===
Global test C-index: 0.564
Event rate: 203/270 (75.19%)
Integrated Brier Score Test: 0.431
Train data path /home/minhn2/uiuc-kidney-failure/generated_data/rep_2/four_features_train_data.csv
Test data path /home/minhn2/uiuc-kidney-failure/generated_data/rep_2/four_features_test_data.csv
Number of patients: test 270 and train 1079
Number of records: test 2287 and train 9173
Mean time-dependent AUC (patient-level, supported follow-up below 730 days): 0.6082
RUN eight_features/logistic_hazard
Using GPU: cuda:6 (utilization=0%, free_mem=48714MiB)
Train data path /home/minhn2/uiuc-kidney-failure/generated_data/rep_2/eight_features_train_data.csv
Test data path /home/minhn2/uiuc-kidney-failure/generated_data/rep_2/eight_features_test_data.csv
Number of patients: test 107 and train 425
Number of records: test 472 and train 1584
Training new model with Optuna optimization
Running Optuna hyperparameter optimization
[I 2026-10-02 11:07:22,720] A new study created in memory with name: no-name-f914018d-25b5-4253-a632-2d15b57c1445
Using GPU: cuda:6 (utilization=0%, free_mem=48714MiB)
Train data path /home/minhn2/uiuc-kidney-failure/generated_data/rep_2/eight_features_train_data.csv
Test data path /home/minhn2/uiuc-kidney-failure/generated_data/rep_2/eight_features_test_data.csv
Number of patients: test 107 and train 425
Number of records: test 472 and train 1584
No existing model, saving current model
[I 2026-10-02 11:07:23,552] Trial 0 finished with value: 0.4891520920965242 and parameters: {'num_nodes': 16, 'num_layers': 1, 'lr': 0.0004450285973056803, 'batch_size': 128, 'dropout': 0.2776293964760943}. Best is trial 0 with value: 0.4891520920965242.
Using GPU: cuda:2 (utilization=0%, free_mem=48714MiB)
Train data path /home/minhn2/uiuc-kidney-failure/generated_data/rep_2/eight_features_train_data.csv
Test data path /home/minhn2/uiuc-kidney-failure/generated_data/rep_2/eight_features_test_data.csv
Number of patients: test 107 and train 425
Number of records: test 472 and train 1584
/home/minhn2/uiuc-kidney-failure/pkgs/experiments/logistic_hazard.py:91: FutureWarning: You are using `torch.load` with `weights_only=False` (the current default value), which uses the default pickle module implicitly. It is possible to construct malicious pickle data which will execute arbitrary code during unpickling (See https://github.com/pytorch/pytorch/blob/main/SECURITY.md#untrusted-models for more details). In a future release, the default value for `weights_only` will be flipped to `True`. This limits the functions that could be executed during unpickling. Arbitrary objects will no longer be allowed to be loaded via this mode unless they are explicitly allowlisted by the user via `torch.serialization.add_safe_globals`. We recommend you start setting `weights_only=True` for any use case where you don't have full control of the loaded file. Please open an issue on GitHub for any issues related to this experimental feature.
  saved_net = torch.load(saved_path, map_location=device)
Saved model C-index: 0.4892, Current trial C-index: 0.5167
New model is better, saving current model
[I 2026-10-02 11:07:24,854] Trial 1 finished with value: 0.5167146336063759 and parameters: {'num_nodes': 16, 'num_layers': 1, 'lr': 0.000950630332200953, 'batch_size': 64, 'dropout': 0.48371165212253214}. Best is trial 1 with value: 0.5167146336063759.
Using GPU: cuda:3 (utilization=0%, free_mem=49068MiB)
Train data path /home/minhn2/uiuc-kidney-failure/generated_data/rep_2/eight_features_train_data.csv
Test data path /home/minhn2/uiuc-kidney-failure/generated_data/rep_2/eight_features_test_data.csv
Number of patients: test 107 and train 425
Number of records: test 472 and train 1584
/home/minhn2/uiuc-kidney-failure/pkgs/experiments/logistic_hazard.py:91: FutureWarning: You are using `torch.load` with `weights_only=False` (the current default value), which uses the default pickle module implicitly. It is possible to construct malicious pickle data which will execute arbitrary code during unpickling (See https://github.com/pytorch/pytorch/blob/main/SECURITY.md#untrusted-models for more details). In a future release, the default value for `weights_only` will be flipped to `True`. This limits the functions that could be executed during unpickling. Arbitrary objects will no longer be allowed to be loaded via this mode unless they are explicitly allowlisted by the user via `torch.serialization.add_safe_globals`. We recommend you start setting `weights_only=True` for any use case where you don't have full control of the loaded file. Please open an issue on GitHub for any issues related to this experimental feature.
  saved_net = torch.load(saved_path, map_location=device)
Saved model C-index: 0.5167, Current trial C-index: 0.4864
Saved model is better, keeping it
