[I 2026-08-29 21:49:08,367] Trial 9 finished with value: 0.4660542442685626 and parameters: {'num_nodes': 32, 'num_layers': 2, 'lr': 0.006420187597744841, 'batch_size': 32, 'dropout': 0.020800590730417012}. Best is trial 6 with value: 0.48402769117853245.
Using GPU: cuda:5 (utilization=0%, free_mem=49068MiB)
Train data path /home/minhn2/uiuc-kidney-failure/generated_data/rep4/four_features_train_data.csv
Test data path /home/minhn2/uiuc-kidney-failure/generated_data/rep4/four_features_test_data.csv
Number of patients: test 562 and train 2247
Number of records: test 5511 and train 21318
Training new model with Optuna optimization
Running Optuna hyperparameter optimization
Using GPU: cuda:5 (utilization=0%, free_mem=49068MiB)
Train data path /home/minhn2/uiuc-kidney-failure/generated_data/rep4/four_features_train_data.csv
Test data path /home/minhn2/uiuc-kidney-failure/generated_data/rep4/four_features_test_data.csv
Number of patients: test 562 and train 2247
Number of records: test 5511 and train 21318
No existing model, saving current model
Using GPU: cuda:1 (utilization=11%, free_mem=48299MiB)
Train data path /home/minhn2/uiuc-kidney-failure/generated_data/rep4/four_features_train_data.csv
Test data path /home/minhn2/uiuc-kidney-failure/generated_data/rep4/four_features_test_data.csv
Number of patients: test 562 and train 2247
Number of records: test 5511 and train 21318
Saved model C-index: 0.4517, Current trial C-index: 0.4469
Saved model is better, keeping it
Using GPU: cuda:2 (utilization=39%, free_mem=7186MiB)
Train data path /home/minhn2/uiuc-kidney-failure/generated_data/rep4/four_features_train_data.csv
Test data path /home/minhn2/uiuc-kidney-failure/generated_data/rep4/four_features_test_data.csv
Number of patients: test 562 and train 2247
Number of records: test 5511 and train 21318
Saved model C-index: 0.4517, Current trial C-index: 0.4413
Saved model is better, keeping it
Using GPU: cuda:7 (utilization=0%, free_mem=48327MiB)
Train data path /home/minhn2/uiuc-kidney-failure/generated_data/rep4/four_features_train_data.csv
Test data path /home/minhn2/uiuc-kidney-failure/generated_data/rep4/four_features_test_data.csv
Number of patients: test 562 and train 2247
Number of records: test 5511 and train 21318
Saved model C-index: 0.4517, Current trial C-index: 0.4352
Saved model is better, keeping it
Using GPU: cuda:7 (utilization=0%, free_mem=47973MiB)
Train data path /home/minhn2/uiuc-kidney-failure/generated_data/rep4/four_features_train_data.csv
Test data path /home/minhn2/uiuc-kidney-failure/generated_data/rep4/four_features_test_data.csv
Number of patients: test 562 and train 2247
Number of records: test 5511 and train 21318
Saved model C-index: 0.4517, Current trial C-index: 0.4411
Saved model is better, keeping it
Using GPU: cuda:7 (utilization=0%, free_mem=47973MiB)
Train data path /home/minhn2/uiuc-kidney-failure/generated_data/rep4/four_features_train_data.csv
Test data path /home/minhn2/uiuc-kidney-failure/generated_data/rep4/four_features_test_data.csv
Number of patients: test 562 and train 2247
Number of records: test 5511 and train 21318
Saved model C-index: 0.4517, Current trial C-index: 0.4539
New model is better, saving current model
Using GPU: cuda:7 (utilization=10%, free_mem=47240MiB)
Train data path /home/minhn2/uiuc-kidney-failure/generated_data/rep4/four_features_train_data.csv
Test data path /home/minhn2/uiuc-kidney-failure/generated_data/rep4/four_features_test_data.csv
Number of patients: test 562 and train 2247
Number of records: test 5511 and train 21318
Saved model C-index: 0.4539, Current trial C-index: 0.4612
New model is better, saving current model
Using GPU: cuda:5 (utilization=8%, free_mem=45356MiB)
Train data path /home/minhn2/uiuc-kidney-failure/generated_data/rep4/four_features_train_data.csv
Test data path /home/minhn2/uiuc-kidney-failure/generated_data/rep4/four_features_test_data.csv
Number of patients: test 562 and train 2247
Number of records: test 5511 and train 21318
Saved model C-index: 0.4612, Current trial C-index: 0.4547
Saved model is better, keeping it
Using GPU: cuda:1 (utilization=0%, free_mem=46627MiB)
Train data path /home/minhn2/uiuc-kidney-failure/generated_data/rep4/four_features_train_data.csv
Test data path /home/minhn2/uiuc-kidney-failure/generated_data/rep4/four_features_test_data.csv
Number of patients: test 562 and train 2247
Number of records: test 5511 and train 21318
Saved model C-index: 0.4612, Current trial C-index: 0.4549
Saved model is better, keeping it
Using GPU: cuda:1 (utilization=0%, free_mem=46627MiB)
Train data path /home/minhn2/uiuc-kidney-failure/generated_data/rep4/four_features_train_data.csv
Test data path /home/minhn2/uiuc-kidney-failure/generated_data/rep4/four_features_test_data.csv
Number of patients: test 562 and train 2247
Number of records: test 5511 and train 21318
Saved model C-index: 0.4612, Current trial C-index: 0.4445
Saved model is better, keeping it
Number of finished trials:  10
Best trial:
Best hyperparameters: {'num_nodes': 64, 'num_layers': 3, 'lr': 0.037954604120520014, 'batch_size': 128, 'dropout': 0.4560274102325619}
Loading best model from disk after optimization
Model summary:
MLPVanilla(
  (net): Sequential(
    (0): DenseVanillaBlock(
      (linear): Linear(in_features=4, out_features=64, bias=True)
      (activation): ReLU()
      (batch_norm): BatchNorm1d(64, eps=1e-05, momentum=0.1, affine=True, track_running_stats=True)
      (dropout): Dropout(p=0.4560274102325619, inplace=False)
    )
    (1): DenseVanillaBlock(
      (linear): Linear(in_features=64, out_features=64, bias=True)
      (activation): ReLU()
      (batch_norm): BatchNorm1d(64, eps=1e-05, momentum=0.1, affine=True, track_running_stats=True)
      (dropout): Dropout(p=0.4560274102325619, inplace=False)
    )
    (2): DenseVanillaBlock(
      (linear): Linear(in_features=64, out_features=64, bias=True)
      (activation): ReLU()
      (batch_norm): BatchNorm1d(64, eps=1e-05, momentum=0.1, affine=True, track_running_stats=True)
      (dropout): Dropout(p=0.4560274102325619, inplace=False)
    )
    (3): Linear(in_features=64, out_features=50, bias=False)
  )
)

=== Evaluation Results for four_features ===
Global test C-index: 0.461
Event rate: 467/562 (83.10%)
Mean time-dependent AUC: 0.540
Warning: Could not compute Brier Score: time must be smaller than largest observed time point: 4216.413194444444
Using GPU: cuda:2 (utilization=0%, free_mem=6447MiB)
Train data path /home/minhn2/uiuc-kidney-failure/generated_data/rep4/eight_features_train_data.csv
Test data path /home/minhn2/uiuc-kidney-failure/generated_data/rep4/eight_features_test_data.csv
Number of patients: test 243 and train 970
Number of records: test 1100 and train 4307
Training new model with Optuna optimization
Running Optuna hyperparameter optimization
Using GPU: cuda:2 (utilization=0%, free_mem=6447MiB)
Train data path /home/minhn2/uiuc-kidney-failure/generated_data/rep4/eight_features_train_data.csv
Test data path /home/minhn2/uiuc-kidney-failure/generated_data/rep4/eight_features_test_data.csv
Number of patients: test 243 and train 970
Number of records: test 1100 and train 4307
No existing model, saving current model
Using GPU: cuda:2 (utilization=0%, free_mem=6447MiB)
Train data path /home/minhn2/uiuc-kidney-failure/generated_data/rep4/eight_features_train_data.csv
Test data path /home/minhn2/uiuc-kidney-failure/generated_data/rep4/eight_features_test_data.csv
Number of patients: test 243 and train 970
Number of records: test 1100 and train 4307
Saved model C-index: 0.4765, Current trial C-index: 0.4282
Saved model is better, keeping it
Using GPU: cuda:2 (utilization=0%, free_mem=6447MiB)
Train data path /home/minhn2/uiuc-kidney-failure/generated_data/rep4/eight_features_train_data.csv
Test data path /home/minhn2/uiuc-kidney-failure/generated_data/rep4/eight_features_test_data.csv
Number of patients: test 243 and train 970
Number of records: test 1100 and train 4307
Saved model C-index: 0.4765, Current trial C-index: 0.5088
New model is better, saving current model
Using GPU: cuda:2 (utilization=0%, free_mem=6447MiB)
Train data path /home/minhn2/uiuc-kidney-failure/generated_data/rep4/eight_features_train_data.csv
Test data path /home/minhn2/uiuc-kidney-failure/generated_data/rep4/eight_features_test_data.csv
Number of patients: test 243 and train 970
Number of records: test 1100 and train 4307
Saved model C-index: 0.5088, Current trial C-index: 0.4485
Saved model is better, keeping it
Using GPU: cuda:1 (utilization=7%, free_mem=46274MiB)
Train data path /home/minhn2/uiuc-kidney-failure/generated_data/rep4/eight_features_train_data.csv
Test data path /home/minhn2/uiuc-kidney-failure/generated_data/rep4/eight_features_test_data.csv
Number of patients: test 243 and train 970
Number of records: test 1100 and train 4307
Saved model C-index: 0.5088, Current trial C-index: 0.4850
Saved model is better, keeping it
Using GPU: cuda:2 (utilization=0%, free_mem=6447MiB)
Train data path /home/minhn2/uiuc-kidney-failure/generated_data/rep4/eight_features_train_data.csv
Test data path /home/minhn2/uiuc-kidney-failure/generated_data/rep4/eight_features_test_data.csv
Number of patients: test 243 and train 970
Number of records: test 1100 and train 4307
Saved model C-index: 0.5088, Current trial C-index: 0.4541
Saved model is better, keeping it
Using GPU: cuda:5 (utilization=3%, free_mem=44648MiB)
Train data path /home/minhn2/uiuc-kidney-failure/generated_data/rep4/eight_features_train_data.csv
Test data path /home/minhn2/uiuc-kidney-failure/generated_data/rep4/eight_features_test_data.csv
Number of patients: test 243 and train 970
Number of records: test 1100 and train 4307
Saved model C-index: 0.5088, Current trial C-index: 0.4440
Saved model is better, keeping it
Using GPU: cuda:2 (utilization=0%, free_mem=6447MiB)
Train data path /home/minhn2/uiuc-kidney-failure/generated_data/rep4/eight_features_train_data.csv
Test data path /home/minhn2/uiuc-kidney-failure/generated_data/rep4/eight_features_test_data.csv
Number of patients: test 243 and train 970
Number of records: test 1100 and train 4307
Saved model C-index: 0.5088, Current trial C-index: 0.4600
Saved model is better, keeping it
Using GPU: cuda:2 (utilization=0%, free_mem=6447MiB)
Train data path /home/minhn2/uiuc-kidney-failure/generated_data/rep4/eight_features_train_data.csv
Test data path /home/minhn2/uiuc-kidney-failure/generated_data/rep4/eight_features_test_data.csv
Number of patients: test 243 and train 970
Number of records: test 1100 and train 4307
Saved model C-index: 0.5088, Current trial C-index: 0.4592
Saved model is better, keeping it
Using GPU: cuda:2 (utilization=0%, free_mem=6447MiB)
Train data path /home/minhn2/uiuc-kidney-failure/generated_data/rep4/eight_features_train_data.csv
Test data path /home/minhn2/uiuc-kidney-failure/generated_data/rep4/eight_features_test_data.csv
Number of patients: test 243 and train 970
Number of records: test 1100 and train 4307
Saved model C-index: 0.5088, Current trial C-index: 0.4594
Saved model is better, keeping it
Number of finished trials:  10
Best trial:
Best hyperparameters: {'num_nodes': 16, 'num_layers': 3, 'lr': 0.0014266145970638735, 'batch_size': 256, 'dropout': 0.1500605743319472}
Loading best model from disk after optimization
Model summary:
MLPVanilla(
  (net): Sequential(
    (0): DenseVanillaBlock(
      (linear): Linear(in_features=8, out_features=16, bias=True)
      (activation): ReLU()
      (batch_norm): BatchNorm1d(16, eps=1e-05, momentum=0.1, affine=True, track_running_stats=True)
      (dropout): Dropout(p=0.1500605743319472, inplace=False)
    )
    (1): DenseVanillaBlock(
      (linear): Linear(in_features=16, out_features=16, bias=True)
      (activation): ReLU()
      (batch_norm): BatchNorm1d(16, eps=1e-05, momentum=0.1, affine=True, track_running_stats=True)
      (dropout): Dropout(p=0.1500605743319472, inplace=False)
    )
    (2): DenseVanillaBlock(
      (linear): Linear(in_features=16, out_features=16, bias=True)
      (activation): ReLU()
      (batch_norm): BatchNorm1d(16, eps=1e-05, momentum=0.1, affine=True, track_running_stats=True)
      (dropout): Dropout(p=0.1500605743319472, inplace=False)
    )
    (3): Linear(in_features=16, out_features=50, bias=False)
  )
)

=== Evaluation Results for eight_features ===
Global test C-index: 0.509
Event rate: 212/243 (87.24%)
Mean time-dependent AUC: 0.529
Integrated Brier Score Test: 0.769
Using GPU: cuda:2 (utilization=0%, free_mem=6447MiB)
Train data path /home/minhn2/uiuc-kidney-failure/generated_data/rep4/twenty_features_heterogeneous_train_data.csv
Test data path /home/minhn2/uiuc-kidney-failure/generated_data/rep4/twenty_features_heterogeneous_test_data.csv
Number of patients: test 6521 and train 26080
Number of records: test 1613452 and train 6512638
Training new model with Optuna optimization
Running Optuna hyperparameter optimization
Using GPU: cuda:1 (utilization=3%, free_mem=42870MiB)
Train data path /home/minhn2/uiuc-kidney-failure/generated_data/rep4/twenty_features_heterogeneous_train_data.csv
Test data path /home/minhn2/uiuc-kidney-failure/generated_data/rep4/twenty_features_heterogeneous_test_data.csv
Number of patients: test 6521 and train 26080
Number of records: test 1613452 and train 6512638
No existing model, saving current model
Using GPU: cuda:7 (utilization=0%, free_mem=44993MiB)
Train data path /home/minhn2/uiuc-kidney-failure/generated_data/rep4/twenty_features_heterogeneous_train_data.csv
Test data path /home/minhn2/uiuc-kidney-failure/generated_data/rep4/twenty_features_heterogeneous_test_data.csv
Number of patients: test 6521 and train 26080
Number of records: test 1613452 and train 6512638
Saved model C-index: 0.4791, Current trial C-index: 0.4678
Saved model is better, keeping it
Using GPU: cuda:7 (utilization=0%, free_mem=39811MiB)
Train data path /home/minhn2/uiuc-kidney-failure/generated_data/rep4/twenty_features_heterogeneous_train_data.csv
Test data path /home/minhn2/uiuc-kidney-failure/generated_data/rep4/twenty_features_heterogeneous_test_data.csv
Number of patients: test 6521 and train 26080
Number of records: test 1613452 and train 6512638
Saved model C-index: 0.4791, Current trial C-index: 0.4760
Saved model is better, keeping it
Using GPU: cuda:7 (utilization=0%, free_mem=39809MiB)
Train data path /home/minhn2/uiuc-kidney-failure/generated_data/rep4/twenty_features_heterogeneous_train_data.csv
Test data path /home/minhn2/uiuc-kidney-failure/generated_data/rep4/twenty_features_heterogeneous_test_data.csv
Number of patients: test 6521 and train 26080
Number of records: test 1613452 and train 6512638
Saved model C-index: 0.4791, Current trial C-index: 0.4669
Saved model is better, keeping it
Using GPU: cuda:7 (utilization=0%, free_mem=39809MiB)
Train data path /home/minhn2/uiuc-kidney-failure/generated_data/rep4/twenty_features_heterogeneous_train_data.csv
Test data path /home/minhn2/uiuc-kidney-failure/generated_data/rep4/twenty_features_heterogeneous_test_data.csv
Number of patients: test 6521 and train 26080
Number of records: test 1613452 and train 6512638
Saved model C-index: 0.4791, Current trial C-index: 0.4655
Saved model is better, keeping it
Using GPU: cuda:7 (utilization=0%, free_mem=39809MiB)
Train data path /home/minhn2/uiuc-kidney-failure/generated_data/rep4/twenty_features_heterogeneous_train_data.csv
Test data path /home/minhn2/uiuc-kidney-failure/generated_data/rep4/twenty_features_heterogeneous_test_data.csv
Number of patients: test 6521 and train 26080
Number of records: test 1613452 and train 6512638
Saved model C-index: 0.4791, Current trial C-index: 0.4677
Saved model is better, keeping it
Using GPU: cuda:6 (utilization=0%, free_mem=45149MiB)
Train data path /home/minhn2/uiuc-kidney-failure/generated_data/rep4/twenty_features_heterogeneous_train_data.csv
Test data path /home/minhn2/uiuc-kidney-failure/generated_data/rep4/twenty_features_heterogeneous_test_data.csv
Number of patients: test 6521 and train 26080
Number of records: test 1613452 and train 6512638
Saved model C-index: 0.4791, Current trial C-index: 0.4840
New model is better, saving current model
Using GPU: cuda:1 (utilization=0%, free_mem=39026MiB)
Train data path /home/minhn2/uiuc-kidney-failure/generated_data/rep4/twenty_features_heterogeneous_train_data.csv
Test data path /home/minhn2/uiuc-kidney-failure/generated_data/rep4/twenty_features_heterogeneous_test_data.csv
Number of patients: test 6521 and train 26080
Number of records: test 1613452 and train 6512638
Saved model C-index: 0.4840, Current trial C-index: 0.4735
Saved model is better, keeping it
Using GPU: cuda:1 (utilization=0%, free_mem=39026MiB)
Train data path /home/minhn2/uiuc-kidney-failure/generated_data/rep4/twenty_features_heterogeneous_train_data.csv
Test data path /home/minhn2/uiuc-kidney-failure/generated_data/rep4/twenty_features_heterogeneous_test_data.csv
Number of patients: test 6521 and train 26080
Number of records: test 1613452 and train 6512638
Saved model C-index: 0.4840, Current trial C-index: 0.4660
Saved model is better, keeping it
Using GPU: cuda:1 (utilization=0%, free_mem=39026MiB)
Train data path /home/minhn2/uiuc-kidney-failure/generated_data/rep4/twenty_features_heterogeneous_train_data.csv
Test data path /home/minhn2/uiuc-kidney-failure/generated_data/rep4/twenty_features_heterogeneous_test_data.csv
Number of patients: test 6521 and train 26080
Number of records: test 1613452 and train 6512638
Saved model C-index: 0.4840, Current trial C-index: 0.4661
Saved model is better, keeping it
Number of finished trials:  10
Best trial:
Best hyperparameters: {'num_nodes': 128, 'num_layers': 1, 'lr': 0.00010459652990742355, 'batch_size': 256, 'dropout': 0.19530116620279803}
Loading best model from disk after optimization
Model summary:
MLPVanilla(
  (net): Sequential(
    (0): DenseVanillaBlock(
      (linear): Linear(in_features=40, out_features=128, bias=True)
      (activation): ReLU()
      (batch_norm): BatchNorm1d(128, eps=1e-05, momentum=0.1, affine=True, track_running_stats=True)
      (dropout): Dropout(p=0.19530116620279803, inplace=False)
    )
    (1): Linear(in_features=128, out_features=50, bias=False)
  )
)

=== Evaluation Results for twenty_features_heterogeneous ===
Global test C-index: 0.484
Event rate: 5976/6521 (91.64%)
Mean time-dependent AUC: 0.532
Integrated Brier Score Test: 0.392
✓ logistic_hazard completed successfully
End time: Sat Aug 29 21:49:27 CDT 2026
