Start time: Sat Aug 29 19:21:05 CDT 2026
Relaunch after CUDA-OOM fix to get_device() (pkgs/experiments/utils.py) — see EXPERIMENT_STATUS.md
[I 2026-08-29 19:21:29,925] A new study created in memory with name: no-name-a28aeda4-f1ac-4033-a949-df92620194ec
[I 2026-08-29 19:22:12,268] Trial 0 finished with value: 0.493 and parameters: {'num_layer': 17, 'hidden_dim_0': 42, 'hidden_dim_1': 30, 'hidden_dim_2': 78, 'hidden_dim_3': 74, 'hidden_dim_4': 63, 'hidden_dim_5': 182, 'hidden_dim_6': 215, 'hidden_dim_7': 251, 'hidden_dim_8': 75, 'hidden_dim_9': 94, 'hidden_dim_10': 47, 'hidden_dim_11': 32, 'hidden_dim_12': 141, 'hidden_dim_13': 155, 'hidden_dim_14': 135, 'hidden_dim_15': 168, 'hidden_dim_16': 28, 'learning_rate': 0.00013453189000962718, 'drop_out_rate_0': 0.15120176971137833, 'drop_out_rate_1': 0.4610233834047762, 'drop_out_rate_2': 0.3515132202363359, 'drop_out_rate_3': 0.32254715587376703, 'drop_out_rate_4': 0.3964207195914483, 'drop_out_rate_5': 0.45468560261906044, 'drop_out_rate_6': 0.4587739884415868, 'drop_out_rate_7': 0.41612120421261045, 'drop_out_rate_8': 0.35791253495677056, 'drop_out_rate_9': 0.39937109654461633, 'drop_out_rate_10': 0.42387605203149503, 'drop_out_rate_11': 0.3167977132327062, 'drop_out_rate_12': 0.2955010351321251, 'drop_out_rate_13': 0.1728406934264854, 'drop_out_rate_14': 0.22476034011671514, 'drop_out_rate_15': 0.1944785790699955, 'drop_out_rate_16': 0.2779240111885244}. Best is trial 0 with value: 0.493.
[I 2026-08-29 19:22:18,368] Trial 1 finished with value: 0.502 and parameters: {'num_layer': 14, 'hidden_dim_0': 245, 'hidden_dim_1': 84, 'hidden_dim_2': 63, 'hidden_dim_3': 97, 'hidden_dim_4': 163, 'hidden_dim_5': 185, 'hidden_dim_6': 76, 'hidden_dim_7': 20, 'hidden_dim_8': 104, 'hidden_dim_9': 222, 'hidden_dim_10': 222, 'hidden_dim_11': 52, 'hidden_dim_12': 121, 'hidden_dim_13': 49, 'learning_rate': 5.053951604233883e-05, 'drop_out_rate_0': 0.1497788525853171, 'drop_out_rate_1': 0.2781955883115293, 'drop_out_rate_2': 0.13844505975609633, 'drop_out_rate_3': 0.2472180909193738, 'drop_out_rate_4': 0.21903678153713568, 'drop_out_rate_5': 0.31724840797558623, 'drop_out_rate_6': 0.2617923937606693, 'drop_out_rate_7': 0.3459422903627157, 'drop_out_rate_8': 0.19578155020384755, 'drop_out_rate_9': 0.19327717953036944, 'drop_out_rate_10': 0.3256639706090876, 'drop_out_rate_11': 0.39782190624333846, 'drop_out_rate_12': 0.4036682462031418, 'drop_out_rate_13': 0.3260707531965089}. Best is trial 1 with value: 0.502.
[I 2026-08-29 19:22:24,215] Trial 2 finished with value: 0.5 and parameters: {'num_layer': 13, 'hidden_dim_0': 129, 'hidden_dim_1': 226, 'hidden_dim_2': 174, 'hidden_dim_3': 64, 'hidden_dim_4': 248, 'hidden_dim_5': 48, 'hidden_dim_6': 181, 'hidden_dim_7': 217, 'hidden_dim_8': 150, 'hidden_dim_9': 246, 'hidden_dim_10': 91, 'hidden_dim_11': 34, 'hidden_dim_12': 196, 'learning_rate': 0.009703672787976512, 'drop_out_rate_0': 0.4209269221832336, 'drop_out_rate_1': 0.43541937602189507, 'drop_out_rate_2': 0.2049113743330413, 'drop_out_rate_3': 0.15848551804823383, 'drop_out_rate_4': 0.18605478912376988, 'drop_out_rate_5': 0.34331906258902245, 'drop_out_rate_6': 0.4179193651716534, 'drop_out_rate_7': 0.23158794177258485, 'drop_out_rate_8': 0.1589008920485087, 'drop_out_rate_9': 0.3010887122761724, 'drop_out_rate_10': 0.1694763992654586, 'drop_out_rate_11': 0.3933671618844802, 'drop_out_rate_12': 0.3145041253823156}. Best is trial 1 with value: 0.502.
[I 2026-08-29 19:22:28,313] Trial 3 finished with value: 0.528 and parameters: {'num_layer': 13, 'hidden_dim_0': 165, 'hidden_dim_1': 26, 'hidden_dim_2': 17, 'hidden_dim_3': 217, 'hidden_dim_4': 207, 'hidden_dim_5': 23, 'hidden_dim_6': 65, 'hidden_dim_7': 141, 'hidden_dim_8': 84, 'hidden_dim_9': 135, 'hidden_dim_10': 127, 'hidden_dim_11': 252, 'hidden_dim_12': 216, 'learning_rate': 0.00011626449986228666, 'drop_out_rate_0': 0.12605355828847734, 'drop_out_rate_1': 0.37222807655617307, 'drop_out_rate_2': 0.23553614205229567, 'drop_out_rate_3': 0.29335140764607, 'drop_out_rate_4': 0.20183370367266132, 'drop_out_rate_5': 0.27958061471382556, 'drop_out_rate_6': 0.3030261129831977, 'drop_out_rate_7': 0.4536059403835251, 'drop_out_rate_8': 0.2896624807374717, 'drop_out_rate_9': 0.33100966080601363, 'drop_out_rate_10': 0.15073803921685036, 'drop_out_rate_11': 0.3939841449686796, 'drop_out_rate_12': 0.27353710131577846}. Best is trial 3 with value: 0.528.
[I 2026-08-29 19:22:48,818] Trial 4 finished with value: 0.522 and parameters: {'num_layer': 4, 'hidden_dim_0': 75, 'hidden_dim_1': 26, 'hidden_dim_2': 183, 'hidden_dim_3': 162, 'learning_rate': 0.0033261353487461067, 'drop_out_rate_0': 0.16542115940105007, 'drop_out_rate_1': 0.38308040423508904, 'drop_out_rate_2': 0.26687548113773474, 'drop_out_rate_3': 0.13311184654395883}. Best is trial 3 with value: 0.528.
[I 2026-08-29 19:23:01,164] Trial 5 finished with value: 0.526 and parameters: {'num_layer': 6, 'hidden_dim_0': 93, 'hidden_dim_1': 246, 'hidden_dim_2': 251, 'hidden_dim_3': 48, 'hidden_dim_4': 176, 'hidden_dim_5': 255, 'learning_rate': 0.0004529050405056398, 'drop_out_rate_0': 0.11654856389434448, 'drop_out_rate_1': 0.23083125587623746, 'drop_out_rate_2': 0.49617663996516004, 'drop_out_rate_3': 0.112047394299975, 'drop_out_rate_4': 0.23573693918176009, 'drop_out_rate_5': 0.2726966022115892}. Best is trial 3 with value: 0.528.
[I 2026-08-29 19:23:28,598] Trial 6 finished with value: 0.506 and parameters: {'num_layer': 4, 'hidden_dim_0': 35, 'hidden_dim_1': 180, 'hidden_dim_2': 243, 'hidden_dim_3': 180, 'learning_rate': 0.004819045619426342, 'drop_out_rate_0': 0.356185237372565, 'drop_out_rate_1': 0.2900618241023615, 'drop_out_rate_2': 0.30348064003867453, 'drop_out_rate_3': 0.39947716481233775}. Best is trial 3 with value: 0.528.
[I 2026-08-29 19:23:46,337] Trial 7 finished with value: 0.5 and parameters: {'num_layer': 6, 'hidden_dim_0': 20, 'hidden_dim_1': 196, 'hidden_dim_2': 151, 'hidden_dim_3': 101, 'hidden_dim_4': 39, 'hidden_dim_5': 60, 'learning_rate': 0.0010536915972071013, 'drop_out_rate_0': 0.300185799607563, 'drop_out_rate_1': 0.28413041965638813, 'drop_out_rate_2': 0.19901287620856423, 'drop_out_rate_3': 0.13075152633055287, 'drop_out_rate_4': 0.4462684553311116, 'drop_out_rate_5': 0.2212923541237502}. Best is trial 3 with value: 0.528.
[I 2026-08-29 19:23:50,454] Trial 8 finished with value: 0.507 and parameters: {'num_layer': 11, 'hidden_dim_0': 236, 'hidden_dim_1': 59, 'hidden_dim_2': 86, 'hidden_dim_3': 173, 'hidden_dim_4': 248, 'hidden_dim_5': 196, 'hidden_dim_6': 225, 'hidden_dim_7': 161, 'hidden_dim_8': 74, 'hidden_dim_9': 238, 'hidden_dim_10': 117, 'learning_rate': 2.0471872977668457e-05, 'drop_out_rate_0': 0.4714760415071083, 'drop_out_rate_1': 0.3377606892209778, 'drop_out_rate_2': 0.14857209566379176, 'drop_out_rate_3': 0.34805678561564646, 'drop_out_rate_4': 0.18807278683317624, 'drop_out_rate_5': 0.39808021758497425, 'drop_out_rate_6': 0.2686766781933174, 'drop_out_rate_7': 0.1728785887122768, 'drop_out_rate_8': 0.2346010527858088, 'drop_out_rate_9': 0.1600076743733143, 'drop_out_rate_10': 0.29309655416520863}. Best is trial 3 with value: 0.528.
[I 2026-08-29 19:23:55,846] Trial 9 finished with value: 0.499 and parameters: {'num_layer': 17, 'hidden_dim_0': 92, 'hidden_dim_1': 28, 'hidden_dim_2': 99, 'hidden_dim_3': 219, 'hidden_dim_4': 179, 'hidden_dim_5': 78, 'hidden_dim_6': 30, 'hidden_dim_7': 229, 'hidden_dim_8': 192, 'hidden_dim_9': 101, 'hidden_dim_10': 127, 'hidden_dim_11': 95, 'hidden_dim_12': 217, 'hidden_dim_13': 190, 'hidden_dim_14': 85, 'hidden_dim_15': 193, 'hidden_dim_16': 131, 'learning_rate': 0.0005813656976549105, 'drop_out_rate_0': 0.12446156201054648, 'drop_out_rate_1': 0.47341525836766396, 'drop_out_rate_2': 0.16942584895892865, 'drop_out_rate_3': 0.2710758469304183, 'drop_out_rate_4': 0.34670708613371365, 'drop_out_rate_5': 0.24239472387538205, 'drop_out_rate_6': 0.39488455021361435, 'drop_out_rate_7': 0.19172759675996096, 'drop_out_rate_8': 0.11303215603122552, 'drop_out_rate_9': 0.11851864170876683, 'drop_out_rate_10': 0.16050044979879488, 'drop_out_rate_11': 0.1714004628978253, 'drop_out_rate_12': 0.23752029696722016, 'drop_out_rate_13': 0.3881049130984561, 'drop_out_rate_14': 0.14852494283413598, 'drop_out_rate_15': 0.20044074926245437, 'drop_out_rate_16': 0.3352980951675466}. Best is trial 3 with value: 0.528.
[I 2026-08-29 19:24:36,329] A new study created in memory with name: no-name-6461a46b-6c60-4f5e-80e2-ac89e3615a39
[I 2026-08-29 19:28:37,581] Trial 0 finished with value: 0.502 and parameters: {'num_layer': 12, 'hidden_dim_0': 126, 'hidden_dim_1': 67, 'hidden_dim_2': 72, 'hidden_dim_3': 238, 'hidden_dim_4': 205, 'hidden_dim_5': 149, 'hidden_dim_6': 128, 'hidden_dim_7': 110, 'hidden_dim_8': 153, 'hidden_dim_9': 20, 'hidden_dim_10': 234, 'hidden_dim_11': 239, 'learning_rate': 0.001670851465149799, 'drop_out_rate_0': 0.2496759224668162, 'drop_out_rate_1': 0.32197201757834654, 'drop_out_rate_2': 0.29785112596294955, 'drop_out_rate_3': 0.3770632453007291, 'drop_out_rate_4': 0.4276550839253638, 'drop_out_rate_5': 0.36583570989436887, 'drop_out_rate_6': 0.24717836999158865, 'drop_out_rate_7': 0.4031670511888621, 'drop_out_rate_8': 0.36852780227468385, 'drop_out_rate_9': 0.20482558336407247, 'drop_out_rate_10': 0.18806474540749438, 'drop_out_rate_11': 0.4396294932698709}. Best is trial 0 with value: 0.502.
[I 2026-08-29 19:35:20,705] Trial 1 finished with value: 0.526 and parameters: {'num_layer': 10, 'hidden_dim_0': 38, 'hidden_dim_1': 81, 'hidden_dim_2': 68, 'hidden_dim_3': 166, 'hidden_dim_4': 56, 'hidden_dim_5': 182, 'hidden_dim_6': 159, 'hidden_dim_7': 218, 'hidden_dim_8': 134, 'hidden_dim_9': 39, 'learning_rate': 0.0005550695622895679, 'drop_out_rate_0': 0.20286152270548816, 'drop_out_rate_1': 0.2754700554620136, 'drop_out_rate_2': 0.28555293943571236, 'drop_out_rate_3': 0.46945075985056894, 'drop_out_rate_4': 0.2799595594835791, 'drop_out_rate_5': 0.17570045383552643, 'drop_out_rate_6': 0.4135964735863572, 'drop_out_rate_7': 0.2334583730862478, 'drop_out_rate_8': 0.2731947004291063, 'drop_out_rate_9': 0.21113761787200433}. Best is trial 1 with value: 0.526.
[I 2026-08-29 19:37:15,741] Trial 2 finished with value: 0.517 and parameters: {'num_layer': 15, 'hidden_dim_0': 203, 'hidden_dim_1': 247, 'hidden_dim_2': 74, 'hidden_dim_3': 62, 'hidden_dim_4': 28, 'hidden_dim_5': 146, 'hidden_dim_6': 239, 'hidden_dim_7': 114, 'hidden_dim_8': 34, 'hidden_dim_9': 254, 'hidden_dim_10': 118, 'hidden_dim_11': 171, 'hidden_dim_12': 238, 'hidden_dim_13': 118, 'hidden_dim_14': 40, 'learning_rate': 0.0002933397705431932, 'drop_out_rate_0': 0.1646645713610454, 'drop_out_rate_1': 0.3898743965553907, 'drop_out_rate_2': 0.36776373075325974, 'drop_out_rate_3': 0.18341190648923225, 'drop_out_rate_4': 0.15050914101907995, 'drop_out_rate_5': 0.1693675193326506, 'drop_out_rate_6': 0.147957528850076, 'drop_out_rate_7': 0.3616670672661584, 'drop_out_rate_8': 0.15683874659940633, 'drop_out_rate_9': 0.41913174970057965, 'drop_out_rate_10': 0.3451843553018894, 'drop_out_rate_11': 0.4216484645657199, 'drop_out_rate_12': 0.1562103809120489, 'drop_out_rate_13': 0.4449539324346721, 'drop_out_rate_14': 0.3975935239325866}. Best is trial 1 with value: 0.526.
[I 2026-08-29 19:38:39,502] Trial 3 finished with value: 0.502 and parameters: {'num_layer': 18, 'hidden_dim_0': 239, 'hidden_dim_1': 91, 'hidden_dim_2': 118, 'hidden_dim_3': 136, 'hidden_dim_4': 110, 'hidden_dim_5': 249, 'hidden_dim_6': 17, 'hidden_dim_7': 29, 'hidden_dim_8': 40, 'hidden_dim_9': 53, 'hidden_dim_10': 146, 'hidden_dim_11': 37, 'hidden_dim_12': 187, 'hidden_dim_13': 169, 'hidden_dim_14': 243, 'hidden_dim_15': 196, 'hidden_dim_16': 117, 'hidden_dim_17': 110, 'learning_rate': 1.0028682738189214e-05, 'drop_out_rate_0': 0.11020971456136769, 'drop_out_rate_1': 0.2879358077547241, 'drop_out_rate_2': 0.3168764013833708, 'drop_out_rate_3': 0.11820407806896852, 'drop_out_rate_4': 0.2970600264856206, 'drop_out_rate_5': 0.14867971039834252, 'drop_out_rate_6': 0.31970979894233886, 'drop_out_rate_7': 0.4716147858692892, 'drop_out_rate_8': 0.3940054260276876, 'drop_out_rate_9': 0.34503374578889323, 'drop_out_rate_10': 0.13358519466754065, 'drop_out_rate_11': 0.4836808145220983, 'drop_out_rate_12': 0.2589918937843758, 'drop_out_rate_13': 0.20564633856201442, 'drop_out_rate_14': 0.4782647035983273, 'drop_out_rate_15': 0.2919339353579809, 'drop_out_rate_16': 0.4539687112673426, 'drop_out_rate_17': 0.3206146238012678}. Best is trial 1 with value: 0.526.
[I 2026-08-29 19:41:19,557] Trial 4 finished with value: 0.494 and parameters: {'num_layer': 20, 'hidden_dim_0': 254, 'hidden_dim_1': 144, 'hidden_dim_2': 48, 'hidden_dim_3': 232, 'hidden_dim_4': 58, 'hidden_dim_5': 107, 'hidden_dim_6': 73, 'hidden_dim_7': 220, 'hidden_dim_8': 152, 'hidden_dim_9': 185, 'hidden_dim_10': 153, 'hidden_dim_11': 159, 'hidden_dim_12': 198, 'hidden_dim_13': 196, 'hidden_dim_14': 62, 'hidden_dim_15': 65, 'hidden_dim_16': 103, 'hidden_dim_17': 31, 'hidden_dim_18': 72, 'hidden_dim_19': 241, 'learning_rate': 0.002907067117670276, 'drop_out_rate_0': 0.28194554692648227, 'drop_out_rate_1': 0.26222258939299753, 'drop_out_rate_2': 0.1339186543472931, 'drop_out_rate_3': 0.1295872458393794, 'drop_out_rate_4': 0.17454263677084264, 'drop_out_rate_5': 0.27703933298828687, 'drop_out_rate_6': 0.19950833316213595, 'drop_out_rate_7': 0.13423116945027525, 'drop_out_rate_8': 0.23293210912351686, 'drop_out_rate_9': 0.3469410831720551, 'drop_out_rate_10': 0.3576327104160001, 'drop_out_rate_11': 0.25609715898054597, 'drop_out_rate_12': 0.16444300797207104, 'drop_out_rate_13': 0.27702502472056423, 'drop_out_rate_14': 0.37228915664973783, 'drop_out_rate_15': 0.34451544295459346, 'drop_out_rate_16': 0.4276918111880249, 'drop_out_rate_17': 0.33448364041660883, 'drop_out_rate_18': 0.3283565715532504, 'drop_out_rate_19': 0.10106615244388517}. Best is trial 1 with value: 0.526.
[I 2026-08-29 19:45:49,263] Trial 5 finished with value: 0.525 and parameters: {'num_layer': 6, 'hidden_dim_0': 216, 'hidden_dim_1': 203, 'hidden_dim_2': 54, 'hidden_dim_3': 89, 'hidden_dim_4': 243, 'hidden_dim_5': 137, 'learning_rate': 0.0003149174199892089, 'drop_out_rate_0': 0.31201465915520205, 'drop_out_rate_1': 0.41829393016137517, 'drop_out_rate_2': 0.48943607505536435, 'drop_out_rate_3': 0.13992289136115, 'drop_out_rate_4': 0.3718285501251678, 'drop_out_rate_5': 0.11185333007089598}. Best is trial 1 with value: 0.526.
[I 2026-08-29 19:55:20,517] Trial 6 finished with value: 0.519 and parameters: {'num_layer': 4, 'hidden_dim_0': 229, 'hidden_dim_1': 102, 'hidden_dim_2': 239, 'hidden_dim_3': 213, 'learning_rate': 3.413230475285682e-05, 'drop_out_rate_0': 0.4712237499998203, 'drop_out_rate_1': 0.4167706250760409, 'drop_out_rate_2': 0.4587456520365911, 'drop_out_rate_3': 0.40740916215047396}. Best is trial 1 with value: 0.526.
[I 2026-08-29 19:56:32,662] Trial 7 finished with value: 0.491 and parameters: {'num_layer': 18, 'hidden_dim_0': 181, 'hidden_dim_1': 77, 'hidden_dim_2': 131, 'hidden_dim_3': 102, 'hidden_dim_4': 178, 'hidden_dim_5': 71, 'hidden_dim_6': 162, 'hidden_dim_7': 162, 'hidden_dim_8': 236, 'hidden_dim_9': 116, 'hidden_dim_10': 100, 'hidden_dim_11': 66, 'hidden_dim_12': 42, 'hidden_dim_13': 216, 'hidden_dim_14': 44, 'hidden_dim_15': 103, 'hidden_dim_16': 246, 'hidden_dim_17': 187, 'learning_rate': 5.665112267847942e-05, 'drop_out_rate_0': 0.487296652026066, 'drop_out_rate_1': 0.49585957384372625, 'drop_out_rate_2': 0.4463050386166376, 'drop_out_rate_3': 0.20042376930240016, 'drop_out_rate_4': 0.1865019497026754, 'drop_out_rate_5': 0.2721268363599313, 'drop_out_rate_6': 0.3562914467233963, 'drop_out_rate_7': 0.16532754709253605, 'drop_out_rate_8': 0.25116435960484185, 'drop_out_rate_9': 0.13250814808115963, 'drop_out_rate_10': 0.3034647822879427, 'drop_out_rate_11': 0.4910369442302893, 'drop_out_rate_12': 0.32142127034692125, 'drop_out_rate_13': 0.3497532106429968, 'drop_out_rate_14': 0.38378661510419454, 'drop_out_rate_15': 0.25028746788603384, 'drop_out_rate_16': 0.3252694048755327, 'drop_out_rate_17': 0.47475854374668347}. Best is trial 1 with value: 0.526.
[I 2026-08-29 20:05:14,059] Trial 8 finished with value: 0.525 and parameters: {'num_layer': 2, 'hidden_dim_0': 220, 'hidden_dim_1': 133, 'learning_rate': 0.00011296525279631174, 'drop_out_rate_0': 0.3156628846540029, 'drop_out_rate_1': 0.49128306742415184}. Best is trial 1 with value: 0.526.
