[I 2026-08-29 22:13:29,524] Trial 9 finished with value: 0.4703088203305955 and parameters: {'num_nodes': 32, 'num_layers': 1, 'lr': 0.03893833884588079, 'batch_size': 256, 'dropout': 0.009201490228280207}. Best is trial 1 with value: 0.4771978940143067.
Using GPU: cuda:5 (utilization=0%, free_mem=49068MiB)
Train data path /home/minhn2/uiuc-kidney-failure/generated_data/rep5/four_features_train_data.csv
Test data path /home/minhn2/uiuc-kidney-failure/generated_data/rep5/four_features_test_data.csv
Number of patients: test 562 and train 2247
Number of records: test 5511 and train 21318
Training new model with Optuna optimization
Running Optuna hyperparameter optimization
Using GPU: cuda:6 (utilization=0%, free_mem=49068MiB)
Train data path /home/minhn2/uiuc-kidney-failure/generated_data/rep5/four_features_train_data.csv
Test data path /home/minhn2/uiuc-kidney-failure/generated_data/rep5/four_features_test_data.csv
Number of patients: test 562 and train 2247
Number of records: test 5511 and train 21318
No existing model, saving current model
Using GPU: cuda:7 (utilization=0%, free_mem=47973MiB)
Train data path /home/minhn2/uiuc-kidney-failure/generated_data/rep5/four_features_train_data.csv
Test data path /home/minhn2/uiuc-kidney-failure/generated_data/rep5/four_features_test_data.csv
Number of patients: test 562 and train 2247
Number of records: test 5511 and train 21318
Saved model C-index: 0.5016, Current trial C-index: 0.4407
Saved model is better, keeping it
Using GPU: cuda:1 (utilization=0%, free_mem=46981MiB)
Train data path /home/minhn2/uiuc-kidney-failure/generated_data/rep5/four_features_train_data.csv
Test data path /home/minhn2/uiuc-kidney-failure/generated_data/rep5/four_features_test_data.csv
Number of patients: test 562 and train 2247
Number of records: test 5511 and train 21318
Saved model C-index: 0.5016, Current trial C-index: 0.4691
Saved model is better, keeping it
Using GPU: cuda:6 (utilization=2%, free_mem=45625MiB)
Train data path /home/minhn2/uiuc-kidney-failure/generated_data/rep5/four_features_train_data.csv
Test data path /home/minhn2/uiuc-kidney-failure/generated_data/rep5/four_features_test_data.csv
Number of patients: test 562 and train 2247
Number of records: test 5511 and train 21318
Saved model C-index: 0.5016, Current trial C-index: 0.4426
Saved model is better, keeping it
Using GPU: cuda:4 (utilization=0%, free_mem=6789MiB)
Train data path /home/minhn2/uiuc-kidney-failure/generated_data/rep5/four_features_train_data.csv
Test data path /home/minhn2/uiuc-kidney-failure/generated_data/rep5/four_features_test_data.csv
Number of patients: test 562 and train 2247
Number of records: test 5511 and train 21318
Saved model C-index: 0.5016, Current trial C-index: 0.4528
Saved model is better, keeping it
Using GPU: cuda:6 (utilization=8%, free_mem=45625MiB)
Train data path /home/minhn2/uiuc-kidney-failure/generated_data/rep5/four_features_train_data.csv
Test data path /home/minhn2/uiuc-kidney-failure/generated_data/rep5/four_features_test_data.csv
Number of patients: test 562 and train 2247
Number of records: test 5511 and train 21318
Saved model C-index: 0.5016, Current trial C-index: 0.4572
Saved model is better, keeping it
Using GPU: cuda:4 (utilization=0%, free_mem=6057MiB)
Train data path /home/minhn2/uiuc-kidney-failure/generated_data/rep5/four_features_train_data.csv
Test data path /home/minhn2/uiuc-kidney-failure/generated_data/rep5/four_features_test_data.csv
Number of patients: test 562 and train 2247
Number of records: test 5511 and train 21318
Saved model C-index: 0.5016, Current trial C-index: 0.4534
Saved model is better, keeping it
Using GPU: cuda:4 (utilization=0%, free_mem=6057MiB)
Train data path /home/minhn2/uiuc-kidney-failure/generated_data/rep5/four_features_train_data.csv
Test data path /home/minhn2/uiuc-kidney-failure/generated_data/rep5/four_features_test_data.csv
Number of patients: test 562 and train 2247
Number of records: test 5511 and train 21318
Saved model C-index: 0.5016, Current trial C-index: 0.4502
Saved model is better, keeping it
Using GPU: cuda:4 (utilization=0%, free_mem=6057MiB)
Train data path /home/minhn2/uiuc-kidney-failure/generated_data/rep5/four_features_train_data.csv
Test data path /home/minhn2/uiuc-kidney-failure/generated_data/rep5/four_features_test_data.csv
Number of patients: test 562 and train 2247
Number of records: test 5511 and train 21318
Saved model C-index: 0.5016, Current trial C-index: 0.4941
Saved model is better, keeping it
Using GPU: cuda:5 (utilization=2%, free_mem=44267MiB)
Train data path /home/minhn2/uiuc-kidney-failure/generated_data/rep5/four_features_train_data.csv
Test data path /home/minhn2/uiuc-kidney-failure/generated_data/rep5/four_features_test_data.csv
Number of patients: test 562 and train 2247
Number of records: test 5511 and train 21318
Saved model C-index: 0.5016, Current trial C-index: 0.4379
Saved model is better, keeping it
Number of finished trials:  10
Best trial:
Best hyperparameters: {'num_nodes': 128, 'num_layers': 3, 'lr': 0.027626710808697094, 'batch_size': 32, 'dropout': 0.10450916020076595}
Loading best model from disk after optimization
Model summary:
MLPVanilla(
  (net): Sequential(
    (0): DenseVanillaBlock(
      (linear): Linear(in_features=4, out_features=128, bias=True)
      (activation): ReLU()
      (batch_norm): BatchNorm1d(128, eps=1e-05, momentum=0.1, affine=True, track_running_stats=True)
      (dropout): Dropout(p=0.10450916020076595, inplace=False)
    )
    (1): DenseVanillaBlock(
      (linear): Linear(in_features=128, out_features=128, bias=True)
      (activation): ReLU()
      (batch_norm): BatchNorm1d(128, eps=1e-05, momentum=0.1, affine=True, track_running_stats=True)
      (dropout): Dropout(p=0.10450916020076595, inplace=False)
    )
    (2): DenseVanillaBlock(
      (linear): Linear(in_features=128, out_features=128, bias=True)
      (activation): ReLU()
      (batch_norm): BatchNorm1d(128, eps=1e-05, momentum=0.1, affine=True, track_running_stats=True)
      (dropout): Dropout(p=0.10450916020076595, inplace=False)
    )
    (3): Linear(in_features=128, out_features=50, bias=False)
  )
)

=== Evaluation Results for four_features ===
Global test C-index: 0.502
Event rate: 467/562 (83.10%)
Mean time-dependent AUC: 0.540
Warning: Could not compute Brier Score: time must be smaller than largest observed time point: 4216.413194444444
Using GPU: cuda:3 (utilization=0%, free_mem=1323MiB)
Train data path /home/minhn2/uiuc-kidney-failure/generated_data/rep5/eight_features_train_data.csv
Test data path /home/minhn2/uiuc-kidney-failure/generated_data/rep5/eight_features_test_data.csv
Number of patients: test 243 and train 970
Number of records: test 1100 and train 4307
Training new model with Optuna optimization
Running Optuna hyperparameter optimization
Using GPU: cuda:3 (utilization=0%, free_mem=1323MiB)
Train data path /home/minhn2/uiuc-kidney-failure/generated_data/rep5/eight_features_train_data.csv
Test data path /home/minhn2/uiuc-kidney-failure/generated_data/rep5/eight_features_test_data.csv
Number of patients: test 243 and train 970
Number of records: test 1100 and train 4307
No existing model, saving current model
Using GPU: cuda:1 (utilization=8%, free_mem=42870MiB)
Train data path /home/minhn2/uiuc-kidney-failure/generated_data/rep5/eight_features_train_data.csv
Test data path /home/minhn2/uiuc-kidney-failure/generated_data/rep5/eight_features_test_data.csv
Number of patients: test 243 and train 970
Number of records: test 1100 and train 4307
Saved model C-index: 0.4511, Current trial C-index: 0.4786
New model is better, saving current model
Using GPU: cuda:6 (utilization=2%, free_mem=44607MiB)
Train data path /home/minhn2/uiuc-kidney-failure/generated_data/rep5/eight_features_train_data.csv
Test data path /home/minhn2/uiuc-kidney-failure/generated_data/rep5/eight_features_test_data.csv
Number of patients: test 243 and train 970
Number of records: test 1100 and train 4307
Saved model C-index: 0.4786, Current trial C-index: 0.4652
Saved model is better, keeping it
Using GPU: cuda:1 (utilization=0%, free_mem=42870MiB)
Train data path /home/minhn2/uiuc-kidney-failure/generated_data/rep5/eight_features_train_data.csv
Test data path /home/minhn2/uiuc-kidney-failure/generated_data/rep5/eight_features_test_data.csv
Number of patients: test 243 and train 970
Number of records: test 1100 and train 4307
Saved model C-index: 0.4786, Current trial C-index: 0.4579
Saved model is better, keeping it
Using GPU: cuda:1 (utilization=0%, free_mem=42868MiB)
Train data path /home/minhn2/uiuc-kidney-failure/generated_data/rep5/eight_features_train_data.csv
Test data path /home/minhn2/uiuc-kidney-failure/generated_data/rep5/eight_features_test_data.csv
Number of patients: test 243 and train 970
Number of records: test 1100 and train 4307
Saved model C-index: 0.4786, Current trial C-index: 0.4386
Saved model is better, keeping it
Using GPU: cuda:1 (utilization=0%, free_mem=42868MiB)
Train data path /home/minhn2/uiuc-kidney-failure/generated_data/rep5/eight_features_train_data.csv
Test data path /home/minhn2/uiuc-kidney-failure/generated_data/rep5/eight_features_test_data.csv
Number of patients: test 243 and train 970
Number of records: test 1100 and train 4307
Saved model C-index: 0.4786, Current trial C-index: 0.4576
Saved model is better, keeping it
Using GPU: cuda:1 (utilization=0%, free_mem=42868MiB)
Train data path /home/minhn2/uiuc-kidney-failure/generated_data/rep5/eight_features_train_data.csv
Test data path /home/minhn2/uiuc-kidney-failure/generated_data/rep5/eight_features_test_data.csv
Number of patients: test 243 and train 970
Number of records: test 1100 and train 4307
Saved model C-index: 0.4786, Current trial C-index: 0.4706
Saved model is better, keeping it
Using GPU: cuda:1 (utilization=0%, free_mem=43246MiB)
Train data path /home/minhn2/uiuc-kidney-failure/generated_data/rep5/eight_features_train_data.csv
Test data path /home/minhn2/uiuc-kidney-failure/generated_data/rep5/eight_features_test_data.csv
Number of patients: test 243 and train 970
Number of records: test 1100 and train 4307
Saved model C-index: 0.4786, Current trial C-index: 0.4627
Saved model is better, keeping it
Using GPU: cuda:6 (utilization=7%, free_mem=44607MiB)
Train data path /home/minhn2/uiuc-kidney-failure/generated_data/rep5/eight_features_train_data.csv
Test data path /home/minhn2/uiuc-kidney-failure/generated_data/rep5/eight_features_test_data.csv
Number of patients: test 243 and train 970
Number of records: test 1100 and train 4307
Saved model C-index: 0.4786, Current trial C-index: 0.4418
Saved model is better, keeping it
Using GPU: cuda:1 (utilization=5%, free_mem=43224MiB)
Train data path /home/minhn2/uiuc-kidney-failure/generated_data/rep5/eight_features_train_data.csv
Test data path /home/minhn2/uiuc-kidney-failure/generated_data/rep5/eight_features_test_data.csv
Number of patients: test 243 and train 970
Number of records: test 1100 and train 4307
Saved model C-index: 0.4786, Current trial C-index: 0.4731
Saved model is better, keeping it
Number of finished trials:  10
Best trial:
Best hyperparameters: {'num_nodes': 32, 'num_layers': 3, 'lr': 0.0019563887189942234, 'batch_size': 128, 'dropout': 0.23202363274085253}
Loading best model from disk after optimization
Model summary:
MLPVanilla(
  (net): Sequential(
    (0): DenseVanillaBlock(
      (linear): Linear(in_features=8, out_features=32, bias=True)
      (activation): ReLU()
      (batch_norm): BatchNorm1d(32, eps=1e-05, momentum=0.1, affine=True, track_running_stats=True)
      (dropout): Dropout(p=0.23202363274085253, inplace=False)
    )
    (1): DenseVanillaBlock(
      (linear): Linear(in_features=32, out_features=32, bias=True)
      (activation): ReLU()
      (batch_norm): BatchNorm1d(32, eps=1e-05, momentum=0.1, affine=True, track_running_stats=True)
      (dropout): Dropout(p=0.23202363274085253, inplace=False)
    )
    (2): DenseVanillaBlock(
      (linear): Linear(in_features=32, out_features=32, bias=True)
      (activation): ReLU()
      (batch_norm): BatchNorm1d(32, eps=1e-05, momentum=0.1, affine=True, track_running_stats=True)
      (dropout): Dropout(p=0.23202363274085253, inplace=False)
    )
    (3): Linear(in_features=32, out_features=50, bias=False)
  )
)

=== Evaluation Results for eight_features ===
Global test C-index: 0.479
Event rate: 212/243 (87.24%)
Mean time-dependent AUC: 0.563
Integrated Brier Score Test: 0.592
Using GPU: cuda:4 (utilization=0%, free_mem=1850MiB)
Train data path /home/minhn2/uiuc-kidney-failure/generated_data/rep5/twenty_features_heterogeneous_train_data.csv
Test data path /home/minhn2/uiuc-kidney-failure/generated_data/rep5/twenty_features_heterogeneous_test_data.csv
Number of patients: test 6521 and train 26080
Number of records: test 1613452 and train 6512638
Training new model with Optuna optimization
Running Optuna hyperparameter optimization
Using GPU: cuda:2 (utilization=3%, free_mem=1651MiB)
Train data path /home/minhn2/uiuc-kidney-failure/generated_data/rep5/twenty_features_heterogeneous_train_data.csv
Test data path /home/minhn2/uiuc-kidney-failure/generated_data/rep5/twenty_features_heterogeneous_test_data.csv
Number of patients: test 6521 and train 26080
Number of records: test 1613452 and train 6512638
No existing model, saving current model
Using GPU: cuda:1 (utilization=0%, free_mem=39912MiB)
Train data path /home/minhn2/uiuc-kidney-failure/generated_data/rep5/twenty_features_heterogeneous_train_data.csv
Test data path /home/minhn2/uiuc-kidney-failure/generated_data/rep5/twenty_features_heterogeneous_test_data.csv
Number of patients: test 6521 and train 26080
Number of records: test 1613452 and train 6512638
Saved model C-index: 0.4706, Current trial C-index: 0.4772
New model is better, saving current model
Using GPU: cuda:7 (utilization=0%, free_mem=39833MiB)
Train data path /home/minhn2/uiuc-kidney-failure/generated_data/rep5/twenty_features_heterogeneous_train_data.csv
Test data path /home/minhn2/uiuc-kidney-failure/generated_data/rep5/twenty_features_heterogeneous_test_data.csv
Number of patients: test 6521 and train 26080
Number of records: test 1613452 and train 6512638
Saved model C-index: 0.4772, Current trial C-index: 0.4717
Saved model is better, keeping it
Using GPU: cuda:7 (utilization=0%, free_mem=39809MiB)
Train data path /home/minhn2/uiuc-kidney-failure/generated_data/rep5/twenty_features_heterogeneous_train_data.csv
Test data path /home/minhn2/uiuc-kidney-failure/generated_data/rep5/twenty_features_heterogeneous_test_data.csv
Number of patients: test 6521 and train 26080
Number of records: test 1613452 and train 6512638
Saved model C-index: 0.4772, Current trial C-index: 0.4699
Saved model is better, keeping it
Using GPU: cuda:4 (utilization=0%, free_mem=31022MiB)
Train data path /home/minhn2/uiuc-kidney-failure/generated_data/rep5/twenty_features_heterogeneous_train_data.csv
Test data path /home/minhn2/uiuc-kidney-failure/generated_data/rep5/twenty_features_heterogeneous_test_data.csv
Number of patients: test 6521 and train 26080
Number of records: test 1613452 and train 6512638
Saved model C-index: 0.4772, Current trial C-index: 0.4680
Saved model is better, keeping it
Using GPU: cuda:7 (utilization=0%, free_mem=39809MiB)
Train data path /home/minhn2/uiuc-kidney-failure/generated_data/rep5/twenty_features_heterogeneous_train_data.csv
Test data path /home/minhn2/uiuc-kidney-failure/generated_data/rep5/twenty_features_heterogeneous_test_data.csv
Number of patients: test 6521 and train 26080
Number of records: test 1613452 and train 6512638
Saved model C-index: 0.4772, Current trial C-index: 0.4635
Saved model is better, keeping it
Using GPU: cuda:3 (utilization=0%, free_mem=32034MiB)
Train data path /home/minhn2/uiuc-kidney-failure/generated_data/rep5/twenty_features_heterogeneous_train_data.csv
Test data path /home/minhn2/uiuc-kidney-failure/generated_data/rep5/twenty_features_heterogeneous_test_data.csv
Number of patients: test 6521 and train 26080
Number of records: test 1613452 and train 6512638
Saved model C-index: 0.4772, Current trial C-index: 0.4673
Saved model is better, keeping it
Using GPU: cuda:3 (utilization=0%, free_mem=32014MiB)
Train data path /home/minhn2/uiuc-kidney-failure/generated_data/rep5/twenty_features_heterogeneous_train_data.csv
Test data path /home/minhn2/uiuc-kidney-failure/generated_data/rep5/twenty_features_heterogeneous_test_data.csv
Number of patients: test 6521 and train 26080
Number of records: test 1613452 and train 6512638
Saved model C-index: 0.4772, Current trial C-index: 0.4693
Saved model is better, keeping it
Using GPU: cuda:1 (utilization=0%, free_mem=39401MiB)
Train data path /home/minhn2/uiuc-kidney-failure/generated_data/rep5/twenty_features_heterogeneous_train_data.csv
Test data path /home/minhn2/uiuc-kidney-failure/generated_data/rep5/twenty_features_heterogeneous_test_data.csv
Number of patients: test 6521 and train 26080
Number of records: test 1613452 and train 6512638
Saved model C-index: 0.4772, Current trial C-index: 0.4700
Saved model is better, keeping it
Using GPU: cuda:1 (utilization=0%, free_mem=39401MiB)
Train data path /home/minhn2/uiuc-kidney-failure/generated_data/rep5/twenty_features_heterogeneous_train_data.csv
Test data path /home/minhn2/uiuc-kidney-failure/generated_data/rep5/twenty_features_heterogeneous_test_data.csv
Number of patients: test 6521 and train 26080
Number of records: test 1613452 and train 6512638
Saved model C-index: 0.4772, Current trial C-index: 0.4703
Saved model is better, keeping it
Number of finished trials:  10
Best trial:
Best hyperparameters: {'num_nodes': 64, 'num_layers': 2, 'lr': 0.029777379969012516, 'batch_size': 128, 'dropout': 0.31544936388352335}
Loading best model from disk after optimization
Model summary:
MLPVanilla(
  (net): Sequential(
    (0): DenseVanillaBlock(
      (linear): Linear(in_features=40, out_features=64, bias=True)
      (activation): ReLU()
      (batch_norm): BatchNorm1d(64, eps=1e-05, momentum=0.1, affine=True, track_running_stats=True)
      (dropout): Dropout(p=0.31544936388352335, inplace=False)
    )
    (1): DenseVanillaBlock(
      (linear): Linear(in_features=64, out_features=64, bias=True)
      (activation): ReLU()
      (batch_norm): BatchNorm1d(64, eps=1e-05, momentum=0.1, affine=True, track_running_stats=True)
      (dropout): Dropout(p=0.31544936388352335, inplace=False)
    )
    (2): Linear(in_features=64, out_features=50, bias=False)
  )
)

=== Evaluation Results for twenty_features_heterogeneous ===
Global test C-index: 0.477
Event rate: 5976/6521 (91.64%)
Mean time-dependent AUC: 0.546
Integrated Brier Score Test: 0.411
✓ logistic_hazard completed successfully
End time: Sat Aug 29 22:13:45 CDT 2026
