[I 2026-08-29 21:17:38,438] Trial 9 finished with value: 0.47122135314908964 and parameters: {'num_nodes': 64, 'num_layers': 1, 'lr': 0.03661412755531985, 'batch_size': 32, 'dropout': 0.0531811688704828}. Best is trial 7 with value: 0.4977836938305236.
Skipping CKD_FIFTY_FEATURES_HETEROGENEOUS: no train data at /home/minhn2/uiuc-kidney-failure/generated_data/rep3/ckd_fifty_features_heterogeneous_train_data.csv
Using GPU: cuda:3 (utilization=0%, free_mem=11260MiB)
Train data path /home/minhn2/uiuc-kidney-failure/generated_data/rep3/four_features_train_data.csv
Test data path /home/minhn2/uiuc-kidney-failure/generated_data/rep3/four_features_test_data.csv
Number of patients: test 562 and train 2247
Number of records: test 5511 and train 21318
Training new model with Optuna optimization
Running Optuna hyperparameter optimization
Using GPU: cuda:4 (utilization=0%, free_mem=11260MiB)
Train data path /home/minhn2/uiuc-kidney-failure/generated_data/rep3/four_features_train_data.csv
Test data path /home/minhn2/uiuc-kidney-failure/generated_data/rep3/four_features_test_data.csv
Number of patients: test 562 and train 2247
Number of records: test 5511 and train 21318
No existing model, saving current model
Using GPU: cuda:5 (utilization=0%, free_mem=10788MiB)
Train data path /home/minhn2/uiuc-kidney-failure/generated_data/rep3/four_features_train_data.csv
Test data path /home/minhn2/uiuc-kidney-failure/generated_data/rep3/four_features_test_data.csv
Number of patients: test 562 and train 2247
Number of records: test 5511 and train 21318
Saved model C-index: 0.4639, Current trial C-index: 0.4505
Saved model is better, keeping it
Using GPU: cuda:6 (utilization=0%, free_mem=10794MiB)
Train data path /home/minhn2/uiuc-kidney-failure/generated_data/rep3/four_features_train_data.csv
Test data path /home/minhn2/uiuc-kidney-failure/generated_data/rep3/four_features_test_data.csv
Number of patients: test 562 and train 2247
Number of records: test 5511 and train 21318
Saved model C-index: 0.4639, Current trial C-index: 0.4627
Saved model is better, keeping it
Using GPU: cuda:5 (utilization=0%, free_mem=10568MiB)
Train data path /home/minhn2/uiuc-kidney-failure/generated_data/rep3/four_features_train_data.csv
Test data path /home/minhn2/uiuc-kidney-failure/generated_data/rep3/four_features_test_data.csv
Number of patients: test 562 and train 2247
Number of records: test 5511 and train 21318
Saved model C-index: 0.4639, Current trial C-index: 0.4483
Saved model is better, keeping it
Using GPU: cuda:2 (utilization=0%, free_mem=9400MiB)
Train data path /home/minhn2/uiuc-kidney-failure/generated_data/rep3/four_features_train_data.csv
Test data path /home/minhn2/uiuc-kidney-failure/generated_data/rep3/four_features_test_data.csv
Number of patients: test 562 and train 2247
Number of records: test 5511 and train 21318
Saved model C-index: 0.4639, Current trial C-index: 0.4439
Saved model is better, keeping it
Using GPU: cuda:5 (utilization=0%, free_mem=10568MiB)
Train data path /home/minhn2/uiuc-kidney-failure/generated_data/rep3/four_features_train_data.csv
Test data path /home/minhn2/uiuc-kidney-failure/generated_data/rep3/four_features_test_data.csv
Number of patients: test 562 and train 2247
Number of records: test 5511 and train 21318
Saved model C-index: 0.4639, Current trial C-index: 0.4396
Saved model is better, keeping it
Using GPU: cuda:2 (utilization=0%, free_mem=9180MiB)
Train data path /home/minhn2/uiuc-kidney-failure/generated_data/rep3/four_features_train_data.csv
Test data path /home/minhn2/uiuc-kidney-failure/generated_data/rep3/four_features_test_data.csv
Number of patients: test 562 and train 2247
Number of records: test 5511 and train 21318
Saved model C-index: 0.4639, Current trial C-index: 0.4396
Saved model is better, keeping it
Using GPU: cuda:6 (utilization=0%, free_mem=10328MiB)
Train data path /home/minhn2/uiuc-kidney-failure/generated_data/rep3/four_features_train_data.csv
Test data path /home/minhn2/uiuc-kidney-failure/generated_data/rep3/four_features_test_data.csv
Number of patients: test 562 and train 2247
Number of records: test 5511 and train 21318
Saved model C-index: 0.4639, Current trial C-index: 0.4521
Saved model is better, keeping it
Using GPU: cuda:4 (utilization=0%, free_mem=9998MiB)
Train data path /home/minhn2/uiuc-kidney-failure/generated_data/rep3/four_features_train_data.csv
Test data path /home/minhn2/uiuc-kidney-failure/generated_data/rep3/four_features_test_data.csv
Number of patients: test 562 and train 2247
Number of records: test 5511 and train 21318
Saved model C-index: 0.4639, Current trial C-index: 0.4455
Saved model is better, keeping it
Using GPU: cuda:1 (utilization=0%, free_mem=9360MiB)
Train data path /home/minhn2/uiuc-kidney-failure/generated_data/rep3/four_features_train_data.csv
Test data path /home/minhn2/uiuc-kidney-failure/generated_data/rep3/four_features_test_data.csv
Number of patients: test 562 and train 2247
Number of records: test 5511 and train 21318
Saved model C-index: 0.4639, Current trial C-index: 0.4413
Saved model is better, keeping it
Number of finished trials:  10
Best trial:
Best hyperparameters: {'num_nodes': 32, 'num_layers': 1, 'lr': 0.007026686851311298, 'batch_size': 32, 'dropout': 0.11480728246998434}
Loading best model from disk after optimization
Model summary:
MLPVanilla(
  (net): Sequential(
    (0): DenseVanillaBlock(
      (linear): Linear(in_features=4, out_features=32, bias=True)
      (activation): ReLU()
      (batch_norm): BatchNorm1d(32, eps=1e-05, momentum=0.1, affine=True, track_running_stats=True)
      (dropout): Dropout(p=0.11480728246998434, inplace=False)
    )
    (1): Linear(in_features=32, out_features=50, bias=False)
  )
)

=== Evaluation Results for four_features ===
Global test C-index: 0.464
Event rate: 467/562 (83.10%)
Mean time-dependent AUC: 0.560
Warning: Could not compute Brier Score: time must be smaller than largest observed time point: 4216.413194444444
Using GPU: cuda:1 (utilization=0%, free_mem=9138MiB)
Train data path /home/minhn2/uiuc-kidney-failure/generated_data/rep3/eight_features_train_data.csv
Test data path /home/minhn2/uiuc-kidney-failure/generated_data/rep3/eight_features_test_data.csv
Number of patients: test 243 and train 970
Number of records: test 1100 and train 4307
Training new model with Optuna optimization
Running Optuna hyperparameter optimization
Using GPU: cuda:1 (utilization=0%, free_mem=9138MiB)
Train data path /home/minhn2/uiuc-kidney-failure/generated_data/rep3/eight_features_train_data.csv
Test data path /home/minhn2/uiuc-kidney-failure/generated_data/rep3/eight_features_test_data.csv
Number of patients: test 243 and train 970
Number of records: test 1100 and train 4307
No existing model, saving current model
Using GPU: cuda:6 (utilization=7%, free_mem=10328MiB)
Train data path /home/minhn2/uiuc-kidney-failure/generated_data/rep3/eight_features_train_data.csv
Test data path /home/minhn2/uiuc-kidney-failure/generated_data/rep3/eight_features_test_data.csv
Number of patients: test 243 and train 970
Number of records: test 1100 and train 4307
Saved model C-index: 0.4715, Current trial C-index: 0.4556
Saved model is better, keeping it
Using GPU: cuda:7 (utilization=0%, free_mem=9130MiB)
Train data path /home/minhn2/uiuc-kidney-failure/generated_data/rep3/eight_features_train_data.csv
Test data path /home/minhn2/uiuc-kidney-failure/generated_data/rep3/eight_features_test_data.csv
Number of patients: test 243 and train 970
Number of records: test 1100 and train 4307
Saved model C-index: 0.4715, Current trial C-index: 0.4511
Saved model is better, keeping it
Using GPU: cuda:2 (utilization=0%, free_mem=8548MiB)
Train data path /home/minhn2/uiuc-kidney-failure/generated_data/rep3/eight_features_train_data.csv
Test data path /home/minhn2/uiuc-kidney-failure/generated_data/rep3/eight_features_test_data.csv
Number of patients: test 243 and train 970
Number of records: test 1100 and train 4307
Saved model C-index: 0.4715, Current trial C-index: 0.4877
New model is better, saving current model
Using GPU: cuda:5 (utilization=0%, free_mem=10568MiB)
Train data path /home/minhn2/uiuc-kidney-failure/generated_data/rep3/eight_features_train_data.csv
Test data path /home/minhn2/uiuc-kidney-failure/generated_data/rep3/eight_features_test_data.csv
Number of patients: test 243 and train 970
Number of records: test 1100 and train 4307
Saved model C-index: 0.4877, Current trial C-index: 0.4795
Saved model is better, keeping it
Using GPU: cuda:4 (utilization=0%, free_mem=6864MiB)
Train data path /home/minhn2/uiuc-kidney-failure/generated_data/rep3/eight_features_train_data.csv
Test data path /home/minhn2/uiuc-kidney-failure/generated_data/rep3/eight_features_test_data.csv
Number of patients: test 243 and train 970
Number of records: test 1100 and train 4307
Saved model C-index: 0.4877, Current trial C-index: 0.4385
Saved model is better, keeping it
Using GPU: cuda:6 (utilization=5%, free_mem=10090MiB)
Train data path /home/minhn2/uiuc-kidney-failure/generated_data/rep3/eight_features_train_data.csv
Test data path /home/minhn2/uiuc-kidney-failure/generated_data/rep3/eight_features_test_data.csv
Number of patients: test 243 and train 970
Number of records: test 1100 and train 4307
Saved model C-index: 0.4877, Current trial C-index: 0.5091
New model is better, saving current model
Using GPU: cuda:4 (utilization=0%, free_mem=6856MiB)
Train data path /home/minhn2/uiuc-kidney-failure/generated_data/rep3/eight_features_train_data.csv
Test data path /home/minhn2/uiuc-kidney-failure/generated_data/rep3/eight_features_test_data.csv
Number of patients: test 243 and train 970
Number of records: test 1100 and train 4307
Saved model C-index: 0.5091, Current trial C-index: 0.4665
Saved model is better, keeping it
Using GPU: cuda:5 (utilization=0%, free_mem=10344MiB)
Train data path /home/minhn2/uiuc-kidney-failure/generated_data/rep3/eight_features_train_data.csv
Test data path /home/minhn2/uiuc-kidney-failure/generated_data/rep3/eight_features_test_data.csv
Number of patients: test 243 and train 970
Number of records: test 1100 and train 4307
Saved model C-index: 0.5091, Current trial C-index: 0.4637
Saved model is better, keeping it
Using GPU: cuda:1 (utilization=0%, free_mem=8488MiB)
Train data path /home/minhn2/uiuc-kidney-failure/generated_data/rep3/eight_features_train_data.csv
Test data path /home/minhn2/uiuc-kidney-failure/generated_data/rep3/eight_features_test_data.csv
Number of patients: test 243 and train 970
Number of records: test 1100 and train 4307
Saved model C-index: 0.5091, Current trial C-index: 0.4418
Saved model is better, keeping it
Number of finished trials:  10
Best trial:
Best hyperparameters: {'num_nodes': 16, 'num_layers': 3, 'lr': 0.0001910342264794577, 'batch_size': 64, 'dropout': 0.3150008610269456}
Loading best model from disk after optimization
Model summary:
MLPVanilla(
  (net): Sequential(
    (0): DenseVanillaBlock(
      (linear): Linear(in_features=8, out_features=16, bias=True)
      (activation): ReLU()
      (batch_norm): BatchNorm1d(16, eps=1e-05, momentum=0.1, affine=True, track_running_stats=True)
      (dropout): Dropout(p=0.3150008610269456, inplace=False)
    )
    (1): DenseVanillaBlock(
      (linear): Linear(in_features=16, out_features=16, bias=True)
      (activation): ReLU()
      (batch_norm): BatchNorm1d(16, eps=1e-05, momentum=0.1, affine=True, track_running_stats=True)
      (dropout): Dropout(p=0.3150008610269456, inplace=False)
    )
    (2): DenseVanillaBlock(
      (linear): Linear(in_features=16, out_features=16, bias=True)
      (activation): ReLU()
      (batch_norm): BatchNorm1d(16, eps=1e-05, momentum=0.1, affine=True, track_running_stats=True)
      (dropout): Dropout(p=0.3150008610269456, inplace=False)
    )
    (3): Linear(in_features=16, out_features=50, bias=False)
  )
)

=== Evaluation Results for eight_features ===
Global test C-index: 0.509
Event rate: 212/243 (87.24%)
Mean time-dependent AUC: 0.500
Integrated Brier Score Test: 0.881
Using GPU: cuda:6 (utilization=0%, free_mem=9570MiB)
Train data path /home/minhn2/uiuc-kidney-failure/generated_data/rep3/twenty_features_heterogeneous_train_data.csv
Test data path /home/minhn2/uiuc-kidney-failure/generated_data/rep3/twenty_features_heterogeneous_test_data.csv
Number of patients: test 6521 and train 26080
Number of records: test 1613452 and train 6512638
Training new model with Optuna optimization
Running Optuna hyperparameter optimization
Using GPU: cuda:1 (utilization=0%, free_mem=8254MiB)
Train data path /home/minhn2/uiuc-kidney-failure/generated_data/rep3/twenty_features_heterogeneous_train_data.csv
Test data path /home/minhn2/uiuc-kidney-failure/generated_data/rep3/twenty_features_heterogeneous_test_data.csv
Number of patients: test 6521 and train 26080
Number of records: test 1613452 and train 6512638
No existing model, saving current model
Using GPU: cuda:5 (utilization=0%, free_mem=2290MiB)
Train data path /home/minhn2/uiuc-kidney-failure/generated_data/rep3/twenty_features_heterogeneous_train_data.csv
Test data path /home/minhn2/uiuc-kidney-failure/generated_data/rep3/twenty_features_heterogeneous_test_data.csv
Number of patients: test 6521 and train 26080
Number of records: test 1613452 and train 6512638
Saved model C-index: 0.4604, Current trial C-index: 0.4695
New model is better, saving current model
Using GPU: cuda:5 (utilization=0%, free_mem=4650MiB)
Train data path /home/minhn2/uiuc-kidney-failure/generated_data/rep3/twenty_features_heterogeneous_train_data.csv
Test data path /home/minhn2/uiuc-kidney-failure/generated_data/rep3/twenty_features_heterogeneous_test_data.csv
Number of patients: test 6521 and train 26080
Number of records: test 1613452 and train 6512638
Saved model C-index: 0.4695, Current trial C-index: 0.4729
New model is better, saving current model
Using GPU: cuda:7 (utilization=0%, free_mem=4714MiB)
Train data path /home/minhn2/uiuc-kidney-failure/generated_data/rep3/twenty_features_heterogeneous_train_data.csv
Test data path /home/minhn2/uiuc-kidney-failure/generated_data/rep3/twenty_features_heterogeneous_test_data.csv
Number of patients: test 6521 and train 26080
Number of records: test 1613452 and train 6512638
Saved model C-index: 0.4729, Current trial C-index: 0.4627
Saved model is better, keeping it
Using GPU: cuda:7 (utilization=0%, free_mem=4990MiB)
Train data path /home/minhn2/uiuc-kidney-failure/generated_data/rep3/twenty_features_heterogeneous_train_data.csv
Test data path /home/minhn2/uiuc-kidney-failure/generated_data/rep3/twenty_features_heterogeneous_test_data.csv
Number of patients: test 6521 and train 26080
Number of records: test 1613452 and train 6512638
Saved model C-index: 0.4729, Current trial C-index: 0.4714
Saved model is better, keeping it
Using GPU: cuda:7 (utilization=0%, free_mem=4990MiB)
Train data path /home/minhn2/uiuc-kidney-failure/generated_data/rep3/twenty_features_heterogeneous_train_data.csv
Test data path /home/minhn2/uiuc-kidney-failure/generated_data/rep3/twenty_features_heterogeneous_test_data.csv
Number of patients: test 6521 and train 26080
Number of records: test 1613452 and train 6512638
Saved model C-index: 0.4729, Current trial C-index: 0.4692
Saved model is better, keeping it
Using GPU: cuda:5 (utilization=0%, free_mem=5388MiB)
Train data path /home/minhn2/uiuc-kidney-failure/generated_data/rep3/twenty_features_heterogeneous_train_data.csv
Test data path /home/minhn2/uiuc-kidney-failure/generated_data/rep3/twenty_features_heterogeneous_test_data.csv
Number of patients: test 6521 and train 26080
Number of records: test 1613452 and train 6512638
Saved model C-index: 0.4729, Current trial C-index: 0.4687
Saved model is better, keeping it
Using GPU: cuda:3 (utilization=0%, free_mem=8252MiB)
Train data path /home/minhn2/uiuc-kidney-failure/generated_data/rep3/twenty_features_heterogeneous_train_data.csv
Test data path /home/minhn2/uiuc-kidney-failure/generated_data/rep3/twenty_features_heterogeneous_test_data.csv
Number of patients: test 6521 and train 26080
Number of records: test 1613452 and train 6512638
Saved model C-index: 0.4729, Current trial C-index: 0.4978
New model is better, saving current model
Using GPU: cuda:3 (utilization=0%, free_mem=8222MiB)
Train data path /home/minhn2/uiuc-kidney-failure/generated_data/rep3/twenty_features_heterogeneous_train_data.csv
Test data path /home/minhn2/uiuc-kidney-failure/generated_data/rep3/twenty_features_heterogeneous_test_data.csv
Number of patients: test 6521 and train 26080
Number of records: test 1613452 and train 6512638
Saved model C-index: 0.4978, Current trial C-index: 0.4714
Saved model is better, keeping it
Using GPU: cuda:7 (utilization=0%, free_mem=5232MiB)
Train data path /home/minhn2/uiuc-kidney-failure/generated_data/rep3/twenty_features_heterogeneous_train_data.csv
Test data path /home/minhn2/uiuc-kidney-failure/generated_data/rep3/twenty_features_heterogeneous_test_data.csv
Number of patients: test 6521 and train 26080
Number of records: test 1613452 and train 6512638
Saved model C-index: 0.4978, Current trial C-index: 0.4712
Saved model is better, keeping it
Number of finished trials:  10
Best trial:
Best hyperparameters: {'num_nodes': 32, 'num_layers': 2, 'lr': 0.08774157134024752, 'batch_size': 32, 'dropout': 0.3491918303620018}
Loading best model from disk after optimization
Model summary:
MLPVanilla(
  (net): Sequential(
    (0): DenseVanillaBlock(
      (linear): Linear(in_features=40, out_features=32, bias=True)
      (activation): ReLU()
      (batch_norm): BatchNorm1d(32, eps=1e-05, momentum=0.1, affine=True, track_running_stats=True)
      (dropout): Dropout(p=0.3491918303620018, inplace=False)
    )
    (1): DenseVanillaBlock(
      (linear): Linear(in_features=32, out_features=32, bias=True)
      (activation): ReLU()
      (batch_norm): BatchNorm1d(32, eps=1e-05, momentum=0.1, affine=True, track_running_stats=True)
      (dropout): Dropout(p=0.3491918303620018, inplace=False)
    )
    (2): Linear(in_features=32, out_features=50, bias=False)
  )
)

=== Evaluation Results for twenty_features_heterogeneous ===
Global test C-index: 0.498
Event rate: 5976/6521 (91.64%)
Mean time-dependent AUC: 0.500
Integrated Brier Score Test: 0.673
✓ logistic_hazard completed successfully
End time: Sat Aug 29 21:19:28 CDT 2026
