Start time: Thu Aug 27 20:07:24 CDT 2026
[I 2026-08-27 20:07:31,331] A new study created in memory with name: no-name-759855ce-3345-4d5b-af73-82ae75eecd42
[I 2026-08-27 20:07:52,166] Trial 0 finished with value: 0.44524944269351985 and parameters: {'num_nodes': 128, 'num_layers': 2, 'lr': 0.005398334293705971, 'batch_size': 32, 'dropout': 0.3521051073331987}. Best is trial 0 with value: 0.44524944269351985.
/home/minhn2/uiuc-kidney-failure/pkgs/experiments/logistic_hazard.py:203: FutureWarning: You are using `torch.load` with `weights_only=False` (the current default value), which uses the default pickle module implicitly. It is possible to construct malicious pickle data which will execute arbitrary code during unpickling (See https://github.com/pytorch/pytorch/blob/main/SECURITY.md#untrusted-models for more details). In a future release, the default value for `weights_only` will be flipped to `True`. This limits the functions that could be executed during unpickling. Arbitrary objects will no longer be allowed to be loaded via this mode unless they are explicitly allowlisted by the user via `torch.serialization.add_safe_globals`. We recommend you start setting `weights_only=True` for any use case where you don't have full control of the loaded file. Please open an issue on GitHub for any issues related to this experimental feature.
  saved_net = torch.load(saved_path, map_location=device)
[I 2026-08-27 20:07:58,504] Trial 1 finished with value: 0.4460373587516335 and parameters: {'num_nodes': 32, 'num_layers': 3, 'lr': 0.0006852422394675794, 'batch_size': 128, 'dropout': 0.04380763160517298}. Best is trial 1 with value: 0.4460373587516335.
/home/minhn2/uiuc-kidney-failure/pkgs/experiments/logistic_hazard.py:203: FutureWarning: You are using `torch.load` with `weights_only=False` (the current default value), which uses the default pickle module implicitly. It is possible to construct malicious pickle data which will execute arbitrary code during unpickling (See https://github.com/pytorch/pytorch/blob/main/SECURITY.md#untrusted-models for more details). In a future release, the default value for `weights_only` will be flipped to `True`. This limits the functions that could be executed during unpickling. Arbitrary objects will no longer be allowed to be loaded via this mode unless they are explicitly allowlisted by the user via `torch.serialization.add_safe_globals`. We recommend you start setting `weights_only=True` for any use case where you don't have full control of the loaded file. Please open an issue on GitHub for any issues related to this experimental feature.
  saved_net = torch.load(saved_path, map_location=device)
[I 2026-08-27 20:08:06,264] Trial 2 finished with value: 0.4592705050349758 and parameters: {'num_nodes': 128, 'num_layers': 1, 'lr': 0.0556504423221351, 'batch_size': 64, 'dropout': 0.031069877962681236}. Best is trial 2 with value: 0.4592705050349758.
/home/minhn2/uiuc-kidney-failure/pkgs/experiments/logistic_hazard.py:203: FutureWarning: You are using `torch.load` with `weights_only=False` (the current default value), which uses the default pickle module implicitly. It is possible to construct malicious pickle data which will execute arbitrary code during unpickling (See https://github.com/pytorch/pytorch/blob/main/SECURITY.md#untrusted-models for more details). In a future release, the default value for `weights_only` will be flipped to `True`. This limits the functions that could be executed during unpickling. Arbitrary objects will no longer be allowed to be loaded via this mode unless they are explicitly allowlisted by the user via `torch.serialization.add_safe_globals`. We recommend you start setting `weights_only=True` for any use case where you don't have full control of the loaded file. Please open an issue on GitHub for any issues related to this experimental feature.
  saved_net = torch.load(saved_path, map_location=device)
[I 2026-08-27 20:08:12,294] Trial 3 finished with value: 0.44252440618033667 and parameters: {'num_nodes': 128, 'num_layers': 3, 'lr': 0.00013415463941018646, 'batch_size': 128, 'dropout': 0.28064304387774675}. Best is trial 2 with value: 0.4592705050349758.
/home/minhn2/uiuc-kidney-failure/pkgs/experiments/logistic_hazard.py:203: FutureWarning: You are using `torch.load` with `weights_only=False` (the current default value), which uses the default pickle module implicitly. It is possible to construct malicious pickle data which will execute arbitrary code during unpickling (See https://github.com/pytorch/pytorch/blob/main/SECURITY.md#untrusted-models for more details). In a future release, the default value for `weights_only` will be flipped to `True`. This limits the functions that could be executed during unpickling. Arbitrary objects will no longer be allowed to be loaded via this mode unless they are explicitly allowlisted by the user via `torch.serialization.add_safe_globals`. We recommend you start setting `weights_only=True` for any use case where you don't have full control of the loaded file. Please open an issue on GitHub for any issues related to this experimental feature.
  saved_net = torch.load(saved_path, map_location=device)
[I 2026-08-27 20:08:16,328] Trial 4 finished with value: 0.4516527019755554 and parameters: {'num_nodes': 16, 'num_layers': 1, 'lr': 0.003998519458873359, 'batch_size': 128, 'dropout': 0.28874575027058125}. Best is trial 2 with value: 0.4592705050349758.
/home/minhn2/uiuc-kidney-failure/pkgs/experiments/logistic_hazard.py:203: FutureWarning: You are using `torch.load` with `weights_only=False` (the current default value), which uses the default pickle module implicitly. It is possible to construct malicious pickle data which will execute arbitrary code during unpickling (See https://github.com/pytorch/pytorch/blob/main/SECURITY.md#untrusted-models for more details). In a future release, the default value for `weights_only` will be flipped to `True`. This limits the functions that could be executed during unpickling. Arbitrary objects will no longer be allowed to be loaded via this mode unless they are explicitly allowlisted by the user via `torch.serialization.add_safe_globals`. We recommend you start setting `weights_only=True` for any use case where you don't have full control of the loaded file. Please open an issue on GitHub for any issues related to this experimental feature.
  saved_net = torch.load(saved_path, map_location=device)
[I 2026-08-27 20:08:20,456] Trial 5 finished with value: 0.44094088707817664 and parameters: {'num_nodes': 64, 'num_layers': 1, 'lr': 0.0016152543907375038, 'batch_size': 128, 'dropout': 0.46550732304177955}. Best is trial 2 with value: 0.4592705050349758.
/home/minhn2/uiuc-kidney-failure/pkgs/experiments/logistic_hazard.py:203: FutureWarning: You are using `torch.load` with `weights_only=False` (the current default value), which uses the default pickle module implicitly. It is possible to construct malicious pickle data which will execute arbitrary code during unpickling (See https://github.com/pytorch/pytorch/blob/main/SECURITY.md#untrusted-models for more details). In a future release, the default value for `weights_only` will be flipped to `True`. This limits the functions that could be executed during unpickling. Arbitrary objects will no longer be allowed to be loaded via this mode unless they are explicitly allowlisted by the user via `torch.serialization.add_safe_globals`. We recommend you start setting `weights_only=True` for any use case where you don't have full control of the loaded file. Please open an issue on GitHub for any issues related to this experimental feature.
  saved_net = torch.load(saved_path, map_location=device)
[I 2026-08-27 20:08:24,983] Trial 6 finished with value: 0.43951110769467294 and parameters: {'num_nodes': 32, 'num_layers': 2, 'lr': 0.004750744621319058, 'batch_size': 128, 'dropout': 0.45289837672473426}. Best is trial 2 with value: 0.4592705050349758.
/home/minhn2/uiuc-kidney-failure/pkgs/experiments/logistic_hazard.py:203: FutureWarning: You are using `torch.load` with `weights_only=False` (the current default value), which uses the default pickle module implicitly. It is possible to construct malicious pickle data which will execute arbitrary code during unpickling (See https://github.com/pytorch/pytorch/blob/main/SECURITY.md#untrusted-models for more details). In a future release, the default value for `weights_only` will be flipped to `True`. This limits the functions that could be executed during unpickling. Arbitrary objects will no longer be allowed to be loaded via this mode unless they are explicitly allowlisted by the user via `torch.serialization.add_safe_globals`. We recommend you start setting `weights_only=True` for any use case where you don't have full control of the loaded file. Please open an issue on GitHub for any issues related to this experimental feature.
  saved_net = torch.load(saved_path, map_location=device)
[I 2026-08-27 20:08:27,858] Trial 7 finished with value: 0.47380659543393033 and parameters: {'num_nodes': 16, 'num_layers': 2, 'lr': 0.002553757436487915, 'batch_size': 256, 'dropout': 0.1282152893085754}. Best is trial 7 with value: 0.47380659543393033.
/home/minhn2/uiuc-kidney-failure/pkgs/experiments/logistic_hazard.py:203: FutureWarning: You are using `torch.load` with `weights_only=False` (the current default value), which uses the default pickle module implicitly. It is possible to construct malicious pickle data which will execute arbitrary code during unpickling (See https://github.com/pytorch/pytorch/blob/main/SECURITY.md#untrusted-models for more details). In a future release, the default value for `weights_only` will be flipped to `True`. This limits the functions that could be executed during unpickling. Arbitrary objects will no longer be allowed to be loaded via this mode unless they are explicitly allowlisted by the user via `torch.serialization.add_safe_globals`. We recommend you start setting `weights_only=True` for any use case where you don't have full control of the loaded file. Please open an issue on GitHub for any issues related to this experimental feature.
  saved_net = torch.load(saved_path, map_location=device)
[I 2026-08-27 20:08:30,101] Trial 8 finished with value: 0.4544930432777308 and parameters: {'num_nodes': 64, 'num_layers': 1, 'lr': 0.056045587473493856, 'batch_size': 256, 'dropout': 0.20907503235757202}. Best is trial 7 with value: 0.47380659543393033.
/home/minhn2/uiuc-kidney-failure/pkgs/experiments/logistic_hazard.py:203: FutureWarning: You are using `torch.load` with `weights_only=False` (the current default value), which uses the default pickle module implicitly. It is possible to construct malicious pickle data which will execute arbitrary code during unpickling (See https://github.com/pytorch/pytorch/blob/main/SECURITY.md#untrusted-models for more details). In a future release, the default value for `weights_only` will be flipped to `True`. This limits the functions that could be executed during unpickling. Arbitrary objects will no longer be allowed to be loaded via this mode unless they are explicitly allowlisted by the user via `torch.serialization.add_safe_globals`. We recommend you start setting `weights_only=True` for any use case where you don't have full control of the loaded file. Please open an issue on GitHub for any issues related to this experimental feature.
  saved_net = torch.load(saved_path, map_location=device)
[I 2026-08-27 20:08:55,158] Trial 9 finished with value: 0.4499846260281344 and parameters: {'num_nodes': 64, 'num_layers': 3, 'lr': 0.00019967733484926235, 'batch_size': 32, 'dropout': 0.15560575580958935}. Best is trial 7 with value: 0.47380659543393033.
[I 2026-08-27 20:08:56,350] A new study created in memory with name: no-name-491f3e3f-0c4c-4300-a60d-60eaec0dfbff
[I 2026-08-27 20:09:02,747] Trial 0 finished with value: 0.4530581738155545 and parameters: {'num_nodes': 128, 'num_layers': 2, 'lr': 0.0020911806519419594, 'batch_size': 64, 'dropout': 0.36532351731422896}. Best is trial 0 with value: 0.4530581738155545.
/home/minhn2/uiuc-kidney-failure/pkgs/experiments/logistic_hazard.py:203: FutureWarning: You are using `torch.load` with `weights_only=False` (the current default value), which uses the default pickle module implicitly. It is possible to construct malicious pickle data which will execute arbitrary code during unpickling (See https://github.com/pytorch/pytorch/blob/main/SECURITY.md#untrusted-models for more details). In a future release, the default value for `weights_only` will be flipped to `True`. This limits the functions that could be executed during unpickling. Arbitrary objects will no longer be allowed to be loaded via this mode unless they are explicitly allowlisted by the user via `torch.serialization.add_safe_globals`. We recommend you start setting `weights_only=True` for any use case where you don't have full control of the loaded file. Please open an issue on GitHub for any issues related to this experimental feature.
  saved_net = torch.load(saved_path, map_location=device)
[I 2026-08-27 20:09:05,425] Trial 1 finished with value: 0.4361998089938961 and parameters: {'num_nodes': 32, 'num_layers': 2, 'lr': 0.0007510616367434975, 'batch_size': 128, 'dropout': 0.21123017809877553}. Best is trial 0 with value: 0.4530581738155545.
/home/minhn2/uiuc-kidney-failure/pkgs/experiments/logistic_hazard.py:203: FutureWarning: You are using `torch.load` with `weights_only=False` (the current default value), which uses the default pickle module implicitly. It is possible to construct malicious pickle data which will execute arbitrary code during unpickling (See https://github.com/pytorch/pytorch/blob/main/SECURITY.md#untrusted-models for more details). In a future release, the default value for `weights_only` will be flipped to `True`. This limits the functions that could be executed during unpickling. Arbitrary objects will no longer be allowed to be loaded via this mode unless they are explicitly allowlisted by the user via `torch.serialization.add_safe_globals`. We recommend you start setting `weights_only=True` for any use case where you don't have full control of the loaded file. Please open an issue on GitHub for any issues related to this experimental feature.
  saved_net = torch.load(saved_path, map_location=device)
[I 2026-08-27 20:09:07,994] Trial 2 finished with value: 0.47660175227338786 and parameters: {'num_nodes': 16, 'num_layers': 2, 'lr': 0.026697728261869776, 'batch_size': 128, 'dropout': 0.32005808043926787}. Best is trial 2 with value: 0.47660175227338786.
/home/minhn2/uiuc-kidney-failure/pkgs/experiments/logistic_hazard.py:203: FutureWarning: You are using `torch.load` with `weights_only=False` (the current default value), which uses the default pickle module implicitly. It is possible to construct malicious pickle data which will execute arbitrary code during unpickling (See https://github.com/pytorch/pytorch/blob/main/SECURITY.md#untrusted-models for more details). In a future release, the default value for `weights_only` will be flipped to `True`. This limits the functions that could be executed during unpickling. Arbitrary objects will no longer be allowed to be loaded via this mode unless they are explicitly allowlisted by the user via `torch.serialization.add_safe_globals`. We recommend you start setting `weights_only=True` for any use case where you don't have full control of the loaded file. Please open an issue on GitHub for any issues related to this experimental feature.
  saved_net = torch.load(saved_path, map_location=device)
[I 2026-08-27 20:09:11,094] Trial 3 finished with value: 0.46368807872773327 and parameters: {'num_nodes': 16, 'num_layers': 3, 'lr': 0.0007149599551729375, 'batch_size': 128, 'dropout': 0.09788164182139447}. Best is trial 2 with value: 0.47660175227338786.
/home/minhn2/uiuc-kidney-failure/pkgs/experiments/logistic_hazard.py:203: FutureWarning: You are using `torch.load` with `weights_only=False` (the current default value), which uses the default pickle module implicitly. It is possible to construct malicious pickle data which will execute arbitrary code during unpickling (See https://github.com/pytorch/pytorch/blob/main/SECURITY.md#untrusted-models for more details). In a future release, the default value for `weights_only` will be flipped to `True`. This limits the functions that could be executed during unpickling. Arbitrary objects will no longer be allowed to be loaded via this mode unless they are explicitly allowlisted by the user via `torch.serialization.add_safe_globals`. We recommend you start setting `weights_only=True` for any use case where you don't have full control of the loaded file. Please open an issue on GitHub for any issues related to this experimental feature.
  saved_net = torch.load(saved_path, map_location=device)
[I 2026-08-27 20:09:14,493] Trial 4 finished with value: 0.4584561724037703 and parameters: {'num_nodes': 32, 'num_layers': 3, 'lr': 0.0005632132431874437, 'batch_size': 128, 'dropout': 0.05058835504668635}. Best is trial 2 with value: 0.47660175227338786.
/home/minhn2/uiuc-kidney-failure/pkgs/experiments/logistic_hazard.py:203: FutureWarning: You are using `torch.load` with `weights_only=False` (the current default value), which uses the default pickle module implicitly. It is possible to construct malicious pickle data which will execute arbitrary code during unpickling (See https://github.com/pytorch/pytorch/blob/main/SECURITY.md#untrusted-models for more details). In a future release, the default value for `weights_only` will be flipped to `True`. This limits the functions that could be executed during unpickling. Arbitrary objects will no longer be allowed to be loaded via this mode unless they are explicitly allowlisted by the user via `torch.serialization.add_safe_globals`. We recommend you start setting `weights_only=True` for any use case where you don't have full control of the loaded file. Please open an issue on GitHub for any issues related to this experimental feature.
  saved_net = torch.load(saved_path, map_location=device)
[I 2026-08-27 20:09:16,639] Trial 5 finished with value: 0.461113648631815 and parameters: {'num_nodes': 128, 'num_layers': 2, 'lr': 0.024261516933251792, 'batch_size': 256, 'dropout': 0.2647146933752164}. Best is trial 2 with value: 0.47660175227338786.
/home/minhn2/uiuc-kidney-failure/pkgs/experiments/logistic_hazard.py:203: FutureWarning: You are using `torch.load` with `weights_only=False` (the current default value), which uses the default pickle module implicitly. It is possible to construct malicious pickle data which will execute arbitrary code during unpickling (See https://github.com/pytorch/pytorch/blob/main/SECURITY.md#untrusted-models for more details). In a future release, the default value for `weights_only` will be flipped to `True`. This limits the functions that could be executed during unpickling. Arbitrary objects will no longer be allowed to be loaded via this mode unless they are explicitly allowlisted by the user via `torch.serialization.add_safe_globals`. We recommend you start setting `weights_only=True` for any use case where you don't have full control of the loaded file. Please open an issue on GitHub for any issues related to this experimental feature.
  saved_net = torch.load(saved_path, map_location=device)
[I 2026-08-27 20:09:24,561] Trial 6 finished with value: 0.45235228169248015 and parameters: {'num_nodes': 128, 'num_layers': 1, 'lr': 0.00016661167976311732, 'batch_size': 32, 'dropout': 0.01610347132637935}. Best is trial 2 with value: 0.47660175227338786.
/home/minhn2/uiuc-kidney-failure/pkgs/experiments/logistic_hazard.py:203: FutureWarning: You are using `torch.load` with `weights_only=False` (the current default value), which uses the default pickle module implicitly. It is possible to construct malicious pickle data which will execute arbitrary code during unpickling (See https://github.com/pytorch/pytorch/blob/main/SECURITY.md#untrusted-models for more details). In a future release, the default value for `weights_only` will be flipped to `True`. This limits the functions that could be executed during unpickling. Arbitrary objects will no longer be allowed to be loaded via this mode unless they are explicitly allowlisted by the user via `torch.serialization.add_safe_globals`. We recommend you start setting `weights_only=True` for any use case where you don't have full control of the loaded file. Please open an issue on GitHub for any issues related to this experimental feature.
  saved_net = torch.load(saved_path, map_location=device)
[I 2026-08-27 20:09:27,418] Trial 7 finished with value: 0.4672590624091683 and parameters: {'num_nodes': 64, 'num_layers': 1, 'lr': 0.00499440482527122, 'batch_size': 128, 'dropout': 0.32235394628960035}. Best is trial 2 with value: 0.47660175227338786.
/home/minhn2/uiuc-kidney-failure/pkgs/experiments/logistic_hazard.py:203: FutureWarning: You are using `torch.load` with `weights_only=False` (the current default value), which uses the default pickle module implicitly. It is possible to construct malicious pickle data which will execute arbitrary code during unpickling (See https://github.com/pytorch/pytorch/blob/main/SECURITY.md#untrusted-models for more details). In a future release, the default value for `weights_only` will be flipped to `True`. This limits the functions that could be executed during unpickling. Arbitrary objects will no longer be allowed to be loaded via this mode unless they are explicitly allowlisted by the user via `torch.serialization.add_safe_globals`. We recommend you start setting `weights_only=True` for any use case where you don't have full control of the loaded file. Please open an issue on GitHub for any issues related to this experimental feature.
  saved_net = torch.load(saved_path, map_location=device)
