[I 2026-08-29 19:43:01,605] Trial 9 finished with value: 0.505 and parameters: {'num_layer': 19, 'hidden_dim_0': 30, 'hidden_dim_1': 217, 'hidden_dim_2': 113, 'hidden_dim_3': 235, 'hidden_dim_4': 177, 'hidden_dim_5': 81, 'hidden_dim_6': 130, 'hidden_dim_7': 218, 'hidden_dim_8': 202, 'hidden_dim_9': 164, 'hidden_dim_10': 224, 'hidden_dim_11': 172, 'hidden_dim_12': 108, 'hidden_dim_13': 250, 'hidden_dim_14': 90, 'hidden_dim_15': 37, 'hidden_dim_16': 85, 'hidden_dim_17': 177, 'hidden_dim_18': 194, 'learning_rate': 6.11957629219351e-05, 'drop_out_rate_0': 0.4242688720400972, 'drop_out_rate_1': 0.2893948514187524, 'drop_out_rate_2': 0.4321819524943342, 'drop_out_rate_3': 0.28364891934298564, 'drop_out_rate_4': 0.4523603173003683, 'drop_out_rate_5': 0.4538565286777595, 'drop_out_rate_6': 0.39354240125699613, 'drop_out_rate_7': 0.4887213602291183, 'drop_out_rate_8': 0.14916918200483598, 'drop_out_rate_9': 0.10629183024249178, 'drop_out_rate_10': 0.13759483561240393, 'drop_out_rate_11': 0.32610079811322246, 'drop_out_rate_12': 0.18304631162581142, 'drop_out_rate_13': 0.24221700614784486, 'drop_out_rate_14': 0.39114510458909046, 'drop_out_rate_15': 0.44039004538938764, 'drop_out_rate_16': 0.25349005861623586, 'drop_out_rate_17': 0.2999880710023326, 'drop_out_rate_18': 0.27165426074519117}. Best is trial 7 with value: 0.525.
Using GPU: cuda:1 (utilization=0%, free_mem=49068MiB)
Train data path /home/minhn2/uiuc-kidney-failure/generated_data/rep4/egfr_ti_train_data.csv
Test data path /home/minhn2/uiuc-kidney-failure/generated_data/rep4/egfr_ti_test_data.csv
Number of patients: test 6841 and train 27361
Number of records: test 6841 and train 27361
Loading from saved weights
C-Index on Test Data: 0.478
Integrated Brier Score Test: 0.503
Risk scores shape: (6841,)
First 10 risk scores: [-0.08067738 -0.03713027 -0.05639748 -0.06016484 -0.06627478 -0.0456984
 -0.02293766 -0.0586024  -0.04940961 -0.02524431]
y_train shape: (27361,)
y_test shape: (6841,)
Mean AUC: 0.465

Running FOUR_FEATURES DeepSurv model evaluation...
Using GPU: cuda:6 (utilization=0%, free_mem=49068MiB)
Train data path /home/minhn2/uiuc-kidney-failure/generated_data/rep4/four_features_train_data.csv
Test data path /home/minhn2/uiuc-kidney-failure/generated_data/rep4/four_features_test_data.csv
Number of patients: test 562 and train 2247
Number of records: test 5511 and train 21318
get_last_observation_data(ExperimentScenario.FOUR_FEATURES): train 21318 rows/2247 subjects -> 2247 rows; test 5511 rows/562 subjects -> 562 rows
Running Optuna hyperparameter optimization
Using GPU: cuda:7 (utilization=0%, free_mem=49068MiB)
Epoch 1/50
Average Loss: 968.0697224934896
Epoch 2/50
Average Loss: 967.3136867947048
Epoch 3/50
Average Loss: 967.7989569769966
Patience Counter: 1
Epoch 4/50
Average Loss: 967.3407524956597
Patience Counter: 2
Epoch 5/50
Average Loss: 967.1369154188368
Epoch 6/50
Average Loss: 967.5634155273438
Patience Counter: 1
Epoch 7/50
Average Loss: 967.104234483507
Epoch 8/50
Average Loss: 967.857652452257
Patience Counter: 1
Epoch 9/50
Average Loss: 967.2865736219618
Patience Counter: 2
Epoch 10/50
Average Loss: 967.1773478190104
Patience Counter: 3
Epoch 11/50
Average Loss: 967.0251803927952
Epoch 12/50
Average Loss: 967.312269422743
Patience Counter: 1
Epoch 13/50
Average Loss: 967.5067409939236
Patience Counter: 2
Epoch 14/50
Average Loss: 967.1210394965278
Patience Counter: 3
Epoch 15/50
Average Loss: 967.2908596462673
Patience Counter: 4
Epoch 16/50
Average Loss: 967.336656358507
Patience Counter: 5
Early stopping triggered
C-Index Data: 0.52
No existing model found, saving current model with C-index: 0.5200
Using GPU: cuda:4 (utilization=0%, free_mem=7166MiB)
Epoch 1/50
Average Loss: 2721.237643771701
Epoch 2/50
Average Loss: 2427.8079291449653
Epoch 3/50
Average Loss: 2549.0444064670137
Patience Counter: 1
Epoch 4/50
Average Loss: 2209.726331922743
Epoch 5/50
Average Loss: 2296.580335828993
Patience Counter: 1
Epoch 6/50
Average Loss: 1961.4215359157986
Epoch 7/50
Average Loss: 1938.2120632595486
Epoch 8/50
Average Loss: 2173.445014105903
Patience Counter: 1
Epoch 9/50
Average Loss: 2201.661173502604
Patience Counter: 2
Epoch 10/50
Average Loss: 2234.865492078993
Patience Counter: 3
Epoch 11/50
Average Loss: 1779.6510552300347
Epoch 12/50
Average Loss: 2507.741794162326
Patience Counter: 1
Epoch 13/50
Average Loss: 1832.6381293402778
Patience Counter: 2
Epoch 14/50
Average Loss: 1883.9527316623264
Patience Counter: 3
Epoch 15/50
Average Loss: 1768.4404975043403
Epoch 16/50
Average Loss: 1709.693576388889
Epoch 17/50
Average Loss: 2019.4505343967014
Patience Counter: 1
Epoch 18/50
Average Loss: 1722.7046576605903
Patience Counter: 2
Epoch 19/50
Average Loss: 1841.9524603949653
Patience Counter: 3
Epoch 20/50
Average Loss: 1732.4712049696182
Patience Counter: 4
Epoch 21/50
Average Loss: 1606.9924723307292
Epoch 22/50
Average Loss: 1586.1040445963542
Epoch 23/50
Average Loss: 1586.1796196831597
Patience Counter: 1
Epoch 24/50
Average Loss: 1727.5064290364583
Patience Counter: 2
Epoch 25/50
Average Loss: 1610.6769205729167
Patience Counter: 3
Epoch 26/50
Average Loss: 1617.5742323133682
Patience Counter: 4
Epoch 27/50
Average Loss: 1618.9100748697917
Patience Counter: 5
Early stopping triggered
C-Index Data: 0.493
C-Index Data: 0.52
Current trial C-index: 0.4930, Previously saved model C-index: 0.5200
Using GPU: cuda:3 (utilization=0%, free_mem=3323MiB)
Epoch 1/50
Average Loss: 35907.81401909722
Epoch 2/50
Average Loss: 27931.298828125
Epoch 3/50
Average Loss: 24113.02951388889
Epoch 4/50
Average Loss: 21139.03786892361
Epoch 5/50
Average Loss: 19503.969075520832
Epoch 6/50
Average Loss: 19451.10720486111
Epoch 7/50
Average Loss: 13703.089301215277
Epoch 8/50
Average Loss: 11097.886501736111
Epoch 9/50
Average Loss: 8213.085611979166
Epoch 10/50
Average Loss: 6607.1708984375
Epoch 11/50
Average Loss: 4958.506944444444
Epoch 12/50
Average Loss: 5080.486219618056
Patience Counter: 1
Epoch 13/50
Average Loss: 3324.1372341579863
Epoch 14/50
Average Loss: 2519.614786783854
Epoch 15/50
Average Loss: 2537.8328721788193
Patience Counter: 1
Epoch 16/50
Average Loss: 2221.353081597222
Epoch 17/50
Average Loss: 2126.1268310546875
Epoch 18/50
Average Loss: 1670.4565972222222
Epoch 19/50
Average Loss: 1435.7906697591145
Epoch 20/50
Average Loss: 1405.8275960286458
Epoch 21/50
Average Loss: 2344.5833875868057
Patience Counter: 1
Epoch 22/50
Average Loss: 1454.1875
Patience Counter: 2
Epoch 23/50
Average Loss: 1559.1836886935764
Patience Counter: 3
Epoch 24/50
Average Loss: 1379.3333943684895
Epoch 25/50
Average Loss: 1289.445753309462
Epoch 26/50
Average Loss: 1221.5290934244792
Epoch 27/50
Average Loss: 1253.0548706054688
Patience Counter: 1
Epoch 28/50
Average Loss: 1119.8874172634548
Epoch 29/50
Average Loss: 1138.4843139648438
Patience Counter: 1
Epoch 30/50
Average Loss: 1142.3998345269097
Patience Counter: 2
Epoch 31/50
Average Loss: 1084.3619588216145
Epoch 32/50
Average Loss: 1093.922370062934
Patience Counter: 1
Epoch 33/50
Average Loss: 1086.9060194227432
Patience Counter: 2
Epoch 34/50
Average Loss: 1104.888943142361
Patience Counter: 3
Epoch 35/50
Average Loss: 1057.1912367078994
Epoch 36/50
Average Loss: 1027.6755777994792
Epoch 37/50
Average Loss: 1010.1604207356771
Epoch 38/50
Average Loss: 1001.6067911783854
Epoch 39/50
Average Loss: 1037.2422281901042
Patience Counter: 1
Epoch 40/50
Average Loss: 1020.2418416341146
Patience Counter: 2
Epoch 41/50
Average Loss: 1006.5453355577257
Patience Counter: 3
Epoch 42/50
Average Loss: 1008.7240193684896
Patience Counter: 4
Epoch 43/50
Average Loss: 984.7677205403646
Epoch 44/50
Average Loss: 986.6070488823784
Patience Counter: 1
Epoch 45/50
Average Loss: 995.4202609592014
Patience Counter: 2
Epoch 46/50
Average Loss: 985.434339735243
Patience Counter: 3
Epoch 47/50
Average Loss: 982.4860161675347
Epoch 48/50
Average Loss: 988.2401801215278
Patience Counter: 1
Epoch 49/50
Average Loss: 983.2858479817709
Patience Counter: 2
Epoch 50/50
Average Loss: 992.5879584418403
Patience Counter: 3
C-Index Data: 0.537
C-Index Data: 0.52
Current trial C-index: 0.5370, Previously saved model C-index: 0.5200
Current model performs better, saving it...
Using GPU: cuda:5 (utilization=3%, free_mem=44648MiB)
Epoch 1/50
Average Loss: 968.0144856770834
Epoch 2/50
Average Loss: 967.2777438693577
Epoch 3/50
Average Loss: 966.9664984809028
Epoch 4/50
Average Loss: 968.0030856662327
Patience Counter: 1
Epoch 5/50
Average Loss: 967.0522121853298
Patience Counter: 2
Epoch 6/50
Average Loss: 967.4968668619791
Patience Counter: 3
Epoch 7/50
Average Loss: 966.9995185004341
Patience Counter: 4
Epoch 8/50
Average Loss: 967.0124104817709
Patience Counter: 5
Early stopping triggered
C-Index Data: 0.51
C-Index Data: 0.537
Current trial C-index: 0.5100, Previously saved model C-index: 0.5370
Using GPU: cuda:4 (utilization=9%, free_mem=6057MiB)
Epoch 1/50
Average Loss: 967.710679796007
Epoch 2/50
Average Loss: 967.2811482747396
Epoch 3/50
Average Loss: 967.4819539388021
Patience Counter: 1
Epoch 4/50
Average Loss: 967.3453776041666
Patience Counter: 2
Epoch 5/50
Average Loss: 966.7518988715278
Epoch 6/50
Average Loss: 967.2601453993055
Patience Counter: 1
Epoch 7/50
Average Loss: 968.0868665907118
Patience Counter: 2
Epoch 8/50
Average Loss: 967.3895806206597
Patience Counter: 3
Epoch 9/50
Average Loss: 967.1741807725695
Patience Counter: 4
Epoch 10/50
Average Loss: 966.4845852322048
Epoch 11/50
Average Loss: 967.4206068250868
Patience Counter: 1
Epoch 12/50
Average Loss: 968.081312391493
Patience Counter: 2
Epoch 13/50
Average Loss: 967.5133531358507
Patience Counter: 3
Epoch 14/50
Average Loss: 966.8018324110243
Patience Counter: 4
Epoch 15/50
Average Loss: 967.5386623806423
Patience Counter: 5
Early stopping triggered
C-Index Data: 0.52
C-Index Data: 0.537
Current trial C-index: 0.5200, Previously saved model C-index: 0.5370
Using GPU: cuda:4 (utilization=0%, free_mem=6055MiB)
Epoch 1/50
Average Loss: 987.539076063368
Epoch 2/50
Average Loss: 967.811292860243
Epoch 3/50
Average Loss: 967.2168850368923
Epoch 4/50
Average Loss: 967.6658799913195
Patience Counter: 1
Epoch 5/50
Average Loss: 967.5634494357639
Patience Counter: 2
Epoch 6/50
Average Loss: 966.3860812717014
Epoch 7/50
Average Loss: 967.4389241536459
Patience Counter: 1
Epoch 8/50
Average Loss: 967.5228135850695
Patience Counter: 2
Epoch 9/50
Average Loss: 967.2377319335938
Patience Counter: 3
Epoch 10/50
Average Loss: 967.1713189019097
Patience Counter: 4
Epoch 11/50
Average Loss: 967.4029676649305
Patience Counter: 5
Early stopping triggered
C-Index Data: 0.521
C-Index Data: 0.537
Current trial C-index: 0.5210, Previously saved model C-index: 0.5370
Using GPU: cuda:5 (utilization=2%, free_mem=43913MiB)
Epoch 1/50
Average Loss: 1004.5743069118923
Epoch 2/50
Average Loss: 972.5154690212673
Epoch 3/50
Average Loss: 970.1074964735243
Epoch 4/50
Average Loss: 985.8154093424479
Patience Counter: 1
Epoch 5/50
Average Loss: 969.8392537434896
Epoch 6/50
Average Loss: 969.0014173719618
Epoch 7/50
Average Loss: 968.1679958767361
Epoch 8/50
Average Loss: 967.9769151475695
Epoch 9/50
Average Loss: 967.7025824652778
Epoch 10/50
Average Loss: 969.9362182617188
Patience Counter: 1
Epoch 11/50
Average Loss: 967.5104437934028
Epoch 12/50
Average Loss: 968.4517415364584
Patience Counter: 1
Epoch 13/50
Average Loss: 968.7613525390625
Patience Counter: 2
Epoch 14/50
Average Loss: 967.4590521918403
Epoch 15/50
Average Loss: 967.8986884223091
Patience Counter: 1
Epoch 16/50
Average Loss: 967.3210923936632
Epoch 17/50
Average Loss: 966.7489352756077
Epoch 18/50
Average Loss: 968.0620049370659
Patience Counter: 1
Epoch 19/50
Average Loss: 967.7910088433159
Patience Counter: 2
Epoch 20/50
Average Loss: 967.9569295247396
Patience Counter: 3
Epoch 21/50
Average Loss: 967.4552341037327
Patience Counter: 4
Epoch 22/50
Average Loss: 967.7643296983507
Patience Counter: 5
Early stopping triggered
C-Index Data: 0.536
C-Index Data: 0.537
Current trial C-index: 0.5360, Previously saved model C-index: 0.5370
Using GPU: cuda:3 (utilization=0%, free_mem=966MiB)
Epoch 1/50
Average Loss: 967.2141587999132
Epoch 2/50
Average Loss: 967.5775824652778
Patience Counter: 1
Epoch 3/50
Average Loss: 967.2601589626736
Patience Counter: 2
Epoch 4/50
Average Loss: 966.9065619574653
Epoch 5/50
Average Loss: 967.4899834526909
Patience Counter: 1
Epoch 6/50
Average Loss: 967.2202894422743
Patience Counter: 2
Epoch 7/50
Average Loss: 967.1676839192709
Patience Counter: 3
Epoch 8/50
Average Loss: 966.9972941080729
Patience Counter: 4
Epoch 9/50
Average Loss: 966.8877834743923
Epoch 10/50
Average Loss: 966.8318549262153
Epoch 11/50
Average Loss: 967.6734483506945
Patience Counter: 1
Epoch 12/50
Average Loss: 967.3531968858507
Patience Counter: 2
Epoch 13/50
Average Loss: 967.0399644639757
Patience Counter: 3
Epoch 14/50
Average Loss: 967.4725138346354
Patience Counter: 4
Epoch 15/50
Average Loss: 966.9003024631077
Patience Counter: 5
Early stopping triggered
C-Index Data: 0.5
C-Index Data: 0.537
Current trial C-index: 0.5000, Previously saved model C-index: 0.5370
Using GPU: cuda:4 (utilization=0%, free_mem=1850MiB)
Epoch 1/50
Average Loss: 48728.319227430555
Epoch 2/50
Average Loss: 15095.907877604166
Epoch 3/50
Average Loss: 17074.020182291668
Patience Counter: 1
Epoch 4/50
Average Loss: 9091.710150824652
Epoch 5/50
Average Loss: 3322.352498372396
Epoch 6/50
Average Loss: 1666.3449571397568
Epoch 7/50
Average Loss: 1399.8804660373264
Epoch 8/50
Average Loss: 1284.2488945855034
Epoch 9/50
Average Loss: 1081.566677517361
Epoch 10/50
Average Loss: 1009.5727132161459
Epoch 11/50
Average Loss: 987.1815931532118
Epoch 12/50
Average Loss: 988.5191107855903
Patience Counter: 1
Epoch 13/50
Average Loss: 982.0420193142361
Epoch 14/50
Average Loss: 971.6649983723959
Epoch 15/50
Average Loss: 970.6727701822916
Epoch 16/50
Average Loss: 972.2005547417534
Patience Counter: 1
Epoch 17/50
Average Loss: 969.4820760091146
Epoch 18/50
Average Loss: 967.5425075954861
Epoch 19/50
Average Loss: 969.8399929470486
Patience Counter: 1
Epoch 20/50
Average Loss: 970.1564331054688
Patience Counter: 2
Epoch 21/50
Average Loss: 968.5187038845486
Patience Counter: 3
Epoch 22/50
Average Loss: 971.8042195638021
Patience Counter: 4
Epoch 23/50
Average Loss: 968.6845160590278
Patience Counter: 5
Early stopping triggered
C-Index Data: 0.529
C-Index Data: 0.537
Current trial C-index: 0.5290, Previously saved model C-index: 0.5370
Using GPU: cuda:1 (utilization=4%, free_mem=43212MiB)
Epoch 1/50
Average Loss: 967.5073852539062
Epoch 2/50
Average Loss: 966.4740668402778
Epoch 3/50
Average Loss: 966.4487711588541
Epoch 4/50
Average Loss: 967.4312337239584
Patience Counter: 1
Epoch 5/50
Average Loss: 968.0557590060764
Patience Counter: 2
Epoch 6/50
Average Loss: 967.7414482964409
Patience Counter: 3
Epoch 7/50
Average Loss: 966.8555569118923
Patience Counter: 4
Epoch 8/50
Average Loss: 966.9832221137153
Patience Counter: 5
Early stopping triggered
C-Index Data: 0.514
C-Index Data: 0.537
Current trial C-index: 0.5140, Previously saved model C-index: 0.5370
Number of finished trials:  10
Best trial:
Best hyperparameters: {'num_layer': 2, 'hidden_dim_0': 47, 'hidden_dim_1': 225, 'learning_rate': 0.005156107790408806, 'drop_out_rate_0': 0.2198071355719475, 'drop_out_rate_1': 0.4635453936434021}
C-Index on Test Data: 0.553
Warning: Could not compute Brier Score: time must be smaller than largest observed time point: 4216.413194444444
Mean AUC: 0.561

Running EIGHT_FEATURES DeepSurv model evaluation...
Using GPU: cuda:3 (utilization=0%, free_mem=962MiB)
Train data path /home/minhn2/uiuc-kidney-failure/generated_data/rep4/eight_features_train_data.csv
Test data path /home/minhn2/uiuc-kidney-failure/generated_data/rep4/eight_features_test_data.csv
Number of patients: test 243 and train 970
Number of records: test 1100 and train 4307
get_last_observation_data(ExperimentScenario.EIGHT_FEATURES): train 4307 rows/970 subjects -> 970 rows; test 1100 rows/243 subjects -> 243 rows
Running Optuna hyperparameter optimization
Using GPU: cuda:3 (utilization=0%, free_mem=962MiB)
Epoch 1/50
Average Loss: 936.7742462158203
Epoch 2/50
Average Loss: 937.695068359375
Patience Counter: 1
Epoch 3/50
Average Loss: 938.3646850585938
Patience Counter: 2
Epoch 4/50
Average Loss: 936.0343475341797
Epoch 5/50
Average Loss: 937.5390777587891
Patience Counter: 1
Epoch 6/50
Average Loss: 937.8860168457031
Patience Counter: 2
Epoch 7/50
Average Loss: 937.3688812255859
Patience Counter: 3
Epoch 8/50
Average Loss: 936.1387176513672
Patience Counter: 4
Epoch 9/50
Average Loss: 936.767822265625
Patience Counter: 5
Early stopping triggered
C-Index Data: 0.494
No existing model found, saving current model with C-index: 0.4940
Using GPU: cuda:5 (utilization=3%, free_mem=44279MiB)
Epoch 1/50
Average Loss: 938.7543792724609
Epoch 2/50
Average Loss: 952.5299377441406
Patience Counter: 1
Epoch 3/50
Average Loss: 937.1700439453125
Epoch 4/50
Average Loss: 936.6795196533203
Epoch 5/50
Average Loss: 936.3684997558594
Epoch 6/50
Average Loss: 937.0755462646484
Patience Counter: 1
Epoch 7/50
Average Loss: 937.3490905761719
Patience Counter: 2
Epoch 8/50
Average Loss: 936.5662231445312
Patience Counter: 3
Epoch 9/50
Average Loss: 937.4903869628906
Patience Counter: 4
Epoch 10/50
Average Loss: 937.6221160888672
Patience Counter: 5
Early stopping triggered
C-Index Data: 0.492
C-Index Data: 0.494
Current trial C-index: 0.4920, Previously saved model C-index: 0.4940
Using GPU: cuda:4 (utilization=0%, free_mem=33362MiB)
Epoch 1/50
Average Loss: 1426.8038635253906
Epoch 2/50
Average Loss: 1328.7574157714844
Epoch 3/50
Average Loss: 1561.7732238769531
Patience Counter: 1
Epoch 4/50
Average Loss: 1488.8626098632812
Patience Counter: 2
Epoch 5/50
Average Loss: 1445.0728302001953
Patience Counter: 3
Epoch 6/50
Average Loss: 1142.6753540039062
Epoch 7/50
Average Loss: 1139.9168395996094
Epoch 8/50
Average Loss: 1823.9701232910156
Patience Counter: 1
Epoch 9/50
Average Loss: 1443.1136169433594
Patience Counter: 2
Epoch 10/50
Average Loss: 1164.0713500976562
Patience Counter: 3
Epoch 11/50
Average Loss: 1374.3622131347656
Patience Counter: 4
Epoch 12/50
Average Loss: 1634.046142578125
Patience Counter: 5
Early stopping triggered
C-Index Data: 0.497
C-Index Data: 0.494
Current trial C-index: 0.4970, Previously saved model C-index: 0.4940
Current model performs better, saving it...
Using GPU: cuda:2 (utilization=0%, free_mem=1651MiB)
Epoch 1/50
Average Loss: 11643.516479492188
Epoch 2/50
Average Loss: 10916.27197265625
Epoch 3/50
Average Loss: 12605.381103515625
Patience Counter: 1
Epoch 4/50
Average Loss: 7244.629638671875
Epoch 5/50
Average Loss: 7942.016845703125
Patience Counter: 1
Epoch 6/50
Average Loss: 11257.6015625
Patience Counter: 2
Epoch 7/50
Average Loss: 11807.727783203125
Patience Counter: 3
Epoch 8/50
Average Loss: 9723.065185546875
Patience Counter: 4
Epoch 9/50
Average Loss: 11318.883666992188
Patience Counter: 5
Early stopping triggered
C-Index Data: 0.496
C-Index Data: 0.497
Current trial C-index: 0.4960, Previously saved model C-index: 0.4970
Using GPU: cuda:6 (utilization=9%, free_mem=44262MiB)
Epoch 1/50
Average Loss: 8618.450256347656
Epoch 2/50
Average Loss: 8292.699951171875
Epoch 3/50
Average Loss: 8479.892272949219
Patience Counter: 1
Epoch 4/50
Average Loss: 18553.400024414062
Patience Counter: 2
Epoch 5/50
Average Loss: 8751.032348632812
Patience Counter: 3
Epoch 6/50
Average Loss: 8238.742431640625
Epoch 7/50
Average Loss: 6373.207946777344
Epoch 8/50
Average Loss: 9848.51171875
Patience Counter: 1
Epoch 9/50
Average Loss: 9477.277587890625
Patience Counter: 2
Epoch 10/50
Average Loss: 7913.50048828125
Patience Counter: 3
Epoch 11/50
Average Loss: 7849.9495849609375
Patience Counter: 4
Epoch 12/50
Average Loss: 9951.222717285156
Patience Counter: 5
Early stopping triggered
C-Index Data: 0.509
C-Index Data: 0.497
Current trial C-index: 0.5090, Previously saved model C-index: 0.4970
Current model performs better, saving it...
Using GPU: cuda:2 (utilization=0%, free_mem=1292MiB)
Epoch 1/50
Average Loss: 936.2097625732422
Epoch 2/50
Average Loss: 980.7760620117188
Patience Counter: 1
Epoch 3/50
Average Loss: 936.8127593994141
Patience Counter: 2
Epoch 4/50
Average Loss: 936.8322906494141
Patience Counter: 3
Epoch 5/50
Average Loss: 937.4316864013672
Patience Counter: 4
Epoch 6/50
Average Loss: 938.1001281738281
Patience Counter: 5
Early stopping triggered
C-Index Data: 0.489
C-Index Data: 0.509
Current trial C-index: 0.4890, Previously saved model C-index: 0.5090
Using GPU: cuda:2 (utilization=0%, free_mem=2835MiB)
Epoch 1/50
Average Loss: 32902.882080078125
Epoch 2/50
Average Loss: 44823.1513671875
Patience Counter: 1
Epoch 3/50
Average Loss: 22031.939697265625
Epoch 4/50
Average Loss: 18128.26708984375
Epoch 5/50
Average Loss: 15884.73583984375
Epoch 6/50
Average Loss: 15098.31982421875
Epoch 7/50
Average Loss: 15023.37744140625
Epoch 8/50
Average Loss: 13283.685791015625
Epoch 9/50
Average Loss: 16290.424072265625
Patience Counter: 1
Epoch 10/50
Average Loss: 16036.38330078125
Patience Counter: 2
Epoch 11/50
Average Loss: 16231.884765625
Patience Counter: 3
Epoch 12/50
Average Loss: 21058.55615234375
Patience Counter: 4
Epoch 13/50
Average Loss: 13407.453857421875
Patience Counter: 5
Early stopping triggered
C-Index Data: 0.489
C-Index Data: 0.509
Current trial C-index: 0.4890, Previously saved model C-index: 0.5090
Using GPU: cuda:4 (utilization=0%, free_mem=33358MiB)
Epoch 1/50
Average Loss: 937.5219879150391
Epoch 2/50
Average Loss: 938.6523895263672
Patience Counter: 1
Epoch 3/50
Average Loss: 937.2347564697266
Epoch 4/50
Average Loss: 937.6490783691406
Patience Counter: 1
Epoch 5/50
Average Loss: 937.662841796875
Patience Counter: 2
Epoch 6/50
Average Loss: 936.9887237548828
Epoch 7/50
Average Loss: 936.2758331298828
Epoch 8/50
Average Loss: 936.2676544189453
Epoch 9/50
Average Loss: 936.7003326416016
Patience Counter: 1
Epoch 10/50
Average Loss: 937.7764739990234
Patienc