[I 2026-08-28 21:28:16,365] Trial 9 finished with value: 0.493 and parameters: {'num_layer': 1, 'hidden_dim_0': 30, 'learning_rate': 4.783056686143088e-05, 'drop_out_rate_0': 0.25357241071687336}. Best is trial 7 with value: 0.525.
Using GPU: cuda:1 (utilization=0%, free_mem=11260MiB)
Train data path /home/minhn2/uiuc-kidney-failure/generated_data/rep1/four_features_train_data.csv
Test data path /home/minhn2/uiuc-kidney-failure/generated_data/rep1/four_features_test_data.csv
Number of patients: test 562 and train 2247
Number of records: test 5511 and train 21318
get_last_observation_data(ExperimentScenario.FOUR_FEATURES): train 21318 rows/2247 subjects -> 2247 rows; test 5511 rows/562 subjects -> 562 rows
Running Optuna hyperparameter optimization
Using GPU: cuda:1 (utilization=0%, free_mem=11260MiB)
Epoch 1/50
Average Loss: 12314.429361979166
Epoch 2/50
Average Loss: 7186.507188585069
Epoch 3/50
Average Loss: 2047.307834201389
Epoch 4/50
Average Loss: 1131.6838785807292
Epoch 5/50
Average Loss: 986.538330078125
Epoch 6/50
Average Loss: 979.1549411349827
Epoch 7/50
Average Loss: 966.7540351019966
Epoch 8/50
Average Loss: 967.8366156684028
Patience Counter: 1
Epoch 9/50
Average Loss: 967.6519368489584
Patience Counter: 2
Epoch 10/50
Average Loss: 966.7911037868923
Patience Counter: 3
Epoch 11/50
Average Loss: 967.6178249782986
Patience Counter: 4
Epoch 12/50
Average Loss: 967.300523546007
Patience Counter: 5
Early stopping triggered
C-Index Data: 0.503
No existing model found, saving current model with C-index: 0.5030
Using GPU: cuda:4 (utilization=0%, free_mem=11260MiB)
Epoch 1/50
Average Loss: 973.1352878146702
Epoch 2/50
Average Loss: 972.7023654513889
Epoch 3/50
Average Loss: 969.0527886284722
Epoch 4/50
Average Loss: 969.9594455295139
Patience Counter: 1
Epoch 5/50
Average Loss: 975.6378309461805
Patience Counter: 2
Epoch 6/50
Average Loss: 968.7756144205729
Epoch 7/50
Average Loss: 970.5187513563368
Patience Counter: 1
Epoch 8/50
Average Loss: 970.7156711154514
Patience Counter: 2
Epoch 9/50
Average Loss: 968.8387993706597
Patience Counter: 3
Epoch 10/50
Average Loss: 968.3372938368055
Epoch 11/50
Average Loss: 967.6360134548611
Epoch 12/50
Average Loss: 967.6036648220486
Epoch 13/50
Average Loss: 969.0342949761284
Patience Counter: 1
Epoch 14/50
Average Loss: 968.1403266059028
Patience Counter: 2
Epoch 15/50
Average Loss: 966.4721611870659
Epoch 16/50
Average Loss: 968.519517686632
Patience Counter: 1
Epoch 17/50
Average Loss: 966.6507975260416
Patience Counter: 2
Epoch 18/50
Average Loss: 967.756591796875
Patience Counter: 3
Epoch 19/50
Average Loss: 967.3901638454861
Patience Counter: 4
Epoch 20/50
Average Loss: 967.3921712239584
Patience Counter: 5
Early stopping triggered
C-Index Data: 0.496
C-Index Data: 0.503
Current trial C-index: 0.4960, Previously saved model C-index: 0.5030
Using GPU: cuda:7 (utilization=0%, free_mem=11260MiB)
Epoch 1/50
Average Loss: 967.1131930881077
Epoch 2/50
Average Loss: 967.2746242947048
Patience Counter: 1
Epoch 3/50
Average Loss: 967.1137017144097
Patience Counter: 2
Epoch 4/50
Average Loss: 967.4803466796875
Patience Counter: 3
Epoch 5/50
Average Loss: 967.2838609483507
Patience Counter: 4
Epoch 6/50
Average Loss: 967.5747138129341
Patience Counter: 5
Early stopping triggered
C-Index Data: 0.499
C-Index Data: 0.503
Current trial C-index: 0.4990, Previously saved model C-index: 0.5030
Using GPU: cuda:6 (utilization=0%, free_mem=11040MiB)
Epoch 1/50
Average Loss: 967.7281697591146
Epoch 2/50
Average Loss: 967.4183485243055
Epoch 3/50
Average Loss: 967.4964260525173
Patience Counter: 1
Epoch 4/50
Average Loss: 968.0359632703993
Patience Counter: 2
Epoch 5/50
Average Loss: 967.3623725043403
Epoch 6/50
Average Loss: 967.109117296007
Epoch 7/50
Average Loss: 967.1822713216146
Patience Counter: 1
Epoch 8/50
Average Loss: 967.6949598524305
Patience Counter: 2
Epoch 9/50
Average Loss: 967.0336981879341
Epoch 10/50
Average Loss: 967.1744859483507
Patience Counter: 1
Epoch 11/50
Average Loss: 967.3699205186632
Patience Counter: 2
Epoch 12/50
Average Loss: 966.6026814778646
Epoch 13/50
Average Loss: 967.6314765082466
Patience Counter: 1
Epoch 14/50
Average Loss: 966.8553670247396
Patience Counter: 2
Epoch 15/50
Average Loss: 967.1790974934896
Patience Counter: 3
Epoch 16/50
Average Loss: 967.2652520073784
Patience Counter: 4
Epoch 17/50
Average Loss: 967.5734320746528
Patience Counter: 5
Early stopping triggered
C-Index Data: 0.494
C-Index Data: 0.503
Current trial C-index: 0.4940, Previously saved model C-index: 0.5030
Using GPU: cuda:2 (utilization=0%, free_mem=11038MiB)
Epoch 1/50
Average Loss: 980.631117078993
Epoch 2/50
Average Loss: 968.7039184570312
Epoch 3/50
Average Loss: 967.2298719618055
Epoch 4/50
Average Loss: 968.1570773654514
Patience Counter: 1
Epoch 5/50
Average Loss: 967.8022800021702
Patience Counter: 2
Epoch 6/50
Average Loss: 967.4548407660591
Patience Counter: 3
Epoch 7/50
Average Loss: 967.5580986870659
Patience Counter: 4
Epoch 8/50
Average Loss: 966.8641832139757
Epoch 9/50
Average Loss: 967.9021267361111
Patience Counter: 1
Epoch 10/50
Average Loss: 967.6842447916666
Patience Counter: 2
Epoch 11/50
Average Loss: 967.6566229926216
Patience Counter: 3
Epoch 12/50
Average Loss: 967.5903523763021
Patience Counter: 4
Epoch 13/50
Average Loss: 967.6340603298611
Patience Counter: 5
Early stopping triggered
C-Index Data: 0.5
C-Index Data: 0.503
Current trial C-index: 0.5000, Previously saved model C-index: 0.5030
Using GPU: cuda:3 (utilization=0%, free_mem=11038MiB)
Epoch 1/50
Average Loss: 32278.66384548611
Epoch 2/50
Average Loss: 21207.72927517361
Epoch 3/50
Average Loss: 18141.423285590277
Epoch 4/50
Average Loss: 13030.619574652777
Epoch 5/50
Average Loss: 7365.280544704861
Epoch 6/50
Average Loss: 7894.565321180556
Patience Counter: 1
Epoch 7/50
Average Loss: 8012.753526475694
Patience Counter: 2
Epoch 8/50
Average Loss: 6555.090304904514
Epoch 9/50
Average Loss: 6415.213161892361
Epoch 10/50
Average Loss: 7351.294704861111
Patience Counter: 1
Epoch 11/50
Average Loss: 8241.703233506945
Patience Counter: 2
Epoch 12/50
Average Loss: 6836.470757378473
Patience Counter: 3
Epoch 13/50
Average Loss: 6540.88818359375
Patience Counter: 4
Epoch 14/50
Average Loss: 6201.086588541667
Epoch 15/50
Average Loss: 5964.935411241319
Epoch 16/50
Average Loss: 6195.183159722223
Patience Counter: 1
Epoch 17/50
Average Loss: 7576.245008680556
Patience Counter: 2
Epoch 18/50
Average Loss: 5848.989691840277
Epoch 19/50
Average Loss: 7450.461859809027
Patience Counter: 1
Epoch 20/50
Average Loss: 6672.729926215277
Patience Counter: 2
Epoch 21/50
Average Loss: 5655.39697265625
Epoch 22/50
Average Loss: 5255.215847439236
Epoch 23/50
Average Loss: 5460.852186414931
Patience Counter: 1
Epoch 24/50
Average Loss: 4939.762288411458
Epoch 25/50
Average Loss: 4792.595052083333
Epoch 26/50
Average Loss: 4897.049343532986
Patience Counter: 1
Epoch 27/50
Average Loss: 5089.045654296875
Patience Counter: 2
Epoch 28/50
Average Loss: 4546.802001953125
Epoch 29/50
Average Loss: 5213.418050130208
Patience Counter: 1
Epoch 30/50
Average Loss: 4585.79638671875
Patience Counter: 2
Epoch 31/50
Average Loss: 4064.0757107204863
Epoch 32/50
Average Loss: 5009.428059895833
Patience Counter: 1
Epoch 33/50
Average Loss: 4533.143473307292
Patience Counter: 2
Epoch 34/50
Average Loss: 4806.523193359375
Patience Counter: 3
Epoch 35/50
Average Loss: 5651.836100260417
Patience Counter: 4
Epoch 36/50
Average Loss: 4220.447591145833
Patience Counter: 5
Early stopping triggered
C-Index Data: 0.488
C-Index Data: 0.503
Current trial C-index: 0.4880, Previously saved model C-index: 0.5030
Using GPU: cuda:4 (utilization=0%, free_mem=10794MiB)
Epoch 1/50
Average Loss: 967.0398152669271
Epoch 2/50
Average Loss: 967.486558702257
Patience Counter: 1
Epoch 3/50
Average Loss: 966.7843627929688
Epoch 4/50
Average Loss: 967.4737887912327
Patience Counter: 1
Epoch 5/50
Average Loss: 967.463623046875
Patience Counter: 2
Epoch 6/50
Average Loss: 967.0462782118055
Patience Counter: 3
Epoch 7/50
Average Loss: 967.0258178710938
Patience Counter: 4
Epoch 8/50
Average Loss: 967.4026421440972
Patience Counter: 5
Early stopping triggered
C-Index Data: 0.512
C-Index Data: 0.503
Current trial C-index: 0.5120, Previously saved model C-index: 0.5030
Current model performs better, saving it...
Using GPU: cuda:7 (utilization=0%, free_mem=9870MiB)
Epoch 1/50
Average Loss: 969.5351291232639
Epoch 2/50
Average Loss: 970.9302232530382
Patience Counter: 1
Epoch 3/50
Average Loss: 969.8949517144097
Patience Counter: 2
Epoch 4/50
Average Loss: 967.9139472113716
Epoch 5/50
Average Loss: 968.1287977430555
Patience Counter: 1
Epoch 6/50
Average Loss: 967.7415703667534
Epoch 7/50
Average Loss: 968.1370103624132
Patience Counter: 1
Epoch 8/50
Average Loss: 972.3886311848959
Patience Counter: 2
Epoch 9/50
Average Loss: 967.1945258246528
Epoch 10/50
Average Loss: 967.6628621419271
Patience Counter: 1
Epoch 11/50
Average Loss: 968.0891587999132
Patience Counter: 2
Epoch 12/50
Average Loss: 967.1157565646702
Epoch 13/50
Average Loss: 967.1617974175347
Patience Counter: 1
Epoch 14/50
Average Loss: 968.3866577148438
Patience Counter: 2
Epoch 15/50
Average Loss: 967.6880628797743
Patience Counter: 3
Epoch 16/50
Average Loss: 968.2047661675347
Patience Counter: 4
Epoch 17/50
Average Loss: 967.1874254014757
Patience Counter: 5
Early stopping triggered
C-Index Data: 0.532
C-Index Data: 0.512
Current trial C-index: 0.5320, Previously saved model C-index: 0.5120
Current model performs better, saving it...
Using GPU: cuda:2 (utilization=0%, free_mem=8494MiB)
Epoch 1/50
Average Loss: 971.8450927734375
Epoch 2/50
Average Loss: 967.3771565755209
Epoch 3/50
Average Loss: 968.5383978949653
Patience Counter: 1
Epoch 4/50
Average Loss: 967.7968004014757
Patience Counter: 2
Epoch 5/50
Average Loss: 966.9171346028646
Epoch 6/50
Average Loss: 968.4989149305555
Patience Counter: 1
Epoch 7/50
Average Loss: 967.2768283420139
Patience Counter: 2
Epoch 8/50
Average Loss: 968.0539076063368
Patience Counter: 3
Epoch 9/50
Average Loss: 967.1802775065104
Patience Counter: 4
Epoch 10/50
Average Loss: 967.3517388237847
Patience Counter: 5
Early stopping triggered
C-Index Data: 0.511
C-Index Data: 0.532
Current trial C-index: 0.5110, Previously saved model C-index: 0.5320
Using GPU: cuda:5 (utilization=0%, free_mem=10088MiB)
Epoch 1/50
Average Loss: 967.1121554904514
Epoch 2/50
Average Loss: 967.5067003038195
Patience Counter: 1
Epoch 3/50
Average Loss: 966.7384168836805
Epoch 4/50
Average Loss: 966.8625895182291
Patience Counter: 1
Epoch 5/50
Average Loss: 967.3460625542534
Patience Counter: 2
Epoch 6/50
Average Loss: 967.6069810655382
Patience Counter: 3
Epoch 7/50
Average Loss: 967.1290147569445
Patience Counter: 4
Epoch 8/50
Average Loss: 967.3712293836805
Patience Counter: 5
Early stopping triggered
C-Index Data: 0.515
C-Index Data: 0.532
Current trial C-index: 0.5150, Previously saved model C-index: 0.5320
Number of finished trials:  10
Best trial:
Best hyperparameters: {'num_layer': 11, 'hidden_dim_0': 206, 'hidden_dim_1': 154, 'hidden_dim_2': 77, 'hidden_dim_3': 187, 'hidden_dim_4': 41, 'hidden_dim_5': 165, 'hidden_dim_6': 186, 'hidden_dim_7': 59, 'hidden_dim_8': 100, 'hidden_dim_9': 173, 'hidden_dim_10': 73, 'learning_rate': 8.964244562722232e-05, 'drop_out_rate_0': 0.1901171654850586, 'drop_out_rate_1': 0.4212974147614854, 'drop_out_rate_2': 0.22121409330196118, 'drop_out_rate_3': 0.21150714960802652, 'drop_out_rate_4': 0.4363550419514771, 'drop_out_rate_5': 0.38618965865228394, 'drop_out_rate_6': 0.31593356611439916, 'drop_out_rate_7': 0.30448701752234786, 'drop_out_rate_8': 0.3811770729957136, 'drop_out_rate_9': 0.33771298970110897, 'drop_out_rate_10': 0.1038357559678949}
C-Index on Test Data: 0.51
Warning: Could not compute Brier Score: time must be smaller than largest observed time point: 4216.413194444444
Mean AUC: 0.517
Using GPU: cuda:7 (utilization=0%, free_mem=9650MiB)
Train data path /home/minhn2/uiuc-kidney-failure/generated_data/rep1/eight_features_train_data.csv
Test data path /home/minhn2/uiuc-kidney-failure/generated_data/rep1/eight_features_test_data.csv
Number of patients: test 243 and train 970
Number of records: test 1100 and train 4307
get_last_observation_data(ExperimentScenario.EIGHT_FEATURES): train 4307 rows/970 subjects -> 970 rows; test 1100 rows/243 subjects -> 243 rows
Running Optuna hyperparameter optimization
Using GPU: cuda:7 (utilization=0%, free_mem=9650MiB)
Epoch 1/50
Average Loss: 979.8204193115234
Epoch 2/50
Average Loss: 939.7478485107422
Epoch 3/50
Average Loss: 938.4961700439453
Epoch 4/50
Average Loss: 936.2876434326172
Epoch 5/50
Average Loss: 940.1663208007812
Patience Counter: 1
Epoch 6/50
Average Loss: 937.9105682373047
Patience Counter: 2
Epoch 7/50
Average Loss: 936.7613220214844
Patience Counter: 3
Epoch 8/50
Average Loss: 935.7580718994141
Epoch 9/50
Average Loss: 937.5931854248047
Patience Counter: 1
Epoch 10/50
Average Loss: 938.1502532958984
Patience Counter: 2
Epoch 11/50
Average Loss: 937.38818359375
Patience Counter: 3
Epoch 12/50
Average Loss: 936.9708557128906
Patience Counter: 4
Epoch 13/50
Average Loss: 938.3092193603516
Patience Counter: 5
Early stopping triggered
C-Index Data: 0.472
No existing model found, saving current model with C-index: 0.4720
Using GPU: cuda:3 (utilization=0%, free_mem=9764MiB)
Epoch 1/50
Average Loss: 936.6164855957031
Epoch 2/50
Average Loss: 935.9592437744141
Epoch 3/50
Average Loss: 935.8328094482422
Epoch 4/50
Average Loss: 936.72705078125
Patience Counter: 1
Epoch 5/50
Average Loss: 936.8416595458984
Patience Counter: 2
Epoch 6/50
Average Loss: 935.8356170654297
Patience Counter: 3
Epoch 7/50
Average Loss: 936.5457305908203
Patience Counter: 4
Epoch 8/50
Average Loss: 936.7565002441406
Patience Counter: 5
Early stopping triggered
C-Index Data: 0.492
C-Index Data: 0.472
Current trial C-index: 0.4920, Previously saved model C-index: 0.4720
Current model performs better, saving it...
Using GPU: cuda:4 (utilization=1%, free_mem=8774MiB)
Epoch 1/50
Average Loss: 937.7468109130859
Epoch 2/50
Average Loss: 936.8614654541016
Epoch 3/50
Average Loss: 936.9674377441406
Patience Counter: 1
Epoch 4/50
Average Loss: 937.5154724121094
Patience Counter: 2
Epoch 5/50
Average Loss: 936.6824340820312
Epoch 6/50
Average Loss: 936.5285491943359
Epoch 7/50
Average Loss: 936.6876983642578
Patience Counter: 1
Epoch 8/50
Average Loss: 936.8241577148438
Patience Counter: 2
Epoch 9/50
Average Loss: 936.8668060302734
Patience Counter: 3
Epoch 10/50
Average Loss: 937.078857421875
Patience Counter: 4
Epoch 11/50
Average Loss: 937.3336639404297
Patience Counter: 5
Early stopping triggered
C-Index Data: 0.506
C-Index Data: 0.492
Current trial C-index: 0.5060, Previously saved model C-index: 0.4920
Current model performs better, saving it...
Using GPU: cuda:3 (utilization=0%, free_mem=9980MiB)
Epoch 1/50
Average Loss: 937.1586303710938
Epoch 2/50
Average Loss: 936.8555297851562
Epoch 3/50
Average Loss: 937.5038604736328
Patience Counter: 1
Epoch 4/50
Average Loss: 936.5044097900391
Epoch 5/50
Average Loss: 936.3304290771484
Epoch 6/50
Average Loss: 936.5843048095703
Patience Counter: 1
Epoch 7/50
Average Loss: 936.4570007324219
Patience Counter: 2
Epoch 8/50
Average Loss: 936.9428558349609
Patience Counter: 3
Epoch 9/50
Average Loss: 937.5465698242188
Patience Counter: 4
Epoch 10/50
Average Loss: 936.3101959228516
Epoch 11/50
Average Loss: 936.7516174316406
Patience Counter: 1
Epoch 12/50
Average Loss: 936.6178283691406
Patience Counter: 2
Epoch 13/50
Average Loss: 937.2186584472656
Patience Counter: 3
Epoch 14/50
Average Loss: 937.5133209228516
Patience Counter: 4
Epoch 15/50
Average Loss: 936.9900054931641
Patience Counter: 5
Early stopping triggered
C-Index Data: 0.506
C-Index Data: 0.506
Current trial C-index: 0.5060, Previously saved model C-index: 0.5060
Using GPU: cuda:4 (utilization=0%, free_mem=8774MiB)
Epoch 1/50
Average Loss: 937.7275085449219
Epoch 2/50
Average Loss: 937.6519622802734
Epoch 3/50
Average Loss: 937.6959228515625
Patience Counter: 1
Epoch 4/50
Average Loss: 936.7683258056641
Epoch 5/50
Average Loss: 938.4858856201172
Patience Counter: 1
Epoch 6/50
Average Loss: 935.6093292236328
Epoch 7/50
Average Loss: 936.4841156005859
Patience Counter: 1
Epoch 8/50
Average Loss: 937.3563537597656
Patience Counter: 2
Epoch 9/50
Average Loss: 936.8921508789062
Patience Counter: 3
Epoch 10/50
Average Loss: 936.4210052490234
Patience Counter: 4
Epoch 11/50
Average Loss: 937.0791320800781
Patience Counter: 5
Early stopping triggered
C-Index Data: 0.515
C-Index Data: 0.506
Current trial C-index: 0.5150, Previously saved model C-index: 0.5060
Current model performs better, saving it...
Using GPU: cuda:3 (utilization=0%, free_mem=9978MiB)
Epoch 1/50
Average Loss: 1575.1797332763672
Epoch 2/50
Average Loss: 1016.8243103027344
Epoch 3/50
Average Loss: 1158.636489868164
Patience Counter: 1
Epoch 4/50
Average Loss: 1268.7577209472656
Patience Counter: 2
Epoch 5/50
Average Loss: 1018.0528259277344
Patience Counter: 3
Epoch 6/50
Average Loss: 998.1962127685547
Epoch 7/50
Average Loss: 1017.9662017822266
Patience Counter: 1
Epoch 8/50
Average Loss: 1013.0550537109375
Patience Counter: 2
Epoch 9/50
Average Loss: 999.9912261962891
Patience Counter: 3
Epoch 10/50
Average Loss: 1013.0437469482422
Patience Counter: 4
Epoch 11/50
Average Loss: 1032.3743591308594
Patience Counter: 5
Early stopping triggered
C-Index Data: 0.507
C-Index Data: 0.515
Current trial C-index: 0.5070, Previously saved model C-index: 0.5150
Using GPU: cuda:4 (utilization=0%, free_mem=8774MiB)
Epoch 1/50
Average Loss: 937.7474975585938
Epoch 2/50
Average Loss: 937.10009765625
Epoch 3/50
Average Loss: 936.9869079589844
Epoch 4/50
Average Loss: 936.3616333007812
Epoch 5/50
Average Loss: 936.8706359863281
Patience Counter: 1
Epoch 6/50
Average Loss: 936.1474456787109
Epoch 7/50
Average Loss: 936.5716400146484
Patience Counter: 1
Epoch 8/50
Average Loss: 936.9854583740234
Patience Counter: 2
Epoch 9/50
Average Loss: 937.2677001953125
Patience Counter: 3
Epoch 10/50
Average Loss: 936.4144134521484
Patience Counter: 4
Epoch 11/50
Average Loss: 936.9638824462891
Patience Counter: 5
Early stopping triggered
C-Index Data: 0.498
C-Index Data: 0.515
Current trial C-index: 0.4980, Previously saved model C-index: 0.5150
Using GPU: cuda:3 (utilization=0%, free_mem=9978MiB)
Epoch 1/50
Average Loss: 4010.377716064453
Epoch 2/50
Average Loss: 1763.9991149902344
Epoch 3/50
Average Loss: 2209.7890625
Patience Counter: 1
Epoch 4/50
Average Loss: 1575.063720703125
Epoch 5/50
Average Loss: 1572.4999389648438
Epoch 6/50
Average Loss: 1411.6422271728516
Epoch 7/50
Average Loss: 1106.5399780273438
Epoch 8/50
Average Loss: 986.6448364257812
Epoch 9/50
Average Loss: 958.7363891601562
Epoch 10/50
Average Loss: 953.0451202392578
Epoch 11/50
Average Loss: 938.1759490966797
Epoch 12/50
Average Loss: 937.0923919677734
Epoch 13/50
Average Loss: 936.7825927734375
Epoch 14/50
Average Loss: 937.6952667236328
Patience Counter: 1
Epoch 15/50
Average Loss: 936.3882598876953
Epoch 16/50
Average Loss: 936.8708343505859
Patience Counter: 1
Epoch 17/50
Average Loss: 937.02783203125
Patience Counter: 2
Epoch 18/50
Average Loss: 935.7916717529297
Epoch 19/50
Average Loss: 936.4197540283203
Patience Counter: 1
Epoch 20/50
Average Loss: 936.7036437988281
Patience Counter: 2
Epoch 21/50
Average Loss: 935.6559600830078
Epoch 22/50
Average Loss: 936.9654541015625
Patience Counter: 1
Epoch 23/50
Average Loss: 935.9158630371094
Patience Counter: 2
Epoch 24/50
Average Loss: 938.1873321533203
Patience Counter: 3
Epoch 25/50
Average Loss: 937.4083404541016
Patience Counter: 4
Epoch 26/50
Average Loss: 936.3968963623047
Patience Counter: 5
Early stopping triggered
C-Index Data: 0.525
C-Index Data: 0.515
Current trial C-index: 0.5250, Previously saved model C-index: 0.5150
Current model performs better, saving it...
Using GPU: cuda:7 (utilization=0%, free_mem=9870MiB)
Epoch 1/50
Average Loss: 2013.3856506347656
Epoch 2/50
Average Loss: 1299.743881225586
Epoch 3/50
Average Loss: 1309.867935180664
Patience Counter: 1
Epoch 4/50
Average Loss: 1179.7177429199219
Epoch 5/50
Average Loss: 1145.8776092529297
Epoch 6/50
Average Loss: 1008.2721557617188
Epoch 7/50
Average Loss: 1039.8426208496094
Patience Counter: 1
Epoch 8/50
Average Loss: 971.4838714599609
Epoch 9/50
Average Loss: 1020.2961730957031
Patience Counter: 1
Epoch 10/50
Average Loss: 1134.150863647461
Patience Counter: 2
Epoch 11/50
Average Loss: 958.6414947509766
Epoch 12/50
Average Loss: 969.4450225830078
Patience Counter: 1
Epoch 13/50
Average Loss: 964.8616485595703
Patience Counter: 2
Epoch 14/50
Average Loss: 967.0272827148438
Patience Counter: 3
Epoch 15/50
Average Loss: 986.8405456542969
Patience Counter: 4
Epoch 16/50
Average Loss: 1076.3353729248047
Patience Counter: 5
Early stopping triggered
C-Index Data: 0.499
C-Index Data: 0.525
Current trial C-index: 0.4990, Previously saved model C-index: 0.5250
Using GPU: cuda:3 (utilization=0%, free_mem=9978MiB)
Epoch 1/50
Average Loss: 139354.05078125
Epoch 2/50
Average Loss: 165851.052734375
Patience Counter: 1
Epoch 3/50
Average Loss: 155255.072265625
Patience Counter: 2
Epoch 4/50
Average Loss: 102712.345703125
Epoch 5/50
Average Loss: 145986.47265625
Patience Counter: 1
Epoch 6/50
Average Loss: 155904.9921875
Patience Counter: 2
Epoch 7/50
Average Loss: 100287.25390625
Epoch 8/50
Average Loss: 152159.775390625
Patience Counter: 1
Epoch 9/50
Average Loss: 112181.21484375
Patience Counter: 2
Epoch 10/50
Average Loss: 109395.076171875
Patience Counter: 3
Epoch 11/50
Average Loss: 127543.40234375
Patience Counter: 4
Epoch 12/50
Average Loss: 121025.9111328125
Patience Counter: 5
Early stopping triggered
C-Index Data: 0.493
C-Index Data: 0.525
Current trial C-index: 0.4930, Previously saved model C-index: 0.5250
Number of finished trials:  10
Best trial:
Best hyperparameters: {'num_layer': 6, 'hidden_dim_0': 123, 'hidden_dim_1': 190, 'hidden_dim_2': 71, 'hidden_dim_3': 1