[I 2026-08-22 19:44:20,687] Trial 0 finished with value: 0.47081193444537045 and parameters: {'num_layers': 3, 'learning_rate': 5.959734908245902e-05, 'drop_out_rate': 0.18855793939378562, 'n_head': 2, 'nhead_factor': 8}. Best is trial 0 with value: 0.47081193444537045.
[I 2026-08-22 19:46:04,016] Trial 1 finished with value: 0.40357095264887916 and parameters: {'num_layers': 2, 'learning_rate': 8.703329862517682e-05, 'drop_out_rate': 0.33354267929823656, 'n_head': 3, 'nhead_factor': 4}. Best is trial 0 with value: 0.47081193444537045.
[I 2026-08-22 19:47:48,370] Trial 2 finished with value: 0.5591505628577351 and parameters: {'num_layers': 2, 'learning_rate': 0.000794355867751187, 'drop_out_rate': 0.41166390864117275, 'n_head': 3, 'nhead_factor': 5}. Best is trial 2 with value: 0.5591505628577351.
[I 2026-08-22 19:49:56,607] Trial 3 finished with value: 0.4927117749584361 and parameters: {'num_layers': 5, 'learning_rate': 5.440136944168613e-05, 'drop_out_rate': 0.2896565212407887, 'n_head': 6, 'nhead_factor': 10}. Best is trial 2 with value: 0.5591505628577351.
[I 2026-08-22 19:51:28,407] Trial 4 finished with value: 0.5 and parameters: {'num_layers': 3, 'learning_rate': 0.008599374471666804, 'drop_out_rate': 0.40647162703638495, 'n_head': 2, 'nhead_factor': 9}. Best is trial 2 with value: 0.5591505628577351.
[I 2026-08-22 19:53:58,443] Trial 5 finished with value: 0.5 and parameters: {'num_layers': 6, 'learning_rate': 0.007657513761632442, 'drop_out_rate': 0.2932655640785542, 'n_head': 4, 'nhead_factor': 7}. Best is trial 2 with value: 0.5591505628577351.
[I 2026-08-22 19:56:03,033] Trial 6 finished with value: 0.5304275793944573 and parameters: {'num_layers': 5, 'learning_rate': 0.00011744248386492338, 'drop_out_rate': 0.16542379567591917, 'n_head': 3, 'nhead_factor': 11}. Best is trial 2 with value: 0.5591505628577351.
[I 2026-08-22 19:58:47,320] Trial 7 finished with value: 0.5491548673127932 and parameters: {'num_layers': 6, 'learning_rate': 0.00042532697994716574, 'drop_out_rate': 0.26173057277465894, 'n_head': 6, 'nhead_factor': 14}. Best is trial 2 with value: 0.5591505628577351.
[I 2026-08-22 20:00:48,774] Trial 8 finished with value: 0.5305661257366223 and parameters: {'num_layers': 5, 'learning_rate': 2.2068681457655343e-05, 'drop_out_rate': 0.26862629821401895, 'n_head': 6, 'nhead_factor': 2}. Best is trial 2 with value: 0.5591505628577351.
[I 2026-08-22 20:03:08,967] Trial 9 finished with value: 0.5129329308791242 and parameters: {'num_layers': 5, 'learning_rate': 0.00010341829229865443, 'drop_out_rate': 0.21311493322800873, 'n_head': 2, 'nhead_factor': 16}. Best is trial 2 with value: 0.5591505628577351.
[I 2026-08-22 20:03:11,009] A new study created in memory with name: no-name-9a8c455a-403b-437f-b28f-2c4d577cab76
[I 2026-08-22 20:04:11,340] Trial 0 finished with value: 0.4221316753189263 and parameters: {'num_layers': 6, 'learning_rate': 0.00011939459409120726, 'drop_out_rate': 0.42358903268660064, 'n_head': 8, 'nhead_factor': 8}. Best is trial 0 with value: 0.4221316753189263.
[I 2026-08-22 20:05:21,942] Trial 1 finished with value: 0.4431486176506097 and parameters: {'num_layers': 6, 'learning_rate': 0.00017598575841591354, 'drop_out_rate': 0.4335607424335627, 'n_head': 4, 'nhead_factor': 10}. Best is trial 1 with value: 0.4431486176506097.
[I 2026-08-22 20:06:16,493] Trial 2 finished with value: 0.4770996820797618 and parameters: {'num_layers': 3, 'learning_rate': 6.729141054701429e-05, 'drop_out_rate': 0.3063297368273344, 'n_head': 5, 'nhead_factor': 16}. Best is trial 2 with value: 0.4770996820797618.
[I 2026-08-22 20:07:16,141] Trial 3 finished with value: 0.35647309750895406 and parameters: {'num_layers': 5, 'learning_rate': 3.191931712877905e-05, 'drop_out_rate': 0.44618733356115203, 'n_head': 7, 'nhead_factor': 5}. Best is trial 2 with value: 0.4770996820797618.
[I 2026-08-22 20:08:05,886] Trial 4 finished with value: 0.4834258923900358 and parameters: {'num_layers': 2, 'learning_rate': 0.002323334826648803, 'drop_out_rate': 0.41894485147808136, 'n_head': 7, 'nhead_factor': 1}. Best is trial 4 with value: 0.4834258923900358.
[I 2026-08-22 20:09:05,862] Trial 5 finished with value: 0.4225723369149664 and parameters: {'num_layers': 5, 'learning_rate': 0.0005288232171103506, 'drop_out_rate': 0.20757810536155308, 'n_head': 7, 'nhead_factor': 7}. Best is trial 4 with value: 0.4834258923900358.
[I 2026-08-22 20:10:04,908] Trial 6 finished with value: 0.47996498853072556 and parameters: {'num_layers': 4, 'learning_rate': 1.7933621294928915e-05, 'drop_out_rate': 0.4558463203666485, 'n_head': 8, 'nhead_factor': 10}. Best is trial 4 with value: 0.4834258923900358.
[I 2026-08-22 20:11:01,365] Trial 7 finished with value: 0.4583283029498169 and parameters: {'num_layers': 4, 'learning_rate': 0.0001503923773762651, 'drop_out_rate': 0.10324681554236373, 'n_head': 5, 'nhead_factor': 16}. Best is trial 4 with value: 0.4834258923900358.
[I 2026-08-22 20:11:54,460] Trial 8 finished with value: 0.6465531812145358 and parameters: {'num_layers': 5, 'learning_rate': 0.0003168281251138647, 'drop_out_rate': 0.3805279181430161, 'n_head': 2, 'nhead_factor': 3}. Best is trial 8 with value: 0.6465531812145358.
[I 2026-08-22 20:13:10,062] Trial 9 finished with value: 0.48579419694957543 and parameters: {'num_layers': 6, 'learning_rate': 4.494225922058751e-05, 'drop_out_rate': 0.20070135969546607, 'n_head': 7, 'nhead_factor': 13}. Best is trial 8 with value: 0.6465531812145358.
[I 2026-08-22 20:13:31,553] A new study created in memory with name: no-name-7bf82833-5528-4d6b-929c-f220a305b414
