[I 2026-08-26 16:03:50,580] Trial 7 finished with value: 0.55 and parameters: {'num_time_intervals': 28, 'embedding_size': 115, 'num_embedding_layers': 2, 'hidden_dims': 200, 'num_recurrent_layers': 3, 'learning_rate': 0.0008123708971249134, 'cross_entropy_loss_weight': 0.4498772074203533}. Best is trial 5 with value: 0.665.
/home/minhn2/uiuc-kidney-failure/pkgs/experiments/rnnsurv.py:169: FutureWarning: You are using `torch.load` with `weights_only=False` (the current default value), which uses the default pickle module implicitly. It is possible to construct malicious pickle data which will execute arbitrary code during unpickling (See https://github.com/pytorch/pytorch/blob/main/SECURITY.md#untrusted-models for more details). In a future release, the default value for `weights_only` will be flipped to `True`. This limits the functions that could be executed during unpickling. Arbitrary objects will no longer be allowed to be loaded via this mode unless they are explicitly allowlisted by the user via `torch.serialization.add_safe_globals`. We recommend you start setting `weights_only=True` for any use case where you don't have full control of the loaded file. Please open an issue on GitHub for any issues related to this experimental feature.
  saved_model = torch.load(model_saved_path, map_location=device)
[I 2026-08-26 16:07:43,518] Trial 8 finished with value: 0.589 and parameters: {'num_time_intervals': 29, 'embedding_size': 64, 'num_embedding_layers': 1, 'hidden_dims': 198, 'num_recurrent_layers': 2, 'learning_rate': 2.892270885844721e-05, 'cross_entropy_loss_weight': 0.7817684739555787}. Best is trial 5 with value: 0.665.
/home/minhn2/uiuc-kidney-failure/pkgs/experiments/rnnsurv.py:169: FutureWarning: You are using `torch.load` with `weights_only=False` (the current default value), which uses the default pickle module implicitly. It is possible to construct malicious pickle data which will execute arbitrary code during unpickling (See https://github.com/pytorch/pytorch/blob/main/SECURITY.md#untrusted-models for more details). In a future release, the default value for `weights_only` will be flipped to `True`. This limits the functions that could be executed during unpickling. Arbitrary objects will no longer be allowed to be loaded via this mode unless they are explicitly allowlisted by the user via `torch.serialization.add_safe_globals`. We recommend you start setting `weights_only=True` for any use case where you don't have full control of the loaded file. Please open an issue on GitHub for any issues related to this experimental feature.
  saved_model = torch.load(model_saved_path, map_location=device)
[I 2026-08-26 16:11:47,649] Trial 9 finished with value: 0.463 and parameters: {'num_time_intervals': 33, 'embedding_size': 100, 'num_embedding_layers': 2, 'hidden_dims': 120, 'num_recurrent_layers': 1, 'learning_rate': 1.989667971699178e-05, 'cross_entropy_loss_weight': 0.41460827549933377}. Best is trial 5 with value: 0.665.
[I 2026-08-26 16:12:11,393] A new study created in memory with name: no-name-21a376ca-51c2-4da3-a41c-66c97537d733
