Start time: Wed Aug 26 12:09:04 CDT 2026
[I 2026-08-26 12:09:09,031] A new study created in memory with name: no-name-61b262c4-4a76-4a0d-809e-f4d3aeb4095e
[I 2026-08-26 12:32:55,603] Trial 0 finished with value: 0.585 and parameters: {'num_time_intervals': 28, 'embedding_size': 102, 'num_embedding_layers': 2, 'hidden_dims': 205, 'num_recurrent_layers': 3, 'learning_rate': 8.020436526985178e-05, 'cross_entropy_loss_weight': 0.3622801457648055}. Best is trial 0 with value: 0.585.
/home/minhn2/uiuc-kidney-failure/pkgs/experiments/rnnsurv.py:169: FutureWarning: You are using `torch.load` with `weights_only=False` (the current default value), which uses the default pickle module implicitly. It is possible to construct malicious pickle data which will execute arbitrary code during unpickling (See https://github.com/pytorch/pytorch/blob/main/SECURITY.md#untrusted-models for more details). In a future release, the default value for `weights_only` will be flipped to `True`. This limits the functions that could be executed during unpickling. Arbitrary objects will no longer be allowed to be loaded via this mode unless they are explicitly allowlisted by the user via `torch.serialization.add_safe_globals`. We recommend you start setting `weights_only=True` for any use case where you don't have full control of the loaded file. Please open an issue on GitHub for any issues related to this experimental feature.
  saved_model = torch.load(model_saved_path, map_location=device)
[I 2026-08-26 12:51:09,407] Trial 1 finished with value: 0.533 and parameters: {'num_time_intervals': 47, 'embedding_size': 91, 'num_embedding_layers': 1, 'hidden_dims': 94, 'num_recurrent_layers': 3, 'learning_rate': 0.00047594985925422374, 'cross_entropy_loss_weight': 0.8132854029030704}. Best is trial 0 with value: 0.585.
/home/minhn2/uiuc-kidney-failure/pkgs/experiments/rnnsurv.py:169: FutureWarning: You are using `torch.load` with `weights_only=False` (the current default value), which uses the default pickle module implicitly. It is possible to construct malicious pickle data which will execute arbitrary code during unpickling (See https://github.com/pytorch/pytorch/blob/main/SECURITY.md#untrusted-models for more details). In a future release, the default value for `weights_only` will be flipped to `True`. This limits the functions that could be executed during unpickling. Arbitrary objects will no longer be allowed to be loaded via this mode unless they are explicitly allowlisted by the user via `torch.serialization.add_safe_globals`. We recommend you start setting `weights_only=True` for any use case where you don't have full control of the loaded file. Please open an issue on GitHub for any issues related to this experimental feature.
  saved_model = torch.load(model_saved_path, map_location=device)
[I 2026-08-26 13:02:36,948] Trial 2 finished with value: 0.593 and parameters: {'num_time_intervals': 27, 'embedding_size': 93, 'num_embedding_layers': 1, 'hidden_dims': 169, 'num_recurrent_layers': 2, 'learning_rate': 0.000923821012224589, 'cross_entropy_loss_weight': 0.2530258863178956}. Best is trial 2 with value: 0.593.
/home/minhn2/uiuc-kidney-failure/pkgs/experiments/rnnsurv.py:169: FutureWarning: You are using `torch.load` with `weights_only=False` (the current default value), which uses the default pickle module implicitly. It is possible to construct malicious pickle data which will execute arbitrary code during unpickling (See https://github.com/pytorch/pytorch/blob/main/SECURITY.md#untrusted-models for more details). In a future release, the default value for `weights_only` will be flipped to `True`. This limits the functions that could be executed during unpickling. Arbitrary objects will no longer be allowed to be loaded via this mode unless they are explicitly allowlisted by the user via `torch.serialization.add_safe_globals`. We recommend you start setting `weights_only=True` for any use case where you don't have full control of the loaded file. Please open an issue on GitHub for any issues related to this experimental feature.
  saved_model = torch.load(model_saved_path, map_location=device)
[I 2026-08-26 13:24:25,416] Trial 3 finished with value: 0.563 and parameters: {'num_time_intervals': 22, 'embedding_size': 99, 'num_embedding_layers': 3, 'hidden_dims': 86, 'num_recurrent_layers': 3, 'learning_rate': 0.00042555370922086054, 'cross_entropy_loss_weight': 0.2696540863742161}. Best is trial 2 with value: 0.593.
/home/minhn2/uiuc-kidney-failure/pkgs/experiments/rnnsurv.py:169: FutureWarning: You are using `torch.load` with `weights_only=False` (the current default value), which uses the default pickle module implicitly. It is possible to construct malicious pickle data which will execute arbitrary code during unpickling (See https://github.com/pytorch/pytorch/blob/main/SECURITY.md#untrusted-models for more details). In a future release, the default value for `weights_only` will be flipped to `True`. This limits the functions that could be executed during unpickling. Arbitrary objects will no longer be allowed to be loaded via this mode unless they are explicitly allowlisted by the user via `torch.serialization.add_safe_globals`. We recommend you start setting `weights_only=True` for any use case where you don't have full control of the loaded file. Please open an issue on GitHub for any issues related to this experimental feature.
  saved_model = torch.load(model_saved_path, map_location=device)
[I 2026-08-26 13:49:41,989] Trial 4 finished with value: 0.558 and parameters: {'num_time_intervals': 37, 'embedding_size': 56, 'num_embedding_layers': 2, 'hidden_dims': 88, 'num_recurrent_layers': 3, 'learning_rate': 0.0001849475049747441, 'cross_entropy_loss_weight': 0.4838178580458956}. Best is trial 2 with value: 0.593.
/home/minhn2/uiuc-kidney-failure/pkgs/experiments/rnnsurv.py:169: FutureWarning: You are using `torch.load` with `weights_only=False` (the current default value), which uses the default pickle module implicitly. It is possible to construct malicious pickle data which will execute arbitrary code during unpickling (See https://github.com/pytorch/pytorch/blob/main/SECURITY.md#untrusted-models for more details). In a future release, the default value for `weights_only` will be flipped to `True`. This limits the functions that could be executed during unpickling. Arbitrary objects will no longer be allowed to be loaded via this mode unless they are explicitly allowlisted by the user via `torch.serialization.add_safe_globals`. We recommend you start setting `weights_only=True` for any use case where you don't have full control of the loaded file. Please open an issue on GitHub for any issues related to this experimental feature.
  saved_model = torch.load(model_saved_path, map_location=device)
[I 2026-08-26 14:16:03,018] Trial 5 finished with value: 0.542 and parameters: {'num_time_intervals': 41, 'embedding_size': 67, 'num_embedding_layers': 2, 'hidden_dims': 103, 'num_recurrent_layers': 1, 'learning_rate': 0.0002549175554857136, 'cross_entropy_loss_weight': 0.38697205566947956}. Best is trial 2 with value: 0.593.
/home/minhn2/uiuc-kidney-failure/pkgs/experiments/rnnsurv.py:169: FutureWarning: You are using `torch.load` with `weights_only=False` (the current default value), which uses the default pickle module implicitly. It is possible to construct malicious pickle data which will execute arbitrary code during unpickling (See https://github.com/pytorch/pytorch/blob/main/SECURITY.md#untrusted-models for more details). In a future release, the default value for `weights_only` will be flipped to `True`. This limits the functions that could be executed during unpickling. Arbitrary objects will no longer be allowed to be loaded via this mode unless they are explicitly allowlisted by the user via `torch.serialization.add_safe_globals`. We recommend you start setting `weights_only=True` for any use case where you don't have full control of the loaded file. Please open an issue on GitHub for any issues related to this experimental feature.
  saved_model = torch.load(model_saved_path, map_location=device)
[I 2026-08-26 14:24:43,697] Trial 6 finished with value: 0.546 and parameters: {'num_time_intervals': 28, 'embedding_size': 94, 'num_embedding_layers': 3, 'hidden_dims': 178, 'num_recurrent_layers': 1, 'learning_rate': 0.0009347054245682838, 'cross_entropy_loss_weight': 0.6378212710301946}. Best is trial 2 with value: 0.593.
/home/minhn2/uiuc-kidney-failure/pkgs/experiments/rnnsurv.py:169: FutureWarning: You are using `torch.load` with `weights_only=False` (the current default value), which uses the default pickle module implicitly. It is possible to construct malicious pickle data which will execute arbitrary code during unpickling (See https://github.com/pytorch/pytorch/blob/main/SECURITY.md#untrusted-models for more details). In a future release, the default value for `weights_only` will be flipped to `True`. This limits the functions that could be executed during unpickling. Arbitrary objects will no longer be allowed to be loaded via this mode unless they are explicitly allowlisted by the user via `torch.serialization.add_safe_globals`. We recommend you start setting `weights_only=True` for any use case where you don't have full control of the loaded file. Please open an issue on GitHub for any issues related to this experimental feature.
  saved_model = torch.load(model_saved_path, map_location=device)
[I 2026-08-26 14:50:27,240] Trial 7 finished with value: 0.567 and parameters: {'num_time_intervals': 38, 'embedding_size': 108, 'num_embedding_layers': 3, 'hidden_dims': 125, 'num_recurrent_layers': 3, 'learning_rate': 0.0007615701248844807, 'cross_entropy_loss_weight': 0.10533207941828371}. Best is trial 2 with value: 0.593.
/home/minhn2/uiuc-kidney-failure/pkgs/experiments/rnnsurv.py:169: FutureWarning: You are using `torch.load` with `weights_only=False` (the current default value), which uses the default pickle module implicitly. It is possible to construct malicious pickle data which will execute arbitrary code during unpickling (See https://github.com/pytorch/pytorch/blob/main/SECURITY.md#untrusted-models for more details). In a future release, the default value for `weights_only` will be flipped to `True`. This limits the functions that could be executed during unpickling. Arbitrary objects will no longer be allowed to be loaded via this mode unless they are explicitly allowlisted by the user via `torch.serialization.add_safe_globals`. We recommend you start setting `weights_only=True` for any use case where you don't have full control of the loaded file. Please open an issue on GitHub for any issues related to this experimental feature.
  saved_model = torch.load(model_saved_path, map_location=device)
[I 2026-08-26 15:09:48,093] Trial 8 finished with value: 0.656 and parameters: {'num_time_intervals': 21, 'embedding_size': 117, 'num_embedding_layers': 3, 'hidden_dims': 165, 'num_recurrent_layers': 1, 'learning_rate': 0.0005606385818312021, 'cross_entropy_loss_weight': 0.39356769085843935}. Best is trial 8 with value: 0.656.
/home/minhn2/uiuc-kidney-failure/pkgs/experiments/rnnsurv.py:169: FutureWarning: You are using `torch.load` with `weights_only=False` (the current default value), which uses the default pickle module implicitly. It is possible to construct malicious pickle data which will execute arbitrary code during unpickling (See https://github.com/pytorch/pytorch/blob/main/SECURITY.md#untrusted-models for more details). In a future release, the default value for `weights_only` will be flipped to `True`. This limits the functions that could be executed during unpickling. Arbitrary objects will no longer be allowed to be loaded via this mode unless they are explicitly allowlisted by the user via `torch.serialization.add_safe_globals`. We recommend you start setting `weights_only=True` for any use case where you don't have full control of the loaded file. Please open an issue on GitHub for any issues related to this experimental feature.
  saved_model = torch.load(model_saved_path, map_location=device)
[I 2026-08-26 15:31:38,992] Trial 9 finished with value: 0.565 and parameters: {'num_time_intervals': 22, 'embedding_size': 105, 'num_embedding_layers': 3, 'hidden_dims': 92, 'num_recurrent_layers': 3, 'learning_rate': 1.003115502872854e-05, 'cross_entropy_loss_weight': 0.6368738244273824}. Best is trial 8 with value: 0.656.
[I 2026-08-26 15:31:39,843] A new study created in memory with name: no-name-17efe16b-63db-495b-b75d-37ea31674226
[I 2026-08-26 15:35:54,307] Trial 0 finished with value: 0.547 and parameters: {'num_time_intervals': 47, 'embedding_size': 59, 'num_embedding_layers': 2, 'hidden_dims': 182, 'num_recurrent_layers': 2, 'learning_rate': 0.0005033159495000327, 'cross_entropy_loss_weight': 0.3125627495281529}. Best is trial 0 with value: 0.547.
/home/minhn2/uiuc-kidney-failure/pkgs/experiments/rnnsurv.py:169: FutureWarning: You are using `torch.load` with `weights_only=False` (the current default value), which uses the default pickle module implicitly. It is possible to construct malicious pickle data which will execute arbitrary code during unpickling (See https://github.com/pytorch/pytorch/blob/main/SECURITY.md#untrusted-models for more details). In a future release, the default value for `weights_only` will be flipped to `True`. This limits the functions that could be executed during unpickling. Arbitrary objects will no longer be allowed to be loaded via this mode unless they are explicitly allowlisted by the user via `torch.serialization.add_safe_globals`. We recommend you start setting `weights_only=True` for any use case where you don't have full control of the loaded file. Please open an issue on GitHub for any issues related to this experimental feature.
  saved_model = torch.load(model_saved_path, map_location=device)
[I 2026-08-26 15:39:54,065] Trial 1 finished with value: 0.449 and parameters: {'num_time_intervals': 29, 'embedding_size': 113, 'num_embedding_layers': 1, 'hidden_dims': 159, 'num_recurrent_layers': 3, 'learning_rate': 1.2753376149482628e-05, 'cross_entropy_loss_weight': 0.8509203052719875}. Best is trial 0 with value: 0.547.
/home/minhn2/uiuc-kidney-failure/pkgs/experiments/rnnsurv.py:169: FutureWarning: You are using `torch.load` with `weights_only=False` (the current default value), which uses the default pickle module implicitly. It is possible to construct malicious pickle data which will execute arbitrary code during unpickling (See https://github.com/pytorch/pytorch/blob/main/SECURITY.md#untrusted-models for more details). In a future release, the default value for `weights_only` will be flipped to `True`. This limits the functions that could be executed during unpickling. Arbitrary objects will no longer be allowed to be loaded via this mode unless they are explicitly allowlisted by the user via `torch.serialization.add_safe_globals`. We recommend you start setting `weights_only=True` for any use case where you don't have full control of the loaded file. Please open an issue on GitHub for any issues related to this experimental feature.
  saved_model = torch.load(model_saved_path, map_location=device)
[I 2026-08-26 15:44:03,565] Trial 2 finished with value: 0.484 and parameters: {'num_time_intervals': 43, 'embedding_size': 123, 'num_embedding_layers': 2, 'hidden_dims': 88, 'num_recurrent_layers': 3, 'learning_rate': 0.0004956296260600298, 'cross_entropy_loss_weight': 0.1770793201587539}. Best is trial 0 with value: 0.547.
/home/minhn2/uiuc-kidney-failure/pkgs/experiments/rnnsurv.py:169: FutureWarning: You are using `torch.load` with `weights_only=False` (the current default value), which uses the default pickle module implicitly. It is possible to construct malicious pickle data which will execute arbitrary code during unpickling (See https://github.com/pytorch/pytorch/blob/main/SECURITY.md#untrusted-models for more details). In a future release, the default value for `weights_only` will be flipped to `True`. This limits the functions that could be executed during unpickling. Arbitrary objects will no longer be allowed to be loaded via this mode unless they are explicitly allowlisted by the user via `torch.serialization.add_safe_globals`. We recommend you start setting `weights_only=True` for any use case where you don't have full control of the loaded file. Please open an issue on GitHub for any issues related to this experimental feature.
  saved_model = torch.load(model_saved_path, map_location=device)
[I 2026-08-26 15:47:22,700] Trial 3 finished with value: 0.598 and parameters: {'num_time_intervals': 11, 'embedding_size': 114, 'num_embedding_layers': 2, 'hidden_dims': 127, 'num_recurrent_layers': 3, 'learning_rate': 0.0006135761591067522, 'cross_entropy_loss_weight': 0.6092510820015871}. Best is trial 3 with value: 0.598.
/home/minhn2/uiuc-kidney-failure/pkgs/experiments/rnnsurv.py:169: FutureWarning: You are using `torch.load` with `weights_only=False` (the current default value), which uses the default pickle module implicitly. It is possible to construct malicious pickle data which will execute arbitrary code during unpickling (See https://github.com/pytorch/pytorch/blob/main/SECURITY.md#untrusted-models for more details). In a future release, the default value for `weights_only` will be flipped to `True`. This limits the functions that could be executed during unpickling. Arbitrary objects will no longer be allowed to be loaded via this mode unless they are explicitly allowlisted by the user via `torch.serialization.add_safe_globals`. We recommend you start setting `weights_only=True` for any use case where you don't have full control of the loaded file. Please open an issue on GitHub for any issues related to this experimental feature.
  saved_model = torch.load(model_saved_path, map_location=device)
[I 2026-08-26 15:51:36,000] Trial 4 finished with value: 0.577 and parameters: {'num_time_intervals': 46, 'embedding_size': 78, 'num_embedding_layers': 3, 'hidden_dims': 161, 'num_recurrent_layers': 1, 'learning_rate': 7.46247006139748e-05, 'cross_entropy_loss_weight': 0.7191945730726069}. Best is trial 3 with value: 0.598.
/home/minhn2/uiuc-kidney-failure/pkgs/experiments/rnnsurv.py:169: FutureWarning: You are using `torch.load` with `weights_only=False` (the current default value), which uses the default pickle module implicitly. It is possible to construct malicious pickle data which will execute arbitrary code during unpickling (See https://github.com/pytorch/pytorch/blob/main/SECURITY.md#untrusted-models for more details). In a future release, the default value for `weights_only` will be flipped to `True`. This limits the functions that could be executed during unpickling. Arbitrary objects will no longer be allowed to be loaded via this mode unless they are explicitly allowlisted by the user via `torch.serialization.add_safe_globals`. We recommend you start setting `weights_only=True` for any use case where you don't have full control of the loaded file. Please open an issue on GitHub for any issues related to this experimental feature.
  saved_model = torch.load(model_saved_path, map_location=device)
[I 2026-08-26 15:55:48,526] Trial 5 finished with value: 0.665 and parameters: {'num_time_intervals': 41, 'embedding_size': 70, 'num_embedding_layers': 2, 'hidden_dims': 164, 'num_recurrent_layers': 1, 'learning_rate': 0.0001579986733005415, 'cross_entropy_loss_weight': 0.7501111984025571}. Best is trial 5 with value: 0.665.
/home/minhn2/uiuc-kidney-failure/pkgs/experiments/rnnsurv.py:169: FutureWarning: You are using `torch.load` with `weights_only=False` (the current default value), which uses the default pickle module implicitly. It is possible to construct malicious pickle data which will execute arbitrary code during unpickling (See https://github.com/pytorch/pytorch/blob/main/SECURITY.md#untrusted-models for more details). In a future release, the default value for `weights_only` will be flipped to `True`. This limits the functions that could be executed during unpickling. Arbitrary objects will no longer be allowed to be loaded via this mode unless they are explicitly allowlisted by the user via `torch.serialization.add_safe_globals`. We recommend you start setting `weights_only=True` for any use case where you don't have full control of the loaded file. Please open an issue on GitHub for any issues related to this experimental feature.
  saved_model = torch.load(model_saved_path, map_location=device)
[I 2026-08-26 15:59:52,998] Trial 6 finished with value: 0.601 and parameters: {'num_time_intervals': 38, 'embedding_size': 110, 'num_embedding_layers': 1, 'hidden_dims': 241, 'num_recurrent_layers': 2, 'learning_rate': 2.0876241851340344e-05, 'cross_entropy_loss_weight': 0.7311039077331632}. Best is trial 5 with value: 0.665.
/home/minhn2/uiuc-kidney-failure/pkgs/experiments/rnnsurv.py:169: FutureWarning: You are using `torch.load` with `weights_only=False` (the current default value), which uses the default pickle module implicitly. It is possible to construct malicious pickle data which will execute arbitrary code during unpickling (See https://github.com/pytorch/pytorch/blob/main/SECURITY.md#untrusted-models for more details). In a future release, the default value for `weights_only` will be flipped to `True`. This limits the functions that could be executed during unpickling. Arbitrary objects will no longer be allowed to be loaded via this mode unless they are explicitly allowlisted by the user via `torch.serialization.add_safe_globals`. We recommend you start setting `weights_only=True` for any use case where you don't have full control of the loaded file. Please open an issue on GitHub for any issues related to this experimental feature.
  saved_model = torch.load(model_saved_path, map_location=device)
