[I 2026-08-29 19:33:38,833] Trial 6 finished with value: 0.478 and parameters: {'num_layer': 17, 'hidden_dim_0': 171, 'hidden_dim_1': 83, 'hidden_dim_2': 131, 'hidden_dim_3': 60, 'hidden_dim_4': 93, 'hidden_dim_5': 174, 'hidden_dim_6': 181, 'hidden_dim_7': 190, 'hidden_dim_8': 85, 'hidden_dim_9': 144, 'hidden_dim_10': 224, 'hidden_dim_11': 238, 'hidden_dim_12': 29, 'hidden_dim_13': 56, 'hidden_dim_14': 154, 'hidden_dim_15': 114, 'hidden_dim_16': 238, 'learning_rate': 0.001736765486569576, 'drop_out_rate_0': 0.47832719941236934, 'drop_out_rate_1': 0.3527498290717693, 'drop_out_rate_2': 0.2561552044817355, 'drop_out_rate_3': 0.21784635035376965, 'drop_out_rate_4': 0.3842597282226843, 'drop_out_rate_5': 0.4441034277361907, 'drop_out_rate_6': 0.3432345624092892, 'drop_out_rate_7': 0.36362353460411956, 'drop_out_rate_8': 0.27114067962196314, 'drop_out_rate_9': 0.264341753393182, 'drop_out_rate_10': 0.3880651338801646, 'drop_out_rate_11': 0.1263568706763962, 'drop_out_rate_12': 0.3059792186473451, 'drop_out_rate_13': 0.30762410240495264, 'drop_out_rate_14': 0.2969251248249181, 'drop_out_rate_15': 0.40003210965048674, 'drop_out_rate_16': 0.44735896438520195}. Best is trial 0 with value: 0.524.
[I 2026-08-29 19:39:28,777] Trial 7 finished with value: 0.525 and parameters: {'num_layer': 5, 'hidden_dim_0': 177, 'hidden_dim_1': 253, 'hidden_dim_2': 67, 'hidden_dim_3': 111, 'hidden_dim_4': 118, 'learning_rate': 0.00017147939610804062, 'drop_out_rate_0': 0.26150666087367136, 'drop_out_rate_1': 0.4660853411511464, 'drop_out_rate_2': 0.3279717424009717, 'drop_out_rate_3': 0.3562499512008178, 'drop_out_rate_4': 0.20644797533058248}. Best is trial 7 with value: 0.525.
[I 2026-08-29 19:41:08,467] Trial 8 finished with value: 0.493 and parameters: {'num_layer': 13, 'hidden_dim_0': 96, 'hidden_dim_1': 17, 'hidden_dim_2': 188, 'hidden_dim_3': 37, 'hidden_dim_4': 233, 'hidden_dim_5': 159, 'hidden_dim_6': 181, 'hidden_dim_7': 18, 'hidden_dim_8': 93, 'hidden_dim_9': 154, 'hidden_dim_10': 197, 'hidden_dim_11': 249, 'hidden_dim_12': 143, 'learning_rate': 3.13119574772713e-05, 'drop_out_rate_0': 0.30637499966856263, 'drop_out_rate_1': 0.2995172796263189, 'drop_out_rate_2': 0.2475703494707466, 'drop_out_rate_3': 0.344500797110323, 'drop_out_rate_4': 0.4152839420948832, 'drop_out_rate_5': 0.49360473030125307, 'drop_out_rate_6': 0.4987127940655153, 'drop_out_rate_7': 0.1331046151489238, 'drop_out_rate_8': 0.4127485303467644, 'drop_out_rate_9': 0.24645481482354314, 'drop_out_rate_10': 0.326810341912361, 'drop_out_rate_11': 0.43273538546674095, 'drop_out_rate_12': 0.39681816779992707}. Best is trial 7 with value: 0.525.
