Start time: Thu Aug 27 02:23:26 CDT 2026
[I 2026-08-27 02:23:35,030] A new study created in memory with name: no-name-ccd0db8a-f44a-4fb7-a4ac-f5313c42f6ec
[I 2026-08-27 02:23:43,402] Trial 0 finished with value: 0.534 and parameters: {'num_layer': 8, 'hidden_dim_0': 29, 'hidden_dim_1': 188, 'hidden_dim_2': 147, 'hidden_dim_3': 164, 'hidden_dim_4': 182, 'hidden_dim_5': 241, 'hidden_dim_6': 232, 'hidden_dim_7': 231, 'learning_rate': 0.003624622676780582, 'drop_out_rate_0': 0.23986775412938363, 'drop_out_rate_1': 0.1539612653521307, 'drop_out_rate_2': 0.2684837418303876, 'drop_out_rate_3': 0.21514285465604244, 'drop_out_rate_4': 0.4806793944291634, 'drop_out_rate_5': 0.40317070143716494, 'drop_out_rate_6': 0.3285760010026456, 'drop_out_rate_7': 0.22794215934638165}. Best is trial 0 with value: 0.534.
[I 2026-08-27 02:23:53,512] Trial 1 finished with value: 0.49 and parameters: {'num_layer': 14, 'hidden_dim_0': 232, 'hidden_dim_1': 139, 'hidden_dim_2': 91, 'hidden_dim_3': 36, 'hidden_dim_4': 97, 'hidden_dim_5': 89, 'hidden_dim_6': 60, 'hidden_dim_7': 165, 'hidden_dim_8': 219, 'hidden_dim_9': 116, 'hidden_dim_10': 157, 'hidden_dim_11': 50, 'hidden_dim_12': 51, 'hidden_dim_13': 129, 'learning_rate': 2.958384145139912e-05, 'drop_out_rate_0': 0.4362579490007681, 'drop_out_rate_1': 0.3897843164025433, 'drop_out_rate_2': 0.44954564941646014, 'drop_out_rate_3': 0.3642088504833523, 'drop_out_rate_4': 0.2968225964225771, 'drop_out_rate_5': 0.33525707471446675, 'drop_out_rate_6': 0.20381186091009826, 'drop_out_rate_7': 0.148946050402743, 'drop_out_rate_8': 0.2797323863577972, 'drop_out_rate_9': 0.2668179065615365, 'drop_out_rate_10': 0.23730411776682836, 'drop_out_rate_11': 0.14129150245584465, 'drop_out_rate_12': 0.3573826678384274, 'drop_out_rate_13': 0.2236474909541109}. Best is trial 0 with value: 0.534.
[I 2026-08-27 02:23:57,472] Trial 2 finished with value: 0.492 and parameters: {'num_layer': 12, 'hidden_dim_0': 179, 'hidden_dim_1': 151, 'hidden_dim_2': 195, 'hidden_dim_3': 105, 'hidden_dim_4': 121, 'hidden_dim_5': 157, 'hidden_dim_6': 57, 'hidden_dim_7': 147, 'hidden_dim_8': 174, 'hidden_dim_9': 76, 'hidden_dim_10': 170, 'hidden_dim_11': 247, 'learning_rate': 3.684878245348481e-05, 'drop_out_rate_0': 0.37324277009109585, 'drop_out_rate_1': 0.17697303198445807, 'drop_out_rate_2': 0.33137605145890153, 'drop_out_rate_3': 0.2678957013402572, 'drop_out_rate_4': 0.4027774572553261, 'drop_out_rate_5': 0.4132769740838155, 'drop_out_rate_6': 0.23923459359924606, 'drop_out_rate_7': 0.30944866263890614, 'drop_out_rate_8': 0.35910762112399885, 'drop_out_rate_9': 0.465556756939986, 'drop_out_rate_10': 0.46141656154579613, 'drop_out_rate_11': 0.482042020356124}. Best is trial 0 with value: 0.534.
[I 2026-08-27 02:24:03,806] Trial 3 finished with value: 0.491 and parameters: {'num_layer': 16, 'hidden_dim_0': 57, 'hidden_dim_1': 164, 'hidden_dim_2': 118, 'hidden_dim_3': 224, 'hidden_dim_4': 141, 'hidden_dim_5': 106, 'hidden_dim_6': 198, 'hidden_dim_7': 190, 'hidden_dim_8': 67, 'hidden_dim_9': 215, 'hidden_dim_10': 124, 'hidden_dim_11': 194, 'hidden_dim_12': 95, 'hidden_dim_13': 36, 'hidden_dim_14': 177, 'hidden_dim_15': 53, 'learning_rate': 1.1295206491125076e-05, 'drop_out_rate_0': 0.17677892108344628, 'drop_out_rate_1': 0.2950391144351292, 'drop_out_rate_2': 0.43269772598694034, 'drop_out_rate_3': 0.30753473019126787, 'drop_out_rate_4': 0.1729942271568779, 'drop_out_rate_5': 0.19914654114053265, 'drop_out_rate_6': 0.15521307710638665, 'drop_out_rate_7': 0.13647246565525828, 'drop_out_rate_8': 0.16546308497550338, 'drop_out_rate_9': 0.40730610282177504, 'drop_out_rate_10': 0.1963439556284412, 'drop_out_rate_11': 0.1465754748511554, 'drop_out_rate_12': 0.283017637007861, 'drop_out_rate_13': 0.24148986737247116, 'drop_out_rate_14': 0.32286767750235434, 'drop_out_rate_15': 0.3328463227309806}. Best is trial 0 with value: 0.534.
[I 2026-08-27 02:24:27,886] Trial 4 finished with value: 0.498 and parameters: {'num_layer': 4, 'hidden_dim_0': 167, 'hidden_dim_1': 225, 'hidden_dim_2': 221, 'hidden_dim_3': 101, 'learning_rate': 0.0005757250196280352, 'drop_out_rate_0': 0.25436977914431114, 'drop_out_rate_1': 0.356512893076783, 'drop_out_rate_2': 0.484529814335368, 'drop_out_rate_3': 0.27539724102968444}. Best is trial 0 with value: 0.534.
[I 2026-08-27 02:24:35,094] Trial 5 finished with value: 0.492 and parameters: {'num_layer': 17, 'hidden_dim_0': 95, 'hidden_dim_1': 90, 'hidden_dim_2': 145, 'hidden_dim_3': 246, 'hidden_dim_4': 100, 'hidden_dim_5': 223, 'hidden_dim_6': 23, 'hidden_dim_7': 230, 'hidden_dim_8': 107, 'hidden_dim_9': 247, 'hidden_dim_10': 239, 'hidden_dim_11': 29, 'hidden_dim_12': 170, 'hidden_dim_13': 152, 'hidden_dim_14': 232, 'hidden_dim_15': 232, 'hidden_dim_16': 74, 'learning_rate': 0.0011429411927568922, 'drop_out_rate_0': 0.42693543461567984, 'drop_out_rate_1': 0.12348515552684583, 'drop_out_rate_2': 0.3520629285432568, 'drop_out_rate_3': 0.44581598632015573, 'drop_out_rate_4': 0.4543852189600598, 'drop_out_rate_5': 0.4166497803759389, 'drop_out_rate_6': 0.21691947817567897, 'drop_out_rate_7': 0.2859623265178328, 'drop_out_rate_8': 0.21579529974750714, 'drop_out_rate_9': 0.2887677763309351, 'drop_out_rate_10': 0.16846818852446221, 'drop_out_rate_11': 0.12330296804517041, 'drop_out_rate_12': 0.3986361690248308, 'drop_out_rate_13': 0.2880551656075183, 'drop_out_rate_14': 0.29595018919879024, 'drop_out_rate_15': 0.12782655348791888, 'drop_out_rate_16': 0.3792170013792361}. Best is trial 0 with value: 0.534.
[I 2026-08-27 02:24:49,338] Trial 6 finished with value: 0.541 and parameters: {'num_layer': 9, 'hidden_dim_0': 38, 'hidden_dim_1': 76, 'hidden_dim_2': 148, 'hidden_dim_3': 160, 'hidden_dim_4': 18, 'hidden_dim_5': 90, 'hidden_dim_6': 254, 'hidden_dim_7': 183, 'hidden_dim_8': 195, 'learning_rate': 1.4375357473051826e-05, 'drop_out_rate_0': 0.2519876880170441, 'drop_out_rate_1': 0.405901927786944, 'drop_out_rate_2': 0.3237018898285645, 'drop_out_rate_3': 0.12076194811259114, 'drop_out_rate_4': 0.10071497377490202, 'drop_out_rate_5': 0.3756086869052008, 'drop_out_rate_6': 0.19156622237991272, 'drop_out_rate_7': 0.2924192116976124, 'drop_out_rate_8': 0.3695622322664325}. Best is trial 6 with value: 0.541.
[I 2026-08-27 02:25:04,021] Trial 7 finished with value: 0.538 and parameters: {'num_layer': 9, 'hidden_dim_0': 124, 'hidden_dim_1': 56, 'hidden_dim_2': 35, 'hidden_dim_3': 165, 'hidden_dim_4': 158, 'hidden_dim_5': 88, 'hidden_dim_6': 159, 'hidden_dim_7': 251, 'hidden_dim_8': 222, 'learning_rate': 0.004614141227313664, 'drop_out_rate_0': 0.41697721062849513, 'drop_out_rate_1': 0.49678647078196503, 'drop_out_rate_2': 0.10793963990390708, 'drop_out_rate_3': 0.2472677360080363, 'drop_out_rate_4': 0.16397950534971295, 'drop_out_rate_5': 0.10748224230328117, 'drop_out_rate_6': 0.27697214635934736, 'drop_out_rate_7': 0.42110448864824024, 'drop_out_rate_8': 0.2928543233184352}. Best is trial 6 with value: 0.541.
[I 2026-08-27 02:25:19,520] Trial 8 finished with value: 0.486 and parameters: {'num_layer': 4, 'hidden_dim_0': 28, 'hidden_dim_1': 217, 'hidden_dim_2': 216, 'hidden_dim_3': 248, 'learning_rate': 5.014223768351622e-05, 'drop_out_rate_0': 0.31614440739773453, 'drop_out_rate_1': 0.42902365219922256, 'drop_out_rate_2': 0.34275774895096667, 'drop_out_rate_3': 0.19870486273058244}. Best is trial 6 with value: 0.541.
[I 2026-08-27 02:25:24,941] Trial 9 finished with value: 0.502 and parameters: {'num_layer': 13, 'hidden_dim_0': 51, 'hidden_dim_1': 101, 'hidden_dim_2': 86, 'hidden_dim_3': 125, 'hidden_dim_4': 233, 'hidden_dim_5': 219, 'hidden_dim_6': 248, 'hidden_dim_7': 92, 'hidden_dim_8': 106, 'hidden_dim_9': 42, 'hidden_dim_10': 162, 'hidden_dim_11': 102, 'hidden_dim_12': 131, 'learning_rate': 0.0006728526488127222, 'drop_out_rate_0': 0.4306996111421596, 'drop_out_rate_1': 0.4045999932222847, 'drop_out_rate_2': 0.42059981642935784, 'drop_out_rate_3': 0.36426616340974727, 'drop_out_rate_4': 0.2078098629820817, 'drop_out_rate_5': 0.10388556004273122, 'drop_out_rate_6': 0.2956314486629218, 'drop_out_rate_7': 0.49409896581788615, 'drop_out_rate_8': 0.3996585622499894, 'drop_out_rate_9': 0.39233904704767064, 'drop_out_rate_10': 0.16145127964352413, 'drop_out_rate_11': 0.2865604479979885, 'drop_out_rate_12': 0.3836410104686976}. Best is trial 6 with value: 0.541.
[I 2026-08-27 02:25:25,429] A new study created in memory with name: no-name-28c56193-199b-4f22-874d-5ae4a92d09ba
[I 2026-08-27 02:25:32,092] Trial 0 finished with value: 0.508 and parameters: {'num_layer': 5, 'hidden_dim_0': 179, 'hidden_dim_1': 132, 'hidden_dim_2': 178, 'hidden_dim_3': 148, 'hidden_dim_4': 174, 'learning_rate': 0.0003270459694058745, 'drop_out_rate_0': 0.15231986895412028, 'drop_out_rate_1': 0.4598413967360575, 'drop_out_rate_2': 0.2825236395044784, 'drop_out_rate_3': 0.16364266290231816, 'drop_out_rate_4': 0.41085544429808085}. Best is trial 0 with value: 0.508.
[I 2026-08-27 02:25:35,918] Trial 1 finished with value: 0.508 and parameters: {'num_layer': 9, 'hidden_dim_0': 129, 'hidden_dim_1': 209, 'hidden_dim_2': 127, 'hidden_dim_3': 201, 'hidden_dim_4': 147, 'hidden_dim_5': 35, 'hidden_dim_6': 189, 'hidden_dim_7': 197, 'hidden_dim_8': 32, 'learning_rate': 0.005547163070867311, 'drop_out_rate_0': 0.13811690518392555, 'drop_out_rate_1': 0.15996250092128245, 'drop_out_rate_2': 0.31274373257485905, 'drop_out_rate_3': 0.12514928618274498, 'drop_out_rate_4': 0.3181818121846849, 'drop_out_rate_5': 0.11040018960656527, 'drop_out_rate_6': 0.22453684375075908, 'drop_out_rate_7': 0.33488201639103743, 'drop_out_rate_8': 0.25809532574663235}. Best is trial 0 with value: 0.508.
[I 2026-08-27 02:25:45,292] Trial 2 finished with value: 0.5 and parameters: {'num_layer': 4, 'hidden_dim_0': 27, 'hidden_dim_1': 246, 'hidden_dim_2': 144, 'hidden_dim_3': 54, 'learning_rate': 0.00436273344700342, 'drop_out_rate_0': 0.32369034465412827, 'drop_out_rate_1': 0.17131973835826203, 'drop_out_rate_2': 0.22614558425803508, 'drop_out_rate_3': 0.2353408030175809}. Best is trial 0 with value: 0.508.
[I 2026-08-27 02:25:56,290] Trial 3 finished with value: 0.504 and parameters: {'num_layer': 3, 'hidden_dim_0': 195, 'hidden_dim_1': 116, 'hidden_dim_2': 181, 'learning_rate': 0.002407942712694041, 'drop_out_rate_0': 0.46931326253167893, 'drop_out_rate_1': 0.23900272982030943, 'drop_out_rate_2': 0.2751287999426457}. Best is trial 0 with value: 0.508.
[I 2026-08-27 02:26:11,649] Trial 4 finished with value: 0.499 and parameters: {'num_layer': 6, 'hidden_dim_0': 108, 'hidden_dim_1': 136, 'hidden_dim_2': 141, 'hidden_dim_3': 100, 'hidden_dim_4': 38, 'hidden_dim_5': 186, 'learning_rate': 0.000245440133229991, 'drop_out_rate_0': 0.25762625954525964, 'drop_out_rate_1': 0.22637823227535991, 'drop_out_rate_2': 0.4949725700303276, 'drop_out_rate_3': 0.3316000994626084, 'drop_out_rate_4': 0.36518871522046004, 'drop_out_rate_5': 0.41904806820818385}. Best is trial 0 with value: 0.508.
[I 2026-08-27 02:26:23,157] Trial 5 finished with value: 0.493 and parameters: {'num_layer': 7, 'hidden_dim_0': 109, 'hidden_dim_1': 93, 'hidden_dim_2': 192, 'hidden_dim_3': 149, 'hidden_dim_4': 195, 'hidden_dim_5': 197, 'hidden_dim_6': 157, 'learning_rate': 0.00029506833359311624, 'drop_out_rate_0': 0.44294513454003537, 'drop_out_rate_1': 0.24768002640886297, 'drop_out_rate_2': 0.4000851180138745, 'drop_out_rate_3': 0.38178453765258635, 'drop_out_rate_4': 0.4318667858687507, 'drop_out_rate_5': 0.13279625254283914, 'drop_out_rate_6': 0.32039477536104055}. Best is trial 0 with value: 0.508.
[I 2026-08-27 02:26:30,205] Trial 6 finished with value: 0.5 and parameters: {'num_layer': 6, 'hidden_dim_0': 252, 'hidden_dim_1': 123, 'hidden_dim_2': 243, 'hidden_dim_3': 148, 'hidden_dim_4': 22, 'hidden_dim_5': 106, 'learning_rate': 0.0004835958204438972, 'drop_out_rate_0': 0.10640800533371203, 'drop_out_rate_1': 0.16507625005971988, 'drop_out_rate_2': 0.22380422358646737, 'drop_out_rate_3': 0.2479976731611065, 'drop_out_rate_4': 0.4134700898526872, 'drop_out_rate_5': 0.24518162065805102}. Best is trial 0 with value: 0.508.
[I 2026-08-27 02:26:32,559] Trial 7 finished with value: 0.511 and parameters: {'num_layer': 12, 'hidden_dim_0': 156, 'hidden_dim_1': 63, 'hidden_dim_2': 110, 'hidden_dim_3': 60, 'hidden_dim_4': 236, 'hidden_dim_5': 38, 'hidden_dim_6': 152, 'hidden_dim_7': 201, 'hidden_dim_8': 104, 'hidden_dim_9': 16, 'hidden_dim_10': 77, 'hidden_dim_11': 40, 'learning_rate': 1.060121476004142e-05, 'drop_out_rate_0': 0.47425615903041174, 'drop_out_rate_1': 0.4265468820855891, 'drop_out_rate_2': 0.2950335234893138, 'drop_out_rate_3': 0.4420209747687258, 'drop_out_rate_4': 0.49810108424284216, 'drop_out_rate_5': 0.44669079988831106, 'drop_out_rate_6': 0.34674986703883137, 'drop_out_rate_7': 0.3886094009863529, 'drop_out_rate_8': 0.4363569191440698, 'drop_out_rate_9': 0.11135329210011316, 'drop_out_rate_10': 0.28852089510335666, 'drop_out_rate_11': 0.3901608044216609}. Best is trial 7 with value: 0.511.
[I 2026-08-27 02:26:36,619] Trial 8 finished with value: 0.503 and parameters: {'num_layer': 13, 'hidden_dim_0': 97, 'hidden_dim_1': 211, 'hidden_dim_2': 217, 'hidden_dim_3': 233, 'hidden_dim_4': 224, 'hidden_dim_5': 161, 'hidden_dim_6': 136, 'hidden_dim_7': 24, 'hidden_dim_8': 73, 'hidden_dim_9': 196, 'hidden_dim_10': 219, 'hidden_dim_11': 140, 'hidden_dim_12': 236, 'learning_rate': 0.004033261441221044, 'drop_out_rate_0': 0.21740227441913232, 'drop_out_rate_1': 0.36274788704929284, 'drop_out_rate_2': 0.364226032551062, 'drop_out_rate_3': 0.2229900512413238, 'drop_out_rate_4': 0.4664747521799196, 'drop_out_rate_5': 0.14738251443116904, 'drop_out_rate_6': 0.4123096031427126, 'drop_out_rate_7': 0.1803944942143089, 'drop_out_rate_8': 0.18552604519033067, 'drop_out_rate_9': 0.2078297789594828, 'drop_out_rate_10': 0.3470520431979701, 'drop_out_rate_11': 0.31240968724725016, 'drop_out_rate_12': 0.1782403021568164}. Best is trial 7 with value: 0.511.
[I 2026-08-27 02:26:40,359] Trial 9 finished with value: 0.47 and parameters: {'num_layer': 8, 'hidden_dim_0': 179, 'hidden_dim_1': 44, 'hidden_dim_2': 207, 'hidden_dim_3': 157, 'hidden_dim_4': 208, 'hidden_dim_5': 35, 'hidden_dim_6': 131, 'hidden_dim_7': 84, 'learning_rate': 1.3045999511777184e-05, 'drop_out_rate_0': 0.4658472514801114, 'drop_out_rate_1': 0.36433774481070813, 'drop_out_rate_2': 0.11645938418089843, 'drop_out_rate_3': 0.4549860995727587, 'drop_out_rate_4': 0.29078009128224014, 'drop_out_rate_5': 0.31983289970123574, 'drop_out_rate_6': 0.4425849896665991, 'drop_out_rate_7': 0.2077274926896506}. Best is trial 7 with value: 0.511.
[I 2026-08-27 02:27:05,952] A new study created in memory with name: no-name-a23b94b8-42e8-4c8d-a8c3-3cfbd26c0374
[I 2026-08-27 02:30:39,758] Trial 0 finished with value: 0.523 and parameters: {'num_layer': 7, 'hidden_dim_0': 158, 'hidden_dim_1': 163, 'hidden_dim_2': 148, 'hidden_dim_3': 247, 'hidden_dim_4': 194, 'hidden_dim_5': 249, 'hidden_dim_6': 168, 'learning_rate': 0.00010534704408734423, 'drop_out_rate_0': 0.26258174929070305, 'drop_out_rate_1': 0.13181501336560558, 'drop_out_rate_2': 0.373356145787486, 'drop_out_rate_3': 0.4919665700919973, 'drop_out_rate_4': 0.4679056294758773, 'drop_out_rate_5': 0.3741258711637402, 'drop_out_rate_6': 0.3172566687873837}. Best is trial 0 with value: 0.523.
[I 2026-08-27 02:31:35,749] Trial 1 finished with value: 0.508 and parameters: {'num_layer': 18, 'hidden_dim_0': 149, 'hidden_dim_1': 173, 'hidden_dim_2': 166, 'hidden_dim_3': 145, 'hidden_dim_4': 207, 'hidden_dim_5': 134, 'hidden_dim_6': 193, 'hidden_dim_7': 228, 'hidden_dim_8': 61, 'hidden_dim_9': 18, 'hidden_dim_10': 181, 'hidden_dim_11': 47, 'hidden_dim_12': 208, 'hidden_dim_13': 130, 'hidden_dim_14': 66, 'hidden_dim_15': 84, 'hidden_dim_16': 234, 'hidden_dim_17': 156, 'learning_rate': 0.00019497350272468675, 'drop_out_rate_0': 0.20848060535465995, 'drop_out_rate_1': 0.2129332200757583, 'drop_out_rate_2': 0.3589533131735647, 'drop_out_rate_3': 0.11893541610580383, 'drop_out_rate_4': 0.12390909315098275, 'drop_out_rate_5': 0.21523688724536735, 'drop_out_rate_6': 0.23721905591913145, 'drop_out_rate_7': 0.2616968941914871, 'drop_out_rate_8': 0.3829644151383508, 'drop_out_rate_9': 0.3596157774866492, 'drop_out_rate_10': 0.3092064030644519, 'drop_out_rate_11': 0.4616134014656402, 'drop_out_rate_12': 0.3247755339708317, 'drop_out_rate_13': 0.3059166800253138, 'drop_out_rate_14': 0.10876167624256348, 'drop_out_rate_15': 0.4156209838706951, 'drop_out_rate_16': 0.389245396659894, 'drop_out_rate_17': 0.42376690019953445}. Best is trial 0 with value: 0.523.
[I 2026-08-27 02:32:44,456] Trial 2 finished with value: 0.5 and parameters: {'num_layer': 6, 'hidden_dim_0': 195, 'hidden_dim_1': 81, 'hidden_dim_2': 26, 'hidden_dim_3': 180, 'hidden_dim_4': 99, 'hidden_dim_5': 145, 'learning_rate': 0.009310137279266845, 'drop_out_rate_0': 0.43333945895658976, 'drop_out_rate_1': 0.12173091935234126, 'drop_out_rate_2': 0.13961222007600155, 'drop_out_rate_3': 0.49968982294461683, 'drop_out_rate_4': 0.3308783232325297, 'drop_out_rate_5': 0.22153789976998725}. Best is trial 0 with value: 0.523.
[I 2026-08-27 02:34:42,632] Trial 3 finished with value: 0.519 and parameters: {'num_layer': 7, 'hidden_dim_0': 152, 'hidden_dim_1': 176, 'hidden_dim_2': 198, 'hidden_dim_3': 43, 'hidden_dim_4': 25, 'hidden_dim_5': 114, 'hidden_dim_6': 109, 'learning_rate': 0.0007610115749040646, 'drop_out_rate_0': 0.3590123339357656, 'drop_out_rate_1': 0.1322497503234244, 'drop_out_rate_2': 0.4173684588881773, 'drop_out_rate_3': 0.31095120552490507, 'drop_out_rate_4': 0.15251612458678077, 'drop_out_rate_5': 0.47359543704465257, 'drop_out_rate_6': 0.24191148953251798}. Best is trial 0 with value: 0.523.
[I 2026-08-27 02:40:43,610] Trial 4 finished with value: 0.505 and parameters: {'num_layer': 4, 'hidden_dim_0': 149, 'hidden_dim_1': 113, 'hidden_dim_2': 187, 'hidden_dim_3': 30, 'learning_rate': 1.1389456924083748e-05, 'drop_out_rate_0': 0.35702653119682337, 'drop_out_rate_1': 0.20639840312277996, 'drop_out_rate_2': 0.4763849697108936, 'drop_out_rate_3': 0.4068750988986428}. Best is trial 0 with value: 0.523.
[I 2026-08-27 02:46:46,415] Trial 5 finished with value: 0.525 and parameters: {'num_layer': 3, 'hidden_dim_0': 154, 'hidden_dim_1': 224, 'hidden_dim_2': 45, 'learning_rate': 4.954724995961012e-05, 'drop_out_rate_0': 0.40973481385003485, 'drop_out_rate_1': 0.41115307124661027, 'drop_out_rate_2': 0.21123675222851204}. Best is trial 5 with value: 0.525.
[I 2026-08-27 02:48:59,182] Trial 6 finished with value: 0.51 and parameters: {'num_layer': 7, 'hidden_dim_0': 29, 'hidden_dim_1': 226, 'hidden_dim_2': 196, 'hidden_dim_3': 139, 'hidden_dim_4': 256, 'hidden_dim_5': 242, 'hidden_dim_6': 124, 'learning_rate': 1.705924903754452e-05, 'drop_out_rate_0': 0.42941690220005135, 'drop_out_rate_1': 0.3987248906011933, 'drop_out_rate_2': 0.4529621914180013, 'drop_out_rate_3': 0.31891255901847326, 'drop_out_rate_4': 0.49626163124486145, 'drop_out_rate_5': 0.3005082547648926, 'drop_out_rate_6': 0.3863769067278465}. Best is trial 5 with value: 0.525.
[I 2026-08-27 02:50:29,956] Trial 7 finished with value: 0.502 and parameters: {'num_layer': 15, 'hidden_dim_0': 228, 'hidden_dim_1': 174, 'hidden_dim_2': 146, 'hidden_dim_3': 44, 'hidden_dim_4': 107, 'hidden_dim_5': 166, 'hidden_dim_6': 177, 'hidden_dim_7': 92, 'hidden_dim_8': 40, 'hidden_dim_9': 243, 'hidden_dim_10': 103, 'hidden_dim_11': 177, 'hidden_dim_12': 132, 'hidden_dim_13': 141, 'hidden_dim_14': 196, 'learning_rate': 3.728874100693201e-05, 'drop_out_rate_0': 0.44061259169733835, 'drop_out_rate_1': 0.24034959217496674, 'drop_out_rate_2': 0.49460180434903867, 'drop_out_rate_3': 0.32396818645348474, 'drop_out_rate_4': 0.3519853831062548, 'drop_out_rate_5': 0.31218490245400354, 'drop_out_rate_6': 0.33315609524207984, 'drop_out_rate_7': 0.18852441626019428, 'drop_out_rate_8': 0.32467398617726745, 'drop_out_rate_9': 0.3725754828732962, 'drop_out_rate_10': 0.2241927845447576, 'drop_out_rate_11': 0.25859491037080234, 'drop_out_rate_12': 0.3089485846619615, 'drop_out_rate_13': 0.30907095040514776, 'drop_out_rate_14': 0.21961018744211389}. Best is trial 5 with value: 0.525.
[I 2026-08-27 02:51:14,902] Trial 8 finished with value: 0.503 and parameters: {'num_layer': 9, 'hidden_dim_0': 249, 'hidden_dim_1': 186, 'hidden_dim_2': 219, 'hidden_dim_3': 52, 'hidden_dim_4': 157, 'hidden_dim_5': 112, 'hidden_dim_6': 142, 'hidden_dim_7': 191, 'hidden_dim_8': 187, 'learning_rate': 1.7950931216409257e-05, 'drop_out_rate_0': 0.18108960119507123, 'drop_out_rate_1': 0.4092242805312841, 'drop_out_rate_2': 0.2755235013914368, 'drop_out_rate_3': 0.273285421391961, 'drop_out_rate_4': 0.43865290740969465, 'drop_out_rate_5': 0.1264445894756331, 'drop_out_rate_6': 0.3926828316022546, 'drop_out_rate_7': 0.37642475185183866, 'drop_out_rate_8': 0.38170109127976926}. Best is trial 5 with value: 0.525.
