[I 2026-08-26 12:10:53,079] Trial 8 finished with value: 0.469501307976581 and parameters: {'num_nodes': 32, 'num_layers': 2, 'lr': 0.0031608337680380633, 'batch_size': 128, 'dropout': 0.0024924642938096153}. Best is trial 5 with value: 0.4893493335547897.
/home/minhn2/uiuc-kidney-failure/pkgs/experiments/logistic_hazard.py:203: FutureWarning: You are using `torch.load` with `weights_only=False` (the current default value), which uses the default pickle module implicitly. It is possible to construct malicious pickle data which will execute arbitrary code during unpickling (See https://github.com/pytorch/pytorch/blob/main/SECURITY.md#untrusted-models for more details). In a future release, the default value for `weights_only` will be flipped to `True`. This limits the functions that could be executed during unpickling. Arbitrary objects will no longer be allowed to be loaded via this mode unless they are explicitly allowlisted by the user via `torch.serialization.add_safe_globals`. We recommend you start setting `weights_only=True` for any use case where you don't have full control of the loaded file. Please open an issue on GitHub for any issues related to this experimental feature.
  saved_net = torch.load(saved_path, map_location=device)
[I 2026-08-26 12:10:54,719] Trial 9 finished with value: 0.477681351991031 and parameters: {'num_nodes': 64, 'num_layers': 3, 'lr': 0.0013289718096259396, 'batch_size': 256, 'dropout': 0.20796932374000238}. Best is trial 5 with value: 0.4893493335547897.
[I 2026-08-26 12:11:19,719] A new study created in memory with name: no-name-ae221db5-1187-44ca-b881-dc08da251468
[I 2026-08-26 12:18:18,963] Trial 0 finished with value: 0.4693310419969748 and parameters: {'num_nodes': 16, 'num_layers': 3, 'lr': 0.002959242339359006, 'batch_size': 128, 'dropout': 0.007637056638336137}. Best is trial 0 with value: 0.4693310419969748.
/home/minhn2/uiuc-kidney-failure/pkgs/experiments/logistic_hazard.py:203: FutureWarning: You are using `torch.load` with `weights_only=False` (the current default value), which uses the default pickle module implicitly. It is possible to construct malicious pickle data which will execute arbitrary code during unpickling (See https://github.com/pytorch/pytorch/blob/main/SECURITY.md#untrusted-models for more details). In a future release, the default value for `weights_only` will be flipped to `True`. This limits the functions that could be executed during unpickling. Arbitrary objects will no longer be allowed to be loaded via this mode unless they are explicitly allowlisted by the user via `torch.serialization.add_safe_globals`. We recommend you start setting `weights_only=True` for any use case where you don't have full control of the loaded file. Please open an issue on GitHub for any issues related to this experimental feature.
  saved_net = torch.load(saved_path, map_location=device)
[I 2026-08-26 12:21:41,650] Trial 1 finished with value: 0.4651201352104128 and parameters: {'num_nodes': 16, 'num_layers': 2, 'lr': 0.00020403583773999674, 'batch_size': 32, 'dropout': 0.2662932660477842}. Best is trial 0 with value: 0.4693310419969748.
/home/minhn2/uiuc-kidney-failure/pkgs/experiments/logistic_hazard.py:203: FutureWarning: You are using `torch.load` with `weights_only=False` (the current default value), which uses the default pickle module implicitly. It is possible to construct malicious pickle data which will execute arbitrary code during unpickling (See https://github.com/pytorch/pytorch/blob/main/SECURITY.md#untrusted-models for more details). In a future release, the default value for `weights_only` will be flipped to `True`. This limits the functions that could be executed during unpickling. Arbitrary objects will no longer be allowed to be loaded via this mode unless they are explicitly allowlisted by the user via `torch.serialization.add_safe_globals`. We recommend you start setting `weights_only=True` for any use case where you don't have full control of the loaded file. Please open an issue on GitHub for any issues related to this experimental feature.
  saved_net = torch.load(saved_path, map_location=device)
[I 2026-08-26 12:23:45,816] Trial 2 finished with value: 0.4655779649280421 and parameters: {'num_nodes': 128, 'num_layers': 2, 'lr': 0.00019315640242927785, 'batch_size': 64, 'dropout': 0.4695182980515408}. Best is trial 0 with value: 0.4693310419969748.
/home/minhn2/uiuc-kidney-failure/pkgs/experiments/logistic_hazard.py:203: FutureWarning: You are using `torch.load` with `weights_only=False` (the current default value), which uses the default pickle module implicitly. It is possible to construct malicious pickle data which will execute arbitrary code during unpickling (See https://github.com/pytorch/pytorch/blob/main/SECURITY.md#untrusted-models for more details). In a future release, the default value for `weights_only` will be flipped to `True`. This limits the functions that could be executed during unpickling. Arbitrary objects will no longer be allowed to be loaded via this mode unless they are explicitly allowlisted by the user via `torch.serialization.add_safe_globals`. We recommend you start setting `weights_only=True` for any use case where you don't have full control of the loaded file. Please open an issue on GitHub for any issues related to this experimental feature.
  saved_net = torch.load(saved_path, map_location=device)
[I 2026-08-26 12:25:32,485] Trial 3 finished with value: 0.4808907384908591 and parameters: {'num_nodes': 64, 'num_layers': 1, 'lr': 0.021125815371141516, 'batch_size': 64, 'dropout': 0.18017140797920145}. Best is trial 3 with value: 0.4808907384908591.
/home/minhn2/uiuc-kidney-failure/pkgs/experiments/logistic_hazard.py:203: FutureWarning: You are using `torch.load` with `weights_only=False` (the current default value), which uses the default pickle module implicitly. It is possible to construct malicious pickle data which will execute arbitrary code during unpickling (See https://github.com/pytorch/pytorch/blob/main/SECURITY.md#untrusted-models for more details). In a future release, the default value for `weights_only` will be flipped to `True`. This limits the functions that could be executed during unpickling. Arbitrary objects will no longer be allowed to be loaded via this mode unless they are explicitly allowlisted by the user via `torch.serialization.add_safe_globals`. We recommend you start setting `weights_only=True` for any use case where you don't have full control of the loaded file. Please open an issue on GitHub for any issues related to this experimental feature.
  saved_net = torch.load(saved_path, map_location=device)
[I 2026-08-26 12:29:04,221] Trial 4 finished with value: 0.46510734450546715 and parameters: {'num_nodes': 32, 'num_layers': 1, 'lr': 0.006346183455384274, 'batch_size': 256, 'dropout': 0.1300271408829285}. Best is trial 3 with value: 0.4808907384908591.
/home/minhn2/uiuc-kidney-failure/pkgs/experiments/logistic_hazard.py:203: FutureWarning: You are using `torch.load` with `weights_only=False` (the current default value), which uses the default pickle module implicitly. It is possible to construct malicious pickle data which will execute arbitrary code during unpickling (See https://github.com/pytorch/pytorch/blob/main/SECURITY.md#untrusted-models for more details). In a future release, the default value for `weights_only` will be flipped to `True`. This limits the functions that could be executed during unpickling. Arbitrary objects will no longer be allowed to be loaded via this mode unless they are explicitly allowlisted by the user via `torch.serialization.add_safe_globals`. We recommend you start setting `weights_only=True` for any use case where you don't have full control of the loaded file. Please open an issue on GitHub for any issues related to this experimental feature.
  saved_net = torch.load(saved_path, map_location=device)
[I 2026-08-26 12:31:21,053] Trial 5 finished with value: 0.4644001348011102 and parameters: {'num_nodes': 128, 'num_layers': 3, 'lr': 0.00017860739602175888, 'batch_size': 64, 'dropout': 0.3715585019763781}. Best is trial 3 with value: 0.4808907384908591.
/home/minhn2/uiuc-kidney-failure/pkgs/experiments/logistic_hazard.py:203: FutureWarning: You are using `torch.load` with `weights_only=False` (the current default value), which uses the default pickle module implicitly. It is possible to construct malicious pickle data which will execute arbitrary code during unpickling (See https://github.com/pytorch/pytorch/blob/main/SECURITY.md#untrusted-models for more details). In a future release, the default value for `weights_only` will be flipped to `True`. This limits the functions that could be executed during unpickling. Arbitrary objects will no longer be allowed to be loaded via this mode unless they are explicitly allowlisted by the user via `torch.serialization.add_safe_globals`. We recommend you start setting `weights_only=True` for any use case where you don't have full control of the loaded file. Please open an issue on GitHub for any issues related to this experimental feature.
  saved_net = torch.load(saved_path, map_location=device)
[I 2026-08-26 12:37:38,140] Trial 6 finished with value: 0.4717859787930629 and parameters: {'num_nodes': 32, 'num_layers': 1, 'lr': 0.0912617297869002, 'batch_size': 128, 'dropout': 0.19914557330674315}. Best is trial 3 with value: 0.4808907384908591.
/home/minhn2/uiuc-kidney-failure/pkgs/experiments/logistic_hazard.py:203: FutureWarning: You are using `torch.load` with `weights_only=False` (the current default value), which uses the default pickle module implicitly. It is possible to construct malicious pickle data which will execute arbitrary code during unpickling (See https://github.com/pytorch/pytorch/blob/main/SECURITY.md#untrusted-models for more details). In a future release, the default value for `weights_only` will be flipped to `True`. This limits the functions that could be executed during unpickling. Arbitrary objects will no longer be allowed to be loaded via this mode unless they are explicitly allowlisted by the user via `torch.serialization.add_safe_globals`. We recommend you start setting `weights_only=True` for any use case where you don't have full control of the loaded file. Please open an issue on GitHub for any issues related to this experimental feature.
  saved_net = torch.load(saved_path, map_location=device)
[I 2026-08-26 12:39:26,318] Trial 7 finished with value: 0.4672537798341901 and parameters: {'num_nodes': 128, 'num_layers': 1, 'lr': 0.0021320214615076502, 'batch_size': 64, 'dropout': 0.4794197845126095}. Best is trial 3 with value: 0.4808907384908591.
/home/minhn2/uiuc-kidney-failure/pkgs/experiments/logistic_hazard.py:203: FutureWarning: You are using `torch.load` with `weights_only=False` (the current default value), which uses the default pickle module implicitly. It is possible to construct malicious pickle data which will execute arbitrary code during unpickling (See https://github.com/pytorch/pytorch/blob/main/SECURITY.md#untrusted-models for more details). In a future release, the default value for `weights_only` will be flipped to `True`. This limits the functions that could be executed during unpickling. Arbitrary objects will no longer be allowed to be loaded via this mode unless they are explicitly allowlisted by the user via `torch.serialization.add_safe_globals`. We recommend you start setting `weights_only=True` for any use case where you don't have full control of the loaded file. Please open an issue on GitHub for any issues related to this experimental feature.
  saved_net = torch.load(saved_path, map_location=device)
[I 2026-08-26 12:45:44,556] Trial 8 finished with value: 0.4704545826873597 and parameters: {'num_nodes': 64, 'num_layers': 3, 'lr': 0.008078870122027739, 'batch_size': 128, 'dropout': 0.39349654050607596}. Best is trial 3 with value: 0.4808907384908591.
/home/minhn2/uiuc-kidney-failure/pkgs/experiments/logistic_hazard.py:203: FutureWarning: You are using `torch.load` with `weights_only=False` (the current default value), which uses the default pickle module implicitly. It is possible to construct malicious pickle data which will execute arbitrary code during unpickling (See https://github.com/pytorch/pytorch/blob/main/SECURITY.md#untrusted-models for more details). In a future release, the default value for `weights_only` will be flipped to `True`. This limits the functions that could be executed during unpickling. Arbitrary objects will no longer be allowed to be loaded via this mode unless they are explicitly allowlisted by the user via `torch.serialization.add_safe_globals`. We recommend you start setting `weights_only=True` for any use case where you don't have full control of the loaded file. Please open an issue on GitHub for any issues related to this experimental feature.
  saved_net = torch.load(saved_path, map_location=device)
