Start time: Fri Aug 28 21:25:49 CDT 2026
[I 2026-08-28 21:25:56,382] A new study created in memory with name: no-name-8aa76486-5c14-4c79-ade0-257c5644e643
[I 2026-08-28 21:26:13,345] Trial 0 finished with value: 0.4511607348758552 and parameters: {'num_nodes': 16, 'num_layers': 3, 'lr': 0.004218146352556415, 'batch_size': 128, 'dropout': 0.2209861624130564}. Best is trial 0 with value: 0.4511607348758552.
/home/minhn2/uiuc-kidney-failure/pkgs/experiments/logistic_hazard.py:203: FutureWarning: You are using `torch.load` with `weights_only=False` (the current default value), which uses the default pickle module implicitly. It is possible to construct malicious pickle data which will execute arbitrary code during unpickling (See https://github.com/pytorch/pytorch/blob/main/SECURITY.md#untrusted-models for more details). In a future release, the default value for `weights_only` will be flipped to `True`. This limits the functions that could be executed during unpickling. Arbitrary objects will no longer be allowed to be loaded via this mode unless they are explicitly allowlisted by the user via `torch.serialization.add_safe_globals`. We recommend you start setting `weights_only=True` for any use case where you don't have full control of the loaded file. Please open an issue on GitHub for any issues related to this experimental feature.
  saved_net = torch.load(saved_path, map_location=device)
[I 2026-08-28 21:26:18,235] Trial 1 finished with value: 0.4716965177953724 and parameters: {'num_nodes': 128, 'num_layers': 2, 'lr': 0.03684179398988181, 'batch_size': 128, 'dropout': 0.17080059085226856}. Best is trial 1 with value: 0.4716965177953724.
/home/minhn2/uiuc-kidney-failure/pkgs/experiments/logistic_hazard.py:203: FutureWarning: You are using `torch.load` with `weights_only=False` (the current default value), which uses the default pickle module implicitly. It is possible to construct malicious pickle data which will execute arbitrary code during unpickling (See https://github.com/pytorch/pytorch/blob/main/SECURITY.md#untrusted-models for more details). In a future release, the default value for `weights_only` will be flipped to `True`. This limits the functions that could be executed during unpickling. Arbitrary objects will no longer be allowed to be loaded via this mode unless they are explicitly allowlisted by the user via `torch.serialization.add_safe_globals`. We recommend you start setting `weights_only=True` for any use case where you don't have full control of the loaded file. Please open an issue on GitHub for any issues related to this experimental feature.
  saved_net = torch.load(saved_path, map_location=device)
[I 2026-08-28 21:26:27,601] Trial 2 finished with value: 0.4694327004381582 and parameters: {'num_nodes': 128, 'num_layers': 3, 'lr': 0.022200558080529675, 'batch_size': 64, 'dropout': 0.11788666933462788}. Best is trial 1 with value: 0.4716965177953724.
/home/minhn2/uiuc-kidney-failure/pkgs/experiments/logistic_hazard.py:203: FutureWarning: You are using `torch.load` with `weights_only=False` (the current default value), which uses the default pickle module implicitly. It is possible to construct malicious pickle data which will execute arbitrary code during unpickling (See https://github.com/pytorch/pytorch/blob/main/SECURITY.md#untrusted-models for more details). In a future release, the default value for `weights_only` will be flipped to `True`. This limits the functions that could be executed during unpickling. Arbitrary objects will no longer be allowed to be loaded via this mode unless they are explicitly allowlisted by the user via `torch.serialization.add_safe_globals`. We recommend you start setting `weights_only=True` for any use case where you don't have full control of the loaded file. Please open an issue on GitHub for any issues related to this experimental feature.
  saved_net = torch.load(saved_path, map_location=device)
[I 2026-08-28 21:26:32,986] Trial 3 finished with value: 0.44800907064340073 and parameters: {'num_nodes': 16, 'num_layers': 3, 'lr': 0.009795823211785433, 'batch_size': 128, 'dropout': 0.454945727232958}. Best is trial 1 with value: 0.4716965177953724.
/home/minhn2/uiuc-kidney-failure/pkgs/experiments/logistic_hazard.py:203: FutureWarning: You are using `torch.load` with `weights_only=False` (the current default value), which uses the default pickle module implicitly. It is possible to construct malicious pickle data which will execute arbitrary code during unpickling (See https://github.com/pytorch/pytorch/blob/main/SECURITY.md#untrusted-models for more details). In a future release, the default value for `weights_only` will be flipped to `True`. This limits the functions that could be executed during unpickling. Arbitrary objects will no longer be allowed to be loaded via this mode unless they are explicitly allowlisted by the user via `torch.serialization.add_safe_globals`. We recommend you start setting `weights_only=True` for any use case where you don't have full control of the loaded file. Please open an issue on GitHub for any issues related to this experimental feature.
  saved_net = torch.load(saved_path, map_location=device)
[I 2026-08-28 21:26:36,706] Trial 4 finished with value: 0.4481935583057883 and parameters: {'num_nodes': 128, 'num_layers': 1, 'lr': 0.010809768590233599, 'batch_size': 128, 'dropout': 0.13841032709783851}. Best is trial 1 with value: 0.4716965177953724.
/home/minhn2/uiuc-kidney-failure/pkgs/experiments/logistic_hazard.py:203: FutureWarning: You are using `torch.load` with `weights_only=False` (the current default value), which uses the default pickle module implicitly. It is possible to construct malicious pickle data which will execute arbitrary code during unpickling (See https://github.com/pytorch/pytorch/blob/main/SECURITY.md#untrusted-models for more details). In a future release, the default value for `weights_only` will be flipped to `True`. This limits the functions that could be executed during unpickling. Arbitrary objects will no longer be allowed to be loaded via this mode unless they are explicitly allowlisted by the user via `torch.serialization.add_safe_globals`. We recommend you start setting `weights_only=True` for any use case where you don't have full control of the loaded file. Please open an issue on GitHub for any issues related to this experimental feature.
  saved_net = torch.load(saved_path, map_location=device)
[I 2026-08-28 21:26:41,118] Trial 5 finished with value: 0.43679760166038895 and parameters: {'num_nodes': 32, 'num_layers': 2, 'lr': 0.00020801875022127207, 'batch_size': 128, 'dropout': 0.37818523681809424}. Best is trial 1 with value: 0.4716965177953724.
/home/minhn2/uiuc-kidney-failure/pkgs/experiments/logistic_hazard.py:203: FutureWarning: You are using `torch.load` with `weights_only=False` (the current default value), which uses the default pickle module implicitly. It is possible to construct malicious pickle data which will execute arbitrary code during unpickling (See https://github.com/pytorch/pytorch/blob/main/SECURITY.md#untrusted-models for more details). In a future release, the default value for `weights_only` will be flipped to `True`. This limits the functions that could be executed during unpickling. Arbitrary objects will no longer be allowed to be loaded via this mode unless they are explicitly allowlisted by the user via `torch.serialization.add_safe_globals`. We recommend you start setting `weights_only=True` for any use case where you don't have full control of the loaded file. Please open an issue on GitHub for any issues related to this experimental feature.
  saved_net = torch.load(saved_path, map_location=device)
[I 2026-08-28 21:26:43,287] Trial 6 finished with value: 0.4490429702513644 and parameters: {'num_nodes': 64, 'num_layers': 1, 'lr': 0.0024152792777925205, 'batch_size': 256, 'dropout': 0.31905907120260607}. Best is trial 1 with value: 0.4716965177953724.
/home/minhn2/uiuc-kidney-failure/pkgs/experiments/logistic_hazard.py:203: FutureWarning: You are using `torch.load` with `weights_only=False` (the current default value), which uses the default pickle module implicitly. It is possible to construct malicious pickle data which will execute arbitrary code during unpickling (See https://github.com/pytorch/pytorch/blob/main/SECURITY.md#untrusted-models for more details). In a future release, the default value for `weights_only` will be flipped to `True`. This limits the functions that could be executed during unpickling. Arbitrary objects will no longer be allowed to be loaded via this mode unless they are explicitly allowlisted by the user via `torch.serialization.add_safe_globals`. We recommend you start setting `weights_only=True` for any use case where you don't have full control of the loaded file. Please open an issue on GitHub for any issues related to this experimental feature.
  saved_net = torch.load(saved_path, map_location=device)
[I 2026-08-28 21:26:54,921] Trial 7 finished with value: 0.45197939887770006 and parameters: {'num_nodes': 32, 'num_layers': 1, 'lr': 0.003242500786373745, 'batch_size': 32, 'dropout': 0.1099136046076657}. Best is trial 1 with value: 0.4716965177953724.
/home/minhn2/uiuc-kidney-failure/pkgs/experiments/logistic_hazard.py:203: FutureWarning: You are using `torch.load` with `weights_only=False` (the current default value), which uses the default pickle module implicitly. It is possible to construct malicious pickle data which will execute arbitrary code during unpickling (See https://github.com/pytorch/pytorch/blob/main/SECURITY.md#untrusted-models for more details). In a future release, the default value for `weights_only` will be flipped to `True`. This limits the functions that could be executed during unpickling. Arbitrary objects will no longer be allowed to be loaded via this mode unless they are explicitly allowlisted by the user via `torch.serialization.add_safe_globals`. We recommend you start setting `weights_only=True` for any use case where you don't have full control of the loaded file. Please open an issue on GitHub for any issues related to this experimental feature.
  saved_net = torch.load(saved_path, map_location=device)
[I 2026-08-28 21:27:03,144] Trial 8 finished with value: 0.4481013144745945 and parameters: {'num_nodes': 64, 'num_layers': 2, 'lr': 0.046051397701434196, 'batch_size': 64, 'dropout': 0.31229705450023065}. Best is trial 1 with value: 0.4716965177953724.
/home/minhn2/uiuc-kidney-failure/pkgs/experiments/logistic_hazard.py:203: FutureWarning: You are using `torch.load` with `weights_only=False` (the current default value), which uses the default pickle module implicitly. It is possible to construct malicious pickle data which will execute arbitrary code during unpickling (See https://github.com/pytorch/pytorch/blob/main/SECURITY.md#untrusted-models for more details). In a future release, the default value for `weights_only` will be flipped to `True`. This limits the functions that could be executed during unpickling. Arbitrary objects will no longer be allowed to be loaded via this mode unless they are explicitly allowlisted by the user via `torch.serialization.add_safe_globals`. We recommend you start setting `weights_only=True` for any use case where you don't have full control of the loaded file. Please open an issue on GitHub for any issues related to this experimental feature.
  saved_net = torch.load(saved_path, map_location=device)
[I 2026-08-28 21:27:07,505] Trial 9 finished with value: 0.45564609116765314 and parameters: {'num_nodes': 64, 'num_layers': 2, 'lr': 0.0011230891086695415, 'batch_size': 128, 'dropout': 0.3227747168687768}. Best is trial 1 with value: 0.4716965177953724.
[I 2026-08-28 21:27:07,857] A new study created in memory with name: no-name-21b5a9b0-af8e-4019-b8e2-7fc3cdeb1281
[I 2026-08-28 21:27:13,146] Trial 0 finished with value: 0.4801727359548229 and parameters: {'num_nodes': 32, 'num_layers': 1, 'lr': 0.0021196131506844495, 'batch_size': 32, 'dropout': 0.31431297950551856}. Best is trial 0 with value: 0.4801727359548229.
/home/minhn2/uiuc-kidney-failure/pkgs/experiments/logistic_hazard.py:203: FutureWarning: You are using `torch.load` with `weights_only=False` (the current default value), which uses the default pickle module implicitly. It is possible to construct malicious pickle data which will execute arbitrary code during unpickling (See https://github.com/pytorch/pytorch/blob/main/SECURITY.md#untrusted-models for more details). In a future release, the default value for `weights_only` will be flipped to `True`. This limits the functions that could be executed during unpickling. Arbitrary objects will no longer be allowed to be loaded via this mode unless they are explicitly allowlisted by the user via `torch.serialization.add_safe_globals`. We recommend you start setting `weights_only=True` for any use case where you don't have full control of the loaded file. Please open an issue on GitHub for any issues related to this experimental feature.
  saved_net = torch.load(saved_path, map_location=device)
[I 2026-08-28 21:27:14,579] Trial 1 finished with value: 0.4561724037702944 and parameters: {'num_nodes': 128, 'num_layers': 2, 'lr': 0.0005946962931990598, 'batch_size': 256, 'dropout': 0.21276959437125614}. Best is trial 0 with value: 0.4801727359548229.
/home/minhn2/uiuc-kidney-failure/pkgs/experiments/logistic_hazard.py:203: FutureWarning: You are using `torch.load` with `weights_only=False` (the current default value), which uses the default pickle module implicitly. It is possible to construct malicious pickle data which will execute arbitrary code during unpickling (See https://github.com/pytorch/pytorch/blob/main/SECURITY.md#untrusted-models for more details). In a future release, the default value for `weights_only` will be flipped to `True`. This limits the functions that could be executed during unpickling. Arbitrary objects will no longer be allowed to be loaded via this mode unless they are explicitly allowlisted by the user via `torch.serialization.add_safe_globals`. We recommend you start setting `weights_only=True` for any use case where you don't have full control of the loaded file. Please open an issue on GitHub for any issues related to this experimental feature.
  saved_net = torch.load(saved_path, map_location=device)
[I 2026-08-28 21:27:22,255] Trial 2 finished with value: 0.46605489349333556 and parameters: {'num_nodes': 128, 'num_layers': 3, 'lr': 0.002296712100371103, 'batch_size': 32, 'dropout': 0.3551376948732565}. Best is trial 0 with value: 0.4801727359548229.
/home/minhn2/uiuc-kidney-failure/pkgs/experiments/logistic_hazard.py:203: FutureWarning: You are using `torch.load` with `weights_only=False` (the current default value), which uses the default pickle module implicitly. It is possible to construct malicious pickle data which will execute arbitrary code during unpickling (See https://github.com/pytorch/pytorch/blob/main/SECURITY.md#untrusted-models for more details). In a future release, the default value for `weights_only` will be flipped to `True`. This limits the functions that could be executed during unpickling. Arbitrary objects will no longer be allowed to be loaded via this mode unless they are explicitly allowlisted by the user via `torch.serialization.add_safe_globals`. We recommend you start setting `weights_only=True` for any use case where you don't have full control of the loaded file. Please open an issue on GitHub for any issues related to this experimental feature.
  saved_net = torch.load(saved_path, map_location=device)
[I 2026-08-28 21:27:28,878] Trial 3 finished with value: 0.4872316571855666 and parameters: {'num_nodes': 16, 'num_layers': 2, 'lr': 0.024445215700404935, 'batch_size': 32, 'dropout': 0.24015241226218642}. Best is trial 3 with value: 0.4872316571855666.
/home/minhn2/uiuc-kidney-failure/pkgs/experiments/logistic_hazard.py:203: FutureWarning: You are using `torch.load` with `weights_only=False` (the current default value), which uses the default pickle module implicitly. It is possible to construct malicious pickle data which will execute arbitrary code during unpickling (See https://github.com/pytorch/pytorch/blob/main/SECURITY.md#untrusted-models for more details). In a future release, the default value for `weights_only` will be flipped to `True`. This limits the functions that could be executed during unpickling. Arbitrary objects will no longer be allowed to be loaded via this mode unless they are explicitly allowlisted by the user via `torch.serialization.add_safe_globals`. We recommend you start setting `weights_only=True` for any use case where you don't have full control of the loaded file. Please open an issue on GitHub for any issues related to this experimental feature.
  saved_net = torch.load(saved_path, map_location=device)
[I 2026-08-28 21:27:30,605] Trial 4 finished with value: 0.4511481127766474 and parameters: {'num_nodes': 128, 'num_layers': 1, 'lr': 0.0005854287822112969, 'batch_size': 128, 'dropout': 0.0945441735938019}. Best is trial 3 with value: 0.4872316571855666.
/home/minhn2/uiuc-kidney-failure/pkgs/experiments/logistic_hazard.py:203: FutureWarning: You are using `torch.load` with `weights_only=False` (the current default value), which uses the default pickle module implicitly. It is possible to construct malicious pickle data which will execute arbitrary code during unpickling (See https://github.com/pytorch/pytorch/blob/main/SECURITY.md#untrusted-models for more details). In a future release, the default value for `weights_only` will be flipped to `True`. This limits the functions that could be executed during unpickling. Arbitrary objects will no longer be allowed to be loaded via this mode unless they are explicitly allowlisted by the user via `torch.serialization.add_safe_globals`. We recommend you start setting `weights_only=True` for any use case where you don't have full control of the loaded file. Please open an issue on GitHub for any issues related to this experimental feature.
  saved_net = torch.load(saved_path, map_location=device)
[I 2026-08-28 21:27:31,715] Trial 5 finished with value: 0.4633143711331645 and parameters: {'num_nodes': 128, 'num_layers': 1, 'lr': 0.0016121003047039077, 'batch_size': 256, 'dropout': 0.06644027627394755}. Best is trial 3 with value: 0.4872316571855666.
/home/minhn2/uiuc-kidney-failure/pkgs/experiments/logistic_hazard.py:203: FutureWarning: You are using `torch.load` with `weights_only=False` (the current default value), which uses the default pickle module implicitly. It is possible to construct malicious pickle data which will execute arbitrary code during unpickling (See https://github.com/pytorch/pytorch/blob/main/SECURITY.md#untrusted-models for more details). In a future release, the default value for `weights_only` will be flipped to `True`. This limits the functions that could be executed during unpickling. Arbitrary objects will no longer be allowed to be loaded via this mode unless they are explicitly allowlisted by the user via `torch.serialization.add_safe_globals`. We recommend you start setting `weights_only=True` for any use case where you don't have full control of the loaded file. Please open an issue on GitHub for any issues related to this experimental feature.
  saved_net = torch.load(saved_path, map_location=device)
[I 2026-08-28 21:27:36,436] Trial 6 finished with value: 0.4557156500435992 and parameters: {'num_nodes': 16, 'num_layers': 3, 'lr': 0.00023885087945776554, 'batch_size': 64, 'dropout': 0.22511510862507556}. Best is trial 3 with value: 0.4872316571855666.
/home/minhn2/uiuc-kidney-failure/pkgs/experiments/logistic_hazard.py:203: FutureWarning: You are using `torch.load` with `weights_only=False` (the current default value), which uses the default pickle module implicitly. It is possible to construct malicious pickle data which will execute arbitrary code during unpickling (See https://github.com/pytorch/pytorch/blob/main/SECURITY.md#untrusted-models for more details). In a future release, the default value for `weights_only` will be flipped to `True`. This limits the functions that could be executed during unpickling. Arbitrary objects will no longer be allowed to be loaded via this mode unless they are explicitly allowlisted by the user via `torch.serialization.add_safe_globals`. We recommend you start setting `weights_only=True` for any use case where you don't have full control of the loaded file. Please open an issue on GitHub for any issues related to this experimental feature.
  saved_net = torch.load(saved_path, map_location=device)
[I 2026-08-28 21:27:40,751] Trial 7 finished with value: 0.4586222646680231 and parameters: {'num_nodes': 128, 'num_layers': 3, 'lr': 0.0005825177222415108, 'batch_size': 64, 'dropout': 0.37264708142038394}. Best is trial 3 with value: 0.4872316571855666.
/home/minhn2/uiuc-kidney-failure/pkgs/experiments/logistic_hazard.py:203: FutureWarning: You are using `torch.load` with `weights_only=False` (the current default value), which uses the default pickle module implicitly. It is possible to construct malicious pickle data which will execute arbitrary code during unpickling (See https://github.com/pytorch/pytorch/blob/main/SECURITY.md#untrusted-models for more details). In a future release, the default value for `weights_only` will be flipped to `True`. This limits the functions that could be executed during unpickling. Arbitrary objects will no longer be allowed to be loaded via this mode unless they are explicitly allowlisted by the user via `torch.serialization.add_safe_globals`. We recommend you start setting `weights_only=True` for any use case where you don't have full control of the loaded file. Please open an issue on GitHub for any issues related to this experimental feature.
  saved_net = torch.load(saved_path, map_location=device)
