[I 2026-08-29 20:07:21,585] Trial 9 finished with value: 0.523 and parameters: {'num_layer': 18, 'hidden_dim_0': 163, 'hidden_dim_1': 182, 'hidden_dim_2': 190, 'hidden_dim_3': 105, 'hidden_dim_4': 240, 'hidden_dim_5': 220, 'hidden_dim_6': 145, 'hidden_dim_7': 87, 'hidden_dim_8': 237, 'hidden_dim_9': 83, 'hidden_dim_10': 63, 'hidden_dim_11': 59, 'hidden_dim_12': 138, 'hidden_dim_13': 133, 'hidden_dim_14': 151, 'hidden_dim_15': 212, 'hidden_dim_16': 197, 'hidden_dim_17': 159, 'learning_rate': 0.000340402618311232, 'drop_out_rate_0': 0.26766536345787995, 'drop_out_rate_1': 0.15268332742401838, 'drop_out_rate_2': 0.29901046319980273, 'drop_out_rate_3': 0.18348720638499214, 'drop_out_rate_4': 0.3121212899980442, 'drop_out_rate_5': 0.45143050068247714, 'drop_out_rate_6': 0.14938629633489697, 'drop_out_rate_7': 0.18913209286584587, 'drop_out_rate_8': 0.22644708247546486, 'drop_out_rate_9': 0.403209490178968, 'drop_out_rate_10': 0.2747412187724312, 'drop_out_rate_11': 0.29452377520962125, 'drop_out_rate_12': 0.3518772706472333, 'drop_out_rate_13': 0.3310614517629885, 'drop_out_rate_14': 0.154951061200284, 'drop_out_rate_15': 0.4934596416790088, 'drop_out_rate_16': 0.21325597637547902, 'drop_out_rate_17': 0.3620216997303859}. Best is trial 1 with value: 0.526.
Using GPU: cuda:6 (utilization=10%, free_mem=44905MiB)
Train data path /home/minhn2/uiuc-kidney-failure/generated_data/rep5/egfr_ti_train_data.csv
Test data path /home/minhn2/uiuc-kidney-failure/generated_data/rep5/egfr_ti_test_data.csv
Number of patients: test 6841 and train 27361
Number of records: test 6841 and train 27361
Loading from saved weights
C-Index on Test Data: 0.478
Integrated Brier Score Test: 0.55
Risk scores shape: (6841,)
First 10 risk scores: [2.025356  2.0668397 2.0475247 2.043951  2.0384996 2.0575402 2.0864706
 2.0454817 2.0536973 2.0822566]
y_train shape: (27361,)
y_test shape: (6841,)
Mean AUC: 0.465

Running FOUR_FEATURES DeepSurv model evaluation...
Using GPU: cuda:6 (utilization=6%, free_mem=43901MiB)
Train data path /home/minhn2/uiuc-kidney-failure/generated_data/rep5/four_features_train_data.csv
Test data path /home/minhn2/uiuc-kidney-failure/generated_data/rep5/four_features_test_data.csv
Number of patients: test 562 and train 2247
Number of records: test 5511 and train 21318
get_last_observation_data(ExperimentScenario.FOUR_FEATURES): train 21318 rows/2247 subjects -> 2247 rows; test 5511 rows/562 subjects -> 562 rows
Loading from saved weights
C-Index on Test Data: 0.551
Warning: Could not compute Brier Score: time must be smaller than largest observed time point: 4216.413194444444
Mean AUC: 0.562

Running EIGHT_FEATURES DeepSurv model evaluation...
Using GPU: cuda:6 (utilization=7%, free_mem=43901MiB)
Train data path /home/minhn2/uiuc-kidney-failure/generated_data/rep5/eight_features_train_data.csv
Test data path /home/minhn2/uiuc-kidney-failure/generated_data/rep5/eight_features_test_data.csv
Number of patients: test 243 and train 970
Number of records: test 1100 and train 4307
get_last_observation_data(ExperimentScenario.EIGHT_FEATURES): train 4307 rows/970 subjects -> 970 rows; test 1100 rows/243 subjects -> 243 rows
Running Optuna hyperparameter optimization
Using GPU: cuda:6 (utilization=7%, free_mem=43901MiB)
Epoch 1/50
Average Loss: 936.3453674316406
Epoch 2/50
Average Loss: 936.7590484619141
Patience Counter: 1
Epoch 3/50
Average Loss: 937.3831024169922
Patience Counter: 2
Epoch 4/50
Average Loss: 936.1458435058594
Epoch 5/50
Average Loss: 936.4461517333984
Patience Counter: 1
Epoch 6/50
Average Loss: 937.0531158447266
Patience Counter: 2
Epoch 7/50
Average Loss: 937.4054260253906
Patience Counter: 3
Epoch 8/50
Average Loss: 937.1888275146484
Patience Counter: 4
Epoch 9/50
Average Loss: 937.0414886474609
Patience Counter: 5
Early stopping triggered
C-Index Data: 0.493
No existing model found, saving current model with C-index: 0.4930
Using GPU: cuda:5 (utilization=36%, free_mem=40913MiB)
Epoch 1/50
Average Loss: 937.1178894042969
Epoch 2/50
Average Loss: 936.1593933105469
Epoch 3/50
Average Loss: 936.3810272216797
Patience Counter: 1
Epoch 4/50
Average Loss: 937.0102386474609
Patience Counter: 2
Epoch 5/50
Average Loss: 936.7767944335938
Patience Counter: 3
Epoch 6/50
Average Loss: 936.0586395263672
Epoch 7/50
Average Loss: 936.9882354736328
Patience Counter: 1
Epoch 8/50
Average Loss: 937.3927612304688
Patience Counter: 2
Epoch 9/50
Average Loss: 937.3800811767578
Patience Counter: 3
Epoch 10/50
Average Loss: 936.3329010009766
Patience Counter: 4
Epoch 11/50
Average Loss: 936.2492370605469
Patience Counter: 5
Early stopping triggered
C-Index Data: 0.502
C-Index Data: 0.493
Current trial C-index: 0.5020, Previously saved model C-index: 0.4930
Current model performs better, saving it...
Using GPU: cuda:5 (utilization=26%, free_mem=40472MiB)
Epoch 1/50
Average Loss: 944.5342407226562
Epoch 2/50
Average Loss: 937.0547332763672
Epoch 3/50
Average Loss: 937.6003570556641
Patience Counter: 1
Epoch 4/50
Average Loss: 937.7085266113281
Patience Counter: 2
Epoch 5/50
Average Loss: 935.1986541748047
Epoch 6/50
Average Loss: 936.6316528320312
Patience Counter: 1
Epoch 7/50
Average Loss: 937.5436859130859
Patience Counter: 2
Epoch 8/50
Average Loss: 938.1699523925781
Patience Counter: 3
Epoch 9/50
Average Loss: 936.7427368164062
Patience Counter: 4
Epoch 10/50
Average Loss: 937.8242645263672
Patience Counter: 5
Early stopping triggered
C-Index Data: 0.5
C-Index Data: 0.502
Current trial C-index: 0.5000, Previously saved model C-index: 0.5020
Using GPU: cuda:5 (utilization=18%, free_mem=40470MiB)
Epoch 1/50
Average Loss: 936.7952117919922
Epoch 2/50
Average Loss: 937.500732421875
Patience Counter: 1
Epoch 3/50
Average Loss: 936.175048828125
Epoch 4/50
Average Loss: 936.9952545166016
Patience Counter: 1
Epoch 5/50
Average Loss: 937.0796661376953
Patience Counter: 2
Epoch 6/50
Average Loss: 936.5722961425781
Patience Counter: 3
Epoch 7/50
Average Loss: 937.0224456787109
Patience Counter: 4
Epoch 8/50
Average Loss: 936.8667449951172
Patience Counter: 5
Early stopping triggered
C-Index Data: 0.528
C-Index Data: 0.502
Current trial C-index: 0.5280, Previously saved model C-index: 0.5020
Current model performs better, saving it...
Using GPU: cuda:6 (utilization=43%, free_mem=43871MiB)
Epoch 1/50
Average Loss: 10597.487548828125
Epoch 2/50
Average Loss: 5446.9200439453125
Epoch 3/50
Average Loss: 5239.1314697265625
Epoch 4/50
Average Loss: 3944.4388427734375
Epoch 5/50
Average Loss: 2404.8587341308594
Epoch 6/50
Average Loss: 1910.1086120605469
Epoch 7/50
Average Loss: 1800.92578125
Epoch 8/50
Average Loss: 1796.1058959960938
Epoch 9/50
Average Loss: 1717.6614685058594
Epoch 10/50
Average Loss: 1332.4226837158203
Epoch 11/50
Average Loss: 1094.5310821533203
Epoch 12/50
Average Loss: 1013.4434051513672
Epoch 13/50
Average Loss: 993.3919525146484
Epoch 14/50
Average Loss: 961.5488433837891
Epoch 15/50
Average Loss: 964.662353515625
Patience Counter: 1
Epoch 16/50
Average Loss: 947.7344360351562
Epoch 17/50
Average Loss: 941.3578948974609
Epoch 18/50
Average Loss: 941.4202728271484
Patience Counter: 1
Epoch 19/50
Average Loss: 942.9293212890625
Patience Counter: 2
Epoch 20/50
Average Loss: 938.8234405517578
Epoch 21/50
Average Loss: 951.8921203613281
Patience Counter: 1
Epoch 22/50
Average Loss: 942.7526550292969
Patience Counter: 2
Epoch 23/50
Average Loss: 937.1155090332031
Epoch 24/50
Average Loss: 941.7172088623047
Patience Counter: 1
Epoch 25/50
Average Loss: 937.5946960449219
Patience Counter: 2
Epoch 26/50
Average Loss: 938.7471008300781
Patience Counter: 3
Epoch 27/50
Average Loss: 936.9437255859375
Epoch 28/50
Average Loss: 940.4685821533203
Patience Counter: 1
Epoch 29/50
Average Loss: 938.6754608154297
Patience Counter: 2
Epoch 30/50
Average Loss: 936.898681640625
Epoch 31/50
Average Loss: 936.0840606689453
Epoch 32/50
Average Loss: 945.1734771728516
Patience Counter: 1
Epoch 33/50
Average Loss: 939.2542572021484
Patience Counter: 2
Epoch 34/50
Average Loss: 938.4240264892578
Patience Counter: 3
Epoch 35/50
Average Loss: 936.7520904541016
Patience Counter: 4
Epoch 36/50
Average Loss: 939.2150421142578
Patience Counter: 5
Early stopping triggered
C-Index Data: 0.522
C-Index Data: 0.528
Current trial C-index: 0.5220, Previously saved model C-index: 0.5280
Using GPU: cuda:5 (utilization=36%, free_mem=40302MiB)
Epoch 1/50
Average Loss: 3365.302978515625
Epoch 2/50
Average Loss: 1997.858383178711
Epoch 3/50
Average Loss: 1266.4259033203125
Epoch 4/50
Average Loss: 1329.6798400878906
Patience Counter: 1
Epoch 5/50
Average Loss: 1231.0703887939453
Epoch 6/50
Average Loss: 1122.7162170410156
Epoch 7/50
Average Loss: 1133.6090850830078
Patience Counter: 1
Epoch 8/50
Average Loss: 1178.095230102539
Patience Counter: 2
Epoch 9/50
Average Loss: 990.1234893798828
Epoch 10/50
Average Loss: 1012.0296478271484
Patience Counter: 1
Epoch 11/50
Average Loss: 1025.8957214355469
Patience Counter: 2
Epoch 12/50
Average Loss: 1001.0016326904297
Patience Counter: 3
Epoch 13/50
Average Loss: 1021.1773376464844
Patience Counter: 4
Epoch 14/50
Average Loss: 984.2919006347656
Epoch 15/50
Average Loss: 986.0205383300781
Patience Counter: 1
Epoch 16/50
Average Loss: 975.1668853759766
Epoch 17/50
Average Loss: 989.5577392578125
Patience Counter: 1
Epoch 18/50
Average Loss: 966.017333984375
Epoch 19/50
Average Loss: 962.9162445068359
Epoch 20/50
Average Loss: 1057.8409576416016
Patience Counter: 1
Epoch 21/50
Average Loss: 1006.0941314697266
Patience Counter: 2
Epoch 22/50
Average Loss: 967.8873138427734
Patience Counter: 3
Epoch 23/50
Average Loss: 987.9431915283203
Patience Counter: 4
Epoch 24/50
Average Loss: 998.8588562011719
Patience Counter: 5
Early stopping triggered
C-Index Data: 0.526
C-Index Data: 0.528
Current trial C-index: 0.5260, Previously saved model C-index: 0.5280
Using GPU: cuda:5 (utilization=22%, free_mem=40302MiB)
Epoch 1/50
Average Loss: 57693.361572265625
Epoch 2/50
Average Loss: 9730.22705078125
Epoch 3/50
Average Loss: 15275.962158203125
Patience Counter: 1
Epoch 4/50
Average Loss: 10905.407958984375
Patience Counter: 2
Epoch 5/50
Average Loss: 9153.098388671875
Epoch 6/50
Average Loss: 4915.381286621094
Epoch 7/50
Average Loss: 2871.0704345703125
Epoch 8/50
Average Loss: 3008.0724487304688
Patience Counter: 1
Epoch 9/50
Average Loss: 4517.527069091797
Patience Counter: 2
Epoch 10/50
Average Loss: 3497.630584716797
Patience Counter: 3
Epoch 11/50
Average Loss: 2155.2948303222656
Epoch 12/50
Average Loss: 1989.6912536621094
Epoch 13/50
Average Loss: 3459.1856994628906
Patience Counter: 1
Epoch 14/50
Average Loss: 1691.8531799316406
Epoch 15/50
Average Loss: 1864.7247619628906
Patience Counter: 1
Epoch 16/50
Average Loss: 1331.8077850341797
Epoch 17/50
Average Loss: 1179.1058959960938
Epoch 18/50
Average Loss: 1162.2211303710938
Epoch 19/50
Average Loss: 1026.2745208740234
Epoch 20/50
Average Loss: 986.7329864501953
Epoch 21/50
Average Loss: 1009.727294921875
Patience Counter: 1
Epoch 22/50
Average Loss: 965.2748565673828
Epoch 23/50
Average Loss: 953.154052734375
Epoch 24/50
Average Loss: 948.8111114501953
Epoch 25/50
Average Loss: 956.7340393066406
Patience Counter: 1
Epoch 26/50
Average Loss: 943.3607635498047
Epoch 27/50
Average Loss: 948.5400238037109
Patience Counter: 1
Epoch 28/50
Average Loss: 946.6528167724609
Patience Counter: 2
Epoch 29/50
Average Loss: 946.1177368164062
Patience Counter: 3
Epoch 30/50
Average Loss: 950.0224151611328
Patience Counter: 4
Epoch 31/50
Average Loss: 942.92138671875
Epoch 32/50
Average Loss: 941.8717041015625
Epoch 33/50
Average Loss: 942.9098663330078
Patience Counter: 1
Epoch 34/50
Average Loss: 941.6500701904297
Epoch 35/50
Average Loss: 944.8456878662109
Patience Counter: 1
Epoch 36/50
Average Loss: 943.2509155273438
Patience Counter: 2
Epoch 37/50
Average Loss: 947.1331634521484
Patience Counter: 3
Epoch 38/50
Average Loss: 941.9783325195312
Patience Counter: 4
Epoch 39/50
Average Loss: 938.8984222412109
Epoch 40/50
Average Loss: 947.8765716552734
Patience Counter: 1
Epoch 41/50
Average Loss: 936.8404998779297
Epoch 42/50
Average Loss: 938.2113952636719
Patience Counter: 1
Epoch 43/50
Average Loss: 945.4847106933594
Patience Counter: 2
Epoch 44/50
Average Loss: 937.0705108642578
Patience Counter: 3
Epoch 45/50
Average Loss: 938.2663421630859
Patience Counter: 4
Epoch 46/50
Average Loss: 943.4400329589844
Patience Counter: 5
Early stopping triggered
C-Index Data: 0.506
C-Index Data: 0.528
Current trial C-index: 0.5060, Previously saved model C-index: 0.5280
Using GPU: cuda:6 (utilization=9%, free_mem=43711MiB)
Epoch 1/50
Average Loss: 2515.727081298828
Epoch 2/50
Average Loss: 1102.7802276611328
Epoch 3/50
Average Loss: 1038.808334350586
Epoch 4/50
Average Loss: 1000.8685913085938
Epoch 5/50
Average Loss: 1164.5206756591797
Patience Counter: 1
Epoch 6/50
Average Loss: 987.5845947265625
Epoch 7/50
Average Loss: 1135.723388671875
Patience Counter: 1
Epoch 8/50
Average Loss: 990.9265441894531
Patience Counter: 2
Epoch 9/50
Average Loss: 1006.2865753173828
Patience Counter: 3
Epoch 10/50
Average Loss: 977.5352935791016
Epoch 11/50
Average Loss: 965.2950592041016
Epoch 12/50
Average Loss: 961.0637359619141
Epoch 13/50
Average Loss: 957.6596221923828
Epoch 14/50
Average Loss: 949.0325164794922
Epoch 15/50
Average Loss: 970.3858642578125
Patience Counter: 1
Epoch 16/50
Average Loss: 944.046142578125
Epoch 17/50
Average Loss: 943.8405303955078
Epoch 18/50
Average Loss: 941.8864135742188
Epoch 19/50
Average Loss: 939.0375213623047
Epoch 20/50
Average Loss: 941.59423828125
Patience Counter: 1
Epoch 21/50
Average Loss: 938.1384124755859
Epoch 22/50
Average Loss: 937.0774688720703
Epoch 23/50
Average Loss: 939.7561187744141
Patience Counter: 1
Epoch 24/50
Average Loss: 938.8670043945312
Patience Counter: 2
Epoch 25/50
Average Loss: 936.9163818359375
Epoch 26/50
Average Loss: 938.58447265625
Patience Counter: 1
Epoch 27/50
Average Loss: 937.8295440673828
Patience Counter: 2
Epoch 28/50
Average Loss: 939.7535400390625
Patience Counter: 3
Epoch 29/50
Average Loss: 936.7043914794922
Epoch 30/50
Average Loss: 941.8258819580078
Patience Counter: 1
Epoch 31/50
Average Loss: 938.5396423339844
Patience Counter: 2
Epoch 32/50
Average Loss: 940.4915466308594
Patience Counter: 3
Epoch 33/50
Average Loss: 938.3971710205078
Patience Counter: 4
Epoch 34/50
Average Loss: 937.7584228515625
Patience Counter: 5
Early stopping triggered
C-Index Data: 0.5
C-Index Data: 0.528
Current trial C-index: 0.5000, Previously saved model C-index: 0.5280
Using GPU: cuda:6 (utilization=46%, free_mem=43711MiB)
Epoch 1/50
Average Loss: 937.2785034179688
Epoch 2/50
Average Loss: 937.4666900634766
Patience Counter: 1
Epoch 3/50
Average Loss: 942.2476501464844
Patience Counter: 2
Epoch 4/50
Average Loss: 939.1575622558594
Patience Counter: 3
Epoch 5/50
Average Loss: 939.1918182373047
Patience Counter: 4
Epoch 6/50
Average Loss: 938.0091552734375
Patience Counter: 5
Early stopping triggered
C-Index Data: 0.507
C-Index Data: 0.528
Current trial C-index: 0.5070, Previously saved model C-index: 0.5280
Using GPU: cuda:5 (utilization=18%, free_mem=40284MiB)
Epoch 1/50
Average Loss: 936.7341766357422
Epoch 2/50
Average Loss: 936.1904296875
Epoch 3/50
Average Loss: 937.3490447998047
Patience Counter: 1
Epoch 4/50
Average Loss: 936.2502136230469
Patience Counter: 2
Epoch 5/50
Average Loss: 936.6690826416016
Patience Counter: 3
Epoch 6/50
Average Loss: 936.6163787841797
Patience Counter: 4
Epoch 7/50
Average Loss: 938.7580261230469
Patience Counter: 5
Early stopping triggered
C-Index Data: 0.499
C-Index Data: 0.528
Current trial C-index: 0.4990, Previously saved model C-index: 0.5280
Number of finished trials:  10
Best trial:
Best hyperparameters: {'num_layer': 13, 'hidden_dim_0': 165, 'hidden_dim_1': 26, 'hidden_dim_2': 17, 'hidden_dim_3': 217, 'hidden_dim_4': 207, 'hidden_dim_5': 23, 'hidden_dim_6': 65, 'hidden_dim_7': 141, 'hidden_dim_8': 84, 'hidden_dim_9': 135, 'hidden_dim_10': 127, 'hidden_dim_11': 252, 'hidden_dim_12': 216, 'learning_rate': 0.00011626449986228666, 'drop_out_rate_0': 0.12605355828847734, 'drop_out_rate_1': 0.37222807655617307, 'drop_out_rate_2': 0.23553614205229567, 'drop_out_rate_3': 0.29335140764607, 'drop_out_rate_4': 0.20183370367266132, 'drop_out_rate_5': 0.27958061471382556, 'drop_out_rate_6': 0.3030261129831977, 'drop_out_rate_7': 0.4536059403835251, 'drop_out_rate_8': 0.2896624807374717, 'drop_out_rate_9': 0.33100966080601363, 'drop_out_rate_10': 0.15073803921685036, 'drop_out_rate_11': 0.3939841449686796, 'drop_out_rate_12': 0.27353710131577846}
C-Index on Test Data: 0.498
Integrated Brier Score Test: 0.771
Mean AUC: 0.501

Running TWENTY_FEATURES_HETEROGENEOUS DeepSurv model evaluation...
Using GPU: cuda:6 (utilization=14%, free_mem=43707MiB)
Train data path /home/minhn2/uiuc-kidney-failure/generated_data/rep5/twenty_features_heterogeneous_train_data.csv
Test data path /home/minhn2/uiuc-kidney-failure/generated_data/rep5/twenty_features_heterogeneous_test_data.csv
Number of patients: test 6521 and train 26080
Number of records: test 1613452 and train 6512638
get_last_observation_data(ExperimentScenario.TWENTY_FEATURES_HETEROGENEOUS): train 6512638 rows/26080 subjects -> 26080 rows; test 1613452 rows/6521 subjects -> 6521 rows
Running Optuna hyperparameter optimization
Using GPU: cuda:5 (utilization=50%, free_mem=40280MiB)
Epoch 1/50
Average Loss: 1073.9832255045574
Epoch 2/50
Average Loss: 1073.8473732144225
Epoch 3/50
Average Loss: 1073.780969357958
Epoch 4/50
Average Loss: 1073.7226029938342
Epoch 5/50
Average Loss: 1073.638131534352
Epoch 6/50
Average Loss: 1073.638043571921
Epoch 7/50
Average Loss: 1073.7570776845894
Patience Counter: 1
Epoch 8/50
Average Loss: 1073.5776026108686
Epoch 9/50
Average Loss: 1073.7877699908088
Patience Counter: 1
Epoch 10/50
Average Loss: 1073.734614353554
Patience Counter: 2
Epoch 11/50
Average Loss: 1073.7746719659544
Patience Counter: 3
Epoch 12/50
Average Loss: 1073.7008170333563
Patience Counter: 4
Epoch 13/50
Average Loss: 1073.7682961856617
Patience Counter: 5
Early stopping triggered
C-Index Data: 0.502
No existing model found, saving current model with C-index: 0.5020
Using GPU: cuda:6 (utilization=64%, free_mem=43707MiB)
Epoch 1/50
Average Loss: 1073.716350480622
Epoch 2/50
Average Loss: 1073.7458370433135
Patience Counter: 1
Epoch 3/50
Average Loss: 1073.8121720856311
Patience Counter: 2
Epoch 4/50
Average Loss: 1073.872948141659
Patience Counter: 3
Epoch 5/50
Average Loss: 1073.6673416436888
Epoch 6/50
Average Loss: 1073.510648839614
Epoch 7/50
Average Loss: 1073.207763671875
Epoch 8/50
Average Loss: 1073.2017576928233
Epoch 9/50
Average Loss: 1073.116735720167
Epoch 10/50
Average Loss: 1072.9653170716529
Epoch 11/50
Average Loss: 1072.911783255783
Epoch 12/50
Average Loss: 1072.81006936466
Epoch 13/50
Average Loss: 1072.788772283816
Epoch 14/50
Average Loss: 1072.7391028310738
Epoch 15/50
Average Loss: 1072.938502293007
Patience Counter: 1
Epoch 16/50
Average Loss: 1072.5783942727483
Epoch 17/50
Average Loss: 1072.6916575712316
Patience Counter: 1
Epoch 18/50
Average Loss: 1072.6983265596277
Patience Counter: 2
Epoch 19/50
Average Loss: 1072.519962684781
Epoch 20/50
Average Loss: 1072.8247124167049
Patience Counter: 1
Epoch 21/50
Average Loss: 1072.5544984106923
Patience Counter: 2
Epoch 22/50
Average Loss: 1072.5415846880744
Patience Counter: 3
Epoch 23/50
Average Loss: 1072.47121294807
Epoch 24/50
Average Loss: 1072.2098143334483
Epoch 25/50
Average Loss: 1072.6854660931756
Patience Counter: 1
Epoch 26/50
Average Loss: 1072.2504434024586
Patience Counter: 2
Epoch 27/50
Average Loss: 1072.5424655091529
Patience Counter: 3
Epoch 28/50
Average Loss: 1072.429801791322
Patience Counter: 4
Epoch 29/50
Average Loss: 1072.452984379787
Patience Counter: 5
Early stopping triggered
C-Index Data: 0.526
C-Index Data: 0.502
Current trial C-index: 0.5260, Previously saved model C-index: 0.5020
Current model performs better, saving it...
Using GPU: cuda:6 (utilization=15%, free_mem=43557MiB)
Epoch 1/50
Average Loss: 1073.785204120711
Epoch 2/50
Average Loss: 1073.6652873918122
Epoch 3/50
Average Loss: 1073.7401781269148
Patience Counter: 1
Epoch 4/50
Average Loss: 1073.6811116536458
Patience Counter: 2
Epoch 5/50
Average Loss: 1073.6928268133424
Patience Counter: 3
Epoch 6/50
Average Loss: 1073.5854791379443
Epoch 7/50
Average Loss: 1073.7738611557904
Patience Counter: 1
Epoch 8/50
Average Loss: 1073.7410074869792
Patience Counter: 2
Epoch 9/50
Average Loss: 1073.7532737582337
Patience Counter: 3
Epoch 10/50
Average Loss: 1073.7213410022212
Patience Counter: 4
Epoch 11/50
Average Loss: 1073.6823533002068
Patience Counter: 5
Early stopping triggered
C-Index Data: 0.517
C-Index Data: 0.526
Current trial C-index: 0.5170, Previously saved model C-index: 0.5260
Using GPU: cuda:6 (utilization=40%, free_mem=43505MiB)
Epoch 1/50
Average Loss: 1073.7871692133886
Epoch 2/50
Average Loss: 1073.7739419376148
Epoch 3/50
Average Loss: 1073.6380824668734
Epoch 4/50
Average Loss: 1073.8413427016314
Patience Counter: 1
Epoch 5/50
Average Loss: 1073.7865468941484
Patience Counter: 2
Epoch 6/50
Average Loss: 1073.8135675168505
Patience Counter: 3
Epoch 7/50
Average Loss: 1073.8435351801854
Patience Counter: 4
Epoch 8/50
Average Loss: 1073.7858659332874
Patience Counter: 5
Early stopping triggered
C-Index Data: 0.502
C-Index Data: 0.526
Current trial C-index: 0.5020, Previously saved model C-index: 0.5260
Using GPU: cuda:5 (utilization=22%, free_mem=40198MiB)
Epoch 1/50
Average Loss: 1073.7768620509728
Epoch 2/50
Average Loss: 1073.9618147307751
Patience Counter: 1
Epoch 3/50
Average Loss: 1073.706164191751
Epoch 4/50
Average Loss: 1073.8064204197303
Patience Counter: 1
Epoch 5/50
Average Loss: 1073.8300087124694
Patience Counter: 2
Epoch 6/50
Average Loss: 1073.6965768851485
Epoch 7/50
Average Loss: 1077.467540067785
Patience Counter: 1
Epoch 8/50
Average Loss: 1073.8342787798713
Patience Counter: 2
Epoch 9/50
Average Loss: 1073.7983589920343
Patience Counter: 3
Epoch 10/50
Av