Start time: Sat Aug 29 19:02:20 CDT 2026
[I 2026-08-29 19:02:31,792] A new study created in memory with name: no-name-46e0fa34-d5c6-4099-bc45-a8470e1d2a74
[I 2026-08-29 19:02:42,254] Trial 0 finished with value: 0.4517180413559843 and parameters: {'num_nodes': 32, 'num_layers': 2, 'lr': 0.00026838931100603707, 'batch_size': 256, 'dropout': 0.25547161325942275}. Best is trial 0 with value: 0.4517180413559843.
/home/minhn2/uiuc-kidney-failure/pkgs/experiments/logistic_hazard.py:90: FutureWarning: You are using `torch.load` with `weights_only=False` (the current default value), which uses the default pickle module implicitly. It is possible to construct malicious pickle data which will execute arbitrary code during unpickling (See https://github.com/pytorch/pytorch/blob/main/SECURITY.md#untrusted-models for more details). In a future release, the default value for `weights_only` will be flipped to `True`. This limits the functions that could be executed during unpickling. Arbitrary objects will no longer be allowed to be loaded via this mode unless they are explicitly allowlisted by the user via `torch.serialization.add_safe_globals`. We recommend you start setting `weights_only=True` for any use case where you don't have full control of the loaded file. Please open an issue on GitHub for any issues related to this experimental feature.
  saved_net = torch.load(saved_path, map_location=device)
[I 2026-08-29 19:02:45,509] Trial 1 finished with value: 0.44693673610577295 and parameters: {'num_nodes': 16, 'num_layers': 1, 'lr': 0.00033933740055869265, 'batch_size': 256, 'dropout': 0.057651769915631035}. Best is trial 0 with value: 0.4517180413559843.
/home/minhn2/uiuc-kidney-failure/pkgs/experiments/logistic_hazard.py:90: FutureWarning: You are using `torch.load` with `weights_only=False` (the current default value), which uses the default pickle module implicitly. It is possible to construct malicious pickle data which will execute arbitrary code during unpickling (See https://github.com/pytorch/pytorch/blob/main/SECURITY.md#untrusted-models for more details). In a future release, the default value for `weights_only` will be flipped to `True`. This limits the functions that could be executed during unpickling. Arbitrary objects will no longer be allowed to be loaded via this mode unless they are explicitly allowlisted by the user via `torch.serialization.add_safe_globals`. We recommend you start setting `weights_only=True` for any use case where you don't have full control of the loaded file. Please open an issue on GitHub for any issues related to this experimental feature.
  saved_net = torch.load(saved_path, map_location=device)
[I 2026-08-29 19:02:56,604] Trial 2 finished with value: 0.441321392881851 and parameters: {'num_nodes': 32, 'num_layers': 2, 'lr': 0.01831680132953703, 'batch_size': 128, 'dropout': 0.3316021630900505}. Best is trial 0 with value: 0.4517180413559843.
/home/minhn2/uiuc-kidney-failure/pkgs/experiments/logistic_hazard.py:90: FutureWarning: You are using `torch.load` with `weights_only=False` (the current default value), which uses the default pickle module implicitly. It is possible to construct malicious pickle data which will execute arbitrary code during unpickling (See https://github.com/pytorch/pytorch/blob/main/SECURITY.md#untrusted-models for more details). In a future release, the default value for `weights_only` will be flipped to `True`. This limits the functions that could be executed during unpickling. Arbitrary objects will no longer be allowed to be loaded via this mode unless they are explicitly allowlisted by the user via `torch.serialization.add_safe_globals`. We recommend you start setting `weights_only=True` for any use case where you don't have full control of the loaded file. Please open an issue on GitHub for any issues related to this experimental feature.
  saved_net = torch.load(saved_path, map_location=device)
[I 2026-08-29 19:03:05,410] Trial 3 finished with value: 0.4351718041355984 and parameters: {'num_nodes': 64, 'num_layers': 2, 'lr': 0.0212733569547613, 'batch_size': 128, 'dropout': 0.3930490634519369}. Best is trial 0 with value: 0.4517180413559843.
/home/minhn2/uiuc-kidney-failure/pkgs/experiments/logistic_hazard.py:90: FutureWarning: You are using `torch.load` with `weights_only=False` (the current default value), which uses the default pickle module implicitly. It is possible to construct malicious pickle data which will execute arbitrary code during unpickling (See https://github.com/pytorch/pytorch/blob/main/SECURITY.md#untrusted-models for more details). In a future release, the default value for `weights_only` will be flipped to `True`. This limits the functions that could be executed during unpickling. Arbitrary objects will no longer be allowed to be loaded via this mode unless they are explicitly allowlisted by the user via `torch.serialization.add_safe_globals`. We recommend you start setting `weights_only=True` for any use case where you don't have full control of the loaded file. Please open an issue on GitHub for any issues related to this experimental feature.
  saved_net = torch.load(saved_path, map_location=device)
[I 2026-08-29 19:03:12,080] Trial 4 finished with value: 0.4410638788531017 and parameters: {'num_nodes': 16, 'num_layers': 1, 'lr': 0.0005633191426411302, 'batch_size': 128, 'dropout': 0.48710617888684254}. Best is trial 0 with value: 0.4517180413559843.
/home/minhn2/uiuc-kidney-failure/pkgs/experiments/logistic_hazard.py:90: FutureWarning: You are using `torch.load` with `weights_only=False` (the current default value), which uses the default pickle module implicitly. It is possible to construct malicious pickle data which will execute arbitrary code during unpickling (See https://github.com/pytorch/pytorch/blob/main/SECURITY.md#untrusted-models for more details). In a future release, the default value for `weights_only` will be flipped to `True`. This limits the functions that could be executed during unpickling. Arbitrary objects will no longer be allowed to be loaded via this mode unless they are explicitly allowlisted by the user via `torch.serialization.add_safe_globals`. We recommend you start setting `weights_only=True` for any use case where you don't have full control of the loaded file. Please open an issue on GitHub for any issues related to this experimental feature.
  saved_net = torch.load(saved_path, map_location=device)
[I 2026-08-29 19:03:22,332] Trial 5 finished with value: 0.45392804981166884 and parameters: {'num_nodes': 32, 'num_layers': 2, 'lr': 0.0039470091297034255, 'batch_size': 128, 'dropout': 0.11193706659083835}. Best is trial 5 with value: 0.45392804981166884.
/home/minhn2/uiuc-kidney-failure/pkgs/experiments/logistic_hazard.py:90: FutureWarning: You are using `torch.load` with `weights_only=False` (the current default value), which uses the default pickle module implicitly. It is possible to construct malicious pickle data which will execute arbitrary code during unpickling (See https://github.com/pytorch/pytorch/blob/main/SECURITY.md#untrusted-models for more details). In a future release, the default value for `weights_only` will be flipped to `True`. This limits the functions that could be executed during unpickling. Arbitrary objects will no longer be allowed to be loaded via this mode unless they are explicitly allowlisted by the user via `torch.serialization.add_safe_globals`. We recommend you start setting `weights_only=True` for any use case where you don't have full control of the loaded file. Please open an issue on GitHub for any issues related to this experimental feature.
  saved_net = torch.load(saved_path, map_location=device)
[I 2026-08-29 19:03:36,861] Trial 6 finished with value: 0.4611960950111461 and parameters: {'num_nodes': 64, 'num_layers': 3, 'lr': 0.037954604120520014, 'batch_size': 128, 'dropout': 0.4560274102325619}. Best is trial 6 with value: 0.4611960950111461.
/home/minhn2/uiuc-kidney-failure/pkgs/experiments/logistic_hazard.py:90: FutureWarning: You are using `torch.load` with `weights_only=False` (the current default value), which uses the default pickle module implicitly. It is possible to construct malicious pickle data which will execute arbitrary code during unpickling (See https://github.com/pytorch/pytorch/blob/main/SECURITY.md#untrusted-models for more details). In a future release, the default value for `weights_only` will be flipped to `True`. This limits the functions that could be executed during unpickling. Arbitrary objects will no longer be allowed to be loaded via this mode unless they are explicitly allowlisted by the user via `torch.serialization.add_safe_globals`. We recommend you start setting `weights_only=True` for any use case where you don't have full control of the loaded file. Please open an issue on GitHub for any issues related to this experimental feature.
  saved_net = torch.load(saved_path, map_location=device)
[I 2026-08-29 19:03:55,082] Trial 7 finished with value: 0.4547351833346145 and parameters: {'num_nodes': 64, 'num_layers': 3, 'lr': 0.017194846363825025, 'batch_size': 128, 'dropout': 0.13394350296635288}. Best is trial 6 with value: 0.4611960950111461.
/home/minhn2/uiuc-kidney-failure/pkgs/experiments/logistic_hazard.py:90: FutureWarning: You are using `torch.load` with `weights_only=False` (the current default value), which uses the default pickle module implicitly. It is possible to construct malicious pickle data which will execute arbitrary code during unpickling (See https://github.com/pytorch/pytorch/blob/main/SECURITY.md#untrusted-models for more details). In a future release, the default value for `weights_only` will be flipped to `True`. This limits the functions that could be executed during unpickling. Arbitrary objects will no longer be allowed to be loaded via this mode unless they are explicitly allowlisted by the user via `torch.serialization.add_safe_globals`. We recommend you start setting `weights_only=True` for any use case where you don't have full control of the loaded file. Please open an issue on GitHub for any issues related to this experimental feature.
  saved_net = torch.load(saved_path, map_location=device)
[I 2026-08-29 19:04:13,846] Trial 8 finished with value: 0.4548927665462372 and parameters: {'num_nodes': 32, 'num_layers': 3, 'lr': 0.00043649852508506094, 'batch_size': 64, 'dropout': 0.3149694571316519}. Best is trial 6 with value: 0.4611960950111461.
/home/minhn2/uiuc-kidney-failure/pkgs/experiments/logistic_hazard.py:90: FutureWarning: You are using `torch.load` with `weights_only=False` (the current default value), which uses the default pickle module implicitly. It is possible to construct malicious pickle data which will execute arbitrary code during unpickling (See https://github.com/pytorch/pytorch/blob/main/SECURITY.md#untrusted-models for more details). In a future release, the default value for `weights_only` will be flipped to `True`. This limits the functions that could be executed during unpickling. Arbitrary objects will no longer be allowed to be loaded via this mode unless they are explicitly allowlisted by the user via `torch.serialization.add_safe_globals`. We recommend you start setting `weights_only=True` for any use case where you don't have full control of the loaded file. Please open an issue on GitHub for any issues related to this experimental feature.
  saved_net = torch.load(saved_path, map_location=device)
[I 2026-08-29 19:04:34,290] Trial 9 finished with value: 0.44445768314243983 and parameters: {'num_nodes': 32, 'num_layers': 1, 'lr': 0.0003318787364385618, 'batch_size': 32, 'dropout': 0.17215720906269677}. Best is trial 6 with value: 0.4611960950111461.
[I 2026-08-29 19:04:35,259] A new study created in memory with name: no-name-4b6d0a4e-c437-4db5-a3e3-27794d2391eb
[I 2026-08-29 19:04:37,605] Trial 0 finished with value: 0.47647718307519826 and parameters: {'num_nodes': 16, 'num_layers': 3, 'lr': 0.00022536738144935864, 'batch_size': 256, 'dropout': 0.2060107871972391}. Best is trial 0 with value: 0.47647718307519826.
/home/minhn2/uiuc-kidney-failure/pkgs/experiments/logistic_hazard.py:90: FutureWarning: You are using `torch.load` with `weights_only=False` (the current default value), which uses the default pickle module implicitly. It is possible to construct malicious pickle data which will execute arbitrary code during unpickling (See https://github.com/pytorch/pytorch/blob/main/SECURITY.md#untrusted-models for more details). In a future release, the default value for `weights_only` will be flipped to `True`. This limits the functions that could be executed during unpickling. Arbitrary objects will no longer be allowed to be loaded via this mode unless they are explicitly allowlisted by the user via `torch.serialization.add_safe_globals`. We recommend you start setting `weights_only=True` for any use case where you don't have full control of the loaded file. Please open an issue on GitHub for any issues related to this experimental feature.
  saved_net = torch.load(saved_path, map_location=device)
[I 2026-08-29 19:04:39,968] Trial 1 finished with value: 0.4281858572436989 and parameters: {'num_nodes': 64, 'num_layers': 1, 'lr': 0.006412292746497078, 'batch_size': 256, 'dropout': 0.05508129019619562}. Best is trial 0 with value: 0.47647718307519826.
/home/minhn2/uiuc-kidney-failure/pkgs/experiments/logistic_hazard.py:90: FutureWarning: You are using `torch.load` with `weights_only=False` (the current default value), which uses the default pickle module implicitly. It is possible to construct malicious pickle data which will execute arbitrary code during unpickling (See https://github.com/pytorch/pytorch/blob/main/SECURITY.md#untrusted-models for more details). In a future release, the default value for `weights_only` will be flipped to `True`. This limits the functions that could be executed during unpickling. Arbitrary objects will no longer be allowed to be loaded via this mode unless they are explicitly allowlisted by the user via `torch.serialization.add_safe_globals`. We recommend you start setting `weights_only=True` for any use case where you don't have full control of the loaded file. Please open an issue on GitHub for any issues related to this experimental feature.
  saved_net = torch.load(saved_path, map_location=device)
[I 2026-08-29 19:04:42,618] Trial 2 finished with value: 0.5087821284723664 and parameters: {'num_nodes': 16, 'num_layers': 3, 'lr': 0.0014266145970638735, 'batch_size': 256, 'dropout': 0.1500605743319472}. Best is trial 2 with value: 0.5087821284723664.
/home/minhn2/uiuc-kidney-failure/pkgs/experiments/logistic_hazard.py:90: FutureWarning: You are using `torch.load` with `weights_only=False` (the current default value), which uses the default pickle module implicitly. It is possible to construct malicious pickle data which will execute arbitrary code during unpickling (See https://github.com/pytorch/pytorch/blob/main/SECURITY.md#untrusted-models for more details). In a future release, the default value for `weights_only` will be flipped to `True`. This limits the functions that could be executed during unpickling. Arbitrary objects will no longer be allowed to be loaded via this mode unless they are explicitly allowlisted by the user via `torch.serialization.add_safe_globals`. We recommend you start setting `weights_only=True` for any use case where you don't have full control of the loaded file. Please open an issue on GitHub for any issues related to this experimental feature.
  saved_net = torch.load(saved_path, map_location=device)
[I 2026-08-29 19:04:58,866] Trial 3 finished with value: 0.4484906365486028 and parameters: {'num_nodes': 16, 'num_layers': 3, 'lr': 0.001687148942603948, 'batch_size': 32, 'dropout': 0.1384002658570414}. Best is trial 2 with value: 0.5087821284723664.
/home/minhn2/uiuc-kidney-failure/pkgs/experiments/logistic_hazard.py:90: FutureWarning: You are using `torch.load` with `weights_only=False` (the current default value), which uses the default pickle module implicitly. It is possible to construct malicious pickle data which will execute arbitrary code during unpickling (See https://github.com/pytorch/pytorch/blob/main/SECURITY.md#untrusted-models for more details). In a future release, the default value for `weights_only` will be flipped to `True`. This limits the functions that could be executed during unpickling. Arbitrary objects will no longer be allowed to be loaded via this mode unless they are explicitly allowlisted by the user via `torch.serialization.add_safe_globals`. We recommend you start setting `weights_only=True` for any use case where you don't have full control of the loaded file. Please open an issue on GitHub for any issues related to this experimental feature.
  saved_net = torch.load(saved_path, map_location=device)
[I 2026-08-29 19:05:03,083] Trial 4 finished with value: 0.4850309346842171 and parameters: {'num_nodes': 64, 'num_layers': 1, 'lr': 0.05463247558663293, 'batch_size': 128, 'dropout': 0.03205744152162432}. Best is trial 2 with value: 0.5087821284723664.
/home/minhn2/uiuc-kidney-failure/pkgs/experiments/logistic_hazard.py:90: FutureWarning: You are using `torch.load` with `weights_only=False` (the current default value), which uses the default pickle module implicitly. It is possible to construct malicious pickle data which will execute arbitrary code during unpickling (See https://github.com/pytorch/pytorch/blob/main/SECURITY.md#untrusted-models for more details). In a future release, the default value for `weights_only` will be flipped to `True`. This limits the functions that could be executed during unpickling. Arbitrary objects will no longer be allowed to be loaded via this mode unless they are explicitly allowlisted by the user via `torch.serialization.add_safe_globals`. We recommend you start setting `weights_only=True` for any use case where you don't have full control of the loaded file. Please open an issue on GitHub for any issues related to this experimental feature.
  saved_net = torch.load(saved_path, map_location=device)
[I 2026-08-29 19:05:05,114] Trial 5 finished with value: 0.4540547274010713 and parameters: {'num_nodes': 32, 'num_layers': 2, 'lr': 0.00010219828918463811, 'batch_size': 256, 'dropout': 0.4762849055186323}. Best is trial 2 with value: 0.5087821284723664.
/home/minhn2/uiuc-kidney-failure/pkgs/experiments/logistic_hazard.py:90: FutureWarning: You are using `torch.load` with `weights_only=False` (the current default value), which uses the default pickle module implicitly. It is possible to construct malicious pickle data which will execute arbitrary code during unpickling (See https://github.com/pytorch/pytorch/blob/main/SECURITY.md#untrusted-models for more details). In a future release, the default value for `weights_only` will be flipped to `True`. This limits the functions that could be executed during unpickling. Arbitrary objects will no longer be allowed to be loaded via this mode unless they are explicitly allowlisted by the user via `torch.serialization.add_safe_globals`. We recommend you start setting `weights_only=True` for any use case where you don't have full control of the loaded file. Please open an issue on GitHub for any issues related to this experimental feature.
  saved_net = torch.load(saved_path, map_location=device)
[I 2026-08-29 19:05:07,982] Trial 6 finished with value: 0.44396462234771417 and parameters: {'num_nodes': 128, 'num_layers': 1, 'lr': 0.022322563561267054, 'batch_size': 256, 'dropout': 0.4535948645319178}. Best is trial 2 with value: 0.5087821284723664.
/home/minhn2/uiuc-kidney-failure/pkgs/experiments/logistic_hazard.py:90: FutureWarning: You are using `torch.load` with `weights_only=False` (the current default value), which uses the default pickle module implicitly. It is possible to construct malicious pickle data which will execute arbitrary code during unpickling (See https://github.com/pytorch/pytorch/blob/main/SECURITY.md#untrusted-models for more details). In a future release, the default value for `weights_only` will be flipped to `True`. This limits the functions that could be executed during unpickling. Arbitrary objects will no longer be allowed to be loaded via this mode unless they are explicitly allowlisted by the user via `torch.serialization.add_safe_globals`. We recommend you start setting `weights_only=True` for any use case where you don't have full control of the loaded file. Please open an issue on GitHub for any issues related to this experimental feature.
  saved_net = torch.load(saved_path, map_location=device)
[I 2026-08-29 19:05:13,378] Trial 7 finished with value: 0.4599925258481086 and parameters: {'num_nodes': 32, 'num_layers': 1, 'lr': 0.004073468731023267, 'batch_size': 64, 'dropout': 0.46855230374898177}. Best is trial 2 with value: 0.5087821284723664.
/home/minhn2/uiuc-kidney-failure/pkgs/experiments/logistic_hazard.py:90: FutureWarning: You are using `torch.load` with `weights_only=False` (the current default value), which uses the default pickle module implicitly. It is possible to construct malicious pickle data which will execute arbitrary code during unpickling (See https://github.com/pytorch/pytorch/blob/main/SECURITY.md#untrusted-models for more details). In a future release, the default value for `weights_only` will be flipped to `True`. This limits the functions that could be executed during unpickling. Arbitrary objects will no longer be allowed to be loaded via this mode unless they are explicitly allowlisted by the user via `torch.serialization.add_safe_globals`. We recommend you start setting `weights_only=True` for any use case where you don't have full control of the loaded file. Please open an issue on GitHub for any issues related to this experimental feature.
  saved_net = torch.load(saved_path, map_location=device)
