[I 2026-08-28 21:33:10,108] Trial 9 finished with value: 0.4711879753712423 and parameters: {'num_layers': 6, 'learning_rate': 0.007347261688278895, 'drop_out_rate': 0.47531680821941147, 'n_head': 1, 'nhead_factor': 15}. Best is trial 0 with value: 0.6580425771660832.
Using GPU: cuda:1 (utilization=0%, free_mem=11260MiB)
Train data path /home/minhn2/uiuc-kidney-failure/generated_data/rep1/four_features_train_data.csv
Test data path /home/minhn2/uiuc-kidney-failure/generated_data/rep1/four_features_test_data.csv
Number of patients: test 562 and train 2247
Number of records: test 5511 and train 21318
Running Optuna hyperparameter optimization
Using GPU: cuda:1 (utilization=0%, free_mem=11260MiB)
Running trial 0 for ExperimentScenario.FOUR_FEATURES on device cuda:1
Train data path /home/minhn2/uiuc-kidney-failure/generated_data/rep1/four_features_train_data.csv
Test data path /home/minhn2/uiuc-kidney-failure/generated_data/rep1/four_features_test_data.csv
Number of patients: test 562 and train 2247
Number of records: test 5511 and train 21318
Epoch 1/50
Average Loss: 4.92283640967475
Epoch 2/50
Average Loss: 4.581915537516276
Epoch 3/50
Average Loss: 4.447329998016357
Epoch 4/50
Average Loss: 4.335303094651964
Epoch 5/50
Average Loss: 4.276453998353746
Epoch 6/50
Average Loss: 4.214690340889825
Epoch 7/50
Average Loss: 4.1782750553554955
Epoch 8/50
Average Loss: 4.141938421461317
Epoch 9/50
Average Loss: 4.110680977503459
Epoch 10/50
Average Loss: 4.083695782555474
Epoch 11/50
Average Loss: 4.054700056711833
Epoch 12/50
Average Loss: 4.025853315989177
Epoch 13/50
Average Loss: 4.031831423441569
Patience Counter: 1
Epoch 14/50
Average Loss: 4.024204730987549
Epoch 15/50
Average Loss: 4.0144491990407305
Epoch 16/50
Average Loss: 4.006531265046862
Epoch 17/50
Average Loss: 4.019100189208984
Patience Counter: 1
Epoch 18/50
Average Loss: 4.016396972868177
Patience Counter: 2
Epoch 19/50
Average Loss: 4.017946216795179
Patience Counter: 3
Epoch 20/50
Average Loss: 4.008504072825114
Patience Counter: 4
Epoch 21/50
Average Loss: 4.002963331010607
Epoch 22/50
Average Loss: 4.007733609941271
Patience Counter: 1
Epoch 23/50
Average Loss: 3.9930775430467396
Epoch 24/50
Average Loss: 4.012555175357395
Patience Counter: 1
Epoch 25/50
Average Loss: 4.00390182601081
Patience Counter: 2
Epoch 26/50
Average Loss: 3.986350801255968
Epoch 27/50
Average Loss: 3.969564358393351
Epoch 28/50
Average Loss: 3.966960801018609
Epoch 29/50
Average Loss: 3.9764405621422663
Patience Counter: 1
Epoch 30/50
Average Loss: 3.9630672931671143
Epoch 31/50
Average Loss: 3.9329884317186146
Epoch 32/50
Average Loss: 3.919532060623169
Epoch 33/50
Average Loss: 3.9142764144473605
Epoch 34/50
Average Loss: 3.8894397947523327
Epoch 35/50
Average Loss: 3.8947199980417886
Patience Counter: 1
Epoch 36/50
Average Loss: 3.874881108601888
Epoch 37/50
Average Loss: 3.8763680458068848
Patience Counter: 1
Epoch 38/50
Average Loss: 3.84521582391527
Epoch 39/50
Average Loss: 3.825815889570448
Epoch 40/50
Average Loss: 3.813876496420966
Epoch 41/50
Average Loss: 3.805304924647013
Epoch 42/50
Average Loss: 3.773278580771552
Epoch 43/50
Average Loss: 3.7741533385382757
Patience Counter: 1
Epoch 44/50
Average Loss: 3.788145383199056
Patience Counter: 2
Epoch 45/50
Average Loss: 3.7687600983513727
Epoch 46/50
Average Loss: 3.773800743950738
Patience Counter: 1
Epoch 47/50
Average Loss: 3.755692481994629
Epoch 48/50
Average Loss: 3.7537186410692005
Epoch 49/50
Average Loss: 3.7556309435102673
Patience Counter: 1
Epoch 50/50
Average Loss: 3.7687579260932074
Patience Counter: 2
C-index: 0.6307
Using GPU: cuda:2 (utilization=0%, free_mem=10794MiB)
Running trial 1 for ExperimentScenario.FOUR_FEATURES on device cuda:2
Train data path /home/minhn2/uiuc-kidney-failure/generated_data/rep1/four_features_train_data.csv
Test data path /home/minhn2/uiuc-kidney-failure/generated_data/rep1/four_features_test_data.csv
Number of patients: test 562 and train 2247
Number of records: test 5511 and train 21318
Epoch 1/50
Average Loss: 4.870384057362874
Epoch 2/50
Average Loss: 4.474517398410374
Epoch 3/50
Average Loss: 4.221370167202419
Epoch 4/50
Average Loss: 4.088533348507351
Epoch 5/50
Average Loss: 4.045326047473484
Epoch 6/50
Average Loss: 4.01957901318868
Epoch 7/50
Average Loss: 4.010232634014553
Epoch 8/50
Average Loss: 4.003570848041111
Epoch 9/50
Average Loss: 3.9944763713412814
Epoch 10/50
Average Loss: 4.011164161894056
Patience Counter: 1
Epoch 11/50
Average Loss: 4.000788317786323
Patience Counter: 2
Epoch 12/50
Average Loss: 3.994563685523139
Patience Counter: 3
Epoch 13/50
Average Loss: 3.9978897306654186
Patience Counter: 4
Epoch 14/50
Average Loss: 4.000850730472141
Patience Counter: 5
Early stopping triggered
C-index: 0.5683
Using GPU: cuda:6 (utilization=0%, free_mem=10790MiB)
Running trial 2 for ExperimentScenario.FOUR_FEATURES on device cuda:6
Train data path /home/minhn2/uiuc-kidney-failure/generated_data/rep1/four_features_train_data.csv
Test data path /home/minhn2/uiuc-kidney-failure/generated_data/rep1/four_features_test_data.csv
Number of patients: test 562 and train 2247
Number of records: test 5511 and train 21318
Epoch 1/50
Average Loss: 4.850758340623644
Epoch 2/50
Average Loss: 4.427747408548991
Epoch 3/50
Average Loss: 4.313062349955241
Epoch 4/50
Average Loss: 4.236097574234009
Epoch 5/50
Average Loss: 4.167105727725559
Epoch 6/50
Average Loss: 4.090684096018474
Epoch 7/50
Average Loss: 4.046096748775906
Epoch 8/50
Average Loss: 4.044292741351658
Epoch 9/50
Average Loss: 4.012128776974148
Epoch 10/50
Average Loss: 4.009868039025201
Epoch 11/50
Average Loss: 3.9983025391896567
Epoch 12/50
Average Loss: 4.01018844710456
Patience Counter: 1
Epoch 13/50
Average Loss: 4.016322427325779
Patience Counter: 2
Epoch 14/50
Average Loss: 4.006550391515096
Patience Counter: 3
Epoch 15/50
Average Loss: 4.002302911546495
Patience Counter: 4
Epoch 16/50
Average Loss: 4.0132110648685035
Patience Counter: 5
Early stopping triggered
C-index: 0.3924
Using GPU: cuda:4 (utilization=0%, free_mem=10788MiB)
Running trial 3 for ExperimentScenario.FOUR_FEATURES on device cuda:4
Train data path /home/minhn2/uiuc-kidney-failure/generated_data/rep1/four_features_train_data.csv
Test data path /home/minhn2/uiuc-kidney-failure/generated_data/rep1/four_features_test_data.csv
Number of patients: test 562 and train 2247
Number of records: test 5511 and train 21318
Epoch 1/50
Average Loss: 5.168855667114258
Epoch 2/50
Average Loss: 5.185186756981744
Patience Counter: 1
Epoch 3/50
Average Loss: 5.1702578862508135
Patience Counter: 2
Epoch 4/50
Average Loss: 5.16931332482232
Patience Counter: 3
Epoch 5/50
Average Loss: 5.163952562544081
Epoch 6/50
Average Loss: 5.174803733825684
Patience Counter: 1
Epoch 7/50
Average Loss: 5.177942487928602
Patience Counter: 2
Epoch 8/50
Average Loss: 5.174605263604058
Patience Counter: 3
Epoch 9/50
Average Loss: 5.1777628262837725
Patience Counter: 4
Epoch 10/50
Average Loss: 5.173899067772759
Patience Counter: 5
Early stopping triggered
C-index: 0.5000
Using GPU: cuda:5 (utilization=0%, free_mem=9838MiB)
Running trial 4 for ExperimentScenario.FOUR_FEATURES on device cuda:5
Train data path /home/minhn2/uiuc-kidney-failure/generated_data/rep1/four_features_train_data.csv
Test data path /home/minhn2/uiuc-kidney-failure/generated_data/rep1/four_features_test_data.csv
Number of patients: test 562 and train 2247
Number of records: test 5511 and train 21318
Epoch 1/50
Average Loss: 4.995059384240045
Epoch 2/50
Average Loss: 4.604471259646946
Epoch 3/50
Average Loss: 4.458374791675144
Epoch 4/50
Average Loss: 4.396299521128337
Epoch 5/50
Average Loss: 4.327711794111464
Epoch 6/50
Average Loss: 4.292769061194526
Epoch 7/50
Average Loss: 4.246071232689752
Epoch 8/50
Average Loss: 4.199107487996419
Epoch 9/50
Average Loss: 4.1563971572452125
Epoch 10/50
Average Loss: 4.119137525558472
Epoch 11/50
Average Loss: 4.099913040796916
Epoch 12/50
Average Loss: 4.078275680541992
Epoch 13/50
Average Loss: 4.068537314732869
Epoch 14/50
Average Loss: 4.046227322684394
Epoch 15/50
Average Loss: 4.035401185353597
Epoch 16/50
Average Loss: 4.017304102579753
Epoch 17/50
Average Loss: 4.01987542046441
Patience Counter: 1
Epoch 18/50
Average Loss: 4.024633328119914
Patience Counter: 2
Epoch 19/50
Average Loss: 4.007362657123142
Epoch 20/50
Average Loss: 4.012727154625787
Patience Counter: 1
Epoch 21/50
Average Loss: 4.016308360629612
Patience Counter: 2
Epoch 22/50
Average Loss: 4.021308951907688
Patience Counter: 3
Epoch 23/50
Average Loss: 4.013247436947292
Patience Counter: 4
Epoch 24/50
Average Loss: 4.01166566212972
Patience Counter: 5
Early stopping triggered
C-index: 0.5119
Using GPU: cuda:2 (utilization=0%, free_mem=8710MiB)
Running trial 5 for ExperimentScenario.FOUR_FEATURES on device cuda:2
Train data path /home/minhn2/uiuc-kidney-failure/generated_data/rep1/four_features_train_data.csv
Test data path /home/minhn2/uiuc-kidney-failure/generated_data/rep1/four_features_test_data.csv
Number of patients: test 562 and train 2247
Number of records: test 5511 and train 21318
Epoch 1/50
Average Loss: 4.957759857177734
Epoch 2/50
Average Loss: 4.594367451137966
Epoch 3/50
Average Loss: 4.498301823933919
Epoch 4/50
Average Loss: 4.455966658062405
Epoch 5/50
Average Loss: 4.410079638163249
Epoch 6/50
Average Loss: 4.366372638278538
Epoch 7/50
Average Loss: 4.321328375074598
Epoch 8/50
Average Loss: 4.278032965130276
Epoch 9/50
Average Loss: 4.260512404971653
Epoch 10/50
Average Loss: 4.224389208687676
Epoch 11/50
Average Loss: 4.191949923833211
Epoch 12/50
Average Loss: 4.15497006310357
Epoch 13/50
Average Loss: 4.133639785978529
Epoch 14/50
Average Loss: 4.114863872528076
Epoch 15/50
Average Loss: 4.091867049535115
Epoch 16/50
Average Loss: 4.0863913430107965
Epoch 17/50
Average Loss: 4.066943989859687
Epoch 18/50
Average Loss: 4.058929231431749
Epoch 19/50
Average Loss: 4.041225168440077
Epoch 20/50
Average Loss: 4.03413889143202
Epoch 21/50
Average Loss: 4.01956303914388
Epoch 22/50
Average Loss: 4.009733491473728
Epoch 23/50
Average Loss: 4.021466837988959
Patience Counter: 1
Epoch 24/50
Average Loss: 4.010097662607829
Patience Counter: 2
Epoch 25/50
Average Loss: 4.018908421198527
Patience Counter: 3
Epoch 26/50
Average Loss: 4.02268550131056
Patience Counter: 4
Epoch 27/50
Average Loss: 4.007053507698907
Epoch 28/50
Average Loss: 4.002087222205268
Epoch 29/50
Average Loss: 4.003768311606513
Patience Counter: 1
Epoch 30/50
Average Loss: 4.014008204142253
Patience Counter: 2
Epoch 31/50
Average Loss: 4.0022966331905785
Patience Counter: 3
Epoch 32/50
Average Loss: 4.000879287719727
Epoch 33/50
Average Loss: 4.003323978847927
Patience Counter: 1
Epoch 34/50
Average Loss: 4.000388675265842
Epoch 35/50
Average Loss: 4.002017630471124
Patience Counter: 1
Epoch 36/50
Average Loss: 3.9987749523586698
Epoch 37/50
Average Loss: 3.9995021555158825
Patience Counter: 1
Epoch 38/50
Average Loss: 3.9999619589911566
Patience Counter: 2
Epoch 39/50
Average Loss: 4.000855710771349
Patience Counter: 3
Epoch 40/50
Average Loss: 4.000711441040039
Patience Counter: 4
Epoch 41/50
Average Loss: 4.0168265501658125
Patience Counter: 5
Early stopping triggered
C-index: 0.6071
Using GPU: cuda:7 (utilization=0%, free_mem=10118MiB)
Running trial 6 for ExperimentScenario.FOUR_FEATURES on device cuda:7
Train data path /home/minhn2/uiuc-kidney-failure/generated_data/rep1/four_features_train_data.csv
Test data path /home/minhn2/uiuc-kidney-failure/generated_data/rep1/four_features_test_data.csv
Number of patients: test 562 and train 2247
Number of records: test 5511 and train 21318
Epoch 1/50
Average Loss: 5.124860551622179
Epoch 2/50
Average Loss: 5.014408535427517
Epoch 3/50
Average Loss: 4.844335503048367
Epoch 4/50
Average Loss: 4.708414872487386
Epoch 5/50
Average Loss: 4.603684796227349
Epoch 6/50
Average Loss: 4.547784487406413
Epoch 7/50
Average Loss: 4.509547074635823
Epoch 8/50
Average Loss: 4.499997456868489
Epoch 9/50
Average Loss: 4.464670870039198
Epoch 10/50
Average Loss: 4.455474164750841
Epoch 11/50
Average Loss: 4.431655353969997
Epoch 12/50
Average Loss: 4.422273635864258
Epoch 13/50
Average Loss: 4.3971842130025225
Epoch 14/50
Average Loss: 4.378413942125109
Epoch 15/50
Average Loss: 4.374965932634142
Epoch 16/50
Average Loss: 4.350135750240749
Epoch 17/50
Average Loss: 4.326479540930854
Epoch 18/50
Average Loss: 4.3237229983011884
Epoch 19/50
Average Loss: 4.297509405348036
Epoch 20/50
Average Loss: 4.282106187608507
Epoch 21/50
Average Loss: 4.259797864490086
Epoch 22/50
Average Loss: 4.250728660159641
Epoch 23/50
Average Loss: 4.233612908257379
Epoch 24/50
Average Loss: 4.217094209459093
Epoch 25/50
Average Loss: 4.211571640438503
Epoch 26/50
Average Loss: 4.189540333218044
Epoch 27/50
Average Loss: 4.188633680343628
Epoch 28/50
Average Loss: 4.189510398440891
Patience Counter: 1
Epoch 29/50
Average Loss: 4.154481887817383
Epoch 30/50
Average Loss: 4.142959833145142
Epoch 31/50
Average Loss: 4.147962464226617
Patience Counter: 1
Epoch 32/50
Average Loss: 4.132135815090603
Epoch 33/50
Average Loss: 4.130834314558241
Epoch 34/50
Average Loss: 4.106538852055867
Epoch 35/50
Average Loss: 4.092530541949802
Epoch 36/50
Average Loss: 4.088953150643243
Epoch 37/50
Average Loss: 4.091819604237874
Patience Counter: 1
Epoch 38/50
Average Loss: 4.073394086625841
Epoch 39/50
Average Loss: 4.067366361618042
Epoch 40/50
Average Loss: 4.057581265767415
Epoch 41/50
Average Loss: 4.055767483181423
Epoch 42/50
Average Loss: 4.058536132176717
Patience Counter: 1
Epoch 43/50
Average Loss: 4.040863725874159
Epoch 44/50
Average Loss: 4.0451223320431176
Patience Counter: 1
Epoch 45/50
Average Loss: 4.053507328033447
Patience Counter: 2
Epoch 46/50
Average Loss: 4.044208923975627
Patience Counter: 3
Epoch 47/50
Average Loss: 4.02561781141493
Epoch 48/50
Average Loss: 4.025657839245266
Patience Counter: 1
Epoch 49/50
Average Loss: 4.0174581739637585
Epoch 50/50
Average Loss: 4.020469268163045
Patience Counter: 1
C-index: 0.5582
Using GPU: cuda:3 (utilization=0%, free_mem=9500MiB)
Running trial 7 for ExperimentScenario.FOUR_FEATURES on device cuda:3
Train data path /home/minhn2/uiuc-kidney-failure/generated_data/rep1/four_features_train_data.csv
Test data path /home/minhn2/uiuc-kidney-failure/generated_data/rep1/four_features_test_data.csv
Number of patients: test 562 and train 2247
Number of records: test 5511 and train 21318
Epoch 1/50
Average Loss: 5.191677941216363
Epoch 2/50
Average Loss: 5.17647467719184
Epoch 3/50
Average Loss: 5.187493642171224
Patience Counter: 1
Epoch 4/50
Average Loss: 5.183555814954969
Patience Counter: 2
Epoch 5/50
Average Loss: 5.190036561754015
Patience Counter: 3
Epoch 6/50
Average Loss: 5.194713592529297
Patience Counter: 4
Epoch 7/50
Average Loss: 5.183199034796821
Patience Counter: 5
Early stopping triggered
C-index: 0.5000
Using GPU: cuda:7 (utilization=0%, free_mem=8646MiB)
Running trial 8 for ExperimentScenario.FOUR_FEATURES on device cuda:7
Train data path /home/minhn2/uiuc-kidney-failure/generated_data/rep1/four_features_train_data.csv
Test data path /home/minhn2/uiuc-kidney-failure/generated_data/rep1/four_features_test_data.csv
Number of patients: test 562 and train 2247
Number of records: test 5511 and train 21318
Epoch 1/50
Average Loss: 4.69293032752143
Epoch 2/50
Average Loss: 4.370327366722955
Epoch 3/50
Average Loss: 4.109870857662624
Epoch 4/50
Average Loss: 4.0478429264492455
Epoch 5/50
Average Loss: 4.054073996014065
Patience Counter: 1
Epoch 6/50
Average Loss: 4.036671082178752
Epoch 7/50
Average Loss: 4.0371467272440595
Patience Counter: 1
Epoch 8/50
Average Loss: 4.043131007088555
Patience Counter: 2
Epoch 9/50
Average Loss: 4.035649273130629
Epoch 10/50
Average Loss: 4.038896799087524
Patience Counter: 1
Epoch 11/50
Average Loss: 4.003173351287842
Epoch 12/50
Average Loss: 4.023276991314358
Patience Counter: 1
Epoch 13/50
Average Loss: 4.003293037414551
Patience Counter: 2
Epoch 14/50
Average Loss: 4.009389771355523
Patience Counter: 3
Epoch 15/50
Average Loss: 4.026292297575209
Patience Counter: 4
Epoch 16/50
Average Loss: 4.015563170115153
Patience Counter: 5
Early stopping triggered
C-index: 0.5074
Using GPU: cuda:2 (utilization=0%, free_mem=7760MiB)
Running trial 9 for ExperimentScenario.FOUR_FEATURES on device cuda:2
Train data path /home/minhn2/uiuc-kidney-failure/generated_data/rep1/four_features_train_data.csv
Test data path /home/minhn2/uiuc-kidney-failure/generated_data/rep1/four_features_test_data.csv
Number of patients: test 562 and train 2247
Number of records: test 5511 and train 21318
Epoch 1/50
Average Loss: 5.170859177907308
Epoch 2/50
Average Loss: 5.105608251359728
Epoch 3/50
Average Loss: 5.054755687713623
Epoch 4/50
Average Loss: 5.015444384680854
Epoch 5/50
Average Loss: 4.94026321834988
Epoch 6/50
Average Loss: 4.8713495466444225
Epoch 7/50
Average Loss: 4.817971494462755
Epoch 8/50
Average Loss: 4.750032795800103
Epoch 9/50
Average Loss: 4.705202950371636
Epoch 10/50
Average Loss: 4.65643670823839
Epoch 11/50
Average Loss: 4.630147669050428
Epoch 12/50
Average Loss: 4.5923111703660755
Epoch 13/50
Average Loss: 4.5600283410814075
Epoch 14/50
Average Loss: 4.536863380008274
Epoch 15/50
Average Loss: 4.513762738969591
Epoch 16/50
Average Loss: 4.485493554009332
Epoch 17/50
Average Loss: 4.48636351691352
Patience Counter: 1
Epoch 18/50
Average Loss: 4.462901751200358
Epoch 19/50
Average Loss: 4.462451881832546
Epoch 20/50
Average Loss: 4.445222960578071
Epoch 21/50
Average Loss: 4.451735655466716
Patience Counter: 1
Epoch 22/50
Average Loss: 4.441953129238552
Epoch 23/50
Average Loss: 4.433094342549642
Epoch 24/50
Average Loss: 4.435594134860569
Patience Counter: 1
Epoch 25/50
Average Loss: 4.416567908393012
Epoch 26/50
Average Loss: 4.419353855980767
Patience Counter: 1
Epoch 27/50
Average Loss: 4.4153035216861305
Epoch 28/50
Average Loss: 4.412306838565403
Epoch 29/50
Average Loss: 4.411866505940755
Epoch 30/50
Average Loss: 4.399503337012397
Epoch 31/50
Average Loss: 4.40863053003947
Patience Counter: 1
Epoch 32/50
Average Loss: 4.412538554933336
Patience Counter: 2
Epoch 33/50
Average Loss: 4.394485632578532
Epoch 34/50
Average Loss: 4.392385800679524
Epoch 35/50
Average Loss: 4.397014141082764
Patience Counter: 1
Epoch 36/50
Average Loss: 4.3844227525922985
Epoch 37/50
Average Loss: 4.366780360539754
Epoch 38/50
Average Loss: 4.374379846784803
Patience Counter: 1
Epoch 39/50
Average Loss: 4.375587516360813
Patience Counter: 2
Epoch 40/50
Average Loss: 4.38344865375095
Patience Counter: 3
Epoch 41/50
Average Loss: 4.367121987872654
Patience Counter: 4
Epoch 42/50
Average Loss: 4.360642009311253
Epoch 43/50
Average Loss: 4.360041989220513
Epoch 44/50
Average Loss: 4.355709976620144
Epoch 45/50
Average Loss: 4.344552887810601
Epoch 46/50
Average Loss: 4.354955620235867
Patience Counter: 1
Epoch 47/50
Average Loss: 4.351817899280125
Patience Counter: 2
Epoch 48/50
Average Loss: 4.345934867858887
Patience Counter: 3
Epoch 49/50
Average Loss: 4.334595653745863
Epoch 50/50
Average Loss: 4.344086805979411
Patience Counter: 1
C-index: 0.4901
Number of finished trials:  10
Best trial:
Best hyperparameters: {'num_layers': 4, 'learning_rate': 0.00017413355889322002, 'drop_out_rate': 0.3476848460726989, 'n_head': 4, 'nhead_factor': 9}
model summary
HazardTransformer(
  (input_embedding): Linear(in_features=4, out_features=36, bias=True)
  (time_encoder): Sequential(
    (0): Linear(in_features=1, out_features=18, bias=True)
    (1): ReLU()
    (2): Linear(in_features=18, out_features=36, bias=True)
  )
  (pos_encoder): PositionalEncoding()
  (transformer_encoder): TransformerEncoder(
    (layers): ModuleList(
      (0-3): 4 x TransformerEncoderLayer(
        (self_attn): MultiheadAttention(
          (out_proj): NonDynamicallyQuantizableLinear(in_features=36, out_features=36, bias=True)
        )
        (linear1): Linear(in_features=36, out_features=2048, bias=True)
        (dropout): Dropout(p=0.3476848460726989, inplace=False)
        (linear2): Linear(in_features=2048, out_features=36, bias=True)
        (norm1): LayerNorm((36,), eps=1e-05, elementwise_affine=True)
        (norm2): LayerNorm((36,), eps=1e-05, elementwise_affine=True)
        (dropout1): Dropout(p=0.3476848460726989, inplace=False)
        (dropout2): Dropout(p=0.3476848460726989, inplace=False)
      )
    )
  )
  (hazard_decoders): ModuleList(
    (0): Sequential(
      (0): Linear(in_features=36, out_features=18, bias=True)
      (1): ReLU()
      (2): Linear(in_features=18, out_features=1, bias=True)
    )
  )
)
C-index: 0.6386
Mean time-dependent AUC: 0.73
Warning: Could not compute Brier Score: time must be smaller than largest observed time point: 4216.413194444444
Using GPU: cuda:3 (utilization=0%, free_mem=7660MiB)
Train data path /home/minhn2/uiuc-kidney-failure/generated_data/rep1/eight_features_train_data.csv
Test data path /home/minhn2/uiuc-kidney-failure/generated_data/rep1/eight_features_test_data.csv
Number of patients: test 243 and train 970
Number of records: test 1100 and train 4307
Running Optuna hyperparameter optimization
Using GPU: cuda:3 (utilization=0%, free_mem=7660MiB)
Running trial 0 for ExperimentScenario.EIGHT_FEATURES on device cuda:3
Train data path /home/minhn2/uiuc-kidney-failure/generated_data/rep1/eight_features_train_data.csv
Test data path /home/minhn2/uiuc-kidney-failure/generated_data/rep1/eight_features_test_data.csv
Number of patients: test 243 and train 970
Number of records: test 1100 and train 4307
Epoch 1/50
Average Loss: 4.0204837918281555
Epoch 2/50
Average Loss: 3.8423532247543335
Epoch 3/50
Average Loss: 3.7891854643821716
Epoch 4/50
Average Loss: 3.723749101161957
Epoch 5/50
Average Loss: 3.6579750776290894
Epoch 6/50
Average Loss: 3.572748601436615
Epoch 7/50
Average Loss: 3.515485167503357
Epoch 8/50
Average Loss: 3.4419041872024536
Epoch 9/50
Average Loss: 3.361718237400055
Epoch 10/50
Average Loss: 3.262782394886017
Epoch 11/50
Average Loss: 3.19870388507843
Epoch 12/50
Average Loss: 3.1086277