[I 2026-08-27 20:52:24,632] Trial 9 finished with value: 0.4715440923506468 and parameters: {'num_nodes': 16, 'num_layers': 1, 'lr': 0.01460489903399084, 'batch_size': 256, 'dropout': 0.47150130632893855}. Best is trial 5 with value: 0.49041325036412164.
Skipping CKD_FIFTY_FEATURES_HETEROGENEOUS: no train data at /home/minhn2/uiuc-kidney-failure/generated_data/rep1/ckd_fifty_features_heterogeneous_train_data.csv
Using GPU: cuda:1 (utilization=0%, free_mem=11260MiB)
Train data path /home/minhn2/uiuc-kidney-failure/generated_data/rep1/four_features_train_data.csv
Test data path /home/minhn2/uiuc-kidney-failure/generated_data/rep1/four_features_test_data.csv
Number of patients: test 562 and train 2247
Number of records: test 5511 and train 21318
Training new model with Optuna optimization
Running Optuna hyperparameter optimization
Using GPU: cuda:2 (utilization=0%, free_mem=11260MiB)
Train data path /home/minhn2/uiuc-kidney-failure/generated_data/rep1/four_features_train_data.csv
Test data path /home/minhn2/uiuc-kidney-failure/generated_data/rep1/four_features_test_data.csv
Number of patients: test 562 and train 2247
Number of records: test 5511 and train 21318
No existing model, saving current model
Using GPU: cuda:5 (utilization=0%, free_mem=11260MiB)
Train data path /home/minhn2/uiuc-kidney-failure/generated_data/rep1/four_features_train_data.csv
Test data path /home/minhn2/uiuc-kidney-failure/generated_data/rep1/four_features_test_data.csv
Number of patients: test 562 and train 2247
Number of records: test 5511 and train 21318
Saved model C-index: 0.4452, Current trial C-index: 0.4460
New model is better, saving current model
Using GPU: cuda:6 (utilization=0%, free_mem=11260MiB)
Train data path /home/minhn2/uiuc-kidney-failure/generated_data/rep1/four_features_train_data.csv
Test data path /home/minhn2/uiuc-kidney-failure/generated_data/rep1/four_features_test_data.csv
Number of patients: test 562 and train 2247
Number of records: test 5511 and train 21318
Saved model C-index: 0.4460, Current trial C-index: 0.4593
New model is better, saving current model
Using GPU: cuda:7 (utilization=0%, free_mem=11260MiB)
Train data path /home/minhn2/uiuc-kidney-failure/generated_data/rep1/four_features_train_data.csv
Test data path /home/minhn2/uiuc-kidney-failure/generated_data/rep1/four_features_test_data.csv
Number of patients: test 562 and train 2247
Number of records: test 5511 and train 21318
Saved model C-index: 0.4593, Current trial C-index: 0.4425
Saved model is better, keeping it
Using GPU: cuda:5 (utilization=0%, free_mem=11040MiB)
Train data path /home/minhn2/uiuc-kidney-failure/generated_data/rep1/four_features_train_data.csv
Test data path /home/minhn2/uiuc-kidney-failure/generated_data/rep1/four_features_test_data.csv
Number of patients: test 562 and train 2247
Number of records: test 5511 and train 21318
Saved model C-index: 0.4593, Current trial C-index: 0.4517
Saved model is better, keeping it
Using GPU: cuda:2 (utilization=0%, free_mem=11040MiB)
Train data path /home/minhn2/uiuc-kidney-failure/generated_data/rep1/four_features_train_data.csv
Test data path /home/minhn2/uiuc-kidney-failure/generated_data/rep1/four_features_test_data.csv
Number of patients: test 562 and train 2247
Number of records: test 5511 and train 21318
Saved model C-index: 0.4593, Current trial C-index: 0.4409
Saved model is better, keeping it
Using GPU: cuda:6 (utilization=0%, free_mem=11040MiB)
Train data path /home/minhn2/uiuc-kidney-failure/generated_data/rep1/four_features_train_data.csv
Test data path /home/minhn2/uiuc-kidney-failure/generated_data/rep1/four_features_test_data.csv
Number of patients: test 562 and train 2247
Number of records: test 5511 and train 21318
Saved model C-index: 0.4593, Current trial C-index: 0.4395
Saved model is better, keeping it
Using GPU: cuda:2 (utilization=0%, free_mem=11040MiB)
Train data path /home/minhn2/uiuc-kidney-failure/generated_data/rep1/four_features_train_data.csv
Test data path /home/minhn2/uiuc-kidney-failure/generated_data/rep1/four_features_test_data.csv
Number of patients: test 562 and train 2247
Number of records: test 5511 and train 21318
Saved model C-index: 0.4593, Current trial C-index: 0.4738
New model is better, saving current model
Using GPU: cuda:6 (utilization=0%, free_mem=11040MiB)
Train data path /home/minhn2/uiuc-kidney-failure/generated_data/rep1/four_features_train_data.csv
Test data path /home/minhn2/uiuc-kidney-failure/generated_data/rep1/four_features_test_data.csv
Number of patients: test 562 and train 2247
Number of records: test 5511 and train 21318
Saved model C-index: 0.4738, Current trial C-index: 0.4545
Saved model is better, keeping it
Using GPU: cuda:2 (utilization=0%, free_mem=11040MiB)
Train data path /home/minhn2/uiuc-kidney-failure/generated_data/rep1/four_features_train_data.csv
Test data path /home/minhn2/uiuc-kidney-failure/generated_data/rep1/four_features_test_data.csv
Number of patients: test 562 and train 2247
Number of records: test 5511 and train 21318
Saved model C-index: 0.4738, Current trial C-index: 0.4500
Saved model is better, keeping it
Number of finished trials:  10
Best trial:
Best hyperparameters: {'num_nodes': 16, 'num_layers': 2, 'lr': 0.002553757436487915, 'batch_size': 256, 'dropout': 0.1282152893085754}
Loading best model from disk after optimization
Model summary:
MLPVanilla(
  (net): Sequential(
    (0): DenseVanillaBlock(
      (linear): Linear(in_features=4, out_features=16, bias=True)
      (activation): ReLU()
      (batch_norm): BatchNorm1d(16, eps=1e-05, momentum=0.1, affine=True, track_running_stats=True)
      (dropout): Dropout(p=0.1282152893085754, inplace=False)
    )
    (1): DenseVanillaBlock(
      (linear): Linear(in_features=16, out_features=16, bias=True)
      (activation): ReLU()
      (batch_norm): BatchNorm1d(16, eps=1e-05, momentum=0.1, affine=True, track_running_stats=True)
      (dropout): Dropout(p=0.1282152893085754, inplace=False)
    )
    (2): Linear(in_features=16, out_features=50, bias=False)
  )
)

=== Evaluation Results for four_features ===
Global test C-index: 0.474
Event rate: 467/562 (83.10%)
Mean time-dependent AUC: 0.541
Warning: Could not compute Brier Score: time must be smaller than largest observed time point: 4216.413194444444
Using GPU: cuda:4 (utilization=0%, free_mem=11022MiB)
Train data path /home/minhn2/uiuc-kidney-failure/generated_data/rep1/eight_features_train_data.csv
Test data path /home/minhn2/uiuc-kidney-failure/generated_data/rep1/eight_features_test_data.csv
Number of patients: test 243 and train 970
Number of records: test 1100 and train 4307
Training new model with Optuna optimization
Running Optuna hyperparameter optimization
Using GPU: cuda:4 (utilization=0%, free_mem=11022MiB)
Train data path /home/minhn2/uiuc-kidney-failure/generated_data/rep1/eight_features_train_data.csv
Test data path /home/minhn2/uiuc-kidney-failure/generated_data/rep1/eight_features_test_data.csv
Number of patients: test 243 and train 970
Number of records: test 1100 and train 4307
No existing model, saving current model
Using GPU: cuda:2 (utilization=0%, free_mem=11040MiB)
Train data path /home/minhn2/uiuc-kidney-failure/generated_data/rep1/eight_features_train_data.csv
Test data path /home/minhn2/uiuc-kidney-failure/generated_data/rep1/eight_features_test_data.csv
Number of patients: test 243 and train 970
Number of records: test 1100 and train 4307
Saved model C-index: 0.4531, Current trial C-index: 0.4362
Saved model is better, keeping it
Using GPU: cuda:4 (utilization=0%, free_mem=10802MiB)
Train data path /home/minhn2/uiuc-kidney-failure/generated_data/rep1/eight_features_train_data.csv
Test data path /home/minhn2/uiuc-kidney-failure/generated_data/rep1/eight_features_test_data.csv
Number of patients: test 243 and train 970
Number of records: test 1100 and train 4307
Saved model C-index: 0.4531, Current trial C-index: 0.4766
New model is better, saving current model
Using GPU: cuda:6 (utilization=0%, free_mem=9878MiB)
Train data path /home/minhn2/uiuc-kidney-failure/generated_data/rep1/eight_features_train_data.csv
Test data path /home/minhn2/uiuc-kidney-failure/generated_data/rep1/eight_features_test_data.csv
Number of patients: test 243 and train 970
Number of records: test 1100 and train 4307
Saved model C-index: 0.4766, Current trial C-index: 0.4637
Saved model is better, keeping it
Using GPU: cuda:4 (utilization=0%, free_mem=10802MiB)
Train data path /home/minhn2/uiuc-kidney-failure/generated_data/rep1/eight_features_train_data.csv
Test data path /home/minhn2/uiuc-kidney-failure/generated_data/rep1/eight_features_test_data.csv
Number of patients: test 243 and train 970
Number of records: test 1100 and train 4307
Saved model C-index: 0.4766, Current trial C-index: 0.4585
Saved model is better, keeping it
Using GPU: cuda:6 (utilization=0%, free_mem=9878MiB)
Train data path /home/minhn2/uiuc-kidney-failure/generated_data/rep1/eight_features_train_data.csv
Test data path /home/minhn2/uiuc-kidney-failure/generated_data/rep1/eight_features_test_data.csv
Number of patients: test 243 and train 970
Number of records: test 1100 and train 4307
Saved model C-index: 0.4766, Current trial C-index: 0.4611
Saved model is better, keeping it
Using GPU: cuda:5 (utilization=0%, free_mem=8562MiB)
Train data path /home/minhn2/uiuc-kidney-failure/generated_data/rep1/eight_features_train_data.csv
Test data path /home/minhn2/uiuc-kidney-failure/generated_data/rep1/eight_features_test_data.csv
Number of patients: test 243 and train 970
Number of records: test 1100 and train 4307
Saved model C-index: 0.4766, Current trial C-index: 0.4524
Saved model is better, keeping it
Using GPU: cuda:2 (utilization=0%, free_mem=10146MiB)
Train data path /home/minhn2/uiuc-kidney-failure/generated_data/rep1/eight_features_train_data.csv
Test data path /home/minhn2/uiuc-kidney-failure/generated_data/rep1/eight_features_test_data.csv
Number of patients: test 243 and train 970
Number of records: test 1100 and train 4307
Saved model C-index: 0.4766, Current trial C-index: 0.4673
Saved model is better, keeping it
Using GPU: cuda:5 (utilization=0%, free_mem=8562MiB)
Train data path /home/minhn2/uiuc-kidney-failure/generated_data/rep1/eight_features_train_data.csv
Test data path /home/minhn2/uiuc-kidney-failure/generated_data/rep1/eight_features_test_data.csv
Number of patients: test 243 and train 970
Number of records: test 1100 and train 4307
Saved model C-index: 0.4766, Current trial C-index: 0.4635
Saved model is better, keeping it
Using GPU: cuda:2 (utilization=0%, free_mem=10146MiB)
Train data path /home/minhn2/uiuc-kidney-failure/generated_data/rep1/eight_features_train_data.csv
Test data path /home/minhn2/uiuc-kidney-failure/generated_data/rep1/eight_features_test_data.csv
Number of patients: test 243 and train 970
Number of records: test 1100 and train 4307
Saved model C-index: 0.4766, Current trial C-index: 0.4347
Saved model is better, keeping it
Number of finished trials:  10
Best trial:
Best hyperparameters: {'num_nodes': 16, 'num_layers': 2, 'lr': 0.026697728261869776, 'batch_size': 128, 'dropout': 0.32005808043926787}
Loading best model from disk after optimization
Model summary:
MLPVanilla(
  (net): Sequential(
    (0): DenseVanillaBlock(
      (linear): Linear(in_features=8, out_features=16, bias=True)
      (activation): ReLU()
      (batch_norm): BatchNorm1d(16, eps=1e-05, momentum=0.1, affine=True, track_running_stats=True)
      (dropout): Dropout(p=0.32005808043926787, inplace=False)
    )
    (1): DenseVanillaBlock(
      (linear): Linear(in_features=16, out_features=16, bias=True)
      (activation): ReLU()
      (batch_norm): BatchNorm1d(16, eps=1e-05, momentum=0.1, affine=True, track_running_stats=True)
      (dropout): Dropout(p=0.32005808043926787, inplace=False)
    )
    (2): Linear(in_features=16, out_features=50, bias=False)
  )
)

=== Evaluation Results for eight_features ===
Global test C-index: 0.477
Event rate: 212/243 (87.24%)
Mean time-dependent AUC: 0.553
Integrated Brier Score Test: 0.626
Using GPU: cuda:5 (utilization=0%, free_mem=8562MiB)
Train data path /home/minhn2/uiuc-kidney-failure/generated_data/rep1/twenty_features_heterogeneous_train_data.csv
Test data path /home/minhn2/uiuc-kidney-failure/generated_data/rep1/twenty_features_heterogeneous_test_data.csv
Number of patients: test 6521 and train 26080
Number of records: test 1613452 and train 6512638
Training new model with Optuna optimization
Running Optuna hyperparameter optimization
Using GPU: cuda:5 (utilization=0%, free_mem=8562MiB)
Train data path /home/minhn2/uiuc-kidney-failure/generated_data/rep1/twenty_features_heterogeneous_train_data.csv
Test data path /home/minhn2/uiuc-kidney-failure/generated_data/rep1/twenty_features_heterogeneous_test_data.csv
Number of patients: test 6521 and train 26080
Number of records: test 1613452 and train 6512638
No existing model, saving current model
Using GPU: cuda:1 (utilization=0%, free_mem=7952MiB)
Train data path /home/minhn2/uiuc-kidney-failure/generated_data/rep1/twenty_features_heterogeneous_train_data.csv
Test data path /home/minhn2/uiuc-kidney-failure/generated_data/rep1/twenty_features_heterogeneous_test_data.csv
Number of patients: test 6521 and train 26080
Number of records: test 1613452 and train 6512638
Saved model C-index: 0.4609, Current trial C-index: 0.4668
New model is better, saving current model
Using GPU: cuda:7 (utilization=0%, free_mem=6942MiB)
Train data path /home/minhn2/uiuc-kidney-failure/generated_data/rep1/twenty_features_heterogeneous_train_data.csv
Test data path /home/minhn2/uiuc-kidney-failure/generated_data/rep1/twenty_features_heterogeneous_test_data.csv
Number of patients: test 6521 and train 26080
Number of records: test 1613452 and train 6512638
Saved model C-index: 0.4668, Current trial C-index: 0.4688
New model is better, saving current model
Using GPU: cuda:4 (utilization=0%, free_mem=6864MiB)
Train data path /home/minhn2/uiuc-kidney-failure/generated_data/rep1/twenty_features_heterogeneous_train_data.csv
Test data path /home/minhn2/uiuc-kidney-failure/generated_data/rep1/twenty_features_heterogeneous_test_data.csv
Number of patients: test 6521 and train 26080
Number of records: test 1613452 and train 6512638
Saved model C-index: 0.4688, Current trial C-index: 0.4691
New model is better, saving current model
Using GPU: cuda:7 (utilization=0%, free_mem=6922MiB)
Train data path /home/minhn2/uiuc-kidney-failure/generated_data/rep1/twenty_features_heterogeneous_train_data.csv
Test data path /home/minhn2/uiuc-kidney-failure/generated_data/rep1/twenty_features_heterogeneous_test_data.csv
Number of patients: test 6521 and train 26080
Number of records: test 1613452 and train 6512638
Saved model C-index: 0.4691, Current trial C-index: 0.4679
Saved model is better, keeping it
Using GPU: cuda:4 (utilization=0%, free_mem=6842MiB)
Train data path /home/minhn2/uiuc-kidney-failure/generated_data/rep1/twenty_features_heterogeneous_train_data.csv
Test data path /home/minhn2/uiuc-kidney-failure/generated_data/rep1/twenty_features_heterogeneous_test_data.csv
Number of patients: test 6521 and train 26080
Number of records: test 1613452 and train 6512638
Saved model C-index: 0.4691, Current trial C-index: 0.4904
New model is better, saving current model
Using GPU: cuda:7 (utilization=0%, free_mem=6922MiB)
Train data path /home/minhn2/uiuc-kidney-failure/generated_data/rep1/twenty_features_heterogeneous_train_data.csv
Test data path /home/minhn2/uiuc-kidney-failure/generated_data/rep1/twenty_features_heterogeneous_test_data.csv
Number of patients: test 6521 and train 26080
Number of records: test 1613452 and train 6512638
Saved model C-index: 0.4904, Current trial C-index: 0.4822
Saved model is better, keeping it
Using GPU: cuda:7 (utilization=0%, free_mem=6922MiB)
Train data path /home/minhn2/uiuc-kidney-failure/generated_data/rep1/twenty_features_heterogeneous_train_data.csv
Test data path /home/minhn2/uiuc-kidney-failure/generated_data/rep1/twenty_features_heterogeneous_test_data.csv
Number of patients: test 6521 and train 26080
Number of records: test 1613452 and train 6512638
Saved model C-index: 0.4904, Current trial C-index: 0.4708
Saved model is better, keeping it
Using GPU: cuda:7 (utilization=0%, free_mem=6920MiB)
Train data path /home/minhn2/uiuc-kidney-failure/generated_data/rep1/twenty_features_heterogeneous_train_data.csv
Test data path /home/minhn2/uiuc-kidney-failure/generated_data/rep1/twenty_features_heterogeneous_test_data.csv
Number of patients: test 6521 and train 26080
Number of records: test 1613452 and train 6512638
Saved model C-index: 0.4904, Current trial C-index: 0.4746
Saved model is better, keeping it
Using GPU: cuda:4 (utilization=0%, free_mem=6842MiB)
Train data path /home/minhn2/uiuc-kidney-failure/generated_data/rep1/twenty_features_heterogeneous_train_data.csv
Test data path /home/minhn2/uiuc-kidney-failure/generated_data/rep1/twenty_features_heterogeneous_test_data.csv
Number of patients: test 6521 and train 26080
Number of records: test 1613452 and train 6512638
Saved model C-index: 0.4904, Current trial C-index: 0.4715
Saved model is better, keeping it
Number of finished trials:  10
Best trial:
Best hyperparameters: {'num_nodes': 64, 'num_layers': 2, 'lr': 0.01583226088662425, 'batch_size': 32, 'dropout': 0.49851012704436026}
Loading best model from disk after optimization
Model summary:
MLPVanilla(
  (net): Sequential(
    (0): DenseVanillaBlock(
      (linear): Linear(in_features=40, out_features=64, bias=True)
      (activation): ReLU()
      (batch_norm): BatchNorm1d(64, eps=1e-05, momentum=0.1, affine=True, track_running_stats=True)
      (dropout): Dropout(p=0.49851012704436026, inplace=False)
    )
    (1): DenseVanillaBlock(
      (linear): Linear(in_features=64, out_features=64, bias=True)
      (activation): ReLU()
      (batch_norm): BatchNorm1d(64, eps=1e-05, momentum=0.1, affine=True, track_running_stats=True)
      (dropout): Dropout(p=0.49851012704436026, inplace=False)
    )
    (2): Linear(in_features=64, out_features=50, bias=False)
  )
)

=== Evaluation Results for twenty_features_heterogeneous ===
Global test C-index: 0.490
Event rate: 5976/6521 (91.64%)
Mean time-dependent AUC: 0.514
Integrated Brier Score Test: 0.627
✓ logistic_hazard completed successfully
End time: Thu Aug 27 20:52:34 CDT 2026
