Start time: Sat Aug 29 19:02:23 CDT 2026
[I 2026-08-29 19:02:32,264] A new study created in memory with name: no-name-17101486-28ad-4ad5-8a98-f6809948fef0
[I 2026-08-29 19:03:09,434] Trial 0 finished with value: 0.5107397211305381 and parameters: {'num_layers': 4, 'learning_rate': 0.0019313156629212646, 'drop_out_rate': 0.2748751675918957, 'n_head': 5, 'nhead_factor': 12}. Best is trial 0 with value: 0.5107397211305381.
[I 2026-08-29 19:05:44,990] Trial 1 finished with value: 0.6367248808078415 and parameters: {'num_layers': 2, 'learning_rate': 0.00038607921799682236, 'drop_out_rate': 0.2708923462357633, 'n_head': 8, 'nhead_factor': 6}. Best is trial 1 with value: 0.6367248808078415.
[I 2026-08-29 19:06:10,848] Trial 2 finished with value: 0.5112103556516332 and parameters: {'num_layers': 6, 'learning_rate': 0.003612015103582688, 'drop_out_rate': 0.12985698020970315, 'n_head': 3, 'nhead_factor': 12}. Best is trial 1 with value: 0.6367248808078415.
[I 2026-08-29 19:08:45,802] Trial 3 finished with value: 0.5837346065495403 and parameters: {'num_layers': 3, 'learning_rate': 6.109607466567424e-05, 'drop_out_rate': 0.3326883427717281, 'n_head': 3, 'nhead_factor': 16}. Best is trial 1 with value: 0.6367248808078415.
[I 2026-08-29 19:09:42,243] Trial 4 finished with value: 0.6048557848914685 and parameters: {'num_layers': 6, 'learning_rate': 0.00023877316248154603, 'drop_out_rate': 0.36437708803879376, 'n_head': 5, 'nhead_factor': 13}. Best is trial 1 with value: 0.6367248808078415.
[I 2026-08-29 19:10:36,309] Trial 5 finished with value: 0.6098413379980794 and parameters: {'num_layers': 3, 'learning_rate': 0.001057824594068763, 'drop_out_rate': 0.45835018824702967, 'n_head': 7, 'nhead_factor': 6}. Best is trial 1 with value: 0.6367248808078415.
[I 2026-08-29 19:11:13,763] Trial 6 finished with value: 0.5177598431359277 and parameters: {'num_layers': 4, 'learning_rate': 0.004032882817770888, 'drop_out_rate': 0.48268167484824154, 'n_head': 1, 'nhead_factor': 7}. Best is trial 1 with value: 0.6367248808078415.
[I 2026-08-29 19:12:15,969] Trial 7 finished with value: 0.6286765016942842 and parameters: {'num_layers': 3, 'learning_rate': 0.008180845534320816, 'drop_out_rate': 0.2214654011273104, 'n_head': 1, 'nhead_factor': 12}. Best is trial 1 with value: 0.6367248808078415.
[I 2026-08-29 19:13:34,726] Trial 8 finished with value: 0.5 and parameters: {'num_layers': 5, 'learning_rate': 0.0015046546985949406, 'drop_out_rate': 0.11950510018843818, 'n_head': 1, 'nhead_factor': 2}. Best is trial 1 with value: 0.6367248808078415.
[I 2026-08-29 19:14:16,539] Trial 9 finished with value: 0.6234722886163556 and parameters: {'num_layers': 2, 'learning_rate': 0.004653527196393245, 'drop_out_rate': 0.13173666023237118, 'n_head': 7, 'nhead_factor': 11}. Best is trial 1 with value: 0.6367248808078415.
[I 2026-08-29 19:14:21,016] A new study created in memory with name: no-name-f5b3ea7b-6672-4b5d-9756-7512d27d88ce
[I 2026-08-29 19:15:18,020] Trial 0 finished with value: 0.516783371564248 and parameters: {'num_layers': 2, 'learning_rate': 4.497325035999985e-05, 'drop_out_rate': 0.11609779005715049, 'n_head': 4, 'nhead_factor': 16}. Best is trial 0 with value: 0.516783371564248.
[I 2026-08-29 19:16:07,799] Trial 1 finished with value: 0.5811320375065395 and parameters: {'num_layers': 2, 'learning_rate': 7.859821207447545e-05, 'drop_out_rate': 0.29137077869007993, 'n_head': 4, 'nhead_factor': 7}. Best is trial 1 with value: 0.5811320375065395.
[I 2026-08-29 19:16:33,490] Trial 2 finished with value: 0.6164131353374381 and parameters: {'num_layers': 2, 'learning_rate': 0.0012812028552045525, 'drop_out_rate': 0.2938803058834688, 'n_head': 4, 'nhead_factor': 13}. Best is trial 2 with value: 0.6164131353374381.
[I 2026-08-29 19:16:52,627] Trial 3 finished with value: 0.5430641072075335 and parameters: {'num_layers': 5, 'learning_rate': 0.009115907894069969, 'drop_out_rate': 0.12456290720346802, 'n_head': 4, 'nhead_factor': 8}. Best is trial 2 with value: 0.6164131353374381.
[I 2026-08-29 19:17:45,054] Trial 4 finished with value: 0.5245261378727514 and parameters: {'num_layers': 4, 'learning_rate': 0.00010815003397887723, 'drop_out_rate': 0.33575187749710134, 'n_head': 3, 'nhead_factor': 5}. Best is trial 2 with value: 0.6164131353374381.
[I 2026-08-29 19:18:45,192] Trial 5 finished with value: 0.5358847438528713 and parameters: {'num_layers': 5, 'learning_rate': 7.256347402815626e-05, 'drop_out_rate': 0.18533166183006605, 'n_head': 2, 'nhead_factor': 14}. Best is trial 2 with value: 0.6164131353374381.
[I 2026-08-29 19:19:52,791] Trial 6 finished with value: 0.6668256267857862 and parameters: {'num_layers': 5, 'learning_rate': 0.00020172479381108554, 'drop_out_rate': 0.2029635110442387, 'n_head': 4, 'nhead_factor': 10}. Best is trial 6 with value: 0.6668256267857862.
[I 2026-08-29 19:20:21,129] Trial 7 finished with value: 0.5466115336633265 and parameters: {'num_layers': 3, 'learning_rate': 0.001032007158360175, 'drop_out_rate': 0.42041286176916004, 'n_head': 1, 'nhead_factor': 3}. Best is trial 6 with value: 0.6668256267857862.
[I 2026-08-29 19:21:12,979] Trial 8 finished with value: 0.5360577890458369 and parameters: {'num_layers': 5, 'learning_rate': 0.0014953826139396367, 'drop_out_rate': 0.27897977909483007, 'n_head': 4, 'nhead_factor': 2}. Best is trial 6 with value: 0.6668256267857862.
[I 2026-08-29 19:21:36,950] Trial 9 finished with value: 0.3475371242303513 and parameters: {'num_layers': 3, 'learning_rate': 0.0030115761215735756, 'drop_out_rate': 0.20064498526158894, 'n_head': 7, 'nhead_factor': 11}. Best is trial 6 with value: 0.6668256267857862.
[I 2026-08-29 19:22:46,727] A new study created in memory with name: no-name-9789d34c-d6d3-44f2-827d-ba6da85de3f8
[I 2026-08-30 04:44:29,483] Trial 0 finished with value: 0.41098944303602025 and parameters: {'num_layers': 2, 'learning_rate': 0.00081069823865906, 'drop_out_rate': 0.47767937913217273, 'n_head': 3, 'nhead_factor': 3}. Best is trial 0 with value: 0.41098944303602025.
[I 2026-08-30 05:17:17,081] Trial 1 finished with value: 0.5189477433294821 and parameters: {'num_layers': 6, 'learning_rate': 0.0023297666844510293, 'drop_out_rate': 0.45347146884265743, 'n_head': 2, 'nhead_factor': 15}. Best is trial 1 with value: 0.5189477433294821.
[I 2026-08-30 07:52:39,450] Trial 2 finished with value: 0.4341213295401002 and parameters: {'num_layers': 6, 'learning_rate': 1.992822726672868e-05, 'drop_out_rate': 0.2605045952310938, 'n_head': 1, 'nhead_factor': 3}. Best is trial 1 with value: 0.5189477433294821.
[I 2026-08-30 08:14:27,031] Trial 3 finished with value: 0.4968712136119546 and parameters: {'num_layers': 5, 'learning_rate': 0.0047876984422968215, 'drop_out_rate': 0.3223896077321185, 'n_head': 4, 'nhead_factor': 15}. Best is trial 1 with value: 0.5189477433294821.
[I 2026-08-30 12:09:20,564] Trial 4 finished with value: 0.5008702077901748 and parameters: {'num_layers': 3, 'learning_rate': 2.933661822296465e-05, 'drop_out_rate': 0.1941886823167591, 'n_head': 1, 'nhead_factor': 3}. Best is trial 1 with value: 0.5189477433294821.
[I 2026-08-30 13:02:05,156] Trial 5 finished with value: 0.5 and parameters: {'num_layers': 5, 'learning_rate': 0.0059488944537251015, 'drop_out_rate': 0.3575272880716158, 'n_head': 3, 'nhead_factor': 14}. Best is trial 1 with value: 0.5189477433294821.
[I 2026-08-30 18:34:50,938] Trial 6 finished with value: 0.6961080209550256 and parameters: {'num_layers': 4, 'learning_rate': 0.0008889600536739036, 'drop_out_rate': 0.12561574903362283, 'n_head': 3, 'nhead_factor': 10}. Best is trial 6 with value: 0.6961080209550256.
[I 2026-08-31 00:32:13,034] Trial 7 finished with value: 0.6934991617764559 and parameters: {'num_layers': 6, 'learning_rate': 0.0001627279571055955, 'drop_out_rate': 0.14813875515920627, 'n_head': 8, 'nhead_factor': 16}. Best is trial 6 with value: 0.6961080209550256.
[I 2026-08-31 01:53:00,376] Trial 8 finished with value: 0.5166493032880659 and parameters: {'num_layers': 6, 'learning_rate': 0.0006454605801195217, 'drop_out_rate': 0.25230323283007894, 'n_head': 5, 'nhead_factor': 8}. Best is trial 6 with value: 0.6961080209550256.
