[I 2026-08-29 19:06:46,964] Trial 8 finished with value: 0.44184694597849106 and parameters: {'num_nodes': 128, 'num_layers': 1, 'lr': 0.0167265805853254, 'batch_size': 128, 'dropout': 0.4812514961707819}. Best is trial 1 with value: 0.47863638251048457.
/home/minhn2/uiuc-kidney-failure/pkgs/experiments/logistic_hazard.py:90: FutureWarning: You are using `torch.load` with `weights_only=False` (the current default value), which uses the default pickle module implicitly. It is possible to construct malicious pickle data which will execute arbitrary code during unpickling (See https://github.com/pytorch/pytorch/blob/main/SECURITY.md#untrusted-models for more details). In a future release, the default value for `weights_only` will be flipped to `True`. This limits the functions that could be executed during unpickling. Arbitrary objects will no longer be allowed to be loaded via this mode unless they are explicitly allowlisted by the user via `torch.serialization.add_safe_globals`. We recommend you start setting `weights_only=True` for any use case where you don't have full control of the loaded file. Please open an issue on GitHub for any issues related to this experimental feature.
  saved_net = torch.load(saved_path, map_location=device)
[I 2026-08-29 19:06:59,891] Trial 9 finished with value: 0.473072291658016 and parameters: {'num_nodes': 32, 'num_layers': 2, 'lr': 0.0019585901769688277, 'batch_size': 32, 'dropout': 0.0829716802731374}. Best is trial 1 with value: 0.47863638251048457.
[I 2026-08-29 19:07:37,334] A new study created in memory with name: no-name-91fe0bf7-fd2b-460b-b022-ed93ddce3149
[I 2026-08-29 19:11:39,547] Trial 0 finished with value: 0.47064608150423237 and parameters: {'num_nodes': 128, 'num_layers': 1, 'lr': 0.0031655085941385557, 'batch_size': 64, 'dropout': 0.29871347792665753}. Best is trial 0 with value: 0.47064608150423237.
/home/minhn2/uiuc-kidney-failure/pkgs/experiments/logistic_hazard.py:90: FutureWarning: You are using `torch.load` with `weights_only=False` (the current default value), which uses the default pickle module implicitly. It is possible to construct malicious pickle data which will execute arbitrary code during unpickling (See https://github.com/pytorch/pytorch/blob/main/SECURITY.md#untrusted-models for more details). In a future release, the default value for `weights_only` will be flipped to `True`. This limits the functions that could be executed during unpickling. Arbitrary objects will no longer be allowed to be loaded via this mode unless they are explicitly allowlisted by the user via `torch.serialization.add_safe_globals`. We recommend you start setting `weights_only=True` for any use case where you don't have full control of the loaded file. Please open an issue on GitHub for any issues related to this experimental feature.
  saved_net = torch.load(saved_path, map_location=device)
[I 2026-08-29 19:47:22,683] Trial 1 finished with value: 0.4771978940143067 and parameters: {'num_nodes': 64, 'num_layers': 2, 'lr': 0.029777379969012516, 'batch_size': 128, 'dropout': 0.31544936388352335}. Best is trial 1 with value: 0.4771978940143067.
/home/minhn2/uiuc-kidney-failure/pkgs/experiments/logistic_hazard.py:90: FutureWarning: You are using `torch.load` with `weights_only=False` (the current default value), which uses the default pickle module implicitly. It is possible to construct malicious pickle data which will execute arbitrary code during unpickling (See https://github.com/pytorch/pytorch/blob/main/SECURITY.md#untrusted-models for more details). In a future release, the default value for `weights_only` will be flipped to `True`. This limits the functions that could be executed during unpickling. Arbitrary objects will no longer be allowed to be loaded via this mode unless they are explicitly allowlisted by the user via `torch.serialization.add_safe_globals`. We recommend you start setting `weights_only=True` for any use case where you don't have full control of the loaded file. Please open an issue on GitHub for any issues related to this experimental feature.
  saved_net = torch.load(saved_path, map_location=device)
[I 2026-08-29 20:05:33,503] Trial 2 finished with value: 0.4716583301416864 and parameters: {'num_nodes': 128, 'num_layers': 1, 'lr': 0.0007464269516954354, 'batch_size': 256, 'dropout': 0.06715211290400108}. Best is trial 1 with value: 0.4771978940143067.
/home/minhn2/uiuc-kidney-failure/pkgs/experiments/logistic_hazard.py:90: FutureWarning: You are using `torch.load` with `weights_only=False` (the current default value), which uses the default pickle module implicitly. It is possible to construct malicious pickle data which will execute arbitrary code during unpickling (See https://github.com/pytorch/pytorch/blob/main/SECURITY.md#untrusted-models for more details). In a future release, the default value for `weights_only` will be flipped to `True`. This limits the functions that could be executed during unpickling. Arbitrary objects will no longer be allowed to be loaded via this mode unless they are explicitly allowlisted by the user via `torch.serialization.add_safe_globals`. We recommend you start setting `weights_only=True` for any use case where you don't have full control of the loaded file. Please open an issue on GitHub for any issues related to this experimental feature.
  saved_net = torch.load(saved_path, map_location=device)
[I 2026-08-29 20:39:00,741] Trial 3 finished with value: 0.4698619983711619 and parameters: {'num_nodes': 16, 'num_layers': 1, 'lr': 0.03500289013182945, 'batch_size': 128, 'dropout': 0.3627475306935193}. Best is trial 1 with value: 0.4771978940143067.
/home/minhn2/uiuc-kidney-failure/pkgs/experiments/logistic_hazard.py:90: FutureWarning: You are using `torch.load` with `weights_only=False` (the current default value), which uses the default pickle module implicitly. It is possible to construct malicious pickle data which will execute arbitrary code during unpickling (See https://github.com/pytorch/pytorch/blob/main/SECURITY.md#untrusted-models for more details). In a future release, the default value for `weights_only` will be flipped to `True`. This limits the functions that could be executed during unpickling. Arbitrary objects will no longer be allowed to be loaded via this mode unless they are explicitly allowlisted by the user via `torch.serialization.add_safe_globals`. We recommend you start setting `weights_only=True` for any use case where you don't have full control of the loaded file. Please open an issue on GitHub for any issues related to this experimental feature.
  saved_net = torch.load(saved_path, map_location=device)
[I 2026-08-29 20:42:26,228] Trial 4 finished with value: 0.46801390946527155 and parameters: {'num_nodes': 32, 'num_layers': 3, 'lr': 0.00016056384046594737, 'batch_size': 64, 'dropout': 0.17138476311460493}. Best is trial 1 with value: 0.4771978940143067.
/home/minhn2/uiuc-kidney-failure/pkgs/experiments/logistic_hazard.py:90: FutureWarning: You are using `torch.load` with `weights_only=False` (the current default value), which uses the default pickle module implicitly. It is possible to construct malicious pickle data which will execute arbitrary code during unpickling (See https://github.com/pytorch/pytorch/blob/main/SECURITY.md#untrusted-models for more details). In a future release, the default value for `weights_only` will be flipped to `True`. This limits the functions that could be executed during unpickling. Arbitrary objects will no longer be allowed to be loaded via this mode unless they are explicitly allowlisted by the user via `torch.serialization.add_safe_globals`. We recommend you start setting `weights_only=True` for any use case where you don't have full control of the loaded file. Please open an issue on GitHub for any issues related to this experimental feature.
  saved_net = torch.load(saved_path, map_location=device)
[I 2026-08-29 21:13:35,197] Trial 5 finished with value: 0.4635086872659204 and parameters: {'num_nodes': 32, 'num_layers': 1, 'lr': 0.001442385277497783, 'batch_size': 128, 'dropout': 0.28331466418625684}. Best is trial 1 with value: 0.4771978940143067.
/home/minhn2/uiuc-kidney-failure/pkgs/experiments/logistic_hazard.py:90: FutureWarning: You are using `torch.load` with `weights_only=False` (the current default value), which uses the default pickle module implicitly. It is possible to construct malicious pickle data which will execute arbitrary code during unpickling (See https://github.com/pytorch/pytorch/blob/main/SECURITY.md#untrusted-models for more details). In a future release, the default value for `weights_only` will be flipped to `True`. This limits the functions that could be executed during unpickling. Arbitrary objects will no longer be allowed to be loaded via this mode unless they are explicitly allowlisted by the user via `torch.serialization.add_safe_globals`. We recommend you start setting `weights_only=True` for any use case where you don't have full control of the loaded file. Please open an issue on GitHub for any issues related to this experimental feature.
  saved_net = torch.load(saved_path, map_location=device)
[I 2026-08-29 21:44:27,240] Trial 6 finished with value: 0.46731021397479866 and parameters: {'num_nodes': 64, 'num_layers': 1, 'lr': 0.006427741059786005, 'batch_size': 128, 'dropout': 0.06120765035245712}. Best is trial 1 with value: 0.4771978940143067.
/home/minhn2/uiuc-kidney-failure/pkgs/experiments/logistic_hazard.py:90: FutureWarning: You are using `torch.load` with `weights_only=False` (the current default value), which uses the default pickle module implicitly. It is possible to construct malicious pickle data which will execute arbitrary code during unpickling (See https://github.com/pytorch/pytorch/blob/main/SECURITY.md#untrusted-models for more details). In a future release, the default value for `weights_only` will be flipped to `True`. This limits the functions that could be executed during unpickling. Arbitrary objects will no longer be allowed to be loaded via this mode unless they are explicitly allowlisted by the user via `torch.serialization.add_safe_globals`. We recommend you start setting `weights_only=True` for any use case where you don't have full control of the loaded file. Please open an issue on GitHub for any issues related to this experimental feature.
  saved_net = torch.load(saved_path, map_location=device)
[I 2026-08-29 21:50:16,596] Trial 7 finished with value: 0.4692862616097611 and parameters: {'num_nodes': 64, 'num_layers': 3, 'lr': 0.07425983806733731, 'batch_size': 32, 'dropout': 0.09910703649467745}. Best is trial 1 with value: 0.4771978940143067.
/home/minhn2/uiuc-kidney-failure/pkgs/experiments/logistic_hazard.py:90: FutureWarning: You are using `torch.load` with `weights_only=False` (the current default value), which uses the default pickle module implicitly. It is possible to construct malicious pickle data which will execute arbitrary code during unpickling (See https://github.com/pytorch/pytorch/blob/main/SECURITY.md#untrusted-models for more details). In a future release, the default value for `weights_only` will be flipped to `True`. This limits the functions that could be executed during unpickling. Arbitrary objects will no longer be allowed to be loaded via this mode unless they are explicitly allowlisted by the user via `torch.serialization.add_safe_globals`. We recommend you start setting `weights_only=True` for any use case where you don't have full control of the loaded file. Please open an issue on GitHub for any issues related to this experimental feature.
  saved_net = torch.load(saved_path, map_location=device)
[I 2026-08-29 22:01:51,739] Trial 8 finished with value: 0.4699701896471362 and parameters: {'num_nodes': 64, 'num_layers': 1, 'lr': 0.00017635965379104022, 'batch_size': 256, 'dropout': 0.4253939918326006}. Best is trial 1 with value: 0.4771978940143067.
/home/minhn2/uiuc-kidney-failure/pkgs/experiments/logistic_hazard.py:90: FutureWarning: You are using `torch.load` with `weights_only=False` (the current default value), which uses the default pickle module implicitly. It is possible to construct malicious pickle data which will execute arbitrary code during unpickling (See https://github.com/pytorch/pytorch/blob/main/SECURITY.md#untrusted-models for more details). In a future release, the default value for `weights_only` will be flipped to `True`. This limits the functions that could be executed during unpickling. Arbitrary objects will no longer be allowed to be loaded via this mode unless they are explicitly allowlisted by the user via `torch.serialization.add_safe_globals`. We recommend you start setting `weights_only=True` for any use case where you don't have full control of the loaded file. Please open an issue on GitHub for any issues related to this experimental feature.
  saved_net = torch.load(saved_path, map_location=device)
