Start time: Thu Aug 27 01:55:19 CDT 2026
[I 2026-08-27 01:55:25,455] A new study created in memory with name: no-name-fac960dd-a706-40db-b369-9c52d039c132
[I 2026-08-27 01:56:10,939] Trial 0 finished with value: 0.5 and parameters: {'num_layers': 4, 'learning_rate': 0.004631695383563131, 'drop_out_rate': 0.2247368021045921, 'n_head': 7, 'nhead_factor': 14}. Best is trial 0 with value: 0.5.
[I 2026-08-27 01:57:01,630] Trial 1 finished with value: 0.6233385014996848 and parameters: {'num_layers': 3, 'learning_rate': 1.4336297811277188e-05, 'drop_out_rate': 0.426063617110627, 'n_head': 4, 'nhead_factor': 12}. Best is trial 1 with value: 0.6233385014996848.
[I 2026-08-27 01:57:53,492] Trial 2 finished with value: 0.49942386931378313 and parameters: {'num_layers': 5, 'learning_rate': 1.2759641628821054e-05, 'drop_out_rate': 0.1956650251738369, 'n_head': 1, 'nhead_factor': 8}. Best is trial 1 with value: 0.6233385014996848.
[I 2026-08-27 01:58:56,705] Trial 3 finished with value: 0.5030998422052347 and parameters: {'num_layers': 6, 'learning_rate': 6.706427881109413e-05, 'drop_out_rate': 0.33068243357661997, 'n_head': 3, 'nhead_factor': 11}. Best is trial 1 with value: 0.6233385014996848.
[I 2026-08-27 01:59:23,637] Trial 4 finished with value: 0.5 and parameters: {'num_layers': 5, 'learning_rate': 0.004621438930933086, 'drop_out_rate': 0.13697977148876794, 'n_head': 4, 'nhead_factor': 8}. Best is trial 1 with value: 0.6233385014996848.
[I 2026-08-27 02:00:14,205] Trial 5 finished with value: 0.5619196388911216 and parameters: {'num_layers': 4, 'learning_rate': 2.2623939945400752e-05, 'drop_out_rate': 0.48537132861648946, 'n_head': 4, 'nhead_factor': 4}. Best is trial 1 with value: 0.6233385014996848.
[I 2026-08-27 02:01:02,944] Trial 6 finished with value: 0.5587240833731698 and parameters: {'num_layers': 2, 'learning_rate': 3.632137421926231e-05, 'drop_out_rate': 0.452960563549725, 'n_head': 6, 'nhead_factor': 14}. Best is trial 1 with value: 0.6233385014996848.
[I 2026-08-27 02:01:53,099] Trial 7 finished with value: 0.5611507595723889 and parameters: {'num_layers': 4, 'learning_rate': 0.001373081464581381, 'drop_out_rate': 0.27496667313060785, 'n_head': 1, 'nhead_factor': 6}. Best is trial 1 with value: 0.6233385014996848.
