[I 2026-08-29 20:38:25,235] Trial 9 finished with value: 0.4633232349641129 and parameters: {'num_nodes': 128, 'num_layers': 1, 'lr': 0.0026942505321343882, 'batch_size': 256, 'dropout': 0.20182527621336516}. Best is trial 8 with value: 0.4776260079527694.
Skipping CKD_FIFTY_FEATURES_HETEROGENEOUS: no train data at /home/minhn2/uiuc-kidney-failure/generated_data/rep2/ckd_fifty_features_heterogeneous_train_data.csv
Using GPU: cuda:4 (utilization=0%, free_mem=11260MiB)
Train data path /home/minhn2/uiuc-kidney-failure/generated_data/rep2/four_features_train_data.csv
Test data path /home/minhn2/uiuc-kidney-failure/generated_data/rep2/four_features_test_data.csv
Number of patients: test 562 and train 2247
Number of records: test 5511 and train 21318
Training new model with Optuna optimization
Running Optuna hyperparameter optimization
Using GPU: cuda:4 (utilization=0%, free_mem=11260MiB)
Train data path /home/minhn2/uiuc-kidney-failure/generated_data/rep2/four_features_train_data.csv
Test data path /home/minhn2/uiuc-kidney-failure/generated_data/rep2/four_features_test_data.csv
Number of patients: test 562 and train 2247
Number of records: test 5511 and train 21318
No existing model, saving current model
Using GPU: cuda:6 (utilization=0%, free_mem=11260MiB)
Train data path /home/minhn2/uiuc-kidney-failure/generated_data/rep2/four_features_train_data.csv
Test data path /home/minhn2/uiuc-kidney-failure/generated_data/rep2/four_features_test_data.csv
Number of patients: test 562 and train 2247
Number of records: test 5511 and train 21318
Saved model C-index: 0.4502, Current trial C-index: 0.4508
New model is better, saving current model
Using GPU: cuda:2 (utilization=0%, free_mem=11012MiB)
Train data path /home/minhn2/uiuc-kidney-failure/generated_data/rep2/four_features_train_data.csv
Test data path /home/minhn2/uiuc-kidney-failure/generated_data/rep2/four_features_test_data.csv
Number of patients: test 562 and train 2247
Number of records: test 5511 and train 21318
Saved model C-index: 0.4508, Current trial C-index: 0.4611
New model is better, saving current model
Using GPU: cuda:5 (utilization=0%, free_mem=11008MiB)
Train data path /home/minhn2/uiuc-kidney-failure/generated_data/rep2/four_features_train_data.csv
Test data path /home/minhn2/uiuc-kidney-failure/generated_data/rep2/four_features_test_data.csv
Number of patients: test 562 and train 2247
Number of records: test 5511 and train 21318
Saved model C-index: 0.4611, Current trial C-index: 0.5000
New model is better, saving current model
Using GPU: cuda:1 (utilization=0%, free_mem=10390MiB)
Train data path /home/minhn2/uiuc-kidney-failure/generated_data/rep2/four_features_train_data.csv
Test data path /home/minhn2/uiuc-kidney-failure/generated_data/rep2/four_features_test_data.csv
Number of patients: test 562 and train 2247
Number of records: test 5511 and train 21318
Saved model C-index: 0.5000, Current trial C-index: 0.4417
Saved model is better, keeping it
Using GPU: cuda:7 (utilization=4%, free_mem=10760MiB)
Train data path /home/minhn2/uiuc-kidney-failure/generated_data/rep2/four_features_train_data.csv
Test data path /home/minhn2/uiuc-kidney-failure/generated_data/rep2/four_features_test_data.csv
Number of patients: test 562 and train 2247
Number of records: test 5511 and train 21318
Saved model C-index: 0.5000, Current trial C-index: 0.4674
Saved model is better, keeping it
Using GPU: cuda:2 (utilization=0%, free_mem=9180MiB)
Train data path /home/minhn2/uiuc-kidney-failure/generated_data/rep2/four_features_train_data.csv
Test data path /home/minhn2/uiuc-kidney-failure/generated_data/rep2/four_features_test_data.csv
Number of patients: test 562 and train 2247
Number of records: test 5511 and train 21318
Saved model C-index: 0.5000, Current trial C-index: 0.4787
Saved model is better, keeping it
Using GPU: cuda:4 (utilization=0%, free_mem=9998MiB)
Train data path /home/minhn2/uiuc-kidney-failure/generated_data/rep2/four_features_train_data.csv
Test data path /home/minhn2/uiuc-kidney-failure/generated_data/rep2/four_features_test_data.csv
Number of patients: test 562 and train 2247
Number of records: test 5511 and train 21318
Saved model C-index: 0.5000, Current trial C-index: 0.4605
Saved model is better, keeping it
Using GPU: cuda:2 (utilization=0%, free_mem=9180MiB)
Train data path /home/minhn2/uiuc-kidney-failure/generated_data/rep2/four_features_train_data.csv
Test data path /home/minhn2/uiuc-kidney-failure/generated_data/rep2/four_features_test_data.csv
Number of patients: test 562 and train 2247
Number of records: test 5511 and train 21318
Saved model C-index: 0.5000, Current trial C-index: 0.4666
Saved model is better, keeping it
Using GPU: cuda:1 (utilization=0%, free_mem=9360MiB)
Train data path /home/minhn2/uiuc-kidney-failure/generated_data/rep2/four_features_train_data.csv
Test data path /home/minhn2/uiuc-kidney-failure/generated_data/rep2/four_features_test_data.csv
Number of patients: test 562 and train 2247
Number of records: test 5511 and train 21318
Saved model C-index: 0.5000, Current trial C-index: 0.4433
Saved model is better, keeping it
Number of finished trials:  10
Best trial:
Best hyperparameters: {'num_nodes': 32, 'num_layers': 1, 'lr': 0.07581667265138145, 'batch_size': 32, 'dropout': 0.28772179226469613}
Loading best model from disk after optimization
Model summary:
MLPVanilla(
  (net): Sequential(
    (0): DenseVanillaBlock(
      (linear): Linear(in_features=4, out_features=32, bias=True)
      (activation): ReLU()
      (batch_norm): BatchNorm1d(32, eps=1e-05, momentum=0.1, affine=True, track_running_stats=True)
      (dropout): Dropout(p=0.28772179226469613, inplace=False)
    )
    (1): Linear(in_features=32, out_features=50, bias=False)
  )
)

=== Evaluation Results for four_features ===
Global test C-index: 0.500
Event rate: 467/562 (83.10%)
Mean time-dependent AUC: 0.536
Warning: Could not compute Brier Score: time must be smaller than largest observed time point: 4216.413194444444
Using GPU: cuda:6 (utilization=4%, free_mem=10328MiB)
Train data path /home/minhn2/uiuc-kidney-failure/generated_data/rep2/eight_features_train_data.csv
Test data path /home/minhn2/uiuc-kidney-failure/generated_data/rep2/eight_features_test_data.csv
Number of patients: test 243 and train 970
Number of records: test 1100 and train 4307
Training new model with Optuna optimization
Running Optuna hyperparameter optimization
Using GPU: cuda:6 (utilization=4%, free_mem=10328MiB)
Train data path /home/minhn2/uiuc-kidney-failure/generated_data/rep2/eight_features_train_data.csv
Test data path /home/minhn2/uiuc-kidney-failure/generated_data/rep2/eight_features_test_data.csv
Number of patients: test 243 and train 970
Number of records: test 1100 and train 4307
No existing model, saving current model
Using GPU: cuda:1 (utilization=1%, free_mem=9140MiB)
Train data path /home/minhn2/uiuc-kidney-failure/generated_data/rep2/eight_features_train_data.csv
Test data path /home/minhn2/uiuc-kidney-failure/generated_data/rep2/eight_features_test_data.csv
Number of patients: test 243 and train 970
Number of records: test 1100 and train 4307
Saved model C-index: 0.4287, Current trial C-index: 0.4494
New model is better, saving current model
Using GPU: cuda:2 (utilization=4%, free_mem=8936MiB)
Train data path /home/minhn2/uiuc-kidney-failure/generated_data/rep2/eight_features_train_data.csv
Test data path /home/minhn2/uiuc-kidney-failure/generated_data/rep2/eight_features_test_data.csv
Number of patients: test 243 and train 970
Number of records: test 1100 and train 4307
Saved model C-index: 0.4494, Current trial C-index: 0.4734
New model is better, saving current model
Using GPU: cuda:5 (utilization=5%, free_mem=10568MiB)
Train data path /home/minhn2/uiuc-kidney-failure/generated_data/rep2/eight_features_train_data.csv
Test data path /home/minhn2/uiuc-kidney-failure/generated_data/rep2/eight_features_test_data.csv
Number of patients: test 243 and train 970
Number of records: test 1100 and train 4307
Saved model C-index: 0.4734, Current trial C-index: 0.4790
New model is better, saving current model
Using GPU: cuda:1 (utilization=0%, free_mem=9136MiB)
Train data path /home/minhn2/uiuc-kidney-failure/generated_data/rep2/eight_features_train_data.csv
Test data path /home/minhn2/uiuc-kidney-failure/generated_data/rep2/eight_features_test_data.csv
Number of patients: test 243 and train 970
Number of records: test 1100 and train 4307
Saved model C-index: 0.4790, Current trial C-index: 0.4768
Saved model is better, keeping it
Using GPU: cuda:7 (utilization=0%, free_mem=9130MiB)
Train data path /home/minhn2/uiuc-kidney-failure/generated_data/rep2/eight_features_train_data.csv
Test data path /home/minhn2/uiuc-kidney-failure/generated_data/rep2/eight_features_test_data.csv
Number of patients: test 243 and train 970
Number of records: test 1100 and train 4307
Saved model C-index: 0.4790, Current trial C-index: 0.4754
Saved model is better, keeping it
Using GPU: cuda:1 (utilization=4%, free_mem=9136MiB)
Train data path /home/minhn2/uiuc-kidney-failure/generated_data/rep2/eight_features_train_data.csv
Test data path /home/minhn2/uiuc-kidney-failure/generated_data/rep2/eight_features_test_data.csv
Number of patients: test 243 and train 970
Number of records: test 1100 and train 4307
Saved model C-index: 0.4790, Current trial C-index: 0.4507
Saved model is better, keeping it
Using GPU: cuda:7 (utilization=4%, free_mem=8910MiB)
Train data path /home/minhn2/uiuc-kidney-failure/generated_data/rep2/eight_features_train_data.csv
Test data path /home/minhn2/uiuc-kidney-failure/generated_data/rep2/eight_features_test_data.csv
Number of patients: test 243 and train 970
Number of records: test 1100 and train 4307
Saved model C-index: 0.4790, Current trial C-index: 0.5103
New model is better, saving current model
Using GPU: cuda:5 (utilization=6%, free_mem=10558MiB)
Train data path /home/minhn2/uiuc-kidney-failure/generated_data/rep2/eight_features_train_data.csv
Test data path /home/minhn2/uiuc-kidney-failure/generated_data/rep2/eight_features_test_data.csv
Number of patients: test 243 and train 970
Number of records: test 1100 and train 4307
Saved model C-index: 0.5103, Current trial C-index: 0.4535
Saved model is better, keeping it
Using GPU: cuda:4 (utilization=2%, free_mem=6862MiB)
Train data path /home/minhn2/uiuc-kidney-failure/generated_data/rep2/eight_features_train_data.csv
Test data path /home/minhn2/uiuc-kidney-failure/generated_data/rep2/eight_features_test_data.csv
Number of patients: test 243 and train 970
Number of records: test 1100 and train 4307
Saved model C-index: 0.5103, Current trial C-index: 0.5036
Saved model is better, keeping it
Number of finished trials:  10
Best trial:
Best hyperparameters: {'num_nodes': 16, 'num_layers': 2, 'lr': 0.00038043539134367593, 'batch_size': 64, 'dropout': 0.0345275946120957}
Loading best model from disk after optimization
Model summary:
MLPVanilla(
  (net): Sequential(
    (0): DenseVanillaBlock(
      (linear): Linear(in_features=8, out_features=16, bias=True)
      (activation): ReLU()
      (batch_norm): BatchNorm1d(16, eps=1e-05, momentum=0.1, affine=True, track_running_stats=True)
      (dropout): Dropout(p=0.0345275946120957, inplace=False)
    )
    (1): DenseVanillaBlock(
      (linear): Linear(in_features=16, out_features=16, bias=True)
      (activation): ReLU()
      (batch_norm): BatchNorm1d(16, eps=1e-05, momentum=0.1, affine=True, track_running_stats=True)
      (dropout): Dropout(p=0.0345275946120957, inplace=False)
    )
    (2): Linear(in_features=16, out_features=50, bias=False)
  )
)

=== Evaluation Results for eight_features ===
Global test C-index: 0.510
Event rate: 212/243 (87.24%)
Mean time-dependent AUC: 0.527
Integrated Brier Score Test: 0.647
Using GPU: cuda:4 (utilization=0%, free_mem=6858MiB)
Train data path /home/minhn2/uiuc-kidney-failure/generated_data/rep2/twenty_features_heterogeneous_train_data.csv
Test data path /home/minhn2/uiuc-kidney-failure/generated_data/rep2/twenty_features_heterogeneous_test_data.csv
Number of patients: test 6521 and train 26080
Number of records: test 1613452 and train 6512638
Training new model with Optuna optimization
Running Optuna hyperparameter optimization
Using GPU: cuda:6 (utilization=0%, free_mem=8166MiB)
Train data path /home/minhn2/uiuc-kidney-failure/generated_data/rep2/twenty_features_heterogeneous_train_data.csv
Test data path /home/minhn2/uiuc-kidney-failure/generated_data/rep2/twenty_features_heterogeneous_test_data.csv
Number of patients: test 6521 and train 26080
Number of records: test 1613452 and train 6512638
No existing model, saving current model
Using GPU: cuda:1 (utilization=0%, free_mem=1590MiB)
Train data path /home/minhn2/uiuc-kidney-failure/generated_data/rep2/twenty_features_heterogeneous_train_data.csv
Test data path /home/minhn2/uiuc-kidney-failure/generated_data/rep2/twenty_features_heterogeneous_test_data.csv
Number of patients: test 6521 and train 26080
Number of records: test 1613452 and train 6512638
Saved model C-index: 0.4656, Current trial C-index: 0.4656
New model is better, saving current model
Using GPU: cuda:5 (utilization=0%, free_mem=1556MiB)
Train data path /home/minhn2/uiuc-kidney-failure/generated_data/rep2/twenty_features_heterogeneous_train_data.csv
Test data path /home/minhn2/uiuc-kidney-failure/generated_data/rep2/twenty_features_heterogeneous_test_data.csv
Number of patients: test 6521 and train 26080
Number of records: test 1613452 and train 6512638
Saved model C-index: 0.4656, Current trial C-index: 0.4717
New model is better, saving current model
Using GPU: cuda:4 (utilization=0%, free_mem=5156MiB)
Train data path /home/minhn2/uiuc-kidney-failure/generated_data/rep2/twenty_features_heterogeneous_train_data.csv
Test data path /home/minhn2/uiuc-kidney-failure/generated_data/rep2/twenty_features_heterogeneous_test_data.csv
Number of patients: test 6521 and train 26080
Number of records: test 1613452 and train 6512638
Saved model C-index: 0.4717, Current trial C-index: 0.4662
Saved model is better, keeping it
Using GPU: cuda:1 (utilization=0%, free_mem=4534MiB)
Train data path /home/minhn2/uiuc-kidney-failure/generated_data/rep2/twenty_features_heterogeneous_train_data.csv
Test data path /home/minhn2/uiuc-kidney-failure/generated_data/rep2/twenty_features_heterogeneous_test_data.csv
Number of patients: test 6521 and train 26080
Number of records: test 1613452 and train 6512638
Saved model C-index: 0.4717, Current trial C-index: 0.4662
Saved model is better, keeping it
Using GPU: cuda:7 (utilization=0%, free_mem=5012MiB)
Train data path /home/minhn2/uiuc-kidney-failure/generated_data/rep2/twenty_features_heterogeneous_train_data.csv
Test data path /home/minhn2/uiuc-kidney-failure/generated_data/rep2/twenty_features_heterogeneous_test_data.csv
Number of patients: test 6521 and train 26080
Number of records: test 1613452 and train 6512638
Saved model C-index: 0.4717, Current trial C-index: 0.4641
Saved model is better, keeping it
Using GPU: cuda:7 (utilization=0%, free_mem=4990MiB)
Train data path /home/minhn2/uiuc-kidney-failure/generated_data/rep2/twenty_features_heterogeneous_train_data.csv
Test data path /home/minhn2/uiuc-kidney-failure/generated_data/rep2/twenty_features_heterogeneous_test_data.csv
Number of patients: test 6521 and train 26080
Number of records: test 1613452 and train 6512638
Saved model C-index: 0.4717, Current trial C-index: 0.4635
Saved model is better, keeping it
Using GPU: cuda:7 (utilization=0%, free_mem=4990MiB)
Train data path /home/minhn2/uiuc-kidney-failure/generated_data/rep2/twenty_features_heterogeneous_train_data.csv
Test data path /home/minhn2/uiuc-kidney-failure/generated_data/rep2/twenty_features_heterogeneous_test_data.csv
Number of patients: test 6521 and train 26080
Number of records: test 1613452 and train 6512638
Saved model C-index: 0.4717, Current trial C-index: 0.4655
Saved model is better, keeping it
Using GPU: cuda:7 (utilization=0%, free_mem=4990MiB)
Train data path /home/minhn2/uiuc-kidney-failure/generated_data/rep2/twenty_features_heterogeneous_train_data.csv
Test data path /home/minhn2/uiuc-kidney-failure/generated_data/rep2/twenty_features_heterogeneous_test_data.csv
Number of patients: test 6521 and train 26080
Number of records: test 1613452 and train 6512638
Saved model C-index: 0.4717, Current trial C-index: 0.4776
New model is better, saving current model
Using GPU: cuda:1 (utilization=0%, free_mem=4836MiB)
Train data path /home/minhn2/uiuc-kidney-failure/generated_data/rep2/twenty_features_heterogeneous_train_data.csv
Test data path /home/minhn2/uiuc-kidney-failure/generated_data/rep2/twenty_features_heterogeneous_test_data.csv
Number of patients: test 6521 and train 26080
Number of records: test 1613452 and train 6512638
Saved model C-index: 0.4776, Current trial C-index: 0.4633
Saved model is better, keeping it
Number of finished trials:  10
Best trial:
Best hyperparameters: {'num_nodes': 16, 'num_layers': 3, 'lr': 0.07343775472436138, 'batch_size': 32, 'dropout': 0.3263787434683684}
Loading best model from disk after optimization
Model summary:
MLPVanilla(
  (net): Sequential(
    (0): DenseVanillaBlock(
      (linear): Linear(in_features=40, out_features=16, bias=True)
      (activation): ReLU()
      (batch_norm): BatchNorm1d(16, eps=1e-05, momentum=0.1, affine=True, track_running_stats=True)
      (dropout): Dropout(p=0.3263787434683684, inplace=False)
    )
    (1): DenseVanillaBlock(
      (linear): Linear(in_features=16, out_features=16, bias=True)
      (activation): ReLU()
      (batch_norm): BatchNorm1d(16, eps=1e-05, momentum=0.1, affine=True, track_running_stats=True)
      (dropout): Dropout(p=0.3263787434683684, inplace=False)
    )
    (2): DenseVanillaBlock(
      (linear): Linear(in_features=16, out_features=16, bias=True)
      (activation): ReLU()
      (batch_norm): BatchNorm1d(16, eps=1e-05, momentum=0.1, affine=True, track_running_stats=True)
      (dropout): Dropout(p=0.3263787434683684, inplace=False)
    )
    (3): Linear(in_features=16, out_features=50, bias=False)
  )
)

=== Evaluation Results for twenty_features_heterogeneous ===
Global test C-index: 0.478
Event rate: 5976/6521 (91.64%)
Mean time-dependent AUC: 0.526
Integrated Brier Score Test: 0.684
✓ logistic_hazard completed successfully
End time: Sat Aug 29 20:40:00 CDT 2026
