Start time: Thu Aug 27 02:23:26 CDT 2026
[I 2026-08-27 02:23:33,301] A new study created in memory with name: no-name-ad112c08-cd7d-4948-8fb1-65e829369ac7
[I 2026-08-27 03:12:04,983] Trial 0 finished with value: 0.576 and parameters: {'num_time_intervals': 44, 'embedding_size': 108, 'num_embedding_layers': 2, 'hidden_dims': 248, 'num_recurrent_layers': 3, 'learning_rate': 4.095314260365579e-05, 'cross_entropy_loss_weight': 0.35621129534126283}. Best is trial 0 with value: 0.576.
/home/minhn2/uiuc-kidney-failure/pkgs/experiments/rnnsurv.py:169: FutureWarning: You are using `torch.load` with `weights_only=False` (the current default value), which uses the default pickle module implicitly. It is possible to construct malicious pickle data which will execute arbitrary code during unpickling (See https://github.com/pytorch/pytorch/blob/main/SECURITY.md#untrusted-models for more details). In a future release, the default value for `weights_only` will be flipped to `True`. This limits the functions that could be executed during unpickling. Arbitrary objects will no longer be allowed to be loaded via this mode unless they are explicitly allowlisted by the user via `torch.serialization.add_safe_globals`. We recommend you start setting `weights_only=True` for any use case where you don't have full control of the loaded file. Please open an issue on GitHub for any issues related to this experimental feature.
  saved_model = torch.load(model_saved_path, map_location=device)
[I 2026-08-27 03:33:51,608] Trial 1 finished with value: 0.485 and parameters: {'num_time_intervals': 22, 'embedding_size': 110, 'num_embedding_layers': 1, 'hidden_dims': 155, 'num_recurrent_layers': 1, 'learning_rate': 5.121752228619687e-05, 'cross_entropy_loss_weight': 0.2419706267143285}. Best is trial 0 with value: 0.576.
/home/minhn2/uiuc-kidney-failure/pkgs/experiments/rnnsurv.py:169: FutureWarning: You are using `torch.load` with `weights_only=False` (the current default value), which uses the default pickle module implicitly. It is possible to construct malicious pickle data which will execute arbitrary code during unpickling (See https://github.com/pytorch/pytorch/blob/main/SECURITY.md#untrusted-models for more details). In a future release, the default value for `weights_only` will be flipped to `True`. This limits the functions that could be executed during unpickling. Arbitrary objects will no longer be allowed to be loaded via this mode unless they are explicitly allowlisted by the user via `torch.serialization.add_safe_globals`. We recommend you start setting `weights_only=True` for any use case where you don't have full control of the loaded file. Please open an issue on GitHub for any issues related to this experimental feature.
  saved_model = torch.load(model_saved_path, map_location=device)
[I 2026-08-27 03:55:58,791] Trial 2 finished with value: 0.575 and parameters: {'num_time_intervals': 24, 'embedding_size': 60, 'num_embedding_layers': 2, 'hidden_dims': 101, 'num_recurrent_layers': 1, 'learning_rate': 6.952386185401263e-05, 'cross_entropy_loss_weight': 0.12752221949567755}. Best is trial 0 with value: 0.576.
/home/minhn2/uiuc-kidney-failure/pkgs/experiments/rnnsurv.py:169: FutureWarning: You are using `torch.load` with `weights_only=False` (the current default value), which uses the default pickle module implicitly. It is possible to construct malicious pickle data which will execute arbitrary code during unpickling (See https://github.com/pytorch/pytorch/blob/main/SECURITY.md#untrusted-models for more details). In a future release, the default value for `weights_only` will be flipped to `True`. This limits the functions that could be executed during unpickling. Arbitrary objects will no longer be allowed to be loaded via this mode unless they are explicitly allowlisted by the user via `torch.serialization.add_safe_globals`. We recommend you start setting `weights_only=True` for any use case where you don't have full control of the loaded file. Please open an issue on GitHub for any issues related to this experimental feature.
  saved_model = torch.load(model_saved_path, map_location=device)
[I 2026-08-27 04:08:20,597] Trial 3 finished with value: 0.654 and parameters: {'num_time_intervals': 20, 'embedding_size': 74, 'num_embedding_layers': 3, 'hidden_dims': 165, 'num_recurrent_layers': 1, 'learning_rate': 0.0009436677679490086, 'cross_entropy_loss_weight': 0.451225907185697}. Best is trial 3 with value: 0.654.
/home/minhn2/uiuc-kidney-failure/pkgs/experiments/rnnsurv.py:169: FutureWarning: You are using `torch.load` with `weights_only=False` (the current default value), which uses the default pickle module implicitly. It is possible to construct malicious pickle data which will execute arbitrary code during unpickling (See https://github.com/pytorch/pytorch/blob/main/SECURITY.md#untrusted-models for more details). In a future release, the default value for `weights_only` will be flipped to `True`. This limits the functions that could be executed during unpickling. Arbitrary objects will no longer be allowed to be loaded via this mode unless they are explicitly allowlisted by the user via `torch.serialization.add_safe_globals`. We recommend you start setting `weights_only=True` for any use case where you don't have full control of the loaded file. Please open an issue on GitHub for any issues related to this experimental feature.
  saved_model = torch.load(model_saved_path, map_location=device)
[I 2026-08-27 04:28:55,200] Trial 4 finished with value: 0.647 and parameters: {'num_time_intervals': 15, 'embedding_size': 92, 'num_embedding_layers': 1, 'hidden_dims': 119, 'num_recurrent_layers': 1, 'learning_rate': 8.130462537491355e-05, 'cross_entropy_loss_weight': 0.2707766375978309}. Best is trial 3 with value: 0.654.
/home/minhn2/uiuc-kidney-failure/pkgs/experiments/rnnsurv.py:169: FutureWarning: You are using `torch.load` with `weights_only=False` (the current default value), which uses the default pickle module implicitly. It is possible to construct malicious pickle data which will execute arbitrary code during unpickling (See https://github.com/pytorch/pytorch/blob/main/SECURITY.md#untrusted-models for more details). In a future release, the default value for `weights_only` will be flipped to `True`. This limits the functions that could be executed during unpickling. Arbitrary objects will no longer be allowed to be loaded via this mode unless they are explicitly allowlisted by the user via `torch.serialization.add_safe_globals`. We recommend you start setting `weights_only=True` for any use case where you don't have full control of the loaded file. Please open an issue on GitHub for any issues related to this experimental feature.
  saved_model = torch.load(model_saved_path, map_location=device)
[I 2026-08-27 04:44:38,176] Trial 5 finished with value: 0.651 and parameters: {'num_time_intervals': 33, 'embedding_size': 46, 'num_embedding_layers': 3, 'hidden_dims': 70, 'num_recurrent_layers': 2, 'learning_rate': 0.00043824579194790507, 'cross_entropy_loss_weight': 0.864343921404603}. Best is trial 3 with value: 0.654.
/home/minhn2/uiuc-kidney-failure/pkgs/experiments/rnnsurv.py:169: FutureWarning: You are using `torch.load` with `weights_only=False` (the current default value), which uses the default pickle module implicitly. It is possible to construct malicious pickle data which will execute arbitrary code during unpickling (See https://github.com/pytorch/pytorch/blob/main/SECURITY.md#untrusted-models for more details). In a future release, the default value for `weights_only` will be flipped to `True`. This limits the functions that could be executed during unpickling. Arbitrary objects will no longer be allowed to be loaded via this mode unless they are explicitly allowlisted by the user via `torch.serialization.add_safe_globals`. We recommend you start setting `weights_only=True` for any use case where you don't have full control of the loaded file. Please open an issue on GitHub for any issues related to this experimental feature.
  saved_model = torch.load(model_saved_path, map_location=device)
[I 2026-08-27 05:13:54,013] Trial 6 finished with value: 0.548 and parameters: {'num_time_intervals': 50, 'embedding_size': 40, 'num_embedding_layers': 3, 'hidden_dims': 65, 'num_recurrent_layers': 2, 'learning_rate': 0.00016335571960149578, 'cross_entropy_loss_weight': 0.7279321181326464}. Best is trial 3 with value: 0.654.
/home/minhn2/uiuc-kidney-failure/pkgs/experiments/rnnsurv.py:169: FutureWarning: You are using `torch.load` with `weights_only=False` (the current default value), which uses the default pickle module implicitly. It is possible to construct malicious pickle data which will execute arbitrary code during unpickling (See https://github.com/pytorch/pytorch/blob/main/SECURITY.md#untrusted-models for more details). In a future release, the default value for `weights_only` will be flipped to `True`. This limits the functions that could be executed during unpickling. Arbitrary objects will no longer be allowed to be loaded via this mode unless they are explicitly allowlisted by the user via `torch.serialization.add_safe_globals`. We recommend you start setting `weights_only=True` for any use case where you don't have full control of the loaded file. Please open an issue on GitHub for any issues related to this experimental feature.
  saved_model = torch.load(model_saved_path, map_location=device)
[I 2026-08-27 05:22:34,205] Trial 7 finished with value: 0.517 and parameters: {'num_time_intervals': 29, 'embedding_size': 121, 'num_embedding_layers': 1, 'hidden_dims': 95, 'num_recurrent_layers': 3, 'learning_rate': 0.0006216180402139742, 'cross_entropy_loss_weight': 0.7703121227719335}. Best is trial 3 with value: 0.654.
/home/minhn2/uiuc-kidney-failure/pkgs/experiments/rnnsurv.py:169: FutureWarning: You are using `torch.load` with `weights_only=False` (the current default value), which uses the default pickle module implicitly. It is possible to construct malicious pickle data which will execute arbitrary code during unpickling (See https://github.com/pytorch/pytorch/blob/main/SECURITY.md#untrusted-models for more details). In a future release, the default value for `weights_only` will be flipped to `True`. This limits the functions that could be executed during unpickling. Arbitrary objects will no longer be allowed to be loaded via this mode unless they are explicitly allowlisted by the user via `torch.serialization.add_safe_globals`. We recommend you start setting `weights_only=True` for any use case where you don't have full control of the loaded file. Please open an issue on GitHub for any issues related to this experimental feature.
  saved_model = torch.load(model_saved_path, map_location=device)
[I 2026-08-27 05:51:06,924] Trial 8 finished with value: 0.619 and parameters: {'num_time_intervals': 48, 'embedding_size': 56, 'num_embedding_layers': 3, 'hidden_dims': 210, 'num_recurrent_layers': 1, 'learning_rate': 0.00021371045191029037, 'cross_entropy_loss_weight': 0.36404474963179756}. Best is trial 3 with value: 0.654.
/home/minhn2/uiuc-kidney-failure/pkgs/experiments/rnnsurv.py:169: FutureWarning: You are using `torch.load` with `weights_only=False` (the current default value), which uses the default pickle module implicitly. It is possible to construct malicious pickle data which will execute arbitrary code during unpickling (See https://github.com/pytorch/pytorch/blob/main/SECURITY.md#untrusted-models for more details). In a future release, the default value for `weights_only` will be flipped to `True`. This limits the functions that could be executed during unpickling. Arbitrary objects will no longer be allowed to be loaded via this mode unless they are explicitly allowlisted by the user via `torch.serialization.add_safe_globals`. We recommend you start setting `weights_only=True` for any use case where you don't have full control of the loaded file. Please open an issue on GitHub for any issues related to this experimental feature.
  saved_model = torch.load(model_saved_path, map_location=device)
[I 2026-08-27 06:17:16,905] Trial 9 finished with value: 0.649 and parameters: {'num_time_intervals': 39, 'embedding_size': 45, 'num_embedding_layers': 3, 'hidden_dims': 212, 'num_recurrent_layers': 1, 'learning_rate': 0.0002283509132941363, 'cross_entropy_loss_weight': 0.2819746421339019}. Best is trial 3 with value: 0.654.
[I 2026-08-27 06:17:18,329] A new study created in memory with name: no-name-46f39ae7-2b90-4ce4-b177-8c5dd8d3cc3f
[I 2026-08-27 06:21:36,171] Trial 0 finished with value: 0.577 and parameters: {'num_time_intervals': 37, 'embedding_size': 61, 'num_embedding_layers': 2, 'hidden_dims': 131, 'num_recurrent_layers': 3, 'learning_rate': 0.0007388119265485109, 'cross_entropy_loss_weight': 0.5731849589749107}. Best is trial 0 with value: 0.577.
/home/minhn2/uiuc-kidney-failure/pkgs/experiments/rnnsurv.py:169: FutureWarning: You are using `torch.load` with `weights_only=False` (the current default value), which uses the default pickle module implicitly. It is possible to construct malicious pickle data which will execute arbitrary code during unpickling (See https://github.com/pytorch/pytorch/blob/main/SECURITY.md#untrusted-models for more details). In a future release, the default value for `weights_only` will be flipped to `True`. This limits the functions that could be executed during unpickling. Arbitrary objects will no longer be allowed to be loaded via this mode unless they are explicitly allowlisted by the user via `torch.serialization.add_safe_globals`. We recommend you start setting `weights_only=True` for any use case where you don't have full control of the loaded file. Please open an issue on GitHub for any issues related to this experimental feature.
  saved_model = torch.load(model_saved_path, map_location=device)
[I 2026-08-27 06:25:35,378] Trial 1 finished with value: 0.547 and parameters: {'num_time_intervals': 23, 'embedding_size': 122, 'num_embedding_layers': 1, 'hidden_dims': 189, 'num_recurrent_layers': 2, 'learning_rate': 5.5502562703266854e-05, 'cross_entropy_loss_weight': 0.7371782278414213}. Best is trial 0 with value: 0.577.
/home/minhn2/uiuc-kidney-failure/pkgs/experiments/rnnsurv.py:169: FutureWarning: You are using `torch.load` with `weights_only=False` (the current default value), which uses the default pickle module implicitly. It is possible to construct malicious pickle data which will execute arbitrary code during unpickling (See https://github.com/pytorch/pytorch/blob/main/SECURITY.md#untrusted-models for more details). In a future release, the default value for `weights_only` will be flipped to `True`. This limits the functions that could be executed during unpickling. Arbitrary objects will no longer be allowed to be loaded via this mode unless they are explicitly allowlisted by the user via `torch.serialization.add_safe_globals`. We recommend you start setting `weights_only=True` for any use case where you don't have full control of the loaded file. Please open an issue on GitHub for any issues related to this experimental feature.
  saved_model = torch.load(model_saved_path, map_location=device)
[I 2026-08-27 06:29:35,912] Trial 2 finished with value: 0.68 and parameters: {'num_time_intervals': 23, 'embedding_size': 43, 'num_embedding_layers': 1, 'hidden_dims': 185, 'num_recurrent_layers': 1, 'learning_rate': 0.0003679954629288069, 'cross_entropy_loss_weight': 0.15450500946566514}. Best is trial 2 with value: 0.68.
/home/minhn2/uiuc-kidney-failure/pkgs/experiments/rnnsurv.py:169: FutureWarning: You are using `torch.load` with `weights_only=False` (the current default value), which uses the default pickle module implicitly. It is possible to construct malicious pickle data which will execute arbitrary code during unpickling (See https://github.com/pytorch/pytorch/blob/main/SECURITY.md#untrusted-models for more details). In a future release, the default value for `weights_only` will be flipped to `True`. This limits the functions that could be executed during unpickling. Arbitrary objects will no longer be allowed to be loaded via this mode unless they are explicitly allowlisted by the user via `torch.serialization.add_safe_globals`. We recommend you start setting `weights_only=True` for any use case where you don't have full control of the loaded file. Please open an issue on GitHub for any issues related to this experimental feature.
  saved_model = torch.load(model_saved_path, map_location=device)
[I 2026-08-27 06:33:47,447] Trial 3 finished with value: 0.683 and parameters: {'num_time_intervals': 30, 'embedding_size': 127, 'num_embedding_layers': 2, 'hidden_dims': 207, 'num_recurrent_layers': 1, 'learning_rate': 9.498335207928053e-05, 'cross_entropy_loss_weight': 0.7427769965296079}. Best is trial 3 with value: 0.683.
/home/minhn2/uiuc-kidney-failure/pkgs/experiments/rnnsurv.py:169: FutureWarning: You are using `torch.load` with `weights_only=False` (the current default value), which uses the default pickle module implicitly. It is possible to construct malicious pickle data which will execute arbitrary code during unpickling (See https://github.com/pytorch/pytorch/blob/main/SECURITY.md#untrusted-models for more details). In a future release, the default value for `weights_only` will be flipped to `True`. This limits the functions that could be executed during unpickling. Arbitrary objects will no longer be allowed to be loaded via this mode unless they are explicitly allowlisted by the user via `torch.serialization.add_safe_globals`. We recommend you start setting `weights_only=True` for any use case where you don't have full control of the loaded file. Please open an issue on GitHub for any issues related to this experimental feature.
  saved_model = torch.load(model_saved_path, map_location=device)
[I 2026-08-27 06:37:57,108] Trial 4 finished with value: 0.572 and parameters: {'num_time_intervals': 27, 'embedding_size': 47, 'num_embedding_layers': 2, 'hidden_dims': 130, 'num_recurrent_layers': 2, 'learning_rate': 0.0004394061324950312, 'cross_entropy_loss_weight': 0.4915903467722419}. Best is trial 3 with value: 0.683.
/home/minhn2/uiuc-kidney-failure/pkgs/experiments/rnnsurv.py:169: FutureWarning: You are using `torch.load` with `weights_only=False` (the current default value), which uses the default pickle module implicitly. It is possible to construct malicious pickle data which will execute arbitrary code during unpickling (See https://github.com/pytorch/pytorch/blob/main/SECURITY.md#untrusted-models for more details). In a future release, the default value for `weights_only` will be flipped to `True`. This limits the functions that could be executed during unpickling. Arbitrary objects will no longer be allowed to be loaded via this mode unless they are explicitly allowlisted by the user via `torch.serialization.add_safe_globals`. We recommend you start setting `weights_only=True` for any use case where you don't have full control of the loaded file. Please open an issue on GitHub for any issues related to this experimental feature.
  saved_model = torch.load(model_saved_path, map_location=device)
[I 2026-08-27 06:41:51,877] Trial 5 finished with value: 0.584 and parameters: {'num_time_intervals': 14, 'embedding_size': 68, 'num_embedding_layers': 2, 'hidden_dims': 153, 'num_recurrent_layers': 3, 'learning_rate': 5.8819423770289056e-05, 'cross_entropy_loss_weight': 0.15217334646437986}. Best is trial 3 with value: 0.683.
/home/minhn2/uiuc-kidney-failure/pkgs/experiments/rnnsurv.py:169: FutureWarning: You are using `torch.load` with `weights_only=False` (the current default value), which uses the default pickle module implicitly. It is possible to construct malicious pickle data which will execute arbitrary code during unpickling (See https://github.com/pytorch/pytorch/blob/main/SECURITY.md#untrusted-models for more details). In a future release, the default value for `weights_only` will be flipped to `True`. This limits the functions that could be executed during unpickling. Arbitrary objects will no longer be allowed to be loaded via this mode unless they are explicitly allowlisted by the user via `torch.serialization.add_safe_globals`. We recommend you start setting `weights_only=True` for any use case where you don't have full control of the loaded file. Please open an issue on GitHub for any issues related to this experimental feature.
  saved_model = torch.load(model_saved_path, map_location=device)
[I 2026-08-27 06:45:55,849] Trial 6 finished with value: 0.591 and parameters: {'num_time_intervals': 27, 'embedding_size': 87, 'num_embedding_layers': 1, 'hidden_dims': 189, 'num_recurrent_layers': 2, 'learning_rate': 0.00024363976254582857, 'cross_entropy_loss_weight': 0.6304295787515996}. Best is trial 3 with value: 0.683.
/home/minhn2/uiuc-kidney-failure/pkgs/experiments/rnnsurv.py:169: FutureWarning: You are using `torch.load` with `weights_only=False` (the current default value), which uses the default pickle module implicitly. It is possible to construct malicious pickle data which will execute arbitrary code during unpickling (See https://github.com/pytorch/pytorch/blob/main/SECURITY.md#untrusted-models for more details). In a future release, the default value for `weights_only` will be flipped to `True`. This limits the functions that could be executed during unpickling. Arbitrary objects will no longer be allowed to be loaded via this mode unless they are explicitly allowlisted by the user via `torch.serialization.add_safe_globals`. We recommend you start setting `weights_only=True` for any use case where you don't have full control of the loaded file. Please open an issue on GitHub for any issues related to this experimental feature.
  saved_model = torch.load(model_saved_path, map_location=device)
