[I 2026-08-29 19:36:23,061] Trial 8 finished with value: 0.525 and parameters: {'num_layer': 6, 'hidden_dim_0': 103, 'hidden_dim_1': 221, 'hidden_dim_2': 238, 'hidden_dim_3': 217, 'hidden_dim_4': 255, 'hidden_dim_5': 210, 'learning_rate': 0.003195664643548835, 'drop_out_rate_0': 0.43909084218012284, 'drop_out_rate_1': 0.47079671520370425, 'drop_out_rate_2': 0.22259431237197647, 'drop_out_rate_3': 0.41938632297558265, 'drop_out_rate_4': 0.42188794171272037, 'drop_out_rate_5': 0.3871615168912833}. Best is trial 1 with value: 0.525.
