[I 2026-08-26 12:51:57,274] Trial 9 finished with value: 0.47054171451983773 and parameters: {'num_nodes': 64, 'num_layers': 2, 'lr': 0.026700305587307748, 'batch_size': 128, 'dropout': 0.4032402650306156}. Best is trial 3 with value: 0.4808907384908591.
Skipping CKD_FIFTY_FEATURES_HETEROGENEOUS: no train data at /home/minhn2/uiuc-kidney-failure/generated_data/rep1/ckd_fifty_features_heterogeneous_train_data.csv
Using GPU: cuda:1 (utilization=0%, free_mem=11004MiB)
Train data path /home/minhn2/uiuc-kidney-failure/generated_data/rep1/four_features_train_data.csv
Test data path /home/minhn2/uiuc-kidney-failure/generated_data/rep1/four_features_test_data.csv
Number of patients: test 562 and train 2247
Number of records: test 5511 and train 21318
Training new model with Optuna optimization
Running Optuna hyperparameter optimization
Using GPU: cuda:1 (utilization=0%, free_mem=11004MiB)
Train data path /home/minhn2/uiuc-kidney-failure/generated_data/rep1/four_features_train_data.csv
Test data path /home/minhn2/uiuc-kidney-failure/generated_data/rep1/four_features_test_data.csv
Number of patients: test 562 and train 2247
Number of records: test 5511 and train 21318
No existing model, saving current model
Using GPU: cuda:6 (utilization=0%, free_mem=10986MiB)
Train data path /home/minhn2/uiuc-kidney-failure/generated_data/rep1/four_features_train_data.csv
Test data path /home/minhn2/uiuc-kidney-failure/generated_data/rep1/four_features_test_data.csv
Number of patients: test 562 and train 2247
Number of records: test 5511 and train 21318
Saved model C-index: 0.4557, Current trial C-index: 0.4416
Saved model is better, keeping it
Using GPU: cuda:3 (utilization=0%, free_mem=10960MiB)
Train data path /home/minhn2/uiuc-kidney-failure/generated_data/rep1/four_features_train_data.csv
Test data path /home/minhn2/uiuc-kidney-failure/generated_data/rep1/four_features_test_data.csv
Number of patients: test 562 and train 2247
Number of records: test 5511 and train 21318
Saved model C-index: 0.4557, Current trial C-index: 0.4564
New model is better, saving current model
Using GPU: cuda:4 (utilization=0%, free_mem=10950MiB)
Train data path /home/minhn2/uiuc-kidney-failure/generated_data/rep1/four_features_train_data.csv
Test data path /home/minhn2/uiuc-kidney-failure/generated_data/rep1/four_features_test_data.csv
Number of patients: test 562 and train 2247
Number of records: test 5511 and train 21318
Saved model C-index: 0.4564, Current trial C-index: 0.4486
Saved model is better, keeping it
Using GPU: cuda:7 (utilization=0%, free_mem=10908MiB)
Train data path /home/minhn2/uiuc-kidney-failure/generated_data/rep1/four_features_train_data.csv
Test data path /home/minhn2/uiuc-kidney-failure/generated_data/rep1/four_features_test_data.csv
Number of patients: test 562 and train 2247
Number of records: test 5511 and train 21318
Saved model C-index: 0.4564, Current trial C-index: 0.4950
New model is better, saving current model
Using GPU: cuda:6 (utilization=0%, free_mem=10766MiB)
Train data path /home/minhn2/uiuc-kidney-failure/generated_data/rep1/four_features_train_data.csv
Test data path /home/minhn2/uiuc-kidney-failure/generated_data/rep1/four_features_test_data.csv
Number of patients: test 562 and train 2247
Number of records: test 5511 and train 21318
Saved model C-index: 0.4950, Current trial C-index: 0.4601
Saved model is better, keeping it
Using GPU: cuda:3 (utilization=0%, free_mem=10740MiB)
Train data path /home/minhn2/uiuc-kidney-failure/generated_data/rep1/four_features_train_data.csv
Test data path /home/minhn2/uiuc-kidney-failure/generated_data/rep1/four_features_test_data.csv
Number of patients: test 562 and train 2247
Number of records: test 5511 and train 21318
Saved model C-index: 0.4950, Current trial C-index: 0.4520
Saved model is better, keeping it
Using GPU: cuda:6 (utilization=0%, free_mem=10766MiB)
Train data path /home/minhn2/uiuc-kidney-failure/generated_data/rep1/four_features_train_data.csv
Test data path /home/minhn2/uiuc-kidney-failure/generated_data/rep1/four_features_test_data.csv
Number of patients: test 562 and train 2247
Number of records: test 5511 and train 21318
Saved model C-index: 0.4950, Current trial C-index: 0.5000
New model is better, saving current model
Using GPU: cuda:3 (utilization=0%, free_mem=10740MiB)
Train data path /home/minhn2/uiuc-kidney-failure/generated_data/rep1/four_features_train_data.csv
Test data path /home/minhn2/uiuc-kidney-failure/generated_data/rep1/four_features_test_data.csv
Number of patients: test 562 and train 2247
Number of records: test 5511 and train 21318
Saved model C-index: 0.5000, Current trial C-index: 0.4437
Saved model is better, keeping it
Using GPU: cuda:6 (utilization=0%, free_mem=10766MiB)
Train data path /home/minhn2/uiuc-kidney-failure/generated_data/rep1/four_features_train_data.csv
Test data path /home/minhn2/uiuc-kidney-failure/generated_data/rep1/four_features_test_data.csv
Number of patients: test 562 and train 2247
Number of records: test 5511 and train 21318
Saved model C-index: 0.5000, Current trial C-index: 0.4758
Saved model is better, keeping it
Number of finished trials:  10
Best trial:
Best hyperparameters: {'num_nodes': 16, 'num_layers': 1, 'lr': 0.0002108786054632834, 'batch_size': 256, 'dropout': 0.1934130777908667}
Loading best model from disk after optimization
Model summary:
MLPVanilla(
  (net): Sequential(
    (0): DenseVanillaBlock(
      (linear): Linear(in_features=4, out_features=16, bias=True)
      (activation): ReLU()
      (batch_norm): BatchNorm1d(16, eps=1e-05, momentum=0.1, affine=True, track_running_stats=True)
      (dropout): Dropout(p=0.1934130777908667, inplace=False)
    )
    (1): Linear(in_features=16, out_features=50, bias=False)
  )
)

=== Evaluation Results for four_features ===
Global test C-index: 0.500
Event rate: 467/562 (83.10%)
Mean time-dependent AUC: 0.518
Warning: Could not compute Brier Score: time must be smaller than largest observed time point: 4216.413194444444
Using GPU: cuda:3 (utilization=0%, free_mem=10740MiB)
Train data path /home/minhn2/uiuc-kidney-failure/generated_data/rep1/eight_features_train_data.csv
Test data path /home/minhn2/uiuc-kidney-failure/generated_data/rep1/eight_features_test_data.csv
Number of patients: test 243 and train 970
Number of records: test 1100 and train 4307
Training new model with Optuna optimization
Running Optuna hyperparameter optimization
Using GPU: cuda:3 (utilization=0%, free_mem=10740MiB)
Train data path /home/minhn2/uiuc-kidney-failure/generated_data/rep1/eight_features_train_data.csv
Test data path /home/minhn2/uiuc-kidney-failure/generated_data/rep1/eight_features_test_data.csv
Number of patients: test 243 and train 970
Number of records: test 1100 and train 4307
No existing model, saving current model
Using GPU: cuda:6 (utilization=0%, free_mem=10766MiB)
Train data path /home/minhn2/uiuc-kidney-failure/generated_data/rep1/eight_features_train_data.csv
Test data path /home/minhn2/uiuc-kidney-failure/generated_data/rep1/eight_features_test_data.csv
Number of patients: test 243 and train 970
Number of records: test 1100 and train 4307
Saved model C-index: 0.4658, Current trial C-index: 0.4492
Saved model is better, keeping it
Using GPU: cuda:3 (utilization=0%, free_mem=10740MiB)
Train data path /home/minhn2/uiuc-kidney-failure/generated_data/rep1/eight_features_train_data.csv
Test data path /home/minhn2/uiuc-kidney-failure/generated_data/rep1/eight_features_test_data.csv
Number of patients: test 243 and train 970
Number of records: test 1100 and train 4307
Saved model C-index: 0.4658, Current trial C-index: 0.4426
Saved model is better, keeping it
Using GPU: cuda:6 (utilization=0%, free_mem=10766MiB)
Train data path /home/minhn2/uiuc-kidney-failure/generated_data/rep1/eight_features_train_data.csv
Test data path /home/minhn2/uiuc-kidney-failure/generated_data/rep1/eight_features_test_data.csv
Number of patients: test 243 and train 970
Number of records: test 1100 and train 4307
Saved model C-index: 0.4658, Current trial C-index: 0.4700
New model is better, saving current model
Using GPU: cuda:3 (utilization=0%, free_mem=10740MiB)
Train data path /home/minhn2/uiuc-kidney-failure/generated_data/rep1/eight_features_train_data.csv
Test data path /home/minhn2/uiuc-kidney-failure/generated_data/rep1/eight_features_test_data.csv
Number of patients: test 243 and train 970
Number of records: test 1100 and train 4307
Saved model C-index: 0.4700, Current trial C-index: 0.4673
Saved model is better, keeping it
Using GPU: cuda:6 (utilization=0%, free_mem=10766MiB)
Train data path /home/minhn2/uiuc-kidney-failure/generated_data/rep1/eight_features_train_data.csv
Test data path /home/minhn2/uiuc-kidney-failure/generated_data/rep1/eight_features_test_data.csv
Number of patients: test 243 and train 970
Number of records: test 1100 and train 4307
Saved model C-index: 0.4700, Current trial C-index: 0.4893
New model is better, saving current model
Using GPU: cuda:3 (utilization=0%, free_mem=10740MiB)
Train data path /home/minhn2/uiuc-kidney-failure/generated_data/rep1/eight_features_train_data.csv
Test data path /home/minhn2/uiuc-kidney-failure/generated_data/rep1/eight_features_test_data.csv
Number of patients: test 243 and train 970
Number of records: test 1100 and train 4307
Saved model C-index: 0.4893, Current trial C-index: 0.4542
Saved model is better, keeping it
Using GPU: cuda:6 (utilization=0%, free_mem=10766MiB)
Train data path /home/minhn2/uiuc-kidney-failure/generated_data/rep1/eight_features_train_data.csv
Test data path /home/minhn2/uiuc-kidney-failure/generated_data/rep1/eight_features_test_data.csv
Number of patients: test 243 and train 970
Number of records: test 1100 and train 4307
Saved model C-index: 0.4893, Current trial C-index: 0.4705
Saved model is better, keeping it
Using GPU: cuda:3 (utilization=0%, free_mem=10740MiB)
Train data path /home/minhn2/uiuc-kidney-failure/generated_data/rep1/eight_features_train_data.csv
Test data path /home/minhn2/uiuc-kidney-failure/generated_data/rep1/eight_features_test_data.csv
Number of patients: test 243 and train 970
Number of records: test 1100 and train 4307
Saved model C-index: 0.4893, Current trial C-index: 0.4695
Saved model is better, keeping it
Using GPU: cuda:6 (utilization=0%, free_mem=10766MiB)
Train data path /home/minhn2/uiuc-kidney-failure/generated_data/rep1/eight_features_train_data.csv
Test data path /home/minhn2/uiuc-kidney-failure/generated_data/rep1/eight_features_test_data.csv
Number of patients: test 243 and train 970
Number of records: test 1100 and train 4307
Saved model C-index: 0.4893, Current trial C-index: 0.4777
Saved model is better, keeping it
Number of finished trials:  10
Best trial:
Best hyperparameters: {'num_nodes': 64, 'num_layers': 1, 'lr': 0.05582215787970568, 'batch_size': 32, 'dropout': 0.4432305517895383}
Loading best model from disk after optimization
Model summary:
MLPVanilla(
  (net): Sequential(
    (0): DenseVanillaBlock(
      (linear): Linear(in_features=8, out_features=64, bias=True)
      (activation): ReLU()
      (batch_norm): BatchNorm1d(64, eps=1e-05, momentum=0.1, affine=True, track_running_stats=True)
      (dropout): Dropout(p=0.4432305517895383, inplace=False)
    )
    (1): Linear(in_features=64, out_features=50, bias=False)
  )
)

=== Evaluation Results for eight_features ===
Global test C-index: 0.489
Event rate: 212/243 (87.24%)
Mean time-dependent AUC: 0.564
Integrated Brier Score Test: 0.563
Using GPU: cuda:3 (utilization=0%, free_mem=10740MiB)
Train data path /home/minhn2/uiuc-kidney-failure/generated_data/rep1/twenty_features_heterogeneous_train_data.csv
Test data path /home/minhn2/uiuc-kidney-failure/generated_data/rep1/twenty_features_heterogeneous_test_data.csv
Number of patients: test 6521 and train 26080
Number of records: test 1613452 and train 6512638
Training new model with Optuna optimization
Running Optuna hyperparameter optimization
Using GPU: cuda:6 (utilization=0%, free_mem=10766MiB)
Train data path /home/minhn2/uiuc-kidney-failure/generated_data/rep1/twenty_features_heterogeneous_train_data.csv
Test data path /home/minhn2/uiuc-kidney-failure/generated_data/rep1/twenty_features_heterogeneous_test_data.csv
Number of patients: test 6521 and train 26080
Number of records: test 1613452 and train 6512638
No existing model, saving current model
Using GPU: cuda:3 (utilization=0%, free_mem=10740MiB)
Train data path /home/minhn2/uiuc-kidney-failure/generated_data/rep1/twenty_features_heterogeneous_train_data.csv
Test data path /home/minhn2/uiuc-kidney-failure/generated_data/rep1/twenty_features_heterogeneous_test_data.csv
Number of patients: test 6521 and train 26080
Number of records: test 1613452 and train 6512638
Saved model C-index: 0.4693, Current trial C-index: 0.4651
Saved model is better, keeping it
Using GPU: cuda:6 (utilization=0%, free_mem=10744MiB)
Train data path /home/minhn2/uiuc-kidney-failure/generated_data/rep1/twenty_features_heterogeneous_train_data.csv
Test data path /home/minhn2/uiuc-kidney-failure/generated_data/rep1/twenty_features_heterogeneous_test_data.csv
Number of patients: test 6521 and train 26080
Number of records: test 1613452 and train 6512638
Saved model C-index: 0.4693, Current trial C-index: 0.4656
Saved model is better, keeping it
Using GPU: cuda:4 (utilization=0%, free_mem=10730MiB)
Train data path /home/minhn2/uiuc-kidney-failure/generated_data/rep1/twenty_features_heterogeneous_train_data.csv
Test data path /home/minhn2/uiuc-kidney-failure/generated_data/rep1/twenty_features_heterogeneous_test_data.csv
Number of patients: test 6521 and train 26080
Number of records: test 1613452 and train 6512638
Saved model C-index: 0.4693, Current trial C-index: 0.4809
New model is better, saving current model
Using GPU: cuda:6 (utilization=0%, free_mem=10744MiB)
Train data path /home/minhn2/uiuc-kidney-failure/generated_data/rep1/twenty_features_heterogeneous_train_data.csv
Test data path /home/minhn2/uiuc-kidney-failure/generated_data/rep1/twenty_features_heterogeneous_test_data.csv
Number of patients: test 6521 and train 26080
Number of records: test 1613452 and train 6512638
Saved model C-index: 0.4809, Current trial C-index: 0.4651
Saved model is better, keeping it
Using GPU: cuda:3 (utilization=0%, free_mem=10718MiB)
Train data path /home/minhn2/uiuc-kidney-failure/generated_data/rep1/twenty_features_heterogeneous_train_data.csv
Test data path /home/minhn2/uiuc-kidney-failure/generated_data/rep1/twenty_features_heterogeneous_test_data.csv
Number of patients: test 6521 and train 26080
Number of records: test 1613452 and train 6512638
Saved model C-index: 0.4809, Current trial C-index: 0.4644
Saved model is better, keeping it
Using GPU: cuda:6 (utilization=0%, free_mem=10744MiB)
Train data path /home/minhn2/uiuc-kidney-failure/generated_data/rep1/twenty_features_heterogeneous_train_data.csv
Test data path /home/minhn2/uiuc-kidney-failure/generated_data/rep1/twenty_features_heterogeneous_test_data.csv
Number of patients: test 6521 and train 26080
Number of records: test 1613452 and train 6512638
Saved model C-index: 0.4809, Current trial C-index: 0.4718
Saved model is better, keeping it
Using GPU: cuda:4 (utilization=0%, free_mem=10708MiB)
Train data path /home/minhn2/uiuc-kidney-failure/generated_data/rep1/twenty_features_heterogeneous_train_data.csv
Test data path /home/minhn2/uiuc-kidney-failure/generated_data/rep1/twenty_features_heterogeneous_test_data.csv
Number of patients: test 6521 and train 26080
Number of records: test 1613452 and train 6512638
Saved model C-index: 0.4809, Current trial C-index: 0.4673
Saved model is better, keeping it
Using GPU: cuda:6 (utilization=0%, free_mem=10744MiB)
Train data path /home/minhn2/uiuc-kidney-failure/generated_data/rep1/twenty_features_heterogeneous_train_data.csv
Test data path /home/minhn2/uiuc-kidney-failure/generated_data/rep1/twenty_features_heterogeneous_test_data.csv
Number of patients: test 6521 and train 26080
Number of records: test 1613452 and train 6512638
Saved model C-index: 0.4809, Current trial C-index: 0.4705
Saved model is better, keeping it
Using GPU: cuda:4 (utilization=0%, free_mem=10708MiB)
Train data path /home/minhn2/uiuc-kidney-failure/generated_data/rep1/twenty_features_heterogeneous_train_data.csv
Test data path /home/minhn2/uiuc-kidney-failure/generated_data/rep1/twenty_features_heterogeneous_test_data.csv
Number of patients: test 6521 and train 26080
Number of records: test 1613452 and train 6512638
Saved model C-index: 0.4809, Current trial C-index: 0.4705
Saved model is better, keeping it
Number of finished trials:  10
Best trial:
Best hyperparameters: {'num_nodes': 64, 'num_layers': 1, 'lr': 0.021125815371141516, 'batch_size': 64, 'dropout': 0.18017140797920145}
Loading best model from disk after optimization
Model summary:
MLPVanilla(
  (net): Sequential(
    (0): DenseVanillaBlock(
      (linear): Linear(in_features=40, out_features=64, bias=True)
      (activation): ReLU()
      (batch_norm): BatchNorm1d(64, eps=1e-05, momentum=0.1, affine=True, track_running_stats=True)
      (dropout): Dropout(p=0.18017140797920145, inplace=False)
    )
    (1): Linear(in_features=64, out_features=50, bias=False)
  )
)

=== Evaluation Results for twenty_features_heterogeneous ===
Global test C-index: 0.481
Event rate: 5976/6521 (91.64%)
Mean time-dependent AUC: 0.544
Integrated Brier Score Test: 0.561
✓ logistic_hazard completed successfully
End time: Wed Aug 26 12:52:06 CDT 2026
