[I 2026-08-29 19:05:16,637] Trial 8 finished with value: 0.45916206452684466 and parameters: {'num_nodes': 32, 'num_layers': 1, 'lr': 0.041313013152711194, 'batch_size': 128, 'dropout': 0.0642403599507283}. Best is trial 2 with value: 0.5087821284723664.
/home/minhn2/uiuc-kidney-failure/pkgs/experiments/logistic_hazard.py:90: FutureWarning: You are using `torch.load` with `weights_only=False` (the current default value), which uses the default pickle module implicitly. It is possible to construct malicious pickle data which will execute arbitrary code during unpickling (See https://github.com/pytorch/pytorch/blob/main/SECURITY.md#untrusted-models for more details). In a future release, the default value for `weights_only` will be flipped to `True`. This limits the functions that could be executed during unpickling. Arbitrary objects will no longer be allowed to be loaded via this mode unless they are explicitly allowlisted by the user via `torch.serialization.add_safe_globals`. We recommend you start setting `weights_only=True` for any use case where you don't have full control of the loaded file. Please open an issue on GitHub for any issues related to this experimental feature.
  saved_net = torch.load(saved_path, map_location=device)
[I 2026-08-29 19:05:19,996] Trial 9 finished with value: 0.45941120292322385 and parameters: {'num_nodes': 128, 'num_layers': 2, 'lr': 0.00020425242033605942, 'batch_size': 128, 'dropout': 0.3349144598180261}. Best is trial 2 with value: 0.5087821284723664.
[I 2026-08-29 19:05:47,907] A new study created in memory with name: no-name-6fb272e8-6b93-498f-985b-14f3bcf204af
[I 2026-08-29 19:13:02,472] Trial 0 finished with value: 0.4791006857936715 and parameters: {'num_nodes': 32, 'num_layers': 3, 'lr': 0.012969279390821356, 'batch_size': 32, 'dropout': 0.48414598796540376}. Best is trial 0 with value: 0.4791006857936715.
/home/minhn2/uiuc-kidney-failure/pkgs/experiments/logistic_hazard.py:90: FutureWarning: You are using `torch.load` with `weights_only=False` (the current default value), which uses the default pickle module implicitly. It is possible to construct malicious pickle data which will execute arbitrary code during unpickling (See https://github.com/pytorch/pytorch/blob/main/SECURITY.md#untrusted-models for more details). In a future release, the default value for `weights_only` will be flipped to `True`. This limits the functions that could be executed during unpickling. Arbitrary objects will no longer be allowed to be loaded via this mode unless they are explicitly allowlisted by the user via `torch.serialization.add_safe_globals`. We recommend you start setting `weights_only=True` for any use case where you don't have full control of the loaded file. Please open an issue on GitHub for any issues related to this experimental feature.
  saved_net = torch.load(saved_path, map_location=device)
[I 2026-08-29 19:48:17,210] Trial 1 finished with value: 0.4677934183838554 and parameters: {'num_nodes': 16, 'num_layers': 1, 'lr': 0.0007307730801348577, 'batch_size': 128, 'dropout': 0.0883593196243585}. Best is trial 0 with value: 0.4791006857936715.
/home/minhn2/uiuc-kidney-failure/pkgs/experiments/logistic_hazard.py:90: FutureWarning: You are using `torch.load` with `weights_only=False` (the current default value), which uses the default pickle module implicitly. It is possible to construct malicious pickle data which will execute arbitrary code during unpickling (See https://github.com/pytorch/pytorch/blob/main/SECURITY.md#untrusted-models for more details). In a future release, the default value for `weights_only` will be flipped to `True`. This limits the functions that could be executed during unpickling. Arbitrary objects will no longer be allowed to be loaded via this mode unless they are explicitly allowlisted by the user via `torch.serialization.add_safe_globals`. We recommend you start setting `weights_only=True` for any use case where you don't have full control of the loaded file. Please open an issue on GitHub for any issues related to this experimental feature.
  saved_net = torch.load(saved_path, map_location=device)
[I 2026-08-29 19:53:38,381] Trial 2 finished with value: 0.4759649475769728 and parameters: {'num_nodes': 32, 'num_layers': 3, 'lr': 0.044102278889105166, 'batch_size': 32, 'dropout': 0.016379042164235025}. Best is trial 0 with value: 0.4791006857936715.
/home/minhn2/uiuc-kidney-failure/pkgs/experiments/logistic_hazard.py:90: FutureWarning: You are using `torch.load` with `weights_only=False` (the current default value), which uses the default pickle module implicitly. It is possible to construct malicious pickle data which will execute arbitrary code during unpickling (See https://github.com/pytorch/pytorch/blob/main/SECURITY.md#untrusted-models for more details). In a future release, the default value for `weights_only` will be flipped to `True`. This limits the functions that could be executed during unpickling. Arbitrary objects will no longer be allowed to be loaded via this mode unless they are explicitly allowlisted by the user via `torch.serialization.add_safe_globals`. We recommend you start setting `weights_only=True` for any use case where you don't have full control of the loaded file. Please open an issue on GitHub for any issues related to this experimental feature.
  saved_net = torch.load(saved_path, map_location=device)
[I 2026-08-29 20:27:46,563] Trial 3 finished with value: 0.4669049682663902 and parameters: {'num_nodes': 32, 'num_layers': 3, 'lr': 0.005024889345830973, 'batch_size': 128, 'dropout': 0.4103817116621608}. Best is trial 0 with value: 0.4791006857936715.
/home/minhn2/uiuc-kidney-failure/pkgs/experiments/logistic_hazard.py:90: FutureWarning: You are using `torch.load` with `weights_only=False` (the current default value), which uses the default pickle module implicitly. It is possible to construct malicious pickle data which will execute arbitrary code during unpickling (See https://github.com/pytorch/pytorch/blob/main/SECURITY.md#untrusted-models for more details). In a future release, the default value for `weights_only` will be flipped to `True`. This limits the functions that could be executed during unpickling. Arbitrary objects will no longer be allowed to be loaded via this mode unless they are explicitly allowlisted by the user via `torch.serialization.add_safe_globals`. We recommend you start setting `weights_only=True` for any use case where you don't have full control of the loaded file. Please open an issue on GitHub for any issues related to this experimental feature.
  saved_net = torch.load(saved_path, map_location=device)
[I 2026-08-29 21:01:50,891] Trial 4 finished with value: 0.46546067803966196 and parameters: {'num_nodes': 128, 'num_layers': 3, 'lr': 0.0006470786401416895, 'batch_size': 128, 'dropout': 0.3586695732161777}. Best is trial 0 with value: 0.4791006857936715.
/home/minhn2/uiuc-kidney-failure/pkgs/experiments/logistic_hazard.py:90: FutureWarning: You are using `torch.load` with `weights_only=False` (the current default value), which uses the default pickle module implicitly. It is possible to construct malicious pickle data which will execute arbitrary code during unpickling (See https://github.com/pytorch/pytorch/blob/main/SECURITY.md#untrusted-models for more details). In a future release, the default value for `weights_only` will be flipped to `True`. This limits the functions that could be executed during unpickling. Arbitrary objects will no longer be allowed to be loaded via this mode unless they are explicitly allowlisted by the user via `torch.serialization.add_safe_globals`. We recommend you start setting `weights_only=True` for any use case where you don't have full control of the loaded file. Please open an issue on GitHub for any issues related to this experimental feature.
  saved_net = torch.load(saved_path, map_location=device)
[I 2026-08-29 21:18:09,423] Trial 5 finished with value: 0.4676908343462107 and parameters: {'num_nodes': 128, 'num_layers': 3, 'lr': 0.0007672441430576121, 'batch_size': 256, 'dropout': 0.46385299564215665}. Best is trial 0 with value: 0.4791006857936715.
/home/minhn2/uiuc-kidney-failure/pkgs/experiments/logistic_hazard.py:90: FutureWarning: You are using `torch.load` with `weights_only=False` (the current default value), which uses the default pickle module implicitly. It is possible to construct malicious pickle data which will execute arbitrary code during unpickling (See https://github.com/pytorch/pytorch/blob/main/SECURITY.md#untrusted-models for more details). In a future release, the default value for `weights_only` will be flipped to `True`. This limits the functions that could be executed during unpickling. Arbitrary objects will no longer be allowed to be loaded via this mode unless they are explicitly allowlisted by the user via `torch.serialization.add_safe_globals`. We recommend you start setting `weights_only=True` for any use case where you don't have full control of the loaded file. Please open an issue on GitHub for any issues related to this experimental feature.
  saved_net = torch.load(saved_path, map_location=device)
[I 2026-08-29 21:35:10,216] Trial 6 finished with value: 0.48402769117853245 and parameters: {'num_nodes': 128, 'num_layers': 1, 'lr': 0.00010459652990742355, 'batch_size': 256, 'dropout': 0.19530116620279803}. Best is trial 6 with value: 0.48402769117853245.
/home/minhn2/uiuc-kidney-failure/pkgs/experiments/logistic_hazard.py:90: FutureWarning: You are using `torch.load` with `weights_only=False` (the current default value), which uses the default pickle module implicitly. It is possible to construct malicious pickle data which will execute arbitrary code during unpickling (See https://github.com/pytorch/pytorch/blob/main/SECURITY.md#untrusted-models for more details). In a future release, the default value for `weights_only` will be flipped to `True`. This limits the functions that could be executed during unpickling. Arbitrary objects will no longer be allowed to be loaded via this mode unless they are explicitly allowlisted by the user via `torch.serialization.add_safe_globals`. We recommend you start setting `weights_only=True` for any use case where you don't have full control of the loaded file. Please open an issue on GitHub for any issues related to this experimental feature.
  saved_net = torch.load(saved_path, map_location=device)
[I 2026-08-29 21:40:30,391] Trial 7 finished with value: 0.4734797523657507 and parameters: {'num_nodes': 16, 'num_layers': 3, 'lr': 0.0020007891123329786, 'batch_size': 32, 'dropout': 0.2079019070351238}. Best is trial 6 with value: 0.48402769117853245.
/home/minhn2/uiuc-kidney-failure/pkgs/experiments/logistic_hazard.py:90: FutureWarning: You are using `torch.load` with `weights_only=False` (the current default value), which uses the default pickle module implicitly. It is possible to construct malicious pickle data which will execute arbitrary code during unpickling (See https://github.com/pytorch/pytorch/blob/main/SECURITY.md#untrusted-models for more details). In a future release, the default value for `weights_only` will be flipped to `True`. This limits the functions that could be executed during unpickling. Arbitrary objects will no longer be allowed to be loaded via this mode unless they are explicitly allowlisted by the user via `torch.serialization.add_safe_globals`. We recommend you start setting `weights_only=True` for any use case where you don't have full control of the loaded file. Please open an issue on GitHub for any issues related to this experimental feature.
  saved_net = torch.load(saved_path, map_location=device)
[I 2026-08-29 21:43:28,370] Trial 8 finished with value: 0.4660390504614757 and parameters: {'num_nodes': 16, 'num_layers': 1, 'lr': 0.0005943230788267823, 'batch_size': 64, 'dropout': 0.16476359960307752}. Best is trial 6 with value: 0.48402769117853245.
/home/minhn2/uiuc-kidney-failure/pkgs/experiments/logistic_hazard.py:90: FutureWarning: You are using `torch.load` with `weights_only=False` (the current default value), which uses the default pickle module implicitly. It is possible to construct malicious pickle data which will execute arbitrary code during unpickling (See https://github.com/pytorch/pytorch/blob/main/SECURITY.md#untrusted-models for more details). In a future release, the default value for `weights_only` will be flipped to `True`. This limits the functions that could be executed during unpickling. Arbitrary objects will no longer be allowed to be loaded via this mode unless they are explicitly allowlisted by the user via `torch.serialization.add_safe_globals`. We recommend you start setting `weights_only=True` for any use case where you don't have full control of the loaded file. Please open an issue on GitHub for any issues related to this experimental feature.
  saved_net = torch.load(saved_path, map_location=device)
