[I 2026-08-31 03:02:04,574] Trial 9 finished with value: 0.49468855067841583 and parameters: {'num_layers': 6, 'learning_rate': 0.0020753414622379815, 'drop_out_rate': 0.46621391374868837, 'n_head': 5, 'nhead_factor': 3}. Best is trial 6 with value: 0.6961080209550256.
Using GPU: cuda:5 (utilization=0%, free_mem=49068MiB)
Train data path /home/minhn2/uiuc-kidney-failure/generated_data/rep5/four_features_train_data.csv
Test data path /home/minhn2/uiuc-kidney-failure/generated_data/rep5/four_features_test_data.csv
Number of patients: test 562 and train 2247
Number of records: test 5511 and train 21318
Running Optuna hyperparameter optimization
Using GPU: cuda:6 (utilization=0%, free_mem=49068MiB)
Running trial 0 for ExperimentScenario.FOUR_FEATURES on device cuda:6
Train data path /home/minhn2/uiuc-kidney-failure/generated_data/rep5/four_features_train_data.csv
Test data path /home/minhn2/uiuc-kidney-failure/generated_data/rep5/four_features_test_data.csv
Number of patients: test 562 and train 2247
Number of records: test 5511 and train 21318
Epoch 1/50
Average Loss: 4.5409701400332985
Epoch 2/50
Average Loss: 4.10259034898546
Epoch 3/50
Average Loss: 4.03575783305698
Epoch 4/50
Average Loss: 4.001666042539808
Epoch 5/50
Average Loss: 4.008530272377862
Patience Counter: 1
Epoch 6/50
Average Loss: 4.018264320161608
Patience Counter: 2
Epoch 7/50
Average Loss: 4.013570785522461
Patience Counter: 3
Epoch 8/50
Average Loss: 3.992786275015937
Epoch 9/50
Average Loss: 4.020984119839138
Patience Counter: 1
Epoch 10/50
Average Loss: 4.00927472114563
Patience Counter: 2
Epoch 11/50
Average Loss: 4.012134154637654
Patience Counter: 3
Epoch 12/50
Average Loss: 4.014615986082289
Patience Counter: 4
Epoch 13/50
Average Loss: 4.012597481409709
Patience Counter: 5
Early stopping triggered
C-index: 0.5107
Using GPU: cuda:3 (utilization=0%, free_mem=5309MiB)
Running trial 1 for ExperimentScenario.FOUR_FEATURES on device cuda:3
Train data path /home/minhn2/uiuc-kidney-failure/generated_data/rep5/four_features_train_data.csv
Test data path /home/minhn2/uiuc-kidney-failure/generated_data/rep5/four_features_test_data.csv
Number of patients: test 562 and train 2247
Number of records: test 5511 and train 21318
Epoch 1/50
Average Loss: 4.691594176822239
Epoch 2/50
Average Loss: 4.216713852352566
Epoch 3/50
Average Loss: 4.0862513118320045
Epoch 4/50
Average Loss: 4.037197483910455
Epoch 5/50
Average Loss: 4.015520148807102
Epoch 6/50
Average Loss: 3.994173182381524
Epoch 7/50
Average Loss: 3.9974680741628013
Patience Counter: 1
Epoch 8/50
Average Loss: 3.9834417237175836
Epoch 9/50
Average Loss: 3.973348299662272
Epoch 10/50
Average Loss: 3.93523637453715
Epoch 11/50
Average Loss: 3.914529323577881
Epoch 12/50
Average Loss: 3.8890469868977866
Epoch 13/50
Average Loss: 3.8760867913564048
Epoch 14/50
Average Loss: 3.862416903177897
Epoch 15/50
Average Loss: 3.8245671590169272
Epoch 16/50
Average Loss: 3.7864064375559487
Epoch 17/50
Average Loss: 3.853290425406562
Patience Counter: 1
Epoch 18/50
Average Loss: 3.7989921040005155
Patience Counter: 2
Epoch 19/50
Average Loss: 3.7658027013142905
Epoch 20/50
Average Loss: 3.764798985587226
Epoch 21/50
Average Loss: 3.7537534501817493
Epoch 22/50
Average Loss: 3.760602209303114
Patience Counter: 1
Epoch 23/50
Average Loss: 3.7264945771959095
Epoch 24/50
Average Loss: 3.7379190391964383
Patience Counter: 1
Epoch 25/50
Average Loss: 3.704806433783637
Epoch 26/50
Average Loss: 3.682249148686727
Epoch 27/50
Average Loss: 3.6731032265557184
Epoch 28/50
Average Loss: 3.685417731602987
Patience Counter: 1
Epoch 29/50
Average Loss: 3.6944487624698215
Patience Counter: 2
Epoch 30/50
Average Loss: 3.659526242150201
Epoch 31/50
Average Loss: 3.658097982406616
Epoch 32/50
Average Loss: 3.6547448105282254
Epoch 33/50
Average Loss: 3.640567011303372
Epoch 34/50
Average Loss: 3.6570216019948325
Patience Counter: 1
Epoch 35/50
Average Loss: 3.6305095884535046
Epoch 36/50
Average Loss: 3.6319233576456704
Patience Counter: 1
Epoch 37/50
Average Loss: 3.640190760294596
Patience Counter: 2
Epoch 38/50
Average Loss: 3.600346644719442
Epoch 39/50
Average Loss: 3.6185544861687555
Patience Counter: 1
Epoch 40/50
Average Loss: 3.6427104473114014
Patience Counter: 2
Epoch 41/50
Average Loss: 3.600994427998861
Patience Counter: 3
Epoch 42/50
Average Loss: 3.6195907592773438
Patience Counter: 4
Epoch 43/50
Average Loss: 3.6228106551700168
Patience Counter: 5
Early stopping triggered
C-index: 0.6367
Using GPU: cuda:3 (utilization=0%, free_mem=2947MiB)
Running trial 2 for ExperimentScenario.FOUR_FEATURES on device cuda:3
Train data path /home/minhn2/uiuc-kidney-failure/generated_data/rep5/four_features_train_data.csv
Test data path /home/minhn2/uiuc-kidney-failure/generated_data/rep5/four_features_test_data.csv
Number of patients: test 562 and train 2247
Number of records: test 5511 and train 21318
Epoch 1/50
Average Loss: 5.1494179301791725
Epoch 2/50
Average Loss: 5.18410062789917
Patience Counter: 1
Epoch 3/50
Average Loss: 5.199120733473036
Patience Counter: 2
Epoch 4/50
Average Loss: 5.186278608110216
Patience Counter: 3
Epoch 5/50
Average Loss: 5.188369115193685
Patience Counter: 4
Epoch 6/50
Average Loss: 5.1846095191107855
Patience Counter: 5
Early stopping triggered
C-index: 0.5112
Using GPU: cuda:4 (utilization=0%, free_mem=6047MiB)
Running trial 3 for ExperimentScenario.FOUR_FEATURES on device cuda:4
Train data path /home/minhn2/uiuc-kidney-failure/generated_data/rep5/four_features_train_data.csv
Test data path /home/minhn2/uiuc-kidney-failure/generated_data/rep5/four_features_test_data.csv
Number of patients: test 562 and train 2247
Number of records: test 5511 and train 21318
Epoch 1/50
Average Loss: 5.143908871544732
Epoch 2/50
Average Loss: 4.988027095794678
Epoch 3/50
Average Loss: 4.766735500759548
Epoch 4/50
Average Loss: 4.571916898091634
Epoch 5/50
Average Loss: 4.4293721781836615
Epoch 6/50
Average Loss: 4.369577460818821
Epoch 7/50
Average Loss: 4.29509891404046
Epoch 8/50
Average Loss: 4.272317939334446
Epoch 9/50
Average Loss: 4.22412191496955
Epoch 10/50
Average Loss: 4.190499332216051
Epoch 11/50
Average Loss: 4.166016154819065
Epoch 12/50
Average Loss: 4.140878836313884
Epoch 13/50
Average Loss: 4.123156229654948
Epoch 14/50
Average Loss: 4.103219694561428
Epoch 15/50
Average Loss: 4.083945035934448
Epoch 16/50
Average Loss: 4.0717040167914496
Epoch 17/50
Average Loss: 4.067020442750719
Epoch 18/50
Average Loss: 4.037202941046821
Epoch 19/50
Average Loss: 4.035166846381293
Epoch 20/50
Average Loss: 4.036318831973606
Patience Counter: 1
Epoch 21/50
Average Loss: 4.0253959496816
Epoch 22/50
Average Loss: 4.015679332945082
Epoch 23/50
Average Loss: 4.0177018377516
Patience Counter: 1
Epoch 24/50
Average Loss: 4.021813948949178
Patience Counter: 2
Epoch 25/50
Average Loss: 4.0068039894104
Epoch 26/50
Average Loss: 4.010199440850152
Patience Counter: 1
Epoch 27/50
Average Loss: 4.001858181423611
Epoch 28/50
Average Loss: 4.01274307568868
Patience Counter: 1
Epoch 29/50
Average Loss: 4.00355961587694
Patience Counter: 2
Epoch 30/50
Average Loss: 4.009604665968153
Patience Counter: 3
Epoch 31/50
Average Loss: 3.999284267425537
Epoch 32/50
Average Loss: 3.9966993066999645
Epoch 33/50
Average Loss: 4.000723944769965
Patience Counter: 1
Epoch 34/50
Average Loss: 4.002800676557753
Patience Counter: 2
Epoch 35/50
Average Loss: 3.996797561645508
Patience Counter: 3
Epoch 36/50
Average Loss: 3.9828573862711587
Epoch 37/50
Average Loss: 4.0015345679389105
Patience Counter: 1
Epoch 38/50
Average Loss: 3.9862628248002796
Patience Counter: 2
Epoch 39/50
Average Loss: 3.9778465694851346
Epoch 40/50
Average Loss: 3.996821059121026
Patience Counter: 1
Epoch 41/50
Average Loss: 3.9733198748694525
Epoch 42/50
Average Loss: 3.9631223413679333
Epoch 43/50
Average Loss: 3.965295155843099
Patience Counter: 1
Epoch 44/50
Average Loss: 3.961913506189982
Epoch 45/50
Average Loss: 3.9626892142825656
Patience Counter: 1
Epoch 46/50
Average Loss: 3.961778614256117
Epoch 47/50
Average Loss: 3.961881637573242
Patience Counter: 1
Epoch 48/50
Average Loss: 3.9636413521236844
Patience Counter: 2
Epoch 49/50
Average Loss: 3.960298776626587
Epoch 50/50
Average Loss: 3.9664180278778076
Patience Counter: 1
C-index: 0.5837
Using GPU: cuda:1 (utilization=3%, free_mem=43212MiB)
Running trial 4 for ExperimentScenario.FOUR_FEATURES on device cuda:1
Train data path /home/minhn2/uiuc-kidney-failure/generated_data/rep5/four_features_train_data.csv
Test data path /home/minhn2/uiuc-kidney-failure/generated_data/rep5/four_features_test_data.csv
Number of patients: test 562 and train 2247
Number of records: test 5511 and train 21318
Epoch 1/50
Average Loss: 4.760302278730604
Epoch 2/50
Average Loss: 4.195071856180827
Epoch 3/50
Average Loss: 4.1009225315517845
Epoch 4/50
Average Loss: 4.041291607750787
Epoch 5/50
Average Loss: 4.0134462515513105
Epoch 6/50
Average Loss: 4.009179618623522
Epoch 7/50
Average Loss: 4.007630983988444
Epoch 8/50
Average Loss: 4.021888997819689
Patience Counter: 1
Epoch 9/50
Average Loss: 3.998967991934882
Epoch 10/50
Average Loss: 4.00682708952162
Patience Counter: 1
Epoch 11/50
Average Loss: 4.00966641638014
Patience Counter: 2
Epoch 12/50
Average Loss: 4.017615026897854
Patience Counter: 3
Epoch 13/50
Average Loss: 4.008444521162245
Patience Counter: 4
Epoch 14/50
Average Loss: 4.004967742496067
Patience Counter: 5
Early stopping triggered
C-index: 0.6049
Using GPU: cuda:3 (utilization=0%, free_mem=958MiB)
Running trial 5 for ExperimentScenario.FOUR_FEATURES on device cuda:3
Train data path /home/minhn2/uiuc-kidney-failure/generated_data/rep5/four_features_train_data.csv
Test data path /home/minhn2/uiuc-kidney-failure/generated_data/rep5/four_features_test_data.csv
Number of patients: test 562 and train 2247
Number of records: test 5511 and train 21318
Epoch 1/50
Average Loss: 4.7574723031785755
Epoch 2/50
Average Loss: 4.281397925482856
Epoch 3/50
Average Loss: 4.057827075322469
Epoch 4/50
Average Loss: 4.026681847042507
Epoch 5/50
Average Loss: 4.028929074605306
Patience Counter: 1
Epoch 6/50
Average Loss: 4.0375345547993975
Patience Counter: 2
Epoch 7/50
Average Loss: 4.030603991614448
Patience Counter: 3
Epoch 8/50
Average Loss: 4.019400119781494
Epoch 9/50
Average Loss: 4.022650983598497
Patience Counter: 1
Epoch 10/50
Average Loss: 4.000939289728801
Epoch 11/50
Average Loss: 4.021477222442627
Patience Counter: 1
Epoch 12/50
Average Loss: 4.018758270475599
Patience Counter: 2
Epoch 13/50
Average Loss: 4.006221585803562
Patience Counter: 3
Epoch 14/50
Average Loss: 4.008665879567464
Patience Counter: 4
Epoch 15/50
Average Loss: 4.011573606067234
Patience Counter: 5
Early stopping triggered
C-index: 0.6098
Using GPU: cuda:4 (utilization=0%, free_mem=32148MiB)
Running trial 6 for ExperimentScenario.FOUR_FEATURES on device cuda:4
Train data path /home/minhn2/uiuc-kidney-failure/generated_data/rep5/four_features_train_data.csv
Test data path /home/minhn2/uiuc-kidney-failure/generated_data/rep5/four_features_test_data.csv
Number of patients: test 562 and train 2247
Number of records: test 5511 and train 21318
Epoch 1/50
Average Loss: 5.1169137424892845
Epoch 2/50
Average Loss: 5.067889054616292
Epoch 3/50
Average Loss: 5.0421857833862305
Epoch 4/50
Average Loss: 5.0391908221774635
Epoch 5/50
Average Loss: 4.999181694454617
Epoch 6/50
Average Loss: 5.027362982432048
Patience Counter: 1
Epoch 7/50
Average Loss: 5.021632565392388
Patience Counter: 2
Epoch 8/50
Average Loss: 5.014852152930366
Patience Counter: 3
Epoch 9/50
Average Loss: 5.01269875632392
Patience Counter: 4
Epoch 10/50
Average Loss: 5.029446178012424
Patience Counter: 5
Early stopping triggered
C-index: 0.5178
Using GPU: cuda:7 (utilization=0%, free_mem=47999MiB)
Running trial 7 for ExperimentScenario.FOUR_FEATURES on device cuda:7
Train data path /home/minhn2/uiuc-kidney-failure/generated_data/rep5/four_features_train_data.csv
Test data path /home/minhn2/uiuc-kidney-failure/generated_data/rep5/four_features_test_data.csv
Number of patients: test 562 and train 2247
Number of records: test 5511 and train 21318
Epoch 1/50
Average Loss: 5.051285531785753
Epoch 2/50
Average Loss: 4.642765310075548
Epoch 3/50
Average Loss: 4.4265307850307885
Epoch 4/50
Average Loss: 4.240366246965197
Epoch 5/50
Average Loss: 4.234545840157403
Epoch 6/50
Average Loss: 4.170394685533312
Epoch 7/50
Average Loss: 4.277571227815416
Patience Counter: 1
Epoch 8/50
Average Loss: 4.234585126241048
Patience Counter: 2
Epoch 9/50
Average Loss: 4.178871101803249
Patience Counter: 3
Epoch 10/50
Average Loss: 4.0981035232543945
Epoch 11/50
Average Loss: 4.046695682737562
Epoch 12/50
Average Loss: 4.015499591827393
Epoch 13/50
Average Loss: 4.023560656441583
Patience Counter: 1
Epoch 14/50
Average Loss: 4.031338612238566
Patience Counter: 2
Epoch 15/50
Average Loss: 4.02173564169142
Patience Counter: 3
Epoch 16/50
Average Loss: 4.017596218321058
Patience Counter: 4
Epoch 17/50
Average Loss: 4.018277698092991
Patience Counter: 5
Early stopping triggered
C-index: 0.6287
Using GPU: cuda:7 (utilization=0%, free_mem=45995MiB)
Running trial 8 for ExperimentScenario.FOUR_FEATURES on device cuda:7
Train data path /home/minhn2/uiuc-kidney-failure/generated_data/rep5/four_features_train_data.csv
Test data path /home/minhn2/uiuc-kidney-failure/generated_data/rep5/four_features_test_data.csv
Number of patients: test 562 and train 2247
Number of records: test 5511 and train 21318
Epoch 1/50
Average Loss: 5.21302064259847
Epoch 2/50
Average Loss: 5.197827286190456
Epoch 3/50
Average Loss: 5.200511349572076
Patience Counter: 1
Epoch 4/50
Average Loss: 5.203350173102485
Patience Counter: 2
Epoch 5/50
Average Loss: 5.19262499279446
Epoch 6/50
Average Loss: 5.185192690955268
Epoch 7/50
Average Loss: 5.18617057800293
Patience Counter: 1
Epoch 8/50
Average Loss: 5.190244038899739
Patience Counter: 2
Epoch 9/50
Average Loss: 5.185575591193305
Patience Counter: 3
Epoch 10/50
Average Loss: 5.180501725938585
Epoch 11/50
Average Loss: 5.187210135989719
Patience Counter: 1
Epoch 12/50
Average Loss: 5.191869205898708
Patience Counter: 2
Epoch 13/50
Average Loss: 5.189410898420546
Patience Counter: 3
Epoch 14/50
Average Loss: 5.185275607638889
Patience Counter: 4
Epoch 15/50
Average Loss: 5.172271834479438
Epoch 16/50
Average Loss: 5.169086986117893
Epoch 17/50
Average Loss: 5.178328302171495
Patience Counter: 1
Epoch 18/50
Average Loss: 5.168872515360515
Epoch 19/50
Average Loss: 5.171304384867351
Patience Counter: 1
Epoch 20/50
Average Loss: 5.180974165598552
Patience Counter: 2
Epoch 21/50
Average Loss: 5.184106667836507
Patience Counter: 3
Epoch 22/50
Average Loss: 5.176339891221788
Patience Counter: 4
Epoch 23/50
Average Loss: 5.187505457136366
Patience Counter: 5
Early stopping triggered
C-index: 0.5000
Using GPU: cuda:7 (utilization=0%, free_mem=44993MiB)
Running trial 9 for ExperimentScenario.FOUR_FEATURES on device cuda:7
Train data path /home/minhn2/uiuc-kidney-failure/generated_data/rep5/four_features_train_data.csv
Test data path /home/minhn2/uiuc-kidney-failure/generated_data/rep5/four_features_test_data.csv
Number of patients: test 562 and train 2247
Number of records: test 5511 and train 21318
Epoch 1/50
Average Loss: 4.539872487386067
Epoch 2/50
Average Loss: 4.072119951248169
Epoch 3/50
Average Loss: 4.020093944337633
Epoch 4/50
Average Loss: 4.023651599884033
Patience Counter: 1
Epoch 5/50
Average Loss: 4.010734054777357
Epoch 6/50
Average Loss: 4.025042560365465
Patience Counter: 1
Epoch 7/50
Average Loss: 4.010006825129191
Epoch 8/50
Average Loss: 4.008886893590291
Epoch 9/50
Average Loss: 4.051054000854492
Patience Counter: 1
Epoch 10/50
Average Loss: 4.027473502688938
Patience Counter: 2
Epoch 11/50
Average Loss: 4.024375041325887
Patience Counter: 3
Epoch 12/50
Average Loss: 4.021412187152439
Patience Counter: 4
Epoch 13/50
Average Loss: 4.011772261725532
Patience Counter: 5
Early stopping triggered
C-index: 0.6235
Number of finished trials:  10
Best trial:
Best hyperparameters: {'num_layers': 2, 'learning_rate': 0.00038607921799682236, 'drop_out_rate': 0.2708923462357633, 'n_head': 8, 'nhead_factor': 6}
model summary
HazardTransformer(
  (input_embedding): Linear(in_features=4, out_features=48, bias=True)
  (time_encoder): Sequential(
    (0): Linear(in_features=1, out_features=24, bias=True)
    (1): ReLU()
    (2): Linear(in_features=24, out_features=48, bias=True)
  )
  (pos_encoder): PositionalEncoding()
  (transformer_encoder): TransformerEncoder(
    (layers): ModuleList(
      (0-1): 2 x TransformerEncoderLayer(
        (self_attn): MultiheadAttention(
          (out_proj): NonDynamicallyQuantizableLinear(in_features=48, out_features=48, bias=True)
        )
        (linear1): Linear(in_features=48, out_features=2048, bias=True)
        (dropout): Dropout(p=0.2708923462357633, inplace=False)
        (linear2): Linear(in_features=2048, out_features=48, bias=True)
        (norm1): LayerNorm((48,), eps=1e-05, elementwise_affine=True)
        (norm2): LayerNorm((48,), eps=1e-05, elementwise_affine=True)
        (dropout1): Dropout(p=0.2708923462357633, inplace=False)
        (dropout2): Dropout(p=0.2708923462357633, inplace=False)
      )
    )
  )
  (hazard_decoders): ModuleList(
    (0): Sequential(
      (0): Linear(in_features=48, out_features=24, bias=True)
      (1): ReLU()
      (2): Linear(in_features=24, out_features=1, bias=True)
    )
  )
)
C-index: 0.6357
Mean time-dependent AUC: 0.72
Warning: Could not compute Brier Score: time must be smaller than largest observed time point: 4216.413194444444
Using GPU: cuda:7 (utilization=0%, free_mem=42210MiB)
Train data path /home/minhn2/uiuc-kidney-failure/generated_data/rep5/eight_features_train_data.csv
Test data path /home/minhn2/uiuc-kidney-failure/generated_data/rep5/eight_features_test_data.csv
Number of patients: test 243 and train 970
Number of records: test 1100 and train 4307
Running Optuna hyperparameter optimization
Using GPU: cuda:7 (utilization=0%, free_mem=42210MiB)
Running trial 0 for ExperimentScenario.EIGHT_FEATURES on device cuda:7
Train data path /home/minhn2/uiuc-kidney-failure/generated_data/rep5/eight_features_train_data.csv
Test data path /home/minhn2/uiuc-kidney-failure/generated_data/rep5/eight_features_test_data.csv
Number of patients: test 243 and train 970
Number of records: test 1100 and train 4307
Epoch 1/50
Average Loss: 4.164812445640564
Epoch 2/50
Average Loss: 4.05640584230423
Epoch 3/50
Average Loss: 3.9575339555740356
Epoch 4/50
Average Loss: 3.8441935777664185
Epoch 5/50
Average Loss: 3.754778742790222
Epoch 6/50
Average Loss: 3.626078724861145
Epoch 7/50
Average Loss: 3.498426854610443
Epoch 8/50
Average Loss: 3.39056259393692
Epoch 9/50
Average Loss: 3.2733296155929565
Epoch 10/50
Average Loss: 3.1650182604789734
Epoch 11/50
Average Loss: 3.0411219000816345
Epoch 12/50
Average Loss: 2.952844798564911
Epoch 13/50
Average Loss: 2.866990804672241
Epoch 14/50
Average Loss: 2.805112302303314
Epoch 15/50
Average Loss: 2.7457038164138794
Epoch 16/50
Average Loss: 2.6924096941947937
Epoch 17/50
Average Loss: 2.672088086605072
Epoch 18/50
Average Loss: 2.5977339148521423
Epoch 19/50
Average Loss: 2.564850151538849
Epoch 20/50
Average Loss: 2.5360538959503174
Epoch 21/50
Average Loss: 2.5042792558670044
Epoch 22/50
Average Loss: 2.4624072909355164
Epoch 23/50
Average Loss: 2.440991222858429
Epoch 24/50
Average Loss: 2.4152535796165466
Epoch 25/50
Average Loss: 2.409596264362335
Epoch 26/50
Average Loss: 2.371078848838806
Epoch 27/50
Average Loss: 2.3688900470733643
Epoch 28/50
Average Loss: 2.340324640274048
Epoch 29/50
Average Loss: 2.347327947616577
Patience Counter: 1
Epoch 30/50
Average Loss: 2.3191874623298645
Epoch 31/50
Average Loss: 2.3142346143722534
Epoch 32/50
Average Loss: 2.284715235233307
Epoch 33/50
Average Loss: 2.2807499170303345
Epoch 34/50
Average Loss: 2.2671886682510376
Epoch 35/50
Average Loss: 2.239264667034149
Epoch 36/50
Average Loss: 2.225955069065094
Epoch 37/50
Average Loss: 2.218698024749756
Epoch 38/50
Average Loss: 2.206943690776825
Epoch 39/50
Average Loss: 2.201750874519348
Epoch 40/50
Average Loss: 2.1770471930503845
Epoch 41/50
Average Loss: 2.165343761444092
Epoch 42/50
Average Loss: 2.1450597643852234
Epoch 43/50
Average Loss: 2.132389187812805
Epoch 44/50
Average Loss: 2.119727611541748
Epoch 45/50
Average Loss: 2.1063531041145325
Epoch 46/50
Average Loss: 2.1102621257305145
Patience Counter: 1
Epoch 47/50
Average Loss: 2.0917539596557617
Epoch 48/50
Average Loss: 2.0756587982177734
Epoch 49/50
Average Loss: 2.0790931284427643
Patience Counter: 1
Epoch 50/50
Average Loss: 2.062905967235565
C-index: 0.5168
Using GPU: cuda:7 (utilization=0%, free_mem=42210MiB)
Running trial 1 for ExperimentScenario.EIGHT_FEATURES on device cuda:7
Train data path /home/minhn2/uiuc-kidney-failure/generated_data/rep5/eight_features_train_data.csv
Test data path /home/minhn2/uiuc-kidney-failure/generated_data/rep5/eight_features_test_data.csv
Number of patients: test 243 and train 970
Number of records: test 1100 and train 4307
Epoch 1/50
Average Loss: 4.205259084701538
Epoch 2/50
Average Loss: 4.0801209807395935
Epoch 3/50
Average Loss: 3.9590747356414795
Epoch 4/50
Average Loss: 3.8188178539276123
Epoch 5/50
Average Loss: 3.698040783405304
Epoch 6/50
Average Loss: 3.588850975036621
Epoch 7/50
Average Loss: 3.4936537742614746
Epoch 8/50
Average Loss: 3.4383931756019592
Epoch 9/50
Average Loss: 3.3476145267486572
Epoch 10/50
Average Loss: 3.279286026954651
Epoch 11/50
Average Loss: 3.250005066394806
Epoch 12/50
Average Loss: 3.206037759780884
Epoch 13/50
Average Loss: 3.1551159620285034
Epoch 14/50
Average Loss: 3.120332419872284
Epoch 15/50
Average Loss: 3.090451419353485
Epoch 16/50
Average Loss: 3.072273313999176
Epoch 17/50
Average Loss: 3.0400962233543396
Epoch 18/50
Average Loss: 3.0040724873542786
Epoch 19/50
Average Loss: 2.979276716709137
Epoch 20/50
Average Loss: 2.9409334659576416
Epoch 21/50
Average Loss: 2.9250425696372986
Epoch 22/50
Average Loss: 2.