Start time: Sat Aug 29 18:53:02 CDT 2026
[I 2026-08-29 18:53:12,895] A new study created in memory with name: no-name-6e07aca4-e1e5-424e-be87-5e3b074ef2c3
[I 2026-08-29 18:53:22,676] Trial 0 finished with value: 0.52 and parameters: {'num_layer': 20, 'hidden_dim_0': 224, 'hidden_dim_1': 240, 'hidden_dim_2': 28, 'hidden_dim_3': 139, 'hidden_dim_4': 171, 'hidden_dim_5': 162, 'hidden_dim_6': 227, 'hidden_dim_7': 191, 'hidden_dim_8': 255, 'hidden_dim_9': 151, 'hidden_dim_10': 201, 'hidden_dim_11': 71, 'hidden_dim_12': 34, 'hidden_dim_13': 48, 'hidden_dim_14': 180, 'hidden_dim_15': 233, 'hidden_dim_16': 244, 'hidden_dim_17': 153, 'hidden_dim_18': 56, 'hidden_dim_19': 206, 'learning_rate': 0.0005840431376776093, 'drop_out_rate_0': 0.3562699123470785, 'drop_out_rate_1': 0.14764601305488043, 'drop_out_rate_2': 0.48563324532433494, 'drop_out_rate_3': 0.18496014882188472, 'drop_out_rate_4': 0.3201437198622058, 'drop_out_rate_5': 0.47294563636762665, 'drop_out_rate_6': 0.4615093060237332, 'drop_out_rate_7': 0.2952452988528991, 'drop_out_rate_8': 0.21719532217664939, 'drop_out_rate_9': 0.28436524952973785, 'drop_out_rate_10': 0.4992251267692993, 'drop_out_rate_11': 0.468416579433642, 'drop_out_rate_12': 0.44243283915938914, 'drop_out_rate_13': 0.20053000129654805, 'drop_out_rate_14': 0.2755435375513582, 'drop_out_rate_15': 0.12201061348538694, 'drop_out_rate_16': 0.3237294863915808, 'drop_out_rate_17': 0.40360983616736745, 'drop_out_rate_18': 0.3027011360901464, 'drop_out_rate_19': 0.17267998844494487}. Best is trial 0 with value: 0.52.
[I 2026-08-29 18:53:35,317] Trial 1 finished with value: 0.508 and parameters: {'num_layer': 17, 'hidden_dim_0': 80, 'hidden_dim_1': 26, 'hidden_dim_2': 40, 'hidden_dim_3': 153, 'hidden_dim_4': 181, 'hidden_dim_5': 89, 'hidden_dim_6': 189, 'hidden_dim_7': 169, 'hidden_dim_8': 236, 'hidden_dim_9': 131, 'hidden_dim_10': 130, 'hidden_dim_11': 119, 'hidden_dim_12': 97, 'hidden_dim_13': 139, 'hidden_dim_14': 124, 'hidden_dim_15': 87, 'hidden_dim_16': 205, 'learning_rate': 0.00011231534658447112, 'drop_out_rate_0': 0.3127025798369385, 'drop_out_rate_1': 0.1453409689950166, 'drop_out_rate_2': 0.3250925014079883, 'drop_out_rate_3': 0.3160096416837539, 'drop_out_rate_4': 0.19772491299273465, 'drop_out_rate_5': 0.28857397201849144, 'drop_out_rate_6': 0.39076193961604744, 'drop_out_rate_7': 0.10485331429544638, 'drop_out_rate_8': 0.3267928793741849, 'drop_out_rate_9': 0.24157379527170983, 'drop_out_rate_10': 0.2660832033114865, 'drop_out_rate_11': 0.4690964331202726, 'drop_out_rate_12': 0.21850027861475652, 'drop_out_rate_13': 0.4303756011766181, 'drop_out_rate_14': 0.41120718943486756, 'drop_out_rate_15': 0.475534169605879, 'drop_out_rate_16': 0.11590596400950588}. Best is trial 0 with value: 0.52.
[I 2026-08-29 18:53:54,233] Trial 2 finished with value: 0.5 and parameters: {'num_layer': 15, 'hidden_dim_0': 53, 'hidden_dim_1': 45, 'hidden_dim_2': 226, 'hidden_dim_3': 172, 'hidden_dim_4': 39, 'hidden_dim_5': 144, 'hidden_dim_6': 22, 'hidden_dim_7': 235, 'hidden_dim_8': 134, 'hidden_dim_9': 139, 'hidden_dim_10': 239, 'hidden_dim_11': 197, 'hidden_dim_12': 111, 'hidden_dim_13': 197, 'hidden_dim_14': 122, 'learning_rate': 0.006127793770059097, 'drop_out_rate_0': 0.3656121182418731, 'drop_out_rate_1': 0.1223670123691198, 'drop_out_rate_2': 0.35433786799199074, 'drop_out_rate_3': 0.3946361572278855, 'drop_out_rate_4': 0.19456173660825804, 'drop_out_rate_5': 0.24086130051117607, 'drop_out_rate_6': 0.11704343446829864, 'drop_out_rate_7': 0.4547620296135938, 'drop_out_rate_8': 0.3860294419690282, 'drop_out_rate_9': 0.4123454209711065, 'drop_out_rate_10': 0.4865942517513442, 'drop_out_rate_11': 0.35085562640192236, 'drop_out_rate_12': 0.4630768522638391, 'drop_out_rate_13': 0.33673240194006826, 'drop_out_rate_14': 0.31118870329589343}. Best is trial 0 with value: 0.52.
[I 2026-08-29 18:54:48,623] Trial 3 finished with value: 0.493 and parameters: {'num_layer': 7, 'hidden_dim_0': 49, 'hidden_dim_1': 143, 'hidden_dim_2': 176, 'hidden_dim_3': 83, 'hidden_dim_4': 104, 'hidden_dim_5': 125, 'hidden_dim_6': 131, 'learning_rate': 0.0001719705610840073, 'drop_out_rate_0': 0.2543325605657243, 'drop_out_rate_1': 0.23351627862400065, 'drop_out_rate_2': 0.318272332714457, 'drop_out_rate_3': 0.4873126950031269, 'drop_out_rate_4': 0.40714468086607214, 'drop_out_rate_5': 0.24912823441723939, 'drop_out_rate_6': 0.34900744173864157}. Best is trial 0 with value: 0.52.
[I 2026-08-29 18:56:01,538] Trial 4 finished with value: 0.508 and parameters: {'num_layer': 5, 'hidden_dim_0': 135, 'hidden_dim_1': 91, 'hidden_dim_2': 127, 'hidden_dim_3': 97, 'hidden_dim_4': 176, 'learning_rate': 0.00014877420675050084, 'drop_out_rate_0': 0.2632905012218807, 'drop_out_rate_1': 0.41010917167891603, 'drop_out_rate_2': 0.14457768550172148, 'drop_out_rate_3': 0.26701315967097133, 'drop_out_rate_4': 0.1793784245345696}. Best is trial 0 with value: 0.52.
[I 2026-08-29 18:56:21,876] Trial 5 finished with value: 0.5 and parameters: {'num_layer': 10, 'hidden_dim_0': 119, 'hidden_dim_1': 113, 'hidden_dim_2': 165, 'hidden_dim_3': 194, 'hidden_dim_4': 111, 'hidden_dim_5': 185, 'hidden_dim_6': 241, 'hidden_dim_7': 75, 'hidden_dim_8': 71, 'hidden_dim_9': 96, 'learning_rate': 0.004292778964563631, 'drop_out_rate_0': 0.21635298023680455, 'drop_out_rate_1': 0.13422828058571185, 'drop_out_rate_2': 0.3694367331970817, 'drop_out_rate_3': 0.1355913662689674, 'drop_out_rate_4': 0.4243883757193717, 'drop_out_rate_5': 0.35819834923300586, 'drop_out_rate_6': 0.2993936729748877, 'drop_out_rate_7': 0.27441660150342584, 'drop_out_rate_8': 0.24966306188090026, 'drop_out_rate_9': 0.41003437238761953}. Best is trial 0 with value: 0.52.
[I 2026-08-29 18:56:39,867] Trial 6 finished with value: 0.509 and parameters: {'num_layer': 20, 'hidden_dim_0': 229, 'hidden_dim_1': 26, 'hidden_dim_2': 68, 'hidden_dim_3': 126, 'hidden_dim_4': 172, 'hidden_dim_5': 78, 'hidden_dim_6': 231, 'hidden_dim_7': 64, 'hidden_dim_8': 106, 'hidden_dim_9': 248, 'hidden_dim_10': 108, 'hidden_dim_11': 117, 'hidden_dim_12': 38, 'hidden_dim_13': 32, 'hidden_dim_14': 154, 'hidden_dim_15': 255, 'hidden_dim_16': 65, 'hidden_dim_17': 222, 'hidden_dim_18': 70, 'hidden_dim_19': 128, 'learning_rate': 5.64350128200615e-05, 'drop_out_rate_0': 0.34873218649664295, 'drop_out_rate_1': 0.3024764398168539, 'drop_out_rate_2': 0.49386728715974393, 'drop_out_rate_3': 0.30733689609408593, 'drop_out_rate_4': 0.11057375913648589, 'drop_out_rate_5': 0.39110100117185176, 'drop_out_rate_6': 0.17554108664860754, 'drop_out_rate_7': 0.35388592144422126, 'drop_out_rate_8': 0.38698287276038235, 'drop_out_rate_9': 0.4839637809710666, 'drop_out_rate_10': 0.373269255775288, 'drop_out_rate_11': 0.11071358046135421, 'drop_out_rate_12': 0.2476715318729475, 'drop_out_rate_13': 0.38623234759891034, 'drop_out_rate_14': 0.2943899558323083, 'drop_out_rate_15': 0.3857100434824632, 'drop_out_rate_16': 0.4352283908265525, 'drop_out_rate_17': 0.28923317847985924, 'drop_out_rate_18': 0.2329017414126191, 'drop_out_rate_19': 0.299128386962088}. Best is trial 0 with value: 0.52.
[I 2026-08-29 18:57:04,358] Trial 7 finished with value: 0.522 and parameters: {'num_layer': 13, 'hidden_dim_0': 147, 'hidden_dim_1': 67, 'hidden_dim_2': 148, 'hidden_dim_3': 199, 'hidden_dim_4': 120, 'hidden_dim_5': 199, 'hidden_dim_6': 56, 'hidden_dim_7': 102, 'hidden_dim_8': 160, 'hidden_dim_9': 217, 'hidden_dim_10': 176, 'hidden_dim_11': 45, 'hidden_dim_12': 160, 'learning_rate': 0.001604690159420131, 'drop_out_rate_0': 0.3179833870827483, 'drop_out_rate_1': 0.3695578938548768, 'drop_out_rate_2': 0.32664658936053914, 'drop_out_rate_3': 0.2824530588951928, 'drop_out_rate_4': 0.31893184754045756, 'drop_out_rate_5': 0.4037920932904998, 'drop_out_rate_6': 0.2952099105148164, 'drop_out_rate_7': 0.43731221327026804, 'drop_out_rate_8': 0.4553969917358389, 'drop_out_rate_9': 0.4010455263134921, 'drop_out_rate_10': 0.49823728204344697, 'drop_out_rate_11': 0.4282789371564175, 'drop_out_rate_12': 0.20737645056324114}. Best is trial 7 with value: 0.522.
[I 2026-08-29 18:57:41,136] Trial 8 finished with value: 0.482 and parameters: {'num_layer': 1, 'hidden_dim_0': 113, 'learning_rate': 0.00011328679273627681, 'drop_out_rate_0': 0.19987112302062876}. Best is trial 7 with value: 0.522.
[I 2026-08-29 18:57:59,690] Trial 9 finished with value: 0.516 and parameters: {'num_layer': 9, 'hidden_dim_0': 118, 'hidden_dim_1': 83, 'hidden_dim_2': 190, 'hidden_dim_3': 118, 'hidden_dim_4': 143, 'hidden_dim_5': 86, 'hidden_dim_6': 64, 'hidden_dim_7': 104, 'hidden_dim_8': 28, 'learning_rate': 0.0031455658718263393, 'drop_out_rate_0': 0.24900047541964426, 'drop_out_rate_1': 0.11244621086172298, 'drop_out_rate_2': 0.4736163183793273, 'drop_out_rate_3': 0.1525650731121523, 'drop_out_rate_4': 0.2975146402056017, 'drop_out_rate_5': 0.35657092552298586, 'drop_out_rate_6': 0.4771053173788964, 'drop_out_rate_7': 0.3705551628782394, 'drop_out_rate_8': 0.31668228197714454}. Best is trial 7 with value: 0.522.
[I 2026-08-29 18:58:00,311] A new study created in memory with name: no-name-c58450a4-caf7-4b5a-9f5b-ad6215a7e8d0
[I 2026-08-29 18:58:12,365] Trial 0 finished with value: 0.527 and parameters: {'num_layer': 12, 'hidden_dim_0': 116, 'hidden_dim_1': 125, 'hidden_dim_2': 38, 'hidden_dim_3': 184, 'hidden_dim_4': 130, 'hidden_dim_5': 16, 'hidden_dim_6': 20, 'hidden_dim_7': 96, 'hidden_dim_8': 198, 'hidden_dim_9': 81, 'hidden_dim_10': 156, 'hidden_dim_11': 174, 'learning_rate': 0.0019580390279973405, 'drop_out_rate_0': 0.25015756947298184, 'drop_out_rate_1': 0.34813889854785784, 'drop_out_rate_2': 0.4494333282248598, 'drop_out_rate_3': 0.2875809073179164, 'drop_out_rate_4': 0.39118318807849783, 'drop_out_rate_5': 0.22435856634635704, 'drop_out_rate_6': 0.2519298507748365, 'drop_out_rate_7': 0.4521022651404375, 'drop_out_rate_8': 0.19888850834500685, 'drop_out_rate_9': 0.22234827774555777, 'drop_out_rate_10': 0.25378240200056923, 'drop_out_rate_11': 0.44094750934994154}. Best is trial 0 with value: 0.527.
[I 2026-08-29 18:58:19,834] Trial 1 finished with value: 0.488 and parameters: {'num_layer': 9, 'hidden_dim_0': 56, 'hidden_dim_1': 74, 'hidden_dim_2': 187, 'hidden_dim_3': 37, 'hidden_dim_4': 16, 'hidden_dim_5': 213, 'hidden_dim_6': 32, 'hidden_dim_7': 198, 'hidden_dim_8': 69, 'learning_rate': 0.0002234728495673107, 'drop_out_rate_0': 0.15232366384568408, 'drop_out_rate_1': 0.2624738039601009, 'drop_out_rate_2': 0.4535830270991814, 'drop_out_rate_3': 0.33787119231558715, 'drop_out_rate_4': 0.3847252695293054, 'drop_out_rate_5': 0.3433570712024019, 'drop_out_rate_6': 0.4508056718006115, 'drop_out_rate_7': 0.24856342061785905, 'drop_out_rate_8': 0.34201194790990386}. Best is trial 0 with value: 0.527.
[I 2026-08-29 18:58:26,622] Trial 2 finished with value: 0.51 and parameters: {'num_layer': 17, 'hidden_dim_0': 150, 'hidden_dim_1': 241, 'hidden_dim_2': 135, 'hidden_dim_3': 16, 'hidden_dim_4': 105, 'hidden_dim_5': 177, 'hidden_dim_6': 218, 'hidden_dim_7': 137, 'hidden_dim_8': 256, 'hidden_dim_9': 169, 'hidden_dim_10': 53, 'hidden_dim_11': 54, 'hidden_dim_12': 82, 'hidden_dim_13': 178, 'hidden_dim_14': 16, 'hidden_dim_15': 51, 'hidden_dim_16': 101, 'learning_rate': 0.00014962015212935295, 'drop_out_rate_0': 0.2967469951915587, 'drop_out_rate_1': 0.3929941564975332, 'drop_out_rate_2': 0.15045550180801875, 'drop_out_rate_3': 0.48117751977786816, 'drop_out_rate_4': 0.23686774730954765, 'drop_out_rate_5': 0.18138367582563766, 'drop_out_rate_6': 0.37135738065457813, 'drop_out_rate_7': 0.42059601506293653, 'drop_out_rate_8': 0.28748556705752515, 'drop_out_rate_9': 0.41958305802268847, 'drop_out_rate_10': 0.3335333255928432, 'drop_out_rate_11': 0.4185874961477538, 'drop_out_rate_12': 0.38988698194853233, 'drop_out_rate_13': 0.10797728735411738, 'drop_out_rate_14': 0.10029267878352166, 'drop_out_rate_15': 0.2992202467074485, 'drop_out_rate_16': 0.29083010629598216}. Best is trial 0 with value: 0.527.
[I 2026-08-29 18:58:36,546] Trial 3 finished with value: 0.49 and parameters: {'num_layer': 20, 'hidden_dim_0': 248, 'hidden_dim_1': 143, 'hidden_dim_2': 177, 'hidden_dim_3': 151, 'hidden_dim_4': 68, 'hidden_dim_5': 74, 'hidden_dim_6': 41, 'hidden_dim_7': 214, 'hidden_dim_8': 33, 'hidden_dim_9': 28, 'hidden_dim_10': 132, 'hidden_dim_11': 24, 'hidden_dim_12': 35, 'hidden_dim_13': 33, 'hidden_dim_14': 31, 'hidden_dim_15': 92, 'hidden_dim_16': 217, 'hidden_dim_17': 22, 'hidden_dim_18': 155, 'hidden_dim_19': 30, 'learning_rate': 0.00013899967747646653, 'drop_out_rate_0': 0.13434603190883668, 'drop_out_rate_1': 0.18948041669154636, 'drop_out_rate_2': 0.22634629109362803, 'drop_out_rate_3': 0.10412533309296759, 'drop_out_rate_4': 0.3348461559964387, 'drop_out_rate_5': 0.2741509408486112, 'drop_out_rate_6': 0.11604678714657518, 'drop_out_rate_7': 0.36510231186938136, 'drop_out_rate_8': 0.18082628599318148, 'drop_out_rate_9': 0.3135312413726292, 'drop_out_rate_10': 0.3160033454933535, 'drop_out_rate_11': 0.33814667848002844, 'drop_out_rate_12': 0.37856433059711025, 'drop_out_rate_13': 0.33498873416742875, 'drop_out_rate_14': 0.33618808622185387, 'drop_out_rate_15': 0.40577409349771054, 'drop_out_rate_16': 0.4406736698777368, 'drop_out_rate_17': 0.4451358200167307, 'drop_out_rate_18': 0.379121252722296, 'drop_out_rate_19': 0.2891465573959232}. Best is trial 0 with value: 0.527.
[I 2026-08-29 18:58:41,826] Trial 4 finished with value: 0.513 and parameters: {'num_layer': 19, 'hidden_dim_0': 152, 'hidden_dim_1': 195, 'hidden_dim_2': 38, 'hidden_dim_3': 244, 'hidden_dim_4': 181, 'hidden_dim_5': 150, 'hidden_dim_6': 127, 'hidden_dim_7': 241, 'hidden_dim_8': 103, 'hidden_dim_9': 71, 'hidden_dim_10': 184, 'hidden_dim_11': 89, 'hidden_dim_12': 232, 'hidden_dim_13': 194, 'hidden_dim_14': 155, 'hidden_dim_15': 101, 'hidden_dim_16': 32, 'hidden_dim_17': 203, 'hidden_dim_18': 97, 'learning_rate': 0.001500306337892758, 'drop_out_rate_0': 0.19343465884124217, 'drop_out_rate_1': 0.25483625650535024, 'drop_out_rate_2': 0.48818003826188916, 'drop_out_rate_3': 0.11542515875742164, 'drop_out_rate_4': 0.3965828713645274, 'drop_out_rate_5': 0.28316030867575703, 'drop_out_rate_6': 0.36167614493799716, 'drop_out_rate_7': 0.287933477928361, 'drop_out_rate_8': 0.3664862286198928, 'drop_out_rate_9': 0.43078583565949247, 'drop_out_rate_10': 0.15322664610095682, 'drop_out_rate_11': 0.47548737434654986, 'drop_out_rate_12': 0.35789096096332285, 'drop_out_rate_13': 0.2515744367656197, 'drop_out_rate_14': 0.1826147308915084, 'drop_out_rate_15': 0.3916587732022282, 'drop_out_rate_16': 0.3175495756840665, 'drop_out_rate_17': 0.45243027398384195, 'drop_out_rate_18': 0.48318399712557947}. Best is trial 0 with value: 0.527.
[I 2026-08-29 18:58:53,836] Trial 5 finished with value: 0.484 and parameters: {'num_layer': 9, 'hidden_dim_0': 205, 'hidden_dim_1': 45, 'hidden_dim_2': 89, 'hidden_dim_3': 22, 'hidden_dim_4': 96, 'hidden_dim_5': 28, 'hidden_dim_6': 83, 'hidden_dim_7': 150, 'hidden_dim_8': 118, 'learning_rate': 0.0004212442843223658, 'drop_out_rate_0': 0.44344445776953345, 'drop_out_rate_1': 0.40317791379030776, 'drop_out_rate_2': 0.270705868291907, 'drop_out_rate_3': 0.3804202870957465, 'drop_out_rate_4': 0.41733748096620416, 'drop_out_rate_5': 0.37317565491938565, 'drop_out_rate_6': 0.4396659919410827, 'drop_out_rate_7': 0.3859467629167955, 'drop_out_rate_8': 0.12363317477660041}. Best is trial 0 with value: 0.527.
[I 2026-08-29 18:59:04,634] Trial 6 finished with value: 0.5 and parameters: {'num_layer': 7, 'hidden_dim_0': 32, 'hidden_dim_1': 76, 'hidden_dim_2': 255, 'hidden_dim_3': 197, 'hidden_dim_4': 155, 'hidden_dim_5': 58, 'hidden_dim_6': 179, 'learning_rate': 0.0061091480771283185, 'drop_out_rate_0': 0.29969563584550796, 'drop_out_rate_1': 0.21861282171869056, 'drop_out_rate_2': 0.1720607269838011, 'drop_out_rate_3': 0.3389339121255549, 'drop_out_rate_4': 0.23203785192667747, 'drop_out_rate_5': 0.3714695522243281, 'drop_out_rate_6': 0.2061401815255995}. Best is trial 0 with value: 0.527.
[I 2026-08-29 18:59:26,285] Trial 7 finished with value: 0.528 and parameters: {'num_layer': 5, 'hidden_dim_0': 79, 'hidden_dim_1': 41, 'hidden_dim_2': 208, 'hidden_dim_3': 53, 'hidden_dim_4': 31, 'learning_rate': 0.0033428109696625624, 'drop_out_rate_0': 0.11868770840257326, 'drop_out_rate_1': 0.33017722675247385, 'drop_out_rate_2': 0.2911550975332089, 'drop_out_rate_3': 0.26019040218350004, 'drop_out_rate_4': 0.34722307702043453}. Best is trial 7 with value: 0.528.
[I 2026-08-29 18:59:30,290] Trial 8 finished with value: 0.506 and parameters: {'num_layer': 3, 'hidden_dim_0': 27, 'hidden_dim_1': 29, 'hidden_dim_2': 220, 'learning_rate': 0.0003019980504766336, 'drop_out_rate_0': 0.448520306079085, 'drop_out_rate_1': 0.22048092278960021, 'drop_out_rate_2': 0.1523832480653161}. Best is trial 7 with value: 0.528.
[I 2026-08-29 18:59:38,735] Trial 9 finished with value: 0.491 and parameters: {'num_layer': 9, 'hidden_dim_0': 51, 'hidden_dim_1': 163, 'hidden_dim_2': 52, 'hidden_dim_3': 212, 'hidden_dim_4': 149, 'hidden_dim_5': 37, 'hidden_dim_6': 185, 'hidden_dim_7': 141, 'hidden_dim_8': 255, 'learning_rate': 1.863132779700506e-05, 'drop_out_rate_0': 0.4894685734192359, 'drop_out_rate_1': 0.49296454891086006, 'drop_out_rate_2': 0.14819245449333365, 'drop_out_rate_3': 0.2451913337848026, 'drop_out_rate_4': 0.12333707409923465, 'drop_out_rate_5': 0.1248357718649201, 'drop_out_rate_6': 0.468549350254697, 'drop_out_rate_7': 0.18336440442273183, 'drop_out_rate_8': 0.22472484684879868}. Best is trial 7 with value: 0.528.
[I 2026-08-29 19:00:41,122] A new study created in memory with name: no-name-ffd9108c-8e3b-4d8a-b55f-0fce888c40e3
[I 2026-08-29 19:08:25,806] Trial 0 finished with value: 0.524 and parameters: {'num_layer': 5, 'hidden_dim_0': 55, 'hidden_dim_1': 31, 'hidden_dim_2': 165, 'hidden_dim_3': 189, 'hidden_dim_4': 105, 'learning_rate': 0.0005641346605110577, 'drop_out_rate_0': 0.3437968046166382, 'drop_out_rate_1': 0.18689610514882649, 'drop_out_rate_2': 0.25917544472367365, 'drop_out_rate_3': 0.49207294720793526, 'drop_out_rate_4': 0.45636349217853067}. Best is trial 0 with value: 0.524.
[I 2026-08-29 19:10:53,841] Trial 1 finished with value: 0.512 and parameters: {'num_layer': 12, 'hidden_dim_0': 88, 'hidden_dim_1': 145, 'hidden_dim_2': 210, 'hidden_dim_3': 151, 'hidden_dim_4': 182, 'hidden_dim_5': 75, 'hidden_dim_6': 252, 'hidden_dim_7': 167, 'hidden_dim_8': 229, 'hidden_dim_9': 175, 'hidden_dim_10': 250, 'hidden_dim_11': 27, 'learning_rate': 0.00018903735044550473, 'drop_out_rate_0': 0.40529379311799585, 'drop_out_rate_1': 0.3314526582783396, 'drop_out_rate_2': 0.18206644897821345, 'drop_out_rate_3': 0.1557491581257108, 'drop_out_rate_4': 0.4440653959868277, 'drop_out_rate_5': 0.33575453456414994, 'drop_out_rate_6': 0.3483492737523888, 'drop_out_rate_7': 0.1997307622219142, 'drop_out_rate_8': 0.4820037242991251, 'drop_out_rate_9': 0.14820394280652055, 'drop_out_rate_10': 0.2554548326073649, 'drop_out_rate_11': 0.16746693167815932}. Best is trial 0 with value: 0.524.
[I 2026-08-29 19:12:53,430] Trial 2 finished with value: 0.506 and parameters: {'num_layer': 20, 'hidden_dim_0': 109, 'hidden_dim_1': 47, 'hidden_dim_2': 138, 'hidden_dim_3': 101, 'hidden_dim_4': 161, 'hidden_dim_5': 144, 'hidden_dim_6': 39, 'hidden_dim_7': 218, 'hidden_dim_8': 138, 'hidden_dim_9': 90, 'hidden_dim_10': 155, 'hidden_dim_11': 171, 'hidden_dim_12': 203, 'hidden_dim_13': 174, 'hidden_dim_14': 120, 'hidden_dim_15': 240, 'hidden_dim_16': 237, 'hidden_dim_17': 115, 'hidden_dim_18': 175, 'hidden_dim_19': 153, 'learning_rate': 0.00014446895865489922, 'drop_out_rate_0': 0.4712062026988456, 'drop_out_rate_1': 0.3162553872701478, 'drop_out_rate_2': 0.4350312079607864, 'drop_out_rate_3': 0.16906987837744109, 'drop_out_rate_4': 0.27818223437515593, 'drop_out_rate_5': 0.18228982727210774, 'drop_out_rate_6': 0.285449496353276, 'drop_out_rate_7': 0.46125660134298163, 'drop_out_rate_8': 0.32575845991339614, 'drop_out_rate_9': 0.2393575447826625, 'drop_out_rate_10': 0.4960895157933177, 'drop_out_rate_11': 0.1921545540565783, 'drop_out_rate_12': 0.30654978820499346, 'drop_out_rate_13': 0.19077265864368353, 'drop_out_rate_14': 0.4301922848441152, 'drop_out_rate_15': 0.390655540799522, 'drop_out_rate_16': 0.34117166351011396, 'drop_out_rate_17': 0.32147010429221723, 'drop_out_rate_18': 0.27356168118718305, 'drop_out_rate_19': 0.10934039419465576}. Best is trial 0 with value: 0.524.
[I 2026-08-29 19:20:32,407] Trial 3 finished with value: 0.528 and parameters: {'num_layer': 3, 'hidden_dim_0': 130, 'hidden_dim_1': 256, 'hidden_dim_2': 144, 'learning_rate': 0.0007265507554741179, 'drop_out_rate_0': 0.1306650723936186, 'drop_out_rate_1': 0.3799851803115256, 'drop_out_rate_2': 0.23211307650206572}. Best is trial 3 with value: 0.528.
