Start time: Sat Aug 29 18:52:59 CDT 2026
[I 2026-08-29 18:53:08,797] A new study created in memory with name: no-name-fbb18ba5-ca8d-4fd9-91d9-be0803f28123
[I 2026-08-29 18:53:22,652] Trial 0 finished with value: 0.484 and parameters: {'num_layer': 17, 'hidden_dim_0': 188, 'hidden_dim_1': 153, 'hidden_dim_2': 50, 'hidden_dim_3': 78, 'hidden_dim_4': 237, 'hidden_dim_5': 149, 'hidden_dim_6': 216, 'hidden_dim_7': 99, 'hidden_dim_8': 188, 'hidden_dim_9': 83, 'hidden_dim_10': 77, 'hidden_dim_11': 55, 'hidden_dim_12': 209, 'hidden_dim_13': 112, 'hidden_dim_14': 199, 'hidden_dim_15': 123, 'hidden_dim_16': 21, 'learning_rate': 1.4574643314432596e-05, 'drop_out_rate_0': 0.4524086488506537, 'drop_out_rate_1': 0.22424269579745182, 'drop_out_rate_2': 0.36274584187795045, 'drop_out_rate_3': 0.28854950770812127, 'drop_out_rate_4': 0.14093888314707492, 'drop_out_rate_5': 0.26471454205770895, 'drop_out_rate_6': 0.49169903357538136, 'drop_out_rate_7': 0.19873097163020095, 'drop_out_rate_8': 0.2297883764215997, 'drop_out_rate_9': 0.18924568050185875, 'drop_out_rate_10': 0.26408473797875853, 'drop_out_rate_11': 0.1491528735303191, 'drop_out_rate_12': 0.32564925855192917, 'drop_out_rate_13': 0.4722215254654337, 'drop_out_rate_14': 0.4533646923739979, 'drop_out_rate_15': 0.3971117074674133, 'drop_out_rate_16': 0.4957740102155249}. Best is trial 0 with value: 0.484.
[I 2026-08-29 18:53:29,837] Trial 1 finished with value: 0.493 and parameters: {'num_layer': 16, 'hidden_dim_0': 172, 'hidden_dim_1': 71, 'hidden_dim_2': 121, 'hidden_dim_3': 194, 'hidden_dim_4': 228, 'hidden_dim_5': 250, 'hidden_dim_6': 126, 'hidden_dim_7': 100, 'hidden_dim_8': 245, 'hidden_dim_9': 189, 'hidden_dim_10': 70, 'hidden_dim_11': 229, 'hidden_dim_12': 212, 'hidden_dim_13': 180, 'hidden_dim_14': 51, 'hidden_dim_15': 245, 'learning_rate': 2.2710459469419876e-05, 'drop_out_rate_0': 0.40234722804382084, 'drop_out_rate_1': 0.3684300176790537, 'drop_out_rate_2': 0.4209369653480398, 'drop_out_rate_3': 0.20240014229290573, 'drop_out_rate_4': 0.4324191427174635, 'drop_out_rate_5': 0.17213725072309444, 'drop_out_rate_6': 0.3709545328744488, 'drop_out_rate_7': 0.11132723938893184, 'drop_out_rate_8': 0.32176440764386843, 'drop_out_rate_9': 0.49158874293277843, 'drop_out_rate_10': 0.10611249386961381, 'drop_out_rate_11': 0.33984638106707366, 'drop_out_rate_12': 0.46655554992056913, 'drop_out_rate_13': 0.37369491519128817, 'drop_out_rate_14': 0.3335801977914389, 'drop_out_rate_15': 0.4803727102086056}. Best is trial 1 with value: 0.493.
[I 2026-08-29 18:53:34,915] Trial 2 finished with value: 0.502 and parameters: {'num_layer': 13, 'hidden_dim_0': 165, 'hidden_dim_1': 163, 'hidden_dim_2': 74, 'hidden_dim_3': 118, 'hidden_dim_4': 85, 'hidden_dim_5': 26, 'hidden_dim_6': 243, 'hidden_dim_7': 21, 'hidden_dim_8': 104, 'hidden_dim_9': 250, 'hidden_dim_10': 85, 'hidden_dim_11': 255, 'hidden_dim_12': 30, 'learning_rate': 8.381304516219643e-05, 'drop_out_rate_0': 0.40261088173424464, 'drop_out_rate_1': 0.2563765818521202, 'drop_out_rate_2': 0.14804147888816144, 'drop_out_rate_3': 0.48748323666051574, 'drop_out_rate_4': 0.30557614252216025, 'drop_out_rate_5': 0.38150993779493925, 'drop_out_rate_6': 0.36743813414875226, 'drop_out_rate_7': 0.36063237979193585, 'drop_out_rate_8': 0.23840480936924724, 'drop_out_rate_9': 0.22876981336870994, 'drop_out_rate_10': 0.15538628103472585, 'drop_out_rate_11': 0.3597882579484616, 'drop_out_rate_12': 0.36734633307437314}. Best is trial 2 with value: 0.502.
[I 2026-08-29 18:53:46,719] Trial 3 finished with value: 0.516 and parameters: {'num_layer': 19, 'hidden_dim_0': 20, 'hidden_dim_1': 84, 'hidden_dim_2': 40, 'hidden_dim_3': 58, 'hidden_dim_4': 183, 'hidden_dim_5': 215, 'hidden_dim_6': 55, 'hidden_dim_7': 30, 'hidden_dim_8': 41, 'hidden_dim_9': 242, 'hidden_dim_10': 202, 'hidden_dim_11': 84, 'hidden_dim_12': 87, 'hidden_dim_13': 87, 'hidden_dim_14': 106, 'hidden_dim_15': 228, 'hidden_dim_16': 25, 'hidden_dim_17': 243, 'hidden_dim_18': 190, 'learning_rate': 0.0002140902729033906, 'drop_out_rate_0': 0.46154212805273154, 'drop_out_rate_1': 0.3650643525324838, 'drop_out_rate_2': 0.29042748807272073, 'drop_out_rate_3': 0.17175121032740231, 'drop_out_rate_4': 0.3954049089724784, 'drop_out_rate_5': 0.3076094270178594, 'drop_out_rate_6': 0.10156145868418323, 'drop_out_rate_7': 0.3992462576941138, 'drop_out_rate_8': 0.3426104017991327, 'drop_out_rate_9': 0.4591664262089791, 'drop_out_rate_10': 0.32247391976739936, 'drop_out_rate_11': 0.18639004099576237, 'drop_out_rate_12': 0.4206660002362774, 'drop_out_rate_13': 0.2986148884312212, 'drop_out_rate_14': 0.1707844017339401, 'drop_out_rate_15': 0.2919386254194236, 'drop_out_rate_16': 0.46661634831439824, 'drop_out_rate_17': 0.48810761390749957, 'drop_out_rate_18': 0.47166148043943534}. Best is trial 3 with value: 0.516.
[I 2026-08-29 18:53:59,374] Trial 4 finished with value: 0.473 and parameters: {'num_layer': 7, 'hidden_dim_0': 31, 'hidden_dim_1': 217, 'hidden_dim_2': 175, 'hidden_dim_3': 85, 'hidden_dim_4': 133, 'hidden_dim_5': 202, 'hidden_dim_6': 130, 'learning_rate': 0.0003142723160666842, 'drop_out_rate_0': 0.33002613113520907, 'drop_out_rate_1': 0.40141990437149766, 'drop_out_rate_2': 0.438546616361579, 'drop_out_rate_3': 0.3615395874445827, 'drop_out_rate_4': 0.45077760183556026, 'drop_out_rate_5': 0.14717312090856824, 'drop_out_rate_6': 0.15521540331872324}. Best is trial 3 with value: 0.516.
[I 2026-08-29 18:54:30,736] Trial 5 finished with value: 0.512 and parameters: {'num_layer': 4, 'hidden_dim_0': 43, 'hidden_dim_1': 40, 'hidden_dim_2': 174, 'hidden_dim_3': 228, 'learning_rate': 0.006356977636406066, 'drop_out_rate_0': 0.39224878038673816, 'drop_out_rate_1': 0.3297167799903382, 'drop_out_rate_2': 0.10056022640542316, 'drop_out_rate_3': 0.4287953108767195}. Best is trial 3 with value: 0.516.
[I 2026-08-29 18:55:08,852] Trial 6 finished with value: 0.537 and parameters: {'num_layer': 2, 'hidden_dim_0': 78, 'hidden_dim_1': 140, 'learning_rate': 0.003266508571092897, 'drop_out_rate_0': 0.24310941866003488, 'drop_out_rate_1': 0.24550417928314375}. Best is trial 6 with value: 0.537.
[I 2026-08-29 18:55:56,360] Trial 7 finished with value: 0.53 and parameters: {'num_layer': 4, 'hidden_dim_0': 32, 'hidden_dim_1': 38, 'hidden_dim_2': 44, 'hidden_dim_3': 57, 'learning_rate': 0.0039627342485107075, 'drop_out_rate_0': 0.11188608723192504, 'drop_out_rate_1': 0.46272134940959664, 'drop_out_rate_2': 0.2780575121075488, 'drop_out_rate_3': 0.16485897580447087}. Best is trial 6 with value: 0.537.
[I 2026-08-29 18:56:05,323] Trial 8 finished with value: 0.5 and parameters: {'num_layer': 14, 'hidden_dim_0': 20, 'hidden_dim_1': 41, 'hidden_dim_2': 17, 'hidden_dim_3': 211, 'hidden_dim_4': 223, 'hidden_dim_5': 181, 'hidden_dim_6': 16, 'hidden_dim_7': 241, 'hidden_dim_8': 232, 'hidden_dim_9': 54, 'hidden_dim_10': 171, 'hidden_dim_11': 197, 'hidden_dim_12': 204, 'hidden_dim_13': 213, 'learning_rate': 0.0011688081189786845, 'drop_out_rate_0': 0.21127707635907297, 'drop_out_rate_1': 0.14590463850042654, 'drop_out_rate_2': 0.2612333481429163, 'drop_out_rate_3': 0.4084544476685473, 'drop_out_rate_4': 0.1755287187073869, 'drop_out_rate_5': 0.17362565679435318, 'drop_out_rate_6': 0.23245794272394546, 'drop_out_rate_7': 0.25400116867908756, 'drop_out_rate_8': 0.4715680874493472, 'drop_out_rate_9': 0.4838116431328806, 'drop_out_rate_10': 0.43011893285977887, 'drop_out_rate_11': 0.15115026333163972, 'drop_out_rate_12': 0.25388385702791283, 'drop_out_rate_13': 0.25946822203900544}. Best is trial 6 with value: 0.537.
[I 2026-08-29 18:56:31,045] Trial 9 finished with value: 0.532 and parameters: {'num_layer': 5, 'hidden_dim_0': 94, 'hidden_dim_1': 199, 'hidden_dim_2': 57, 'hidden_dim_3': 96, 'hidden_dim_4': 203, 'learning_rate': 0.009641173710265632, 'drop_out_rate_0': 0.1262830206077831, 'drop_out_rate_1': 0.20522100749202507, 'drop_out_rate_2': 0.11434442030200219, 'drop_out_rate_3': 0.3210555580979175, 'drop_out_rate_4': 0.308012161103493}. Best is trial 6 with value: 0.537.
[I 2026-08-29 18:56:31,746] A new study created in memory with name: no-name-0fda04be-67de-4832-b568-4e1dd82cf05c
[I 2026-08-29 18:56:34,804] Trial 0 finished with value: 0.488 and parameters: {'num_layer': 4, 'hidden_dim_0': 217, 'hidden_dim_1': 154, 'hidden_dim_2': 37, 'hidden_dim_3': 68, 'learning_rate': 0.00055107406664552, 'drop_out_rate_0': 0.20312664819506707, 'drop_out_rate_1': 0.286395890129388, 'drop_out_rate_2': 0.28408641534780493, 'drop_out_rate_3': 0.21498091997544153}. Best is trial 0 with value: 0.488.
[I 2026-08-29 18:56:39,779] Trial 1 finished with value: 0.515 and parameters: {'num_layer': 16, 'hidden_dim_0': 118, 'hidden_dim_1': 232, 'hidden_dim_2': 134, 'hidden_dim_3': 239, 'hidden_dim_4': 98, 'hidden_dim_5': 148, 'hidden_dim_6': 230, 'hidden_dim_7': 109, 'hidden_dim_8': 223, 'hidden_dim_9': 227, 'hidden_dim_10': 216, 'hidden_dim_11': 68, 'hidden_dim_12': 232, 'hidden_dim_13': 209, 'hidden_dim_14': 39, 'hidden_dim_15': 218, 'learning_rate': 0.0004981619080924995, 'drop_out_rate_0': 0.426218558383754, 'drop_out_rate_1': 0.15072778215950333, 'drop_out_rate_2': 0.474253152367916, 'drop_out_rate_3': 0.19612384193799548, 'drop_out_rate_4': 0.19364493626608814, 'drop_out_rate_5': 0.36777126921792136, 'drop_out_rate_6': 0.4637921320406603, 'drop_out_rate_7': 0.23267481864491055, 'drop_out_rate_8': 0.4810880530194247, 'drop_out_rate_9': 0.4135914253037244, 'drop_out_rate_10': 0.2863797965919319, 'drop_out_rate_11': 0.437559340603514, 'drop_out_rate_12': 0.4144017821124478, 'drop_out_rate_13': 0.2704129570534733, 'drop_out_rate_14': 0.15398661767707794, 'drop_out_rate_15': 0.4529822973024983}. Best is trial 1 with value: 0.515.
[I 2026-08-29 18:56:44,970] Trial 2 finished with value: 0.491 and parameters: {'num_layer': 12, 'hidden_dim_0': 76, 'hidden_dim_1': 54, 'hidden_dim_2': 177, 'hidden_dim_3': 163, 'hidden_dim_4': 212, 'hidden_dim_5': 171, 'hidden_dim_6': 19, 'hidden_dim_7': 104, 'hidden_dim_8': 73, 'hidden_dim_9': 65, 'hidden_dim_10': 70, 'hidden_dim_11': 80, 'learning_rate': 7.287061941360912e-05, 'drop_out_rate_0': 0.35770317815845243, 'drop_out_rate_1': 0.19212020619156633, 'drop_out_rate_2': 0.1137405545824314, 'drop_out_rate_3': 0.47277396270571603, 'drop_out_rate_4': 0.15066718184194505, 'drop_out_rate_5': 0.35865680504070363, 'drop_out_rate_6': 0.13188861354010772, 'drop_out_rate_7': 0.2276345776354662, 'drop_out_rate_8': 0.12534491890995925, 'drop_out_rate_9': 0.3901656037028225, 'drop_out_rate_10': 0.12141423457310477, 'drop_out_rate_11': 0.2047431850972391}. Best is trial 1 with value: 0.515.
[I 2026-08-29 18:56:53,312] Trial 3 finished with value: 0.509 and parameters: {'num_layer': 10, 'hidden_dim_0': 184, 'hidden_dim_1': 93, 'hidden_dim_2': 248, 'hidden_dim_3': 27, 'hidden_dim_4': 133, 'hidden_dim_5': 89, 'hidden_dim_6': 21, 'hidden_dim_7': 177, 'hidden_dim_8': 186, 'hidden_dim_9': 57, 'learning_rate': 0.0019366730264722331, 'drop_out_rate_0': 0.1864180541906519, 'drop_out_rate_1': 0.48795866457621706, 'drop_out_rate_2': 0.2836751585497833, 'drop_out_rate_3': 0.4837777588123824, 'drop_out_rate_4': 0.47831663046385675, 'drop_out_rate_5': 0.49695815749468997, 'drop_out_rate_6': 0.2956060515387251, 'drop_out_rate_7': 0.12525285663221855, 'drop_out_rate_8': 0.43516437738369207, 'drop_out_rate_9': 0.22227948809539744}. Best is trial 1 with value: 0.515.
[I 2026-08-29 18:56:56,565] Trial 4 finished with value: 0.485 and parameters: {'num_layer': 18, 'hidden_dim_0': 209, 'hidden_dim_1': 128, 'hidden_dim_2': 212, 'hidden_dim_3': 250, 'hidden_dim_4': 58, 'hidden_dim_5': 182, 'hidden_dim_6': 72, 'hidden_dim_7': 203, 'hidden_dim_8': 233, 'hidden_dim_9': 221, 'hidden_dim_10': 136, 'hidden_dim_11': 63, 'hidden_dim_12': 167, 'hidden_dim_13': 123, 'hidden_dim_14': 117, 'hidden_dim_15': 19, 'hidden_dim_16': 139, 'hidden_dim_17': 187, 'learning_rate': 0.0033338188475491443, 'drop_out_rate_0': 0.4646732923130781, 'drop_out_rate_1': 0.1788405432621689, 'drop_out_rate_2': 0.27564502100991006, 'drop_out_rate_3': 0.14451502342632316, 'drop_out_rate_4': 0.4380779706618557, 'drop_out_rate_5': 0.11897830900524556, 'drop_out_rate_6': 0.3498845326963903, 'drop_out_rate_7': 0.29022773784655087, 'drop_out_rate_8': 0.39300396481202093, 'drop_out_rate_9': 0.2644834320994368, 'drop_out_rate_10': 0.23723537471419698, 'drop_out_rate_11': 0.1133741603995369, 'drop_out_rate_12': 0.17516283033870958, 'drop_out_rate_13': 0.3497807020638556, 'drop_out_rate_14': 0.2896528989299796, 'drop_out_rate_15': 0.35408505459127804, 'drop_out_rate_16': 0.22723621320084242, 'drop_out_rate_17': 0.2576053699333294}. Best is trial 1 with value: 0.515.
[I 2026-08-29 18:57:08,725] Trial 5 finished with value: 0.487 and parameters: {'num_layer': 4, 'hidden_dim_0': 213, 'hidden_dim_1': 131, 'hidden_dim_2': 16, 'hidden_dim_3': 67, 'learning_rate': 3.420167508588886e-05, 'drop_out_rate_0': 0.41510621135076975, 'drop_out_rate_1': 0.3180947123347354, 'drop_out_rate_2': 0.14328008105957282, 'drop_out_rate_3': 0.3913739089325695}. Best is trial 1 with value: 0.515.
[I 2026-08-29 18:57:13,298] Trial 6 finished with value: 0.5 and parameters: {'num_layer': 14, 'hidden_dim_0': 19, 'hidden_dim_1': 93, 'hidden_dim_2': 34, 'hidden_dim_3': 183, 'hidden_dim_4': 94, 'hidden_dim_5': 231, 'hidden_dim_6': 232, 'hidden_dim_7': 17, 'hidden_dim_8': 156, 'hidden_dim_9': 114, 'hidden_dim_10': 161, 'hidden_dim_11': 113, 'hidden_dim_12': 154, 'hidden_dim_13': 163, 'learning_rate': 0.0065977212931963335, 'drop_out_rate_0': 0.14048240862459316, 'drop_out_rate_1': 0.22955395556873298, 'drop_out_rate_2': 0.1137332957652034, 'drop_out_rate_3': 0.18473132463861255, 'drop_out_rate_4': 0.3616389302102865, 'drop_out_rate_5': 0.39914102641750315, 'drop_out_rate_6': 0.4214076790266247, 'drop_out_rate_7': 0.46534379324696984, 'drop_out_rate_8': 0.4297701728258668, 'drop_out_rate_9': 0.2401255697774598, 'drop_out_rate_10': 0.13234652502996355, 'drop_out_rate_11': 0.2572500218414362, 'drop_out_rate_12': 0.4505970645756058, 'drop_out_rate_13': 0.3006494337789174}. Best is trial 1 with value: 0.515.
[I 2026-08-29 18:57:23,854] Trial 7 finished with value: 0.493 and parameters: {'num_layer': 8, 'hidden_dim_0': 232, 'hidden_dim_1': 123, 'hidden_dim_2': 100, 'hidden_dim_3': 148, 'hidden_dim_4': 166, 'hidden_dim_5': 36, 'hidden_dim_6': 135, 'hidden_dim_7': 96, 'learning_rate': 0.00030206278201606407, 'drop_out_rate_0': 0.41726187972958295, 'drop_out_rate_1': 0.3542209752697605, 'drop_out_rate_2': 0.20233385933815887, 'drop_out_rate_3': 0.3443065682467546, 'drop_out_rate_4': 0.3436808168786172, 'drop_out_rate_5': 0.15126555434162078, 'drop_out_rate_6': 0.2489598247643352, 'drop_out_rate_7': 0.2575683076765175}. Best is trial 1 with value: 0.515.
[I 2026-08-29 18:57:27,847] Trial 8 finished with value: 0.511 and parameters: {'num_layer': 17, 'hidden_dim_0': 99, 'hidden_dim_1': 121, 'hidden_dim_2': 174, 'hidden_dim_3': 69, 'hidden_dim_4': 27, 'hidden_dim_5': 161, 'hidden_dim_6': 38, 'hidden_dim_7': 115, 'hidden_dim_8': 188, 'hidden_dim_9': 176, 'hidden_dim_10': 252, 'hidden_dim_11': 236, 'hidden_dim_12': 72, 'hidden_dim_13': 252, 'hidden_dim_14': 63, 'hidden_dim_15': 28, 'hidden_dim_16': 110, 'learning_rate': 0.00016496098449588962, 'drop_out_rate_0': 0.2026662800107749, 'drop_out_rate_1': 0.16636927294780057, 'drop_out_rate_2': 0.4238205226743278, 'drop_out_rate_3': 0.3960669945778512, 'drop_out_rate_4': 0.46770449324290964, 'drop_out_rate_5': 0.22843800293116645, 'drop_out_rate_6': 0.46190135840387236, 'drop_out_rate_7': 0.4954735323238978, 'drop_out_rate_8': 0.30300046068424313, 'drop_out_rate_9': 0.25298141714311795, 'drop_out_rate_10': 0.4014368638783261, 'drop_out_rate_11': 0.39447388465570976, 'drop_out_rate_12': 0.43668619792596075, 'drop_out_rate_13': 0.16288900928004196, 'drop_out_rate_14': 0.39436100906206295, 'drop_out_rate_15': 0.2959683160353076, 'drop_out_rate_16': 0.2348258414287906}. Best is trial 1 with value: 0.515.
[I 2026-08-29 18:57:50,306] Trial 9 finished with value: 0.517 and parameters: {'num_layer': 7, 'hidden_dim_0': 104, 'hidden_dim_1': 159, 'hidden_dim_2': 73, 'hidden_dim_3': 118, 'hidden_dim_4': 42, 'hidden_dim_5': 159, 'hidden_dim_6': 168, 'learning_rate': 0.0007250367434171693, 'drop_out_rate_0': 0.33937606151805083, 'drop_out_rate_1': 0.16155514943132143, 'drop_out_rate_2': 0.33360936299946997, 'drop_out_rate_3': 0.17935705758713835, 'drop_out_rate_4': 0.46702242980963493, 'drop_out_rate_5': 0.38536308392142815, 'drop_out_rate_6': 0.3269922180777278}. Best is trial 9 with value: 0.517.
[I 2026-08-29 18:59:14,626] A new study created in memory with name: no-name-577de15a-6484-4f30-b2b5-2af6fd7d3270
[I 2026-08-29 19:01:03,155] Trial 0 finished with value: 0.513 and parameters: {'num_layer': 11, 'hidden_dim_0': 205, 'hidden_dim_1': 82, 'hidden_dim_2': 91, 'hidden_dim_3': 164, 'hidden_dim_4': 162, 'hidden_dim_5': 88, 'hidden_dim_6': 128, 'hidden_dim_7': 170, 'hidden_dim_8': 39, 'hidden_dim_9': 91, 'hidden_dim_10': 166, 'learning_rate': 0.00014243232200126081, 'drop_out_rate_0': 0.494389594614458, 'drop_out_rate_1': 0.15906147245670388, 'drop_out_rate_2': 0.26663678669843127, 'drop_out_rate_3': 0.41127177792394265, 'drop_out_rate_4': 0.23548325608644252, 'drop_out_rate_5': 0.2962582093940782, 'drop_out_rate_6': 0.3371958135464693, 'drop_out_rate_7': 0.15657736061486976, 'drop_out_rate_8': 0.3082569524026759, 'drop_out_rate_9': 0.40430816417977755, 'drop_out_rate_10': 0.40991172055524705}. Best is trial 0 with value: 0.513.
[I 2026-08-29 19:08:39,246] Trial 1 finished with value: 0.525 and parameters: {'num_layer': 1, 'hidden_dim_0': 205, 'learning_rate': 0.00020314750507592866, 'drop_out_rate_0': 0.15475104850824428}. Best is trial 1 with value: 0.525.
[I 2026-08-29 19:14:18,060] Trial 2 finished with value: 0.518 and parameters: {'num_layer': 5, 'hidden_dim_0': 222, 'hidden_dim_1': 127, 'hidden_dim_2': 173, 'hidden_dim_3': 186, 'hidden_dim_4': 24, 'learning_rate': 1.808893289290875e-05, 'drop_out_rate_0': 0.47380068713399803, 'drop_out_rate_1': 0.31355320635619266, 'drop_out_rate_2': 0.36952439530695835, 'drop_out_rate_3': 0.44058454263811486, 'drop_out_rate_4': 0.47316297843316235}. Best is trial 1 with value: 0.525.
[I 2026-08-29 19:23:26,364] Trial 3 finished with value: 0.525 and parameters: {'num_layer': 4, 'hidden_dim_0': 242, 'hidden_dim_1': 125, 'hidden_dim_2': 171, 'hidden_dim_3': 238, 'learning_rate': 2.01317316437725e-05, 'drop_out_rate_0': 0.33898234258504456, 'drop_out_rate_1': 0.11400211377812185, 'drop_out_rate_2': 0.34586607370393374, 'drop_out_rate_3': 0.4536395600861609}. Best is trial 1 with value: 0.525.
[I 2026-08-29 19:26:55,820] Trial 4 finished with value: 0.5 and parameters: {'num_layer': 14, 'hidden_dim_0': 213, 'hidden_dim_1': 115, 'hidden_dim_2': 73, 'hidden_dim_3': 24, 'hidden_dim_4': 132, 'hidden_dim_5': 185, 'hidden_dim_6': 137, 'hidden_dim_7': 45, 'hidden_dim_8': 67, 'hidden_dim_9': 16, 'hidden_dim_10': 142, 'hidden_dim_11': 212, 'hidden_dim_12': 233, 'hidden_dim_13': 122, 'learning_rate': 0.00904057197169772, 'drop_out_rate_0': 0.3957805180629984, 'drop_out_rate_1': 0.2667570395390254, 'drop_out_rate_2': 0.41811081099392244, 'drop_out_rate_3': 0.21407178412931005, 'drop_out_rate_4': 0.16357870496543908, 'drop_out_rate_5': 0.1504418623752188, 'drop_out_rate_6': 0.33276298485907774, 'drop_out_rate_7': 0.294938486845757, 'drop_out_rate_8': 0.24580001247613914, 'drop_out_rate_9': 0.2452468875253492, 'drop_out_rate_10': 0.12091705194825315, 'drop_out_rate_11': 0.20324206578378679, 'drop_out_rate_12': 0.3805908948040043, 'drop_out_rate_13': 0.31049864537067806}. Best is trial 1 with value: 0.525.
[I 2026-08-29 19:30:26,657] Trial 5 finished with value: 0.519 and parameters: {'num_layer': 1, 'hidden_dim_0': 188, 'learning_rate': 1.3912607985730678e-05, 'drop_out_rate_0': 0.4579777252355425}. Best is trial 1 with value: 0.525.
[I 2026-08-29 19:32:23,678] Trial 6 finished with value: 0.5 and parameters: {'num_layer': 11, 'hidden_dim_0': 167, 'hidden_dim_1': 71, 'hidden_dim_2': 110, 'hidden_dim_3': 94, 'hidden_dim_4': 102, 'hidden_dim_5': 146, 'hidden_dim_6': 75, 'hidden_dim_7': 42, 'hidden_dim_8': 131, 'hidden_dim_9': 115, 'hidden_dim_10': 108, 'learning_rate': 0.008580953191074174, 'drop_out_rate_0': 0.4794448439006004, 'drop_out_rate_1': 0.2869243998300369, 'drop_out_rate_2': 0.3546234323145804, 'drop_out_rate_3': 0.2763607804970155, 'drop_out_rate_4': 0.26943112224395727, 'drop_out_rate_5': 0.3616249829437951, 'drop_out_rate_6': 0.40134763317052147, 'drop_out_rate_7': 0.35371741602909335, 'drop_out_rate_8': 0.24637154874607714, 'drop_out_rate_9': 0.1626058702541897, 'drop_out_rate_10': 0.40007855559234384}. Best is trial 1 with value: 0.525.
[I 2026-08-29 19:33:17,020] Trial 7 finished with value: 0.507 and parameters: {'num_layer': 15, 'hidden_dim_0': 87, 'hidden_dim_1': 73, 'hidden_dim_2': 41, 'hidden_dim_3': 128, 'hidden_dim_4': 149, 'hidden_dim_5': 216, 'hidden_dim_6': 244, 'hidden_dim_7': 203, 'hidden_dim_8': 185, 'hidden_dim_9': 194, 'hidden_dim_10': 217, 'hidden_dim_11': 187, 'hidden_dim_12': 195, 'hidden_dim_13': 106, 'hidden_dim_14': 69, 'learning_rate': 0.0002308999066154445, 'drop_out_rate_0': 0.3444012576586346, 'drop_out_rate_1': 0.48189617228818127, 'drop_out_rate_2': 0.11431463269282359, 'drop_out_rate_3': 0.2772097538765828, 'drop_out_rate_4': 0.48251044785295194, 'drop_out_rate_5': 0.24950721646106513, 'drop_out_rate_6': 0.3709502556693426, 'drop_out_rate_7': 0.18063202958274605, 'drop_out_rate_8': 0.14962525946805627, 'drop_out_rate_9': 0.11178689444650583, 'drop_out_rate_10': 0.4384153909613703, 'drop_out_rate_11': 0.4377209273125654, 'drop_out_rate_12': 0.24173396971734268, 'drop_out_rate_13': 0.46977723049664943, 'drop_out_rate_14': 0.19146128637926196}. Best is trial 1 with value: 0.525.
