Start time: Sat Aug 29 18:52:59 CDT 2026
[I 2026-08-29 18:53:10,882] A new study created in memory with name: no-name-1aa584dc-e052-4e8e-b1cb-ea830c1f9ad0
[I 2026-08-29 18:53:19,596] Trial 0 finished with value: 0.4502421400568837 and parameters: {'num_nodes': 64, 'num_layers': 3, 'lr': 0.002985128608724359, 'batch_size': 256, 'dropout': 0.04782907439615314}. Best is trial 0 with value: 0.4502421400568837.
/home/minhn2/uiuc-kidney-failure/pkgs/experiments/logistic_hazard.py:90: FutureWarning: You are using `torch.load` with `weights_only=False` (the current default value), which uses the default pickle module implicitly. It is possible to construct malicious pickle data which will execute arbitrary code during unpickling (See https://github.com/pytorch/pytorch/blob/main/SECURITY.md#untrusted-models for more details). In a future release, the default value for `weights_only` will be flipped to `True`. This limits the functions that could be executed during unpickling. Arbitrary objects will no longer be allowed to be loaded via this mode unless they are explicitly allowlisted by the user via `torch.serialization.add_safe_globals`. We recommend you start setting `weights_only=True` for any use case where you don't have full control of the loaded file. Please open an issue on GitHub for any issues related to this experimental feature.
  saved_net = torch.load(saved_path, map_location=device)
[I 2026-08-29 18:53:24,386] Trial 1 finished with value: 0.4507994465370128 and parameters: {'num_nodes': 64, 'num_layers': 1, 'lr': 0.00020593345754012593, 'batch_size': 128, 'dropout': 0.4571123700723641}. Best is trial 1 with value: 0.4507994465370128.
/home/minhn2/uiuc-kidney-failure/pkgs/experiments/logistic_hazard.py:90: FutureWarning: You are using `torch.load` with `weights_only=False` (the current default value), which uses the default pickle module implicitly. It is possible to construct malicious pickle data which will execute arbitrary code during unpickling (See https://github.com/pytorch/pytorch/blob/main/SECURITY.md#untrusted-models for more details). In a future release, the default value for `weights_only` will be flipped to `True`. This limits the functions that could be executed during unpickling. Arbitrary objects will no longer be allowed to be loaded via this mode unless they are explicitly allowlisted by the user via `torch.serialization.add_safe_globals`. We recommend you start setting `weights_only=True` for any use case where you don't have full control of the loaded file. Please open an issue on GitHub for any issues related to this experimental feature.
  saved_net = torch.load(saved_path, map_location=device)
[I 2026-08-29 18:53:32,199] Trial 2 finished with value: 0.4610846337151203 and parameters: {'num_nodes': 128, 'num_layers': 1, 'lr': 0.013489880449929284, 'batch_size': 64, 'dropout': 0.44732240464849654}. Best is trial 2 with value: 0.4610846337151203.
/home/minhn2/uiuc-kidney-failure/pkgs/experiments/logistic_hazard.py:90: FutureWarning: You are using `torch.load` with `weights_only=False` (the current default value), which uses the default pickle module implicitly. It is possible to construct malicious pickle data which will execute arbitrary code during unpickling (See https://github.com/pytorch/pytorch/blob/main/SECURITY.md#untrusted-models for more details). In a future release, the default value for `weights_only` will be flipped to `True`. This limits the functions that could be executed during unpickling. Arbitrary objects will no longer be allowed to be loaded via this mode unless they are explicitly allowlisted by the user via `torch.serialization.add_safe_globals`. We recommend you start setting `weights_only=True` for any use case where you don't have full control of the loaded file. Please open an issue on GitHub for any issues related to this experimental feature.
  saved_net = torch.load(saved_path, map_location=device)
[I 2026-08-29 18:53:49,056] Trial 3 finished with value: 0.5 and parameters: {'num_nodes': 32, 'num_layers': 1, 'lr': 0.07581667265138145, 'batch_size': 32, 'dropout': 0.28772179226469613}. Best is trial 3 with value: 0.5.
/home/minhn2/uiuc-kidney-failure/pkgs/experiments/logistic_hazard.py:90: FutureWarning: You are using `torch.load` with `weights_only=False` (the current default value), which uses the default pickle module implicitly. It is possible to construct malicious pickle data which will execute arbitrary code during unpickling (See https://github.com/pytorch/pytorch/blob/main/SECURITY.md#untrusted-models for more details). In a future release, the default value for `weights_only` will be flipped to `True`. This limits the functions that could be executed during unpickling. Arbitrary objects will no longer be allowed to be loaded via this mode unless they are explicitly allowlisted by the user via `torch.serialization.add_safe_globals`. We recommend you start setting `weights_only=True` for any use case where you don't have full control of the loaded file. Please open an issue on GitHub for any issues related to this experimental feature.
  saved_net = torch.load(saved_path, map_location=device)
[I 2026-08-29 18:54:00,104] Trial 4 finished with value: 0.4417441771081559 and parameters: {'num_nodes': 16, 'num_layers': 1, 'lr': 0.0009471535536911338, 'batch_size': 64, 'dropout': 0.10937295304066574}. Best is trial 3 with value: 0.5.
/home/minhn2/uiuc-kidney-failure/pkgs/experiments/logistic_hazard.py:90: FutureWarning: You are using `torch.load` with `weights_only=False` (the current default value), which uses the default pickle module implicitly. It is possible to construct malicious pickle data which will execute arbitrary code during unpickling (See https://github.com/pytorch/pytorch/blob/main/SECURITY.md#untrusted-models for more details). In a future release, the default value for `weights_only` will be flipped to `True`. This limits the functions that could be executed during unpickling. Arbitrary objects will no longer be allowed to be loaded via this mode unless they are explicitly allowlisted by the user via `torch.serialization.add_safe_globals`. We recommend you start setting `weights_only=True` for any use case where you don't have full control of the loaded file. Please open an issue on GitHub for any issues related to this experimental feature.
  saved_net = torch.load(saved_path, map_location=device)
[I 2026-08-29 18:54:27,071] Trial 5 finished with value: 0.46736105772926434 and parameters: {'num_nodes': 16, 'num_layers': 1, 'lr': 0.0033119439217533055, 'batch_size': 32, 'dropout': 0.3732788085501601}. Best is trial 3 with value: 0.5.
/home/minhn2/uiuc-kidney-failure/pkgs/experiments/logistic_hazard.py:90: FutureWarning: You are using `torch.load` with `weights_only=False` (the current default value), which uses the default pickle module implicitly. It is possible to construct malicious pickle data which will execute arbitrary code during unpickling (See https://github.com/pytorch/pytorch/blob/main/SECURITY.md#untrusted-models for more details). In a future release, the default value for `weights_only` will be flipped to `True`. This limits the functions that could be executed during unpickling. Arbitrary objects will no longer be allowed to be loaded via this mode unless they are explicitly allowlisted by the user via `torch.serialization.add_safe_globals`. We recommend you start setting `weights_only=True` for any use case where you don't have full control of the loaded file. Please open an issue on GitHub for any issues related to this experimental feature.
  saved_net = torch.load(saved_path, map_location=device)
[I 2026-08-29 18:54:33,911] Trial 6 finished with value: 0.4787108924590668 and parameters: {'num_nodes': 64, 'num_layers': 2, 'lr': 0.011831315809281316, 'batch_size': 128, 'dropout': 0.17267755133812973}. Best is trial 3 with value: 0.5.
/home/minhn2/uiuc-kidney-failure/pkgs/experiments/logistic_hazard.py:90: FutureWarning: You are using `torch.load` with `weights_only=False` (the current default value), which uses the default pickle module implicitly. It is possible to construct malicious pickle data which will execute arbitrary code during unpickling (See https://github.com/pytorch/pytorch/blob/main/SECURITY.md#untrusted-models for more details). In a future release, the default value for `weights_only` will be flipped to `True`. This limits the functions that could be executed during unpickling. Arbitrary objects will no longer be allowed to be loaded via this mode unless they are explicitly allowlisted by the user via `torch.serialization.add_safe_globals`. We recommend you start setting `weights_only=True` for any use case where you don't have full control of the loaded file. Please open an issue on GitHub for any issues related to this experimental feature.
  saved_net = torch.load(saved_path, map_location=device)
[I 2026-08-29 18:55:02,158] Trial 7 finished with value: 0.46048120531939424 and parameters: {'num_nodes': 32, 'num_layers': 2, 'lr': 0.0002068194687715578, 'batch_size': 32, 'dropout': 0.3110248097541658}. Best is trial 3 with value: 0.5.
/home/minhn2/uiuc-kidney-failure/pkgs/experiments/logistic_hazard.py:90: FutureWarning: You are using `torch.load` with `weights_only=False` (the current default value), which uses the default pickle module implicitly. It is possible to construct malicious pickle data which will execute arbitrary code during unpickling (See https://github.com/pytorch/pytorch/blob/main/SECURITY.md#untrusted-models for more details). In a future release, the default value for `weights_only` will be flipped to `True`. This limits the functions that could be executed during unpickling. Arbitrary objects will no longer be allowed to be loaded via this mode unless they are explicitly allowlisted by the user via `torch.serialization.add_safe_globals`. We recommend you start setting `weights_only=True` for any use case where you don't have full control of the loaded file. Please open an issue on GitHub for any issues related to this experimental feature.
  saved_net = torch.load(saved_path, map_location=device)
[I 2026-08-29 18:55:13,503] Trial 8 finished with value: 0.4666346375586133 and parameters: {'num_nodes': 16, 'num_layers': 1, 'lr': 0.0005451450416582494, 'batch_size': 64, 'dropout': 0.312638108416891}. Best is trial 3 with value: 0.5.
/home/minhn2/uiuc-kidney-failure/pkgs/experiments/logistic_hazard.py:90: FutureWarning: You are using `torch.load` with `weights_only=False` (the current default value), which uses the default pickle module implicitly. It is possible to construct malicious pickle data which will execute arbitrary code during unpickling (See https://github.com/pytorch/pytorch/blob/main/SECURITY.md#untrusted-models for more details). In a future release, the default value for `weights_only` will be flipped to `True`. This limits the functions that could be executed during unpickling. Arbitrary objects will no longer be allowed to be loaded via this mode unless they are explicitly allowlisted by the user via `torch.serialization.add_safe_globals`. We recommend you start setting `weights_only=True` for any use case where you don't have full control of the loaded file. Please open an issue on GitHub for any issues related to this experimental feature.
  saved_net = torch.load(saved_path, map_location=device)
[I 2026-08-29 18:55:20,532] Trial 9 finished with value: 0.4432508263509878 and parameters: {'num_nodes': 64, 'num_layers': 2, 'lr': 0.00027940245505066343, 'batch_size': 128, 'dropout': 0.08019886740435805}. Best is trial 3 with value: 0.5.
[I 2026-08-29 18:55:21,640] A new study created in memory with name: no-name-b51770e5-6426-4b75-96f0-166aa3418869
[I 2026-08-29 18:55:25,974] Trial 0 finished with value: 0.4286841340364573 and parameters: {'num_nodes': 16, 'num_layers': 1, 'lr': 0.0008146002756325051, 'batch_size': 128, 'dropout': 0.010496525540931112}. Best is trial 0 with value: 0.4286841340364573.
/home/minhn2/uiuc-kidney-failure/pkgs/experiments/logistic_hazard.py:90: FutureWarning: You are using `torch.load` with `weights_only=False` (the current default value), which uses the default pickle module implicitly. It is possible to construct malicious pickle data which will execute arbitrary code during unpickling (See https://github.com/pytorch/pytorch/blob/main/SECURITY.md#untrusted-models for more details). In a future release, the default value for `weights_only` will be flipped to `True`. This limits the functions that could be executed during unpickling. Arbitrary objects will no longer be allowed to be loaded via this mode unless they are explicitly allowlisted by the user via `torch.serialization.add_safe_globals`. We recommend you start setting `weights_only=True` for any use case where you don't have full control of the loaded file. Please open an issue on GitHub for any issues related to this experimental feature.
  saved_net = torch.load(saved_path, map_location=device)
[I 2026-08-29 18:55:30,818] Trial 1 finished with value: 0.44944566706805633 and parameters: {'num_nodes': 128, 'num_layers': 3, 'lr': 0.0030374744995197846, 'batch_size': 128, 'dropout': 0.3076256034140506}. Best is trial 1 with value: 0.44944566706805633.
/home/minhn2/uiuc-kidney-failure/pkgs/experiments/logistic_hazard.py:90: FutureWarning: You are using `torch.load` with `weights_only=False` (the current default value), which uses the default pickle module implicitly. It is possible to construct malicious pickle data which will execute arbitrary code during unpickling (See https://github.com/pytorch/pytorch/blob/main/SECURITY.md#untrusted-models for more details). In a future release, the default value for `weights_only` will be flipped to `True`. This limits the functions that could be executed during unpickling. Arbitrary objects will no longer be allowed to be loaded via this mode unless they are explicitly allowlisted by the user via `torch.serialization.add_safe_globals`. We recommend you start setting `weights_only=True` for any use case where you don't have full control of the loaded file. Please open an issue on GitHub for any issues related to this experimental feature.
  saved_net = torch.load(saved_path, map_location=device)
[I 2026-08-29 18:55:34,277] Trial 2 finished with value: 0.4733629531204584 and parameters: {'num_nodes': 64, 'num_layers': 3, 'lr': 0.0005149977414785113, 'batch_size': 128, 'dropout': 0.006402015173306519}. Best is trial 2 with value: 0.4733629531204584.
/home/minhn2/uiuc-kidney-failure/pkgs/experiments/logistic_hazard.py:90: FutureWarning: You are using `torch.load` with `weights_only=False` (the current default value), which uses the default pickle module implicitly. It is possible to construct malicious pickle data which will execute arbitrary code during unpickling (See https://github.com/pytorch/pytorch/blob/main/SECURITY.md#untrusted-models for more details). In a future release, the default value for `weights_only` will be flipped to `True`. This limits the functions that could be executed during unpickling. Arbitrary objects will no longer be allowed to be loaded via this mode unless they are explicitly allowlisted by the user via `torch.serialization.add_safe_globals`. We recommend you start setting `weights_only=True` for any use case where you don't have full control of the loaded file. Please open an issue on GitHub for any issues related to this experimental feature.
  saved_net = torch.load(saved_path, map_location=device)
[I 2026-08-29 18:55:48,565] Trial 3 finished with value: 0.47896856703899016 and parameters: {'num_nodes': 32, 'num_layers': 1, 'lr': 0.03688706048026989, 'batch_size': 32, 'dropout': 0.01477447572450119}. Best is trial 3 with value: 0.47896856703899016.
/home/minhn2/uiuc-kidney-failure/pkgs/experiments/logistic_hazard.py:90: FutureWarning: You are using `torch.load` with `weights_only=False` (the current default value), which uses the default pickle module implicitly. It is possible to construct malicious pickle data which will execute arbitrary code during unpickling (See https://github.com/pytorch/pytorch/blob/main/SECURITY.md#untrusted-models for more details). In a future release, the default value for `weights_only` will be flipped to `True`. This limits the functions that could be executed during unpickling. Arbitrary objects will no longer be allowed to be loaded via this mode unless they are explicitly allowlisted by the user via `torch.serialization.add_safe_globals`. We recommend you start setting `weights_only=True` for any use case where you don't have full control of the loaded file. Please open an issue on GitHub for any issues related to this experimental feature.
  saved_net = torch.load(saved_path, map_location=device)
[I 2026-08-29 18:55:51,749] Trial 4 finished with value: 0.47676784453764065 and parameters: {'num_nodes': 32, 'num_layers': 3, 'lr': 0.011692015972724918, 'batch_size': 256, 'dropout': 0.028797923564893746}. Best is trial 3 with value: 0.47896856703899016.
/home/minhn2/uiuc-kidney-failure/pkgs/experiments/logistic_hazard.py:90: FutureWarning: You are using `torch.load` with `weights_only=False` (the current default value), which uses the default pickle module implicitly. It is possible to construct malicious pickle data which will execute arbitrary code during unpickling (See https://github.com/pytorch/pytorch/blob/main/SECURITY.md#untrusted-models for more details). In a future release, the default value for `weights_only` will be flipped to `True`. This limits the functions that could be executed during unpickling. Arbitrary objects will no longer be allowed to be loaded via this mode unless they are explicitly allowlisted by the user via `torch.serialization.add_safe_globals`. We recommend you start setting `weights_only=True` for any use case where you don't have full control of the loaded file. Please open an issue on GitHub for any issues related to this experimental feature.
  saved_net = torch.load(saved_path, map_location=device)
[I 2026-08-29 18:55:54,204] Trial 5 finished with value: 0.4754391064236183 and parameters: {'num_nodes': 128, 'num_layers': 1, 'lr': 0.050839706667432136, 'batch_size': 256, 'dropout': 0.03952951453366005}. Best is trial 3 with value: 0.47896856703899016.
/home/minhn2/uiuc-kidney-failure/pkgs/experiments/logistic_hazard.py:90: FutureWarning: You are using `torch.load` with `weights_only=False` (the current default value), which uses the default pickle module implicitly. It is possible to construct malicious pickle data which will execute arbitrary code during unpickling (See https://github.com/pytorch/pytorch/blob/main/SECURITY.md#untrusted-models for more details). In a future release, the default value for `weights_only` will be flipped to `True`. This limits the functions that could be executed during unpickling. Arbitrary objects will no longer be allowed to be loaded via this mode unless they are explicitly allowlisted by the user via `torch.serialization.add_safe_globals`. We recommend you start setting `weights_only=True` for any use case where you don't have full control of the loaded file. Please open an issue on GitHub for any issues related to this experimental feature.
  saved_net = torch.load(saved_path, map_location=device)
[I 2026-08-29 18:55:57,241] Trial 6 finished with value: 0.4506913590499522 and parameters: {'num_nodes': 64, 'num_layers': 3, 'lr': 0.013151443575326363, 'batch_size': 256, 'dropout': 0.19114281767241592}. Best is trial 3 with value: 0.47896856703899016.
/home/minhn2/uiuc-kidney-failure/pkgs/experiments/logistic_hazard.py:90: FutureWarning: You are using `torch.load` with `weights_only=False` (the current default value), which uses the default pickle module implicitly. It is possible to construct malicious pickle data which will execute arbitrary code during unpickling (See https://github.com/pytorch/pytorch/blob/main/SECURITY.md#untrusted-models for more details). In a future release, the default value for `weights_only` will be flipped to `True`. This limits the functions that could be executed during unpickling. Arbitrary objects will no longer be allowed to be loaded via this mode unless they are explicitly allowlisted by the user via `torch.serialization.add_safe_globals`. We recommend you start setting `weights_only=True` for any use case where you don't have full control of the loaded file. Please open an issue on GitHub for any issues related to this experimental feature.
  saved_net = torch.load(saved_path, map_location=device)
[I 2026-08-29 18:56:05,676] Trial 7 finished with value: 0.5103184819167047 and parameters: {'num_nodes': 16, 'num_layers': 2, 'lr': 0.00038043539134367593, 'batch_size': 64, 'dropout': 0.0345275946120957}. Best is trial 7 with value: 0.5103184819167047.
/home/minhn2/uiuc-kidney-failure/pkgs/experiments/logistic_hazard.py:90: FutureWarning: You are using `torch.load` with `weights_only=False` (the current default value), which uses the default pickle module implicitly. It is possible to construct malicious pickle data which will execute arbitrary code during unpickling (See https://github.com/pytorch/pytorch/blob/main/SECURITY.md#untrusted-models for more details). In a future release, the default value for `weights_only` will be flipped to `True`. This limits the functions that could be executed during unpickling. Arbitrary objects will no longer be allowed to be loaded via this mode unless they are explicitly allowlisted by the user via `torch.serialization.add_safe_globals`. We recommend you start setting `weights_only=True` for any use case where you don't have full control of the loaded file. Please open an issue on GitHub for any issues related to this experimental feature.
  saved_net = torch.load(saved_path, map_location=device)
