Start time: Fri Aug 28 21:25:49 CDT 2026
[I 2026-08-28 21:25:56,214] A new study created in memory with name: no-name-e6f65253-47cd-4699-8df8-bb41794cb1d7
[I 2026-08-28 21:51:52,595] Trial 0 finished with value: 0.5222943274262531 and parameters: {'num_layer': 4, 'hidden_dim_0': 25, 'hidden_dim_1': 120, 'hidden_dim_2': 72, 'hidden_dim_3': 49, 'learning_rate': 1.5431903885754257e-05, 'drop_out_rate': 0.21553073487208338, 'llh_loss': 0.8242737769613819}. Best is trial 0 with value: 0.5222943274262531.
/home/minhn2/uiuc-kidney-failure/pkgs/experiments/dynamic_deephit.py:256: FutureWarning: You are using `torch.load` with `weights_only=False` (the current default value), which uses the default pickle module implicitly. It is possible to construct malicious pickle data which will execute arbitrary code during unpickling (See https://github.com/pytorch/pytorch/blob/main/SECURITY.md#untrusted-models for more details). In a future release, the default value for `weights_only` will be flipped to `True`. This limits the functions that could be executed during unpickling. Arbitrary objects will no longer be allowed to be loaded via this mode unless they are explicitly allowlisted by the user via `torch.serialization.add_safe_globals`. We recommend you start setting `weights_only=True` for any use case where you don't have full control of the loaded file. Please open an issue on GitHub for any issues related to this experimental feature.
  saved_model = torch.load(saved_path, map_location=device)
[I 2026-08-28 22:19:52,476] Trial 1 finished with value: 0.48970315124184055 and parameters: {'num_layer': 1, 'hidden_dim_0': 120, 'learning_rate': 0.00025669312868509855, 'drop_out_rate': 0.4212615540721998, 'llh_loss': 0.9085027331473434}. Best is trial 0 with value: 0.5222943274262531.
/home/minhn2/uiuc-kidney-failure/pkgs/experiments/dynamic_deephit.py:256: FutureWarning: You are using `torch.load` with `weights_only=False` (the current default value), which uses the default pickle module implicitly. It is possible to construct malicious pickle data which will execute arbitrary code during unpickling (See https://github.com/pytorch/pytorch/blob/main/SECURITY.md#untrusted-models for more details). In a future release, the default value for `weights_only` will be flipped to `True`. This limits the functions that could be executed during unpickling. Arbitrary objects will no longer be allowed to be loaded via this mode unless they are explicitly allowlisted by the user via `torch.serialization.add_safe_globals`. We recommend you start setting `weights_only=True` for any use case where you don't have full control of the loaded file. Please open an issue on GitHub for any issues related to this experimental feature.
  saved_model = torch.load(saved_path, map_location=device)
[I 2026-08-28 22:46:51,676] Trial 2 finished with value: 0.6263415727865371 and parameters: {'num_layer': 1, 'hidden_dim_0': 49, 'learning_rate': 0.0005469129724143815, 'drop_out_rate': 0.47191930793264725, 'llh_loss': 0.5967946106731157}. Best is trial 2 with value: 0.6263415727865371.
/home/minhn2/uiuc-kidney-failure/pkgs/experiments/dynamic_deephit.py:256: FutureWarning: You are using `torch.load` with `weights_only=False` (the current default value), which uses the default pickle module implicitly. It is possible to construct malicious pickle data which will execute arbitrary code during unpickling (See https://github.com/pytorch/pytorch/blob/main/SECURITY.md#untrusted-models for more details). In a future release, the default value for `weights_only` will be flipped to `True`. This limits the functions that could be executed during unpickling. Arbitrary objects will no longer be allowed to be loaded via this mode unless they are explicitly allowlisted by the user via `torch.serialization.add_safe_globals`. We recommend you start setting `weights_only=True` for any use case where you don't have full control of the loaded file. Please open an issue on GitHub for any issues related to this experimental feature.
  saved_model = torch.load(saved_path, map_location=device)
[I 2026-08-28 23:12:48,585] Trial 3 finished with value: 0.5236581099317633 and parameters: {'num_layer': 1, 'hidden_dim_0': 116, 'learning_rate': 1.7189996455551892e-05, 'drop_out_rate': 0.3748233964320291, 'llh_loss': 0.7203118540028318}. Best is trial 2 with value: 0.6263415727865371.
/home/minhn2/uiuc-kidney-failure/pkgs/experiments/dynamic_deephit.py:256: FutureWarning: You are using `torch.load` with `weights_only=False` (the current default value), which uses the default pickle module implicitly. It is possible to construct malicious pickle data which will execute arbitrary code during unpickling (See https://github.com/pytorch/pytorch/blob/main/SECURITY.md#untrusted-models for more details). In a future release, the default value for `weights_only` will be flipped to `True`. This limits the functions that could be executed during unpickling. Arbitrary objects will no longer be allowed to be loaded via this mode unless they are explicitly allowlisted by the user via `torch.serialization.add_safe_globals`. We recommend you start setting `weights_only=True` for any use case where you don't have full control of the loaded file. Please open an issue on GitHub for any issues related to this experimental feature.
  saved_model = torch.load(saved_path, map_location=device)
[I 2026-08-28 23:37:29,699] Trial 4 finished with value: 0.20211214427433444 and parameters: {'num_layer': 3, 'hidden_dim_0': 21, 'hidden_dim_1': 116, 'hidden_dim_2': 49, 'learning_rate': 1.1860476429550676e-05, 'drop_out_rate': 0.36462639582702105, 'llh_loss': 0.8725396638832074}. Best is trial 2 with value: 0.6263415727865371.
/home/minhn2/uiuc-kidney-failure/pkgs/experiments/dynamic_deephit.py:256: FutureWarning: You are using `torch.load` with `weights_only=False` (the current default value), which uses the default pickle module implicitly. It is possible to construct malicious pickle data which will execute arbitrary code during unpickling (See https://github.com/pytorch/pytorch/blob/main/SECURITY.md#untrusted-models for more details). In a future release, the default value for `weights_only` will be flipped to `True`. This limits the functions that could be executed during unpickling. Arbitrary objects will no longer be allowed to be loaded via this mode unless they are explicitly allowlisted by the user via `torch.serialization.add_safe_globals`. We recommend you start setting `weights_only=True` for any use case where you don't have full control of the loaded file. Please open an issue on GitHub for any issues related to this experimental feature.
  saved_model = torch.load(saved_path, map_location=device)
[I 2026-08-28 23:56:00,570] Trial 5 finished with value: 0.4951672709120368 and parameters: {'num_layer': 2, 'hidden_dim_0': 110, 'hidden_dim_1': 111, 'learning_rate': 0.002037380656990007, 'drop_out_rate': 0.40445621905317675, 'llh_loss': 0.9048266311835285}. Best is trial 2 with value: 0.6263415727865371.
/home/minhn2/uiuc-kidney-failure/pkgs/experiments/dynamic_deephit.py:256: FutureWarning: You are using `torch.load` with `weights_only=False` (the current default value), which uses the default pickle module implicitly. It is possible to construct malicious pickle data which will execute arbitrary code during unpickling (See https://github.com/pytorch/pytorch/blob/main/SECURITY.md#untrusted-models for more details). In a future release, the default value for `weights_only` will be flipped to `True`. This limits the functions that could be executed during unpickling. Arbitrary objects will no longer be allowed to be loaded via this mode unless they are explicitly allowlisted by the user via `torch.serialization.add_safe_globals`. We recommend you start setting `weights_only=True` for any use case where you don't have full control of the loaded file. Please open an issue on GitHub for any issues related to this experimental feature.
  saved_model = torch.load(saved_path, map_location=device)
[I 2026-08-29 00:17:34,196] Trial 6 finished with value: 0.566366870714053 and parameters: {'num_layer': 4, 'hidden_dim_0': 109, 'hidden_dim_1': 31, 'hidden_dim_2': 72, 'hidden_dim_3': 81, 'learning_rate': 7.766584923034637e-05, 'drop_out_rate': 0.3664009555295943, 'llh_loss': 0.5116980899830192}. Best is trial 2 with value: 0.6263415727865371.
/home/minhn2/uiuc-kidney-failure/pkgs/experiments/dynamic_deephit.py:256: FutureWarning: You are using `torch.load` with `weights_only=False` (the current default value), which uses the default pickle module implicitly. It is possible to construct malicious pickle data which will execute arbitrary code during unpickling (See https://github.com/pytorch/pytorch/blob/main/SECURITY.md#untrusted-models for more details). In a future release, the default value for `weights_only` will be flipped to `True`. This limits the functions that could be executed during unpickling. Arbitrary objects will no longer be allowed to be loaded via this mode unless they are explicitly allowlisted by the user via `torch.serialization.add_safe_globals`. We recommend you start setting `weights_only=True` for any use case where you don't have full control of the loaded file. Please open an issue on GitHub for any issues related to this experimental feature.
  saved_model = torch.load(saved_path, map_location=device)
[I 2026-08-29 00:41:20,581] Trial 7 finished with value: 0.625616055300085 and parameters: {'num_layer': 1, 'hidden_dim_0': 16, 'learning_rate': 0.00398586561291117, 'drop_out_rate': 0.24554047409936275, 'llh_loss': 0.5939329386220181}. Best is trial 2 with value: 0.6263415727865371.
/home/minhn2/uiuc-kidney-failure/pkgs/experiments/dynamic_deephit.py:256: FutureWarning: You are using `torch.load` with `weights_only=False` (the current default value), which uses the default pickle module implicitly. It is possible to construct malicious pickle data which will execute arbitrary code during unpickling (See https://github.com/pytorch/pytorch/blob/main/SECURITY.md#untrusted-models for more details). In a future release, the default value for `weights_only` will be flipped to `True`. This limits the functions that could be executed during unpickling. Arbitrary objects will no longer be allowed to be loaded via this mode unless they are explicitly allowlisted by the user via `torch.serialization.add_safe_globals`. We recommend you start setting `weights_only=True` for any use case where you don't have full control of the loaded file. Please open an issue on GitHub for any issues related to this experimental feature.
  saved_model = torch.load(saved_path, map_location=device)
[I 2026-08-29 01:08:01,660] Trial 8 finished with value: 0.5662314971888841 and parameters: {'num_layer': 1, 'hidden_dim_0': 87, 'learning_rate': 3.425037673368304e-05, 'drop_out_rate': 0.3690321697640001, 'llh_loss': 0.4590109361653488}. Best is trial 2 with value: 0.6263415727865371.
