Start time: Fri Aug 28 21:25:49 CDT 2026
[I 2026-08-28 21:25:56,342] A new study created in memory with name: no-name-3e48329f-e71c-4160-877f-4e7dee632951
[I 2026-08-28 21:26:59,852] Trial 0 finished with value: 0.6306915048882534 and parameters: {'num_layers': 4, 'learning_rate': 0.00017413355889322002, 'drop_out_rate': 0.3476848460726989, 'n_head': 4, 'nhead_factor': 9}. Best is trial 0 with value: 0.6306915048882534.
[I 2026-08-28 21:27:16,331] Trial 1 finished with value: 0.5683168311596012 and parameters: {'num_layers': 3, 'learning_rate': 6.67737118516199e-05, 'drop_out_rate': 0.36621464789225555, 'n_head': 6, 'nhead_factor': 16}. Best is trial 0 with value: 0.6306915048882534.
[I 2026-08-28 21:27:33,593] Trial 2 finished with value: 0.3923648274199075 and parameters: {'num_layers': 4, 'learning_rate': 0.000320954685723593, 'drop_out_rate': 0.4509974729041948, 'n_head': 2, 'nhead_factor': 16}. Best is trial 0 with value: 0.6306915048882534.
[I 2026-08-28 21:27:44,555] Trial 3 finished with value: 0.5 and parameters: {'num_layers': 4, 'learning_rate': 0.0006178427489721354, 'drop_out_rate': 0.44205020164090236, 'n_head': 1, 'nhead_factor': 2}. Best is trial 0 with value: 0.6306915048882534.
[I 2026-08-28 21:28:10,265] Trial 4 finished with value: 0.5118811420449018 and parameters: {'num_layers': 4, 'learning_rate': 0.00013377408021665794, 'drop_out_rate': 0.4288577905404267, 'n_head': 4, 'nhead_factor': 10}. Best is trial 0 with value: 0.6306915048882534.
[I 2026-08-28 21:28:58,454] Trial 5 finished with value: 0.6070780787958525 and parameters: {'num_layers': 6, 'learning_rate': 0.00017872374967860578, 'drop_out_rate': 0.4281685601377604, 'n_head': 4, 'nhead_factor': 6}. Best is trial 0 with value: 0.6306915048882534.
[I 2026-08-28 21:29:40,182] Trial 6 finished with value: 0.5582087650127124 and parameters: {'num_layers': 2, 'learning_rate': 8.466552293918907e-05, 'drop_out_rate': 0.402161888717398, 'n_head': 3, 'nhead_factor': 9}. Best is trial 0 with value: 0.6306915048882534.
[I 2026-08-28 21:29:47,883] Trial 7 finished with value: 0.5 and parameters: {'num_layers': 3, 'learning_rate': 0.006296366842025506, 'drop_out_rate': 0.24678353489923938, 'n_head': 2, 'nhead_factor': 3}. Best is trial 0 with value: 0.6306915048882534.
[I 2026-08-28 21:30:04,638] Trial 8 finished with value: 0.5073704538820474 and parameters: {'num_layers': 5, 'learning_rate': 0.007154130182209228, 'drop_out_rate': 0.3482771658732243, 'n_head': 1, 'nhead_factor': 16}. Best is trial 0 with value: 0.6306915048882534.
[I 2026-08-28 21:30:48,496] Trial 9 finished with value: 0.4901156174513396 and parameters: {'num_layers': 3, 'learning_rate': 1.23756370144766e-05, 'drop_out_rate': 0.18037687660426716, 'n_head': 2, 'nhead_factor': 8}. Best is trial 0 with value: 0.6306915048882534.
[I 2026-08-28 21:30:50,066] A new study created in memory with name: no-name-d0cc0ebf-c30e-45c9-b156-c6cdedb48513
[I 2026-08-28 21:31:06,257] Trial 0 finished with value: 0.6580425771660832 and parameters: {'num_layers': 3, 'learning_rate': 0.0018216140256053603, 'drop_out_rate': 0.394617089606198, 'n_head': 3, 'nhead_factor': 2}. Best is trial 0 with value: 0.6580425771660832.
[I 2026-08-28 21:31:11,607] Trial 1 finished with value: 0.4368888084027526 and parameters: {'num_layers': 2, 'learning_rate': 0.004529321065426756, 'drop_out_rate': 0.4079566625982388, 'n_head': 1, 'nhead_factor': 14}. Best is trial 0 with value: 0.6580425771660832.
[I 2026-08-28 21:31:37,464] Trial 2 finished with value: 0.509328343192885 and parameters: {'num_layers': 6, 'learning_rate': 0.0001430166300116532, 'drop_out_rate': 0.1984133196313816, 'n_head': 2, 'nhead_factor': 7}. Best is trial 0 with value: 0.6580425771660832.
[I 2026-08-28 21:31:43,429] Trial 3 finished with value: 0.47882610970260375 and parameters: {'num_layers': 6, 'learning_rate': 0.005793001538170869, 'drop_out_rate': 0.3886809243562287, 'n_head': 6, 'nhead_factor': 12}. Best is trial 0 with value: 0.6580425771660832.
[I 2026-08-28 21:31:49,064] Trial 4 finished with value: 0.4993722081371484 and parameters: {'num_layers': 6, 'learning_rate': 0.0038611754607171533, 'drop_out_rate': 0.30622561311689867, 'n_head': 8, 'nhead_factor': 7}. Best is trial 0 with value: 0.6580425771660832.
[I 2026-08-28 21:31:55,636] Trial 5 finished with value: 0.4643003742605336 and parameters: {'num_layers': 3, 'learning_rate': 0.001549266198137762, 'drop_out_rate': 0.16957839436311312, 'n_head': 8, 'nhead_factor': 12}. Best is trial 0 with value: 0.6580425771660832.
[I 2026-08-28 21:32:21,974] Trial 6 finished with value: 0.49981286973318845 and parameters: {'num_layers': 6, 'learning_rate': 1.3837299429392563e-05, 'drop_out_rate': 0.2509464998083815, 'n_head': 4, 'nhead_factor': 6}. Best is trial 0 with value: 0.6580425771660832.
[I 2026-08-28 21:32:43,742] Trial 7 finished with value: 0.43657290031792023 and parameters: {'num_layers': 3, 'learning_rate': 9.63296248291081e-05, 'drop_out_rate': 0.12056358439355944, 'n_head': 8, 'nhead_factor': 8}. Best is trial 0 with value: 0.6580425771660832.
[I 2026-08-28 21:33:02,790] Trial 8 finished with value: 0.49989939232967123 and parameters: {'num_layers': 2, 'learning_rate': 2.2333626247262646e-05, 'drop_out_rate': 0.17175017729288303, 'n_head': 4, 'nhead_factor': 7}. Best is trial 0 with value: 0.6580425771660832.
