[I 2026-08-28 21:27:44,025] Trial 8 finished with value: 0.48108624340821327 and parameters: {'num_nodes': 32, 'num_layers': 2, 'lr': 0.0002782078489755008, 'batch_size': 128, 'dropout': 0.48056061850162995}. Best is trial 3 with value: 0.4872316571855666.
/home/minhn2/uiuc-kidney-failure/pkgs/experiments/logistic_hazard.py:203: FutureWarning: You are using `torch.load` with `weights_only=False` (the current default value), which uses the default pickle module implicitly. It is possible to construct malicious pickle data which will execute arbitrary code during unpickling (See https://github.com/pytorch/pytorch/blob/main/SECURITY.md#untrusted-models for more details). In a future release, the default value for `weights_only` will be flipped to `True`. This limits the functions that could be executed during unpickling. Arbitrary objects will no longer be allowed to be loaded via this mode unless they are explicitly allowlisted by the user via `torch.serialization.add_safe_globals`. We recommend you start setting `weights_only=True` for any use case where you don't have full control of the loaded file. Please open an issue on GitHub for any issues related to this experimental feature.
  saved_net = torch.load(saved_path, map_location=device)
[I 2026-08-28 21:27:45,305] Trial 9 finished with value: 0.47489930656479673 and parameters: {'num_nodes': 16, 'num_layers': 2, 'lr': 0.0011505593334440825, 'batch_size': 256, 'dropout': 0.11835162850530112}. Best is trial 3 with value: 0.4872316571855666.
Using GPU: cuda:1 (utilization=0%, free_mem=11260MiB)
Train data path /home/minhn2/uiuc-kidney-failure/generated_data/rep1/four_features_train_data.csv
Test data path /home/minhn2/uiuc-kidney-failure/generated_data/rep1/four_features_test_data.csv
Number of patients: test 562 and train 2247
Number of records: test 5511 and train 21318
Training new model with Optuna optimization
Running Optuna hyperparameter optimization
Using GPU: cuda:1 (utilization=0%, free_mem=11260MiB)
Train data path /home/minhn2/uiuc-kidney-failure/generated_data/rep1/four_features_train_data.csv
Test data path /home/minhn2/uiuc-kidney-failure/generated_data/rep1/four_features_test_data.csv
Number of patients: test 562 and train 2247
Number of records: test 5511 and train 21318
No existing model, saving current model
Using GPU: cuda:2 (utilization=0%, free_mem=11260MiB)
Train data path /home/minhn2/uiuc-kidney-failure/generated_data/rep1/four_features_train_data.csv
Test data path /home/minhn2/uiuc-kidney-failure/generated_data/rep1/four_features_test_data.csv
Number of patients: test 562 and train 2247
Number of records: test 5511 and train 21318
Saved model C-index: 0.4512, Current trial C-index: 0.4717
New model is better, saving current model
Using GPU: cuda:3 (utilization=0%, free_mem=11260MiB)
Train data path /home/minhn2/uiuc-kidney-failure/generated_data/rep1/four_features_train_data.csv
Test data path /home/minhn2/uiuc-kidney-failure/generated_data/rep1/four_features_test_data.csv
Number of patients: test 562 and train 2247
Number of records: test 5511 and train 21318
Saved model C-index: 0.4717, Current trial C-index: 0.4694
Saved model is better, keeping it
Using GPU: cuda:5 (utilization=0%, free_mem=11260MiB)
Train data path /home/minhn2/uiuc-kidney-failure/generated_data/rep1/four_features_train_data.csv
Test data path /home/minhn2/uiuc-kidney-failure/generated_data/rep1/four_features_test_data.csv
Number of patients: test 562 and train 2247
Number of records: test 5511 and train 21318
Saved model C-index: 0.4717, Current trial C-index: 0.4480
Saved model is better, keeping it
Using GPU: cuda:6 (utilization=0%, free_mem=11260MiB)
Train data path /home/minhn2/uiuc-kidney-failure/generated_data/rep1/four_features_train_data.csv
Test data path /home/minhn2/uiuc-kidney-failure/generated_data/rep1/four_features_test_data.csv
Number of patients: test 562 and train 2247
Number of records: test 5511 and train 21318
Saved model C-index: 0.4717, Current trial C-index: 0.4482
Saved model is better, keeping it
Using GPU: cuda:5 (utilization=0%, free_mem=11040MiB)
Train data path /home/minhn2/uiuc-kidney-failure/generated_data/rep1/four_features_train_data.csv
Test data path /home/minhn2/uiuc-kidney-failure/generated_data/rep1/four_features_test_data.csv
Number of patients: test 562 and train 2247
Number of records: test 5511 and train 21318
Saved model C-index: 0.4717, Current trial C-index: 0.4368
Saved model is better, keeping it
Using GPU: cuda:2 (utilization=0%, free_mem=11038MiB)
Train data path /home/minhn2/uiuc-kidney-failure/generated_data/rep1/four_features_train_data.csv
Test data path /home/minhn2/uiuc-kidney-failure/generated_data/rep1/four_features_test_data.csv
Number of patients: test 562 and train 2247
Number of records: test 5511 and train 21318
Saved model C-index: 0.4717, Current trial C-index: 0.4490
Saved model is better, keeping it
Using GPU: cuda:3 (utilization=0%, free_mem=11038MiB)
Train data path /home/minhn2/uiuc-kidney-failure/generated_data/rep1/four_features_train_data.csv
Test data path /home/minhn2/uiuc-kidney-failure/generated_data/rep1/four_features_test_data.csv
Number of patients: test 562 and train 2247
Number of records: test 5511 and train 21318
Saved model C-index: 0.4717, Current trial C-index: 0.4520
Saved model is better, keeping it
Using GPU: cuda:4 (utilization=0%, free_mem=11014MiB)
Train data path /home/minhn2/uiuc-kidney-failure/generated_data/rep1/four_features_train_data.csv
Test data path /home/minhn2/uiuc-kidney-failure/generated_data/rep1/four_features_test_data.csv
Number of patients: test 562 and train 2247
Number of records: test 5511 and train 21318
Saved model C-index: 0.4717, Current trial C-index: 0.4481
Saved model is better, keeping it
Using GPU: cuda:6 (utilization=0%, free_mem=10790MiB)
Train data path /home/minhn2/uiuc-kidney-failure/generated_data/rep1/four_features_train_data.csv
Test data path /home/minhn2/uiuc-kidney-failure/generated_data/rep1/four_features_test_data.csv
Number of patients: test 562 and train 2247
Number of records: test 5511 and train 21318
Saved model C-index: 0.4717, Current trial C-index: 0.4556
Saved model is better, keeping it
Number of finished trials:  10
Best trial:
Best hyperparameters: {'num_nodes': 128, 'num_layers': 2, 'lr': 0.03684179398988181, 'batch_size': 128, 'dropout': 0.17080059085226856}
Loading best model from disk after optimization
Model summary:
MLPVanilla(
  (net): Sequential(
    (0): DenseVanillaBlock(
      (linear): Linear(in_features=4, out_features=128, bias=True)
      (activation): ReLU()
      (batch_norm): BatchNorm1d(128, eps=1e-05, momentum=0.1, affine=True, track_running_stats=True)
      (dropout): Dropout(p=0.17080059085226856, inplace=False)
    )
    (1): DenseVanillaBlock(
      (linear): Linear(in_features=128, out_features=128, bias=True)
      (activation): ReLU()
      (batch_norm): BatchNorm1d(128, eps=1e-05, momentum=0.1, affine=True, track_running_stats=True)
      (dropout): Dropout(p=0.17080059085226856, inplace=False)
    )
    (2): Linear(in_features=128, out_features=50, bias=False)
  )
)

=== Evaluation Results for four_features ===
Global test C-index: 0.472
Event rate: 467/562 (83.10%)
Mean time-dependent AUC: 0.521
Warning: Could not compute Brier Score: time must be smaller than largest observed time point: 4216.413194444444
Using GPU: cuda:4 (utilization=0%, free_mem=10794MiB)
Train data path /home/minhn2/uiuc-kidney-failure/generated_data/rep1/eight_features_train_data.csv
Test data path /home/minhn2/uiuc-kidney-failure/generated_data/rep1/eight_features_test_data.csv
Number of patients: test 243 and train 970
Number of records: test 1100 and train 4307
Training new model with Optuna optimization
Running Optuna hyperparameter optimization
Using GPU: cuda:4 (utilization=0%, free_mem=10794MiB)
Train data path /home/minhn2/uiuc-kidney-failure/generated_data/rep1/eight_features_train_data.csv
Test data path /home/minhn2/uiuc-kidney-failure/generated_data/rep1/eight_features_test_data.csv
Number of patients: test 243 and train 970
Number of records: test 1100 and train 4307
No existing model, saving current model
Using GPU: cuda:6 (utilization=0%, free_mem=10790MiB)
Train data path /home/minhn2/uiuc-kidney-failure/generated_data/rep1/eight_features_train_data.csv
Test data path /home/minhn2/uiuc-kidney-failure/generated_data/rep1/eight_features_test_data.csv
Number of patients: test 243 and train 970
Number of records: test 1100 and train 4307
Saved model C-index: 0.4802, Current trial C-index: 0.4562
Saved model is better, keeping it
Using GPU: cuda:5 (utilization=0%, free_mem=10088MiB)
Train data path /home/minhn2/uiuc-kidney-failure/generated_data/rep1/eight_features_train_data.csv
Test data path /home/minhn2/uiuc-kidney-failure/generated_data/rep1/eight_features_test_data.csv
Number of patients: test 243 and train 970
Number of records: test 1100 and train 4307
Saved model C-index: 0.4802, Current trial C-index: 0.4661
Saved model is better, keeping it
Using GPU: cuda:4 (utilization=0%, free_mem=10788MiB)
Train data path /home/minhn2/uiuc-kidney-failure/generated_data/rep1/eight_features_train_data.csv
Test data path /home/minhn2/uiuc-kidney-failure/generated_data/rep1/eight_features_test_data.csv
Number of patients: test 243 and train 970
Number of records: test 1100 and train 4307
Saved model C-index: 0.4802, Current trial C-index: 0.4872
New model is better, saving current model
Using GPU: cuda:5 (utilization=0%, free_mem=10088MiB)
Train data path /home/minhn2/uiuc-kidney-failure/generated_data/rep1/eight_features_train_data.csv
Test data path /home/minhn2/uiuc-kidney-failure/generated_data/rep1/eight_features_test_data.csv
Number of patients: test 243 and train 970
Number of records: test 1100 and train 4307
Saved model C-index: 0.4872, Current trial C-index: 0.4511
Saved model is better, keeping it
Using GPU: cuda:4 (utilization=0%, free_mem=10788MiB)
Train data path /home/minhn2/uiuc-kidney-failure/generated_data/rep1/eight_features_train_data.csv
Test data path /home/minhn2/uiuc-kidney-failure/generated_data/rep1/eight_features_test_data.csv
Number of patients: test 243 and train 970
Number of records: test 1100 and train 4307
Saved model C-index: 0.4872, Current trial C-index: 0.4633
Saved model is better, keeping it
Using GPU: cuda:7 (utilization=0%, free_mem=9870MiB)
Train data path /home/minhn2/uiuc-kidney-failure/generated_data/rep1/eight_features_train_data.csv
Test data path /home/minhn2/uiuc-kidney-failure/generated_data/rep1/eight_features_test_data.csv
Number of patients: test 243 and train 970
Number of records: test 1100 and train 4307
Saved model C-index: 0.4872, Current trial C-index: 0.4557
Saved model is better, keeping it
Using GPU: cuda:6 (utilization=0%, free_mem=8252MiB)
Train data path /home/minhn2/uiuc-kidney-failure/generated_data/rep1/eight_features_train_data.csv
Test data path /home/minhn2/uiuc-kidney-failure/generated_data/rep1/eight_features_test_data.csv
Number of patients: test 243 and train 970
Number of records: test 1100 and train 4307
Saved model C-index: 0.4872, Current trial C-index: 0.4586
Saved model is better, keeping it
Using GPU: cuda:7 (utilization=0%, free_mem=9650MiB)
Train data path /home/minhn2/uiuc-kidney-failure/generated_data/rep1/eight_features_train_data.csv
Test data path /home/minhn2/uiuc-kidney-failure/generated_data/rep1/eight_features_test_data.csv
Number of patients: test 243 and train 970
Number of records: test 1100 and train 4307
Saved model C-index: 0.4872, Current trial C-index: 0.4811
Saved model is better, keeping it
Using GPU: cuda:5 (utilization=0%, free_mem=9838MiB)
Train data path /home/minhn2/uiuc-kidney-failure/generated_data/rep1/eight_features_train_data.csv
Test data path /home/minhn2/uiuc-kidney-failure/generated_data/rep1/eight_features_test_data.csv
Number of patients: test 243 and train 970
Number of records: test 1100 and train 4307
Saved model C-index: 0.4872, Current trial C-index: 0.4749
Saved model is better, keeping it
Number of finished trials:  10
Best trial:
Best hyperparameters: {'num_nodes': 16, 'num_layers': 2, 'lr': 0.024445215700404935, 'batch_size': 32, 'dropout': 0.24015241226218642}
Loading best model from disk after optimization
Model summary:
MLPVanilla(
  (net): Sequential(
    (0): DenseVanillaBlock(
      (linear): Linear(in_features=8, out_features=16, bias=True)
      (activation): ReLU()
      (batch_norm): BatchNorm1d(16, eps=1e-05, momentum=0.1, affine=True, track_running_stats=True)
      (dropout): Dropout(p=0.24015241226218642, inplace=False)
    )
    (1): DenseVanillaBlock(
      (linear): Linear(in_features=16, out_features=16, bias=True)
      (activation): ReLU()
      (batch_norm): BatchNorm1d(16, eps=1e-05, momentum=0.1, affine=True, track_running_stats=True)
      (dropout): Dropout(p=0.24015241226218642, inplace=False)
    )
    (2): Linear(in_features=16, out_features=50, bias=False)
  )
)

=== Evaluation Results for eight_features ===
Global test C-index: 0.487
Event rate: 212/243 (87.24%)
Mean time-dependent AUC: 0.552
Integrated Brier Score Test: 0.667
✓ logistic_hazard completed successfully
End time: Fri Aug 28 21:27:47 CDT 2026
