[I 2026-08-29 19:26:11,232] Trial 4 finished with value: 0.515 and parameters: {'num_layer': 19, 'hidden_dim_0': 245, 'hidden_dim_1': 101, 'hidden_dim_2': 139, 'hidden_dim_3': 108, 'hidden_dim_4': 51, 'hidden_dim_5': 227, 'hidden_dim_6': 75, 'hidden_dim_7': 185, 'hidden_dim_8': 187, 'hidden_dim_9': 197, 'hidden_dim_10': 81, 'hidden_dim_11': 42, 'hidden_dim_12': 36, 'hidden_dim_13': 184, 'hidden_dim_14': 172, 'hidden_dim_15': 137, 'hidden_dim_16': 253, 'hidden_dim_17': 102, 'hidden_dim_18': 42, 'learning_rate': 2.937798675554011e-05, 'drop_out_rate_0': 0.2506161620370929, 'drop_out_rate_1': 0.1319179311046036, 'drop_out_rate_2': 0.4903032038088525, 'drop_out_rate_3': 0.3634452346117244, 'drop_out_rate_4': 0.11300341357750608, 'drop_out_rate_5': 0.4205466497369047, 'drop_out_rate_6': 0.1870887014170715, 'drop_out_rate_7': 0.4891830262252491, 'drop_out_rate_8': 0.2845380183152796, 'drop_out_rate_9': 0.2189721787219402, 'drop_out_rate_10': 0.3789038990556334, 'drop_out_rate_11': 0.13417062721171985, 'drop_out_rate_12': 0.12419752362919577, 'drop_out_rate_13': 0.2418523108636179, 'drop_out_rate_14': 0.32050176830171956, 'drop_out_rate_15': 0.3633511304839009, 'drop_out_rate_16': 0.4616769550850638, 'drop_out_rate_17': 0.4816554811339564, 'drop_out_rate_18': 0.48231601107127287}. Best is trial 3 with value: 0.528.
[I 2026-08-29 19:29:35,779] Trial 5 finished with value: 0.524 and parameters: {'num_layer': 2, 'hidden_dim_0': 115, 'hidden_dim_1': 18, 'learning_rate': 0.0006615821442980368, 'drop_out_rate_0': 0.3592656386482981, 'drop_out_rate_1': 0.14349923093032368}. Best is trial 3 with value: 0.528.
[I 2026-08-29 19:36:23,957] Trial 6 finished with value: 0.526 and parameters: {'num_layer': 11, 'hidden_dim_0': 61, 'hidden_dim_1': 245, 'hidden_dim_2': 189, 'hidden_dim_3': 38, 'hidden_dim_4': 178, 'hidden_dim_5': 199, 'hidden_dim_6': 136, 'hidden_dim_7': 222, 'hidden_dim_8': 163, 'hidden_dim_9': 240, 'hidden_dim_10': 57, 'learning_rate': 0.00031370305655326573, 'drop_out_rate_0': 0.24971148110465166, 'drop_out_rate_1': 0.20561509880216344, 'drop_out_rate_2': 0.4813506949800114, 'drop_out_rate_3': 0.25337799256910076, 'drop_out_rate_4': 0.2599619498258175, 'drop_out_rate_5': 0.45126033624718775, 'drop_out_rate_6': 0.3676606669250344, 'drop_out_rate_7': 0.13790498293051195, 'drop_out_rate_8': 0.33835767044741427, 'drop_out_rate_9': 0.12335821555718605, 'drop_out_rate_10': 0.3830424430974736}. Best is trial 3 with value: 0.528.
[I 2026-08-29 19:37:57,395] Trial 7 finished with value: 0.485 and parameters: {'num_layer': 20, 'hidden_dim_0': 135, 'hidden_dim_1': 236, 'hidden_dim_2': 98, 'hidden_dim_3': 234, 'hidden_dim_4': 210, 'hidden_dim_5': 241, 'hidden_dim_6': 82, 'hidden_dim_7': 162, 'hidden_dim_8': 165, 'hidden_dim_9': 85, 'hidden_dim_10': 206, 'hidden_dim_11': 190, 'hidden_dim_12': 162, 'hidden_dim_13': 127, 'hidden_dim_14': 34, 'hidden_dim_15': 70, 'hidden_dim_16': 235, 'hidden_dim_17': 196, 'hidden_dim_18': 153, 'hidden_dim_19': 138, 'learning_rate': 2.622492671207554e-05, 'drop_out_rate_0': 0.3834613924162261, 'drop_out_rate_1': 0.4592201385731255, 'drop_out_rate_2': 0.35865097320918016, 'drop_out_rate_3': 0.21067146155331462, 'drop_out_rate_4': 0.43565509466941543, 'drop_out_rate_5': 0.39574794671960456, 'drop_out_rate_6': 0.3275405931139327, 'drop_out_rate_7': 0.254247773394736, 'drop_out_rate_8': 0.33716736106451817, 'drop_out_rate_9': 0.17307124453016579, 'drop_out_rate_10': 0.290976511521183, 'drop_out_rate_11': 0.3570293968711017, 'drop_out_rate_12': 0.10455229281269407, 'drop_out_rate_13': 0.2277129551666807, 'drop_out_rate_14': 0.22314188734062937, 'drop_out_rate_15': 0.11744072949220113, 'drop_out_rate_16': 0.130628677366119, 'drop_out_rate_17': 0.44159521390948664, 'drop_out_rate_18': 0.3432615592523066, 'drop_out_rate_19': 0.33418049548403933}. Best is trial 3 with value: 0.528.
[I 2026-08-29 19:41:11,591] Trial 8 finished with value: 0.523 and parameters: {'num_layer': 8, 'hidden_dim_0': 248, 'hidden_dim_1': 60, 'hidden_dim_2': 47, 'hidden_dim_3': 86, 'hidden_dim_4': 236, 'hidden_dim_5': 199, 'hidden_dim_6': 28, 'hidden_dim_7': 76, 'learning_rate': 0.0014767651269800791, 'drop_out_rate_0': 0.2087684899621229, 'drop_out_rate_1': 0.1453109153360929, 'drop_out_rate_2': 0.2606107083820203, 'drop_out_rate_3': 0.37388591525424697, 'drop_out_rate_4': 0.37714997754356827, 'drop_out_rate_5': 0.4838554663275558, 'drop_out_rate_6': 0.11009189646513606, 'drop_out_rate_7': 0.11564588792792581}. Best is trial 3 with value: 0.528.
