[I 2026-08-22 19:38:37,596] Trial 0 finished with value: 0.5434572811919639 and parameters: {'num_layer': 4, 'hidden_dim_0': 31, 'hidden_dim_1': 112, 'hidden_dim_2': 95, 'hidden_dim_3': 31, 'learning_rate': 0.0013627672368528485, 'drop_out_rate': 0.46643007291216443, 'llh_loss': 0.9224150861261416}. Best is trial 0 with value: 0.5434572811919639.
[W 2026-08-22 19:42:25,251] Trial 1 failed with parameters: {'num_layer': 1, 'hidden_dim_0': 124, 'learning_rate': 0.006458213762687339, 'drop_out_rate': 0.3202308512946853, 'llh_loss': 0.4023752593813261} because of the following error: ValueError('NaNs detected in inputs, please correct or drop.').
Traceback (most recent call last):
  File "/home/minhn2/miniconda3/envs/minhn2/lib/python3.12/site-packages/optuna/study/_optimize.py", line 197, in _run_trial
    value_or_values = func(trial)
                      ^^^^^^^^^^^
  File "/home/minhn2/uiuc-kidney-failure/pkgs/experiments/dynamic_deephit.py", line 448, in <lambda>
    model = ex_optuna(lambda trial: objective(trial, scenario_name))
                                    ^^^^^^^^^^^^^^^^^^^^^^^^^^^^^^^
  File "/home/minhn2/uiuc-kidney-failure/pkgs/experiments/dynamic_deephit.py", line 236, in objective
    c_index = c_idx(model, dataset, device)
              ^^^^^^^^^^^^^^^^^^^^^^^^^^^^^
  File "/home/minhn2/uiuc-kidney-failure/pkgs/experiments/dynamic_deephit.py", line 421, in c_idx
    cindex = concordance_index(all_times, all_surv, all_events)
             ^^^^^^^^^^^^^^^^^^^^^^^^^^^^^^^^^^^^^^^^^^^^^^^^^^
  File "/home/minhn2/miniconda3/envs/minhn2/lib/python3.12/site-packages/lifelines/utils/concordance.py", line 91, in concordance_index
    event_times, predicted_scores, event_observed = _preprocess_scoring_data(event_times, predicted_scores, event_observed)
                                                    ^^^^^^^^^^^^^^^^^^^^^^^^^^^^^^^^^^^^^^^^^^^^^^^^^^^^^^^^^^^^^^^^^^^^^^^
  File "/home/minhn2/miniconda3/envs/minhn2/lib/python3.12/site-packages/lifelines/utils/concordance.py", line 301, in _preprocess_scoring_data
    raise ValueError("NaNs detected in inputs, please correct or drop.")
ValueError: NaNs detected in inputs, please correct or drop.
[W 2026-08-22 19:42:25,261] Trial 1 failed with value None.
Traceback (most recent call last):
  File "<frozen runpy>", line 198, in _run_module_as_main
  File "<frozen runpy>", line 88, in _run_code
  File "/home/minhn2/uiuc-kidney-failure/pkgs/experiments/dynamic_deephit.py", line 476, in <module>
    run(ExperimentScenario.FOUR_FEATURES)
  File "/home/minhn2/uiuc-kidney-failure/pkgs/experiments/dynamic_deephit.py", line 448, in run
    model = ex_optuna(lambda trial: objective(trial, scenario_name))
            ^^^^^^^^^^^^^^^^^^^^^^^^^^^^^^^^^^^^^^^^^^^^^^^^^^^^^^^^
  File "/home/minhn2/uiuc-kidney-failure/pkgs/experiments/utils.py", line 132, in ex_optuna
    study.optimize(objective, n_trials=n_trials)
  File "/home/minhn2/miniconda3/envs/minhn2/lib/python3.12/site-packages/optuna/study/study.py", line 475, in optimize
    _optimize(
  File "/home/minhn2/miniconda3/envs/minhn2/lib/python3.12/site-packages/optuna/study/_optimize.py", line 63, in _optimize
    _optimize_sequential(
  File "/home/minhn2/miniconda3/envs/minhn2/lib/python3.12/site-packages/optuna/study/_optimize.py", line 160, in _optimize_sequential
    frozen_trial = _run_trial(study, func, catch)
                   ^^^^^^^^^^^^^^^^^^^^^^^^^^^^^^
  File "/home/minhn2/miniconda3/envs/minhn2/lib/python3.12/site-packages/optuna/study/_optimize.py", line 248, in _run_trial
    raise func_err
  File "/home/minhn2/miniconda3/envs/minhn2/lib/python3.12/site-packages/optuna/study/_optimize.py", line 197, in _run_trial
    value_or_values = func(trial)
                      ^^^^^^^^^^^
  File "/home/minhn2/uiuc-kidney-failure/pkgs/experiments/dynamic_deephit.py", line 448, in <lambda>
    model = ex_optuna(lambda trial: objective(trial, scenario_name))
                                    ^^^^^^^^^^^^^^^^^^^^^^^^^^^^^^^
  File "/home/minhn2/uiuc-kidney-failure/pkgs/experiments/dynamic_deephit.py", line 236, in objective
    c_index = c_idx(model, dataset, device)
              ^^^^^^^^^^^^^^^^^^^^^^^^^^^^^
  File "/home/minhn2/uiuc-kidney-failure/pkgs/experiments/dynamic_deephit.py", line 421, in c_idx
    cindex = concordance_index(all_times, all_surv, all_events)
             ^^^^^^^^^^^^^^^^^^^^^^^^^^^^^^^^^^^^^^^^^^^^^^^^^^
  File "/home/minhn2/miniconda3/envs/minhn2/lib/python3.12/site-packages/lifelines/utils/concordance.py", line 91, in concordance_index
    event_times, predicted_scores, event_observed = _preprocess_scoring_data(event_times, predicted_scores, event_observed)
                                                    ^^^^^^^^^^^^^^^^^^^^^^^^^^^^^^^^^^^^^^^^^^^^^^^^^^^^^^^^^^^^^^^^^^^^^^^
  File "/home/minhn2/miniconda3/envs/minhn2/lib/python3.12/site-packages/lifelines/utils/concordance.py", line 301, in _preprocess_scoring_data
    raise ValueError("NaNs detected in inputs, please correct or drop.")
ValueError: NaNs detected in inputs, please correct or drop.
Skipping CKD_FIFTY_FEATURES_HETEROGENEOUS: no train data at /home/minhn2/uiuc-kidney-failure/generated_data/rep1/ckd_fifty_features_heterogeneous_train_data.csv
Using GPU: cuda:2
Train data path /home/minhn2/uiuc-kidney-failure/generated_data/rep1/four_features_train_data.csv
Test data path /home/minhn2/uiuc-kidney-failure/generated_data/rep1/four_features_test_data.csv
Number of patients: test 562 and train 2247
Number of records: test 5511 and train 21318
Running Optuna hyperparameter optimization
Using GPU: cuda:2
Running trial 0 for ExperimentScenario.FOUR_FEATURES on device cuda:2
Train data path /home/minhn2/uiuc-kidney-failure/generated_data/rep1/four_features_train_data.csv
Test data path /home/minhn2/uiuc-kidney-failure/generated_data/rep1/four_features_test_data.csv
Number of patients: test 562 and train 2247
Number of records: test 5511 and train 21318
Epoch 1/50
features shape: torch.Size([16, 247, 4]), mask shape: torch.Size([16, 247]), time_to_event shape: torch.Size([16, 1]), event_indicator shape: torch.Size([16, 1]), time_to_events shape: torch.Size([16, 247]), event_indicators shape: torch.Size([16, 247]), sequence lengths shape: torch.Size([16, 1])
x shape: torch.Size([16, 247, 4])
mask shape: torch.Size([16, 247])
lstm_output shape: torch.Size([16, 247, 62])
fc_output shape: torch.Size([16, 247, 31])
context shape: torch.Size([16, 31])
attention_weights shape: torch.Size([16, 247, 1])
x shape after cause_specific_fc: torch.Size([16, 31])
hazard_preds shape: [torch.Size([16, 5475])]
res shape: torch.Size([16, 1, 5475])
Average Loss: 27346433239.76595
Epoch 2/50
features shape: torch.Size([16, 247, 4]), mask shape: torch.Size([16, 247]), time_to_event shape: torch.Size([16, 1]), event_indicator shape: torch.Size([16, 1]), time_to_events shape: torch.Size([16, 247]), event_indicators shape: torch.Size([16, 247]), sequence lengths shape: torch.Size([16, 1])
x shape: torch.Size([16, 247, 4])
mask shape: torch.Size([16, 247])
lstm_output shape: torch.Size([16, 247, 62])
fc_output shape: torch.Size([16, 247, 31])
context shape: torch.Size([16, 31])
attention_weights shape: torch.Size([16, 247, 1])
x shape after cause_specific_fc: torch.Size([16, 31])
hazard_preds shape: [torch.Size([16, 5475])]
res shape: torch.Size([16, 1, 5475])
Average Loss: 8185742237.787994
Epoch 3/50
features shape: torch.Size([16, 247, 4]), mask shape: torch.Size([16, 247]), time_to_event shape: torch.Size([16, 1]), event_indicator shape: torch.Size([16, 1]), time_to_events shape: torch.Size([16, 247]), event_indicators shape: torch.Size([16, 247]), sequence lengths shape: torch.Size([16, 1])
x shape: torch.Size([16, 247, 4])
mask shape: torch.Size([16, 247])
lstm_output shape: torch.Size([16, 247, 62])
fc_output shape: torch.Size([16, 247, 31])
context shape: torch.Size([16, 31])
attention_weights shape: torch.Size([16, 247, 1])
x shape after cause_specific_fc: torch.Size([16, 31])
hazard_preds shape: [torch.Size([16, 5475])]
res shape: torch.Size([16, 1, 5475])
Average Loss: 3.0172978005798e+17
Patience Counter: 1
Epoch 4/50
features shape: torch.Size([16, 247, 4]), mask shape: torch.Size([16, 247]), time_to_event shape: torch.Size([16, 1]), event_indicator shape: torch.Size([16, 1]), time_to_events shape: torch.Size([16, 247]), event_indicators shape: torch.Size([16, 247]), sequence lengths shape: torch.Size([16, 1])
x shape: torch.Size([16, 247, 4])
mask shape: torch.Size([16, 247])
lstm_output shape: torch.Size([16, 247, 62])
fc_output shape: torch.Size([16, 247, 31])
context shape: torch.Size([16, 31])
attention_weights shape: torch.Size([16, 247, 1])
x shape after cause_specific_fc: torch.Size([16, 31])
hazard_preds shape: [torch.Size([16, 5475])]
res shape: torch.Size([16, 1, 5475])
Average Loss: 332055747.6201607
Epoch 5/50
features shape: torch.Size([16, 247, 4]), mask shape: torch.Size([16, 247]), time_to_event shape: torch.Size([16, 1]), event_indicator shape: torch.Size([16, 1]), time_to_events shape: torch.Size([16, 247]), event_indicators shape: torch.Size([16, 247]), sequence lengths shape: torch.Size([16, 1])
x shape: torch.Size([16, 247, 4])
mask shape: torch.Size([16, 247])
lstm_output shape: torch.Size([16, 247, 62])
fc_output shape: torch.Size([16, 247, 31])
context shape: torch.Size([16, 31])
attention_weights shape: torch.Size([16, 247, 1])
x shape after cause_specific_fc: torch.Size([16, 31])
hazard_preds shape: [torch.Size([16, 5475])]
res shape: torch.Size([16, 1, 5475])
Average Loss: 35730280417.51752
Patience Counter: 1
Epoch 6/50
features shape: torch.Size([16, 247, 4]), mask shape: torch.Size([16, 247]), time_to_event shape: torch.Size([16, 1]), event_indicator shape: torch.Size([16, 1]), time_to_events shape: torch.Size([16, 247]), event_indicators shape: torch.Size([16, 247]), sequence lengths shape: torch.Size([16, 1])
x shape: torch.Size([16, 247, 4])
mask shape: torch.Size([16, 247])
lstm_output shape: torch.Size([16, 247, 62])
fc_output shape: torch.Size([16, 247, 31])
context shape: torch.Size([16, 31])
attention_weights shape: torch.Size([16, 247, 1])
x shape after cause_specific_fc: torch.Size([16, 31])
hazard_preds shape: [torch.Size([16, 5475])]
res shape: torch.Size([16, 1, 5475])
Average Loss: 171790.24696796964
Epoch 7/50
features shape: torch.Size([16, 247, 4]), mask shape: torch.Size([16, 247]), time_to_event shape: torch.Size([16, 1]), event_indicator shape: torch.Size([16, 1]), time_to_events shape: torch.Size([16, 247]), event_indicators shape: torch.Size([16, 247]), sequence lengths shape: torch.Size([16, 1])
x shape: torch.Size([16, 247, 4])
mask shape: torch.Size([16, 247])
lstm_output shape: torch.Size([16, 247, 62])
fc_output shape: torch.Size([16, 247, 31])
context shape: torch.Size([16, 31])
attention_weights shape: torch.Size([16, 247, 1])
x shape after cause_specific_fc: torch.Size([16, 31])
hazard_preds shape: [torch.Size([16, 5475])]
res shape: torch.Size([16, 1, 5475])
Average Loss: 11261152.833540497
Patience Counter: 1
Epoch 8/50
features shape: torch.Size([16, 247, 4]), mask shape: torch.Size([16, 247]), time_to_event shape: torch.Size([16, 1]), event_indicator shape: torch.Size([16, 1]), time_to_events shape: torch.Size([16, 247]), event_indicators shape: torch.Size([16, 247]), sequence lengths shape: torch.Size([16, 1])
x shape: torch.Size([16, 247, 4])
mask shape: torch.Size([16, 247])
lstm_output shape: torch.Size([16, 247, 62])
fc_output shape: torch.Size([16, 247, 31])
context shape: torch.Size([16, 31])
attention_weights shape: torch.Size([16, 247, 1])
x shape after cause_specific_fc: torch.Size([16, 31])
hazard_preds shape: [torch.Size([16, 5475])]
res shape: torch.Size([16, 1, 5475])
Average Loss: 118809789.10835126
Patience Counter: 2
Epoch 9/50
features shape: torch.Size([16, 247, 4]), mask shape: torch.Size([16, 247]), time_to_event shape: torch.Size([16, 1]), event_indicator shape: torch.Size([16, 1]), time_to_events shape: torch.Size([16, 247]), event_indicators shape: torch.Size([16, 247]), sequence lengths shape: torch.Size([16, 1])
x shape: torch.Size([16, 247, 4])
mask shape: torch.Size([16, 247])
lstm_output shape: torch.Size([16, 247, 62])
fc_output shape: torch.Size([16, 247, 31])
context shape: torch.Size([16, 31])
attention_weights shape: torch.Size([16, 247, 1])
x shape after cause_specific_fc: torch.Size([16, 31])
hazard_preds shape: [torch.Size([16, 5475])]
res shape: torch.Size([16, 1, 5475])
Average Loss: 336432.7000822281
Patience Counter: 3
Epoch 10/50
features shape: torch.Size([16, 247, 4]), mask shape: torch.Size([16, 247]), time_to_event shape: torch.Size([16, 1]), event_indicator shape: torch.Size([16, 1]), time_to_events shape: torch.Size([16, 247]), event_indicators shape: torch.Size([16, 247]), sequence lengths shape: torch.Size([16, 1])
x shape: torch.Size([16, 247, 4])
mask shape: torch.Size([16, 247])
lstm_output shape: torch.Size([16, 247, 62])
fc_output shape: torch.Size([16, 247, 31])
context shape: torch.Size([16, 31])
attention_weights shape: torch.Size([16, 247, 1])
x shape after cause_specific_fc: torch.Size([16, 31])
hazard_preds shape: [torch.Size([16, 5475])]
res shape: torch.Size([16, 1, 5475])
Average Loss: 45959.499695402934
Epoch 11/50
features shape: torch.Size([16, 247, 4]), mask shape: torch.Size([16, 247]), time_to_event shape: torch.Size([16, 1]), event_indicator shape: torch.Size([16, 1]), time_to_events shape: torch.Size([16, 247]), event_indicators shape: torch.Size([16, 247]), sequence lengths shape: torch.Size([16, 1])
x shape: torch.Size([16, 247, 4])
mask shape: torch.Size([16, 247])
lstm_output shape: torch.Size([16, 247, 62])
fc_output shape: torch.Size([16, 247, 31])
context shape: torch.Size([16, 31])
attention_weights shape: torch.Size([16, 247, 1])
x shape after cause_specific_fc: torch.Size([16, 31])
hazard_preds shape: [torch.Size([16, 5475])]
res shape: torch.Size([16, 1, 5475])
Average Loss: 4671754.6805989845
Patience Counter: 1
Epoch 12/50
features shape: torch.Size([16, 247, 4]), mask shape: torch.Size([16, 247]), time_to_event shape: torch.Size([16, 1]), event_indicator shape: torch.Size([16, 1]), time_to_events shape: torch.Size([16, 247]), event_indicators shape: torch.Size([16, 247]), sequence lengths shape: torch.Size([16, 1])
x shape: torch.Size([16, 247, 4])
mask shape: torch.Size([16, 247])
lstm_output shape: torch.Size([16, 247, 62])
fc_output shape: torch.Size([16, 247, 31])
context shape: torch.Size([16, 31])
attention_weights shape: torch.Size([16, 247, 1])
x shape after cause_specific_fc: torch.Size([16, 31])
hazard_preds shape: [torch.Size([16, 5475])]
res shape: torch.Size([16, 1, 5475])
Average Loss: 56215.46822242196
Patience Counter: 2
Epoch 13/50
features shape: torch.Size([16, 247, 4]), mask shape: torch.Size([16, 247]), time_to_event shape: torch.Size([16, 1]), event_indicator shape: torch.Size([16, 1]), time_to_events shape: torch.Size([16, 247]), event_indicators shape: torch.Size([16, 247]), sequence lengths shape: torch.Size([16, 1])
x shape: torch.Size([16, 247, 4])
mask shape: torch.Size([16, 247])
lstm_output shape: torch.Size([16, 247, 62])
fc_output shape: torch.Size([16, 247, 31])
context shape: torch.Size([16, 31])
attention_weights shape: torch.Size([16, 247, 1])
x shape after cause_specific_fc: torch.Size([16, 31])
hazard_preds shape: [torch.Size([16, 5475])]
res shape: torch.Size([16, 1, 5475])
Average Loss: 6705369.038085464
Patience Counter: 3
Epoch 14/50
features shape: torch.Size([16, 247, 4]), mask shape: torch.Size([16, 247]), time_to_event shape: torch.Size([16, 1]), event_indicator shape: torch.Size([16, 1]), time_to_events shape: torch.Size([16, 247]), event_indicators shape: torch.Size([16, 247]), sequence lengths shape: torch.Size([16, 1])
x shape: torch.Size([16, 247, 4])
mask shape: torch.Size([16, 247])
lstm_output shape: torch.Size([16, 247, 62])
fc_output shape: torch.Size([16, 247, 31])
context shape: torch.Size([16, 31])
attention_weights shape: torch.Size([16, 247, 1])
x shape after cause_specific_fc: torch.Size([16, 31])
hazard_preds shape: [torch.Size([16, 5475])]
res shape: torch.Size([16, 1, 5475])
Average Loss: 2446560.975818682
Patience Counter: 4
Epoch 15/50
features shape: torch.Size([16, 247, 4]), mask shape: torch.Size([16, 247]), time_to_event shape: torch.Size([16, 1]), event_indicator shape: torch.Size([16, 1]), time_to_events shape: torch.Size([16, 247]), event_indicators shape: torch.Size([16, 247]), sequence lengths shape: torch.Size([16, 1])
x shape: torch.Size([16, 247, 4])
mask shape: torch.Size([16, 247])
lstm_output shape: torch.Size([16, 247, 62])
fc_output shape: torch.Size([16, 247, 31])
context shape: torch.Size([16, 31])
attention_weights shape: torch.Size([16, 247, 1])
x shape after cause_specific_fc: torch.Size([16, 31])
hazard_preds shape: [torch.Size([16, 5475])]
res shape: torch.Size([16, 1, 5475])
Average Loss: 62307139.379218206
Patience Counter: 5
Early stopping triggered
features shape: torch.Size([16, 247, 4]), mask shape: torch.Size([16, 247]), T shape: torch.Size([16, 1]), E shape: torch.Size([16, 1]) hazards shape: (16, 5475)
Processing subject 0 with time 1308 and event True hazards shape: [0.4867158]
all_E shape: (2247,) first 10 values: [ True  True  True  True  True False  True  True  True  True]
all_R shape: (2247,) first 10 values: [0.4867158  0.49904186 0.49904186 0.48085502 0.4368538  0.5476341
 0.48187438 0.47319126 0.49904186 0.50626266]
all_T shape: (2247,) first 10 values: [1308    0    0 1426 2362  713  690 1202    0 1340]
Global test C-index (scikit-survival): 0.543 number of concordant pairs: 1009938
Global test C-index: 0.543
No existing model, saving current model
Using GPU: cuda:1
Running trial 1 for ExperimentScenario.FOUR_FEATURES on device cuda:1
Train data path /home/minhn2/uiuc-kidney-failure/generated_data/rep1/four_features_train_data.csv
Test data path /home/minhn2/uiuc-kidney-failure/generated_data/rep1/four_features_test_data.csv
Number of patients: test 562 and train 2247
Number of records: test 5511 and train 21318
Epoch 1/50
features shape: torch.Size([16, 247, 4]), mask shape: torch.Size([16, 247]), time_to_event shape: torch.Size([16, 1]), event_indicator shape: torch.Size([16, 1]), time_to_events shape: torch.Size([16, 247]), event_indicators shape: torch.Size([16, 247]), sequence lengths shape: torch.Size([16, 1])
x shape: torch.Size([16, 247, 4])
mask shape: torch.Size([16, 247])
lstm_output shape: torch.Size([16, 247, 248])
fc_output shape: torch.Size([16, 247, 124])
context shape: torch.Size([16, 124])
attention_weights shape: torch.Size([16, 247, 1])
x shape after cause_specific_fc: torch.Size([16, 124])
hazard_preds shape: [torch.Size([16, 5475])]
res shape: torch.Size([16, 1, 5475])
Average Loss: 8.081968648721455e+18
Epoch 2/50
features shape: torch.Size([16, 247, 4]), mask shape: torch.Size([16, 247]), time_to_event shape: torch.Size([16, 1]), event_indicator shape: torch.Size([16, 1]), time_to_events shape: torch.Size([16, 247]), event_indicators shape: torch.Size([16, 247]), sequence lengths shape: torch.Size([16, 1])
x shape: torch.Size([16, 247, 4])
mask shape: torch.Size([16, 247])
lstm_output shape: torch.Size([16, 247, 248])
fc_output shape: torch.Size([16, 247, 124])
context shape: torch.Size([16, 124])
attention_weights shape: torch.Size([16, 247, 1])
x shape after cause_specific_fc: torch.Size([16, 124])
hazard_preds shape: [torch.Size([16, 5475])]
res shape: torch.Size([16, 1, 5475])
Average Loss: nan
Patience Counter: 1
Epoch 3/50
features shape: torch.Size([16, 247, 4]), mask shape: torch.Size([16, 247]), time_to_event shape: torch.Size([16, 1]), event_indicator shape: torch.Size([16, 1]), time_to_events shape: torch.Size([16, 247]), event_indicators shape: torch.Size([16, 247]), sequence lengths shape: torch.Size([16, 1])
x shape: torch.Size([16, 247, 4])
mask shape: torch.Size([16, 247])
lstm_output shape: torch.Size([16, 247, 248])
fc_output shape: torch.Size([16, 247, 124])
context shape: torch.Size([16, 124])
attention_weights shape: torch.Size([16, 247, 1])
x shape after cause_specific_fc: torch.Size([16, 124])
hazard_preds shape: [torch.Size([16, 5475])]
res shape: torch.Size([16, 1, 5475])
Average Loss: nan
Patience Counter: 2
Epoch 4/50
features shape: torch.Size([16, 247, 4]), mask shape: torch.Size([16, 247]), time_to_event shape: torch.Size([16, 1]), event_indicator shape: torch.Size([16, 1]), time_to_events shape: torch.Size([16, 247]), event_indicators shape: torch.Size([16, 247]), sequence lengths shape: torch.Size([16, 1])
x shape: torch.Size([16, 247, 4])
mask shape: torch.Size([16, 247])
lstm_output shape: torch.Size([16, 247, 248])
fc_output shape: torch.Size([16, 247, 124])
context shape: torch.Size([16, 124])
attention_weights shape: torch.Size([16, 247, 1])
x shape after cause_specific_fc: torch.Size([16, 124])
hazard_preds shape: [torch.Size([16, 5475])]
res shape: torch.Size([16, 1, 5475])
Average Loss: nan
Patience Counter: 3
Epoch 5/50
features shape: torch.Size([16, 247, 4]), mask shape: torch.Size([16, 247]), time_to_event shape: torch.Size([16, 1]), event_indicator shape: torch.Size([16, 1]), time_to_events shape: torch.Size([16, 247]), event_indicators shape: torch.Size([16, 247]), sequence lengths shape: torch.Size([16, 1])
x shape: torch.Size([16, 247, 4])
mask shape: torch.Size([16, 247])
lstm_output shape: torch.Size([16, 247, 248])
fc_output shape: torch.Size([16, 247, 124])
context shape: torch.Size([16, 124])
attention_weights shape: torch.Size([16, 247, 1])
x shape after cause_specific_fc: torch.Size([16, 124])
hazard_preds shape: [torch.Size([16, 5475])]
res shape: torch.Size([16, 1, 5475])
Average Loss: nan
Patience Counter: 4
Epoch 6/50
features shape: torch.Size([16, 247, 4]), mask shape: torch.Size([16, 247]), time_to_event shape: torch.Size([16, 1]), event_indicator shape: torch.Size([16, 1]), time_to_events shape: torch.Size([16, 247]), event_indicators shape: torch.Size(