Start time: Sat Aug 29 19:02:20 CDT 2026
[I 2026-08-29 19:02:33,695] A new study created in memory with name: no-name-b3d3c3a1-643d-4795-be17-d609bc7745e7
[I 2026-08-29 19:02:52,123] Trial 0 finished with value: 0.52 and parameters: {'num_layer': 17, 'hidden_dim_0': 83, 'hidden_dim_1': 151, 'hidden_dim_2': 30, 'hidden_dim_3': 49, 'hidden_dim_4': 117, 'hidden_dim_5': 116, 'hidden_dim_6': 148, 'hidden_dim_7': 140, 'hidden_dim_8': 45, 'hidden_dim_9': 162, 'hidden_dim_10': 36, 'hidden_dim_11': 94, 'hidden_dim_12': 173, 'hidden_dim_13': 167, 'hidden_dim_14': 173, 'hidden_dim_15': 47, 'hidden_dim_16': 125, 'learning_rate': 9.31688789543543e-05, 'drop_out_rate_0': 0.11002970466530577, 'drop_out_rate_1': 0.1000262332630722, 'drop_out_rate_2': 0.17562504560814807, 'drop_out_rate_3': 0.3426613838413366, 'drop_out_rate_4': 0.4684176062864419, 'drop_out_rate_5': 0.36948015496007214, 'drop_out_rate_6': 0.4406204002597244, 'drop_out_rate_7': 0.4114432795122457, 'drop_out_rate_8': 0.25158630593047, 'drop_out_rate_9': 0.10044589405724369, 'drop_out_rate_10': 0.11674467956547124, 'drop_out_rate_11': 0.2624827584008414, 'drop_out_rate_12': 0.1307904724737965, 'drop_out_rate_13': 0.3797652088095239, 'drop_out_rate_14': 0.3294203634963039, 'drop_out_rate_15': 0.3946945947421937, 'drop_out_rate_16': 0.4312128261171463}. Best is trial 0 with value: 0.52.
[I 2026-08-29 19:03:32,249] Trial 1 finished with value: 0.493 and parameters: {'num_layer': 6, 'hidden_dim_0': 113, 'hidden_dim_1': 177, 'hidden_dim_2': 242, 'hidden_dim_3': 45, 'hidden_dim_4': 108, 'hidden_dim_5': 154, 'learning_rate': 4.2701750394304864e-05, 'drop_out_rate_0': 0.4781384307145625, 'drop_out_rate_1': 0.26808065284767324, 'drop_out_rate_2': 0.4169522123910535, 'drop_out_rate_3': 0.3974162347750728, 'drop_out_rate_4': 0.46606632568314244, 'drop_out_rate_5': 0.18695576506695266}. Best is trial 0 with value: 0.52.
[I 2026-08-29 19:05:12,287] Trial 2 finished with value: 0.537 and parameters: {'num_layer': 2, 'hidden_dim_0': 47, 'hidden_dim_1': 225, 'learning_rate': 0.005156107790408806, 'drop_out_rate_0': 0.2198071355719475, 'drop_out_rate_1': 0.4635453936434021}. Best is trial 2 with value: 0.537.
[I 2026-08-29 19:05:26,242] Trial 3 finished with value: 0.51 and parameters: {'num_layer': 13, 'hidden_dim_0': 194, 'hidden_dim_1': 253, 'hidden_dim_2': 134, 'hidden_dim_3': 69, 'hidden_dim_4': 34, 'hidden_dim_5': 155, 'hidden_dim_6': 27, 'hidden_dim_7': 222, 'hidden_dim_8': 193, 'hidden_dim_9': 93, 'hidden_dim_10': 235, 'hidden_dim_11': 66, 'hidden_dim_12': 72, 'learning_rate': 0.00037142594464701777, 'drop_out_rate_0': 0.16116414638540433, 'drop_out_rate_1': 0.3269699291035908, 'drop_out_rate_2': 0.2590163627425164, 'drop_out_rate_3': 0.25091575060094207, 'drop_out_rate_4': 0.36270435814205937, 'drop_out_rate_5': 0.2877975309809669, 'drop_out_rate_6': 0.1734783511864717, 'drop_out_rate_7': 0.4795644336715269, 'drop_out_rate_8': 0.1166779600209233, 'drop_out_rate_9': 0.20177738910067156, 'drop_out_rate_10': 0.4183091553668691, 'drop_out_rate_11': 0.15733150096840198, 'drop_out_rate_12': 0.49937985766606996}. Best is trial 2 with value: 0.537.
[I 2026-08-29 19:05:47,132] Trial 4 finished with value: 0.52 and parameters: {'num_layer': 11, 'hidden_dim_0': 169, 'hidden_dim_1': 168, 'hidden_dim_2': 56, 'hidden_dim_3': 240, 'hidden_dim_4': 249, 'hidden_dim_5': 136, 'hidden_dim_6': 37, 'hidden_dim_7': 172, 'hidden_dim_8': 33, 'hidden_dim_9': 38, 'hidden_dim_10': 61, 'learning_rate': 0.0007955182665272448, 'drop_out_rate_0': 0.3957008077620946, 'drop_out_rate_1': 0.26572820204716685, 'drop_out_rate_2': 0.15839844065780073, 'drop_out_rate_3': 0.22132829266985518, 'drop_out_rate_4': 0.1495015511075451, 'drop_out_rate_5': 0.18774554440935384, 'drop_out_rate_6': 0.33753162537577175, 'drop_out_rate_7': 0.33647052879646855, 'drop_out_rate_8': 0.4267311396109196, 'drop_out_rate_9': 0.14948360663519114, 'drop_out_rate_10': 0.22822652180740322}. Best is trial 2 with value: 0.537.
[I 2026-08-29 19:06:06,769] Trial 5 finished with value: 0.521 and parameters: {'num_layer': 15, 'hidden_dim_0': 229, 'hidden_dim_1': 178, 'hidden_dim_2': 66, 'hidden_dim_3': 225, 'hidden_dim_4': 198, 'hidden_dim_5': 251, 'hidden_dim_6': 224, 'hidden_dim_7': 80, 'hidden_dim_8': 111, 'hidden_dim_9': 94, 'hidden_dim_10': 247, 'hidden_dim_11': 246, 'hidden_dim_12': 122, 'hidden_dim_13': 200, 'hidden_dim_14': 128, 'learning_rate': 0.003408104698752834, 'drop_out_rate_0': 0.24271755585269844, 'drop_out_rate_1': 0.1688214633535749, 'drop_out_rate_2': 0.4196997774293022, 'drop_out_rate_3': 0.41227105087371196, 'drop_out_rate_4': 0.4818757175233994, 'drop_out_rate_5': 0.39704119815864836, 'drop_out_rate_6': 0.2938265248976034, 'drop_out_rate_7': 0.18997183392809128, 'drop_out_rate_8': 0.24599835003125967, 'drop_out_rate_9': 0.4925450940080973, 'drop_out_rate_10': 0.16495733501380955, 'drop_out_rate_11': 0.4176534525171878, 'drop_out_rate_12': 0.43235198353701443, 'drop_out_rate_13': 0.3858142520010105, 'drop_out_rate_14': 0.1899289242957663}. Best is trial 2 with value: 0.537.
[I 2026-08-29 19:06:36,184] Trial 6 finished with value: 0.536 and parameters: {'num_layer': 9, 'hidden_dim_0': 218, 'hidden_dim_1': 233, 'hidden_dim_2': 73, 'hidden_dim_3': 248, 'hidden_dim_4': 217, 'hidden_dim_5': 209, 'hidden_dim_6': 148, 'hidden_dim_7': 186, 'hidden_dim_8': 64, 'learning_rate': 0.0004126459045864611, 'drop_out_rate_0': 0.2798030057109072, 'drop_out_rate_1': 0.24630400453722212, 'drop_out_rate_2': 0.3540994928179123, 'drop_out_rate_3': 0.2540261851003188, 'drop_out_rate_4': 0.4500613440518989, 'drop_out_rate_5': 0.38013282824420414, 'drop_out_rate_6': 0.24700602657366577, 'drop_out_rate_7': 0.26377394032082735, 'drop_out_rate_8': 0.21629609121295612}. Best is trial 2 with value: 0.537.
[I 2026-08-29 19:07:01,973] Trial 7 finished with value: 0.5 and parameters: {'num_layer': 13, 'hidden_dim_0': 107, 'hidden_dim_1': 198, 'hidden_dim_2': 134, 'hidden_dim_3': 81, 'hidden_dim_4': 229, 'hidden_dim_5': 234, 'hidden_dim_6': 24, 'hidden_dim_7': 100, 'hidden_dim_8': 74, 'hidden_dim_9': 102, 'hidden_dim_10': 205, 'hidden_dim_11': 65, 'hidden_dim_12': 142, 'learning_rate': 4.539389633797205e-05, 'drop_out_rate_0': 0.10940643921634932, 'drop_out_rate_1': 0.37799039223815345, 'drop_out_rate_2': 0.40751872451052784, 'drop_out_rate_3': 0.18437524680422565, 'drop_out_rate_4': 0.21608471244525573, 'drop_out_rate_5': 0.4729037248404705, 'drop_out_rate_6': 0.1539228800701404, 'drop_out_rate_7': 0.4470170694311496, 'drop_out_rate_8': 0.2859569118909081, 'drop_out_rate_9': 0.4160227531812105, 'drop_out_rate_10': 0.1570854794171488, 'drop_out_rate_11': 0.17138278642426885, 'drop_out_rate_12': 0.23077931715144018}. Best is trial 2 with value: 0.537.
[I 2026-08-29 19:07:31,651] Trial 8 finished with value: 0.529 and parameters: {'num_layer': 3, 'hidden_dim_0': 95, 'hidden_dim_1': 194, 'hidden_dim_2': 188, 'learning_rate': 0.00785593813670253, 'drop_out_rate_0': 0.22447686728689958, 'drop_out_rate_1': 0.21667213963206017, 'drop_out_rate_2': 0.3137556803553805}. Best is trial 2 with value: 0.537.
[I 2026-08-29 19:07:44,056] Trial 9 finished with value: 0.514 and parameters: {'num_layer': 12, 'hidden_dim_0': 247, 'hidden_dim_1': 222, 'hidden_dim_2': 210, 'hidden_dim_3': 48, 'hidden_dim_4': 19, 'hidden_dim_5': 213, 'hidden_dim_6': 167, 'hidden_dim_7': 159, 'hidden_dim_8': 209, 'hidden_dim_9': 48, 'hidden_dim_10': 151, 'hidden_dim_11': 69, 'learning_rate': 1.276836800364554e-05, 'drop_out_rate_0': 0.1280050039585221, 'drop_out_rate_1': 0.41164988919896106, 'drop_out_rate_2': 0.2468747609407539, 'drop_out_rate_3': 0.32978020797991814, 'drop_out_rate_4': 0.26069640210192757, 'drop_out_rate_5': 0.17271221940729664, 'drop_out_rate_6': 0.24803085748288517, 'drop_out_rate_7': 0.37569316515694784, 'drop_out_rate_8': 0.27576667837691826, 'drop_out_rate_9': 0.21361890530074634, 'drop_out_rate_10': 0.22643327181532136, 'drop_out_rate_11': 0.4032192991982708}. Best is trial 2 with value: 0.537.
[I 2026-08-29 19:07:45,228] A new study created in memory with name: no-name-53ad0f23-b821-4bc9-b674-5c926d2d0fe1
[I 2026-08-29 19:07:50,185] Trial 0 finished with value: 0.494 and parameters: {'num_layer': 16, 'hidden_dim_0': 164, 'hidden_dim_1': 243, 'hidden_dim_2': 225, 'hidden_dim_3': 153, 'hidden_dim_4': 173, 'hidden_dim_5': 135, 'hidden_dim_6': 25, 'hidden_dim_7': 102, 'hidden_dim_8': 49, 'hidden_dim_9': 207, 'hidden_dim_10': 138, 'hidden_dim_11': 137, 'hidden_dim_12': 101, 'hidden_dim_13': 101, 'hidden_dim_14': 206, 'hidden_dim_15': 62, 'learning_rate': 0.0022663834217217537, 'drop_out_rate_0': 0.3691665269076886, 'drop_out_rate_1': 0.10160487973965192, 'drop_out_rate_2': 0.4481101089929761, 'drop_out_rate_3': 0.2200367865587292, 'drop_out_rate_4': 0.20134127965291576, 'drop_out_rate_5': 0.2773731426168696, 'drop_out_rate_6': 0.37057587492239485, 'drop_out_rate_7': 0.44325641124063464, 'drop_out_rate_8': 0.19845107817496263, 'drop_out_rate_9': 0.48840988479764336, 'drop_out_rate_10': 0.3953762844767441, 'drop_out_rate_11': 0.21110410314763822, 'drop_out_rate_12': 0.39932423380354354, 'drop_out_rate_13': 0.44658824899276506, 'drop_out_rate_14': 0.20165358225863805, 'drop_out_rate_15': 0.4062217257278299}. Best is trial 0 with value: 0.494.
[I 2026-08-29 19:07:56,442] Trial 1 finished with value: 0.492 and parameters: {'num_layer': 14, 'hidden_dim_0': 53, 'hidden_dim_1': 249, 'hidden_dim_2': 235, 'hidden_dim_3': 248, 'hidden_dim_4': 24, 'hidden_dim_5': 248, 'hidden_dim_6': 27, 'hidden_dim_7': 97, 'hidden_dim_8': 247, 'hidden_dim_9': 155, 'hidden_dim_10': 133, 'hidden_dim_11': 188, 'hidden_dim_12': 211, 'hidden_dim_13': 126, 'learning_rate': 0.003256907523636156, 'drop_out_rate_0': 0.4324990154152024, 'drop_out_rate_1': 0.32831069853018946, 'drop_out_rate_2': 0.31863721101400855, 'drop_out_rate_3': 0.23565381086830853, 'drop_out_rate_4': 0.2769480118614541, 'drop_out_rate_5': 0.14759300008920118, 'drop_out_rate_6': 0.42755010706738616, 'drop_out_rate_7': 0.4074935272010707, 'drop_out_rate_8': 0.2856986373263335, 'drop_out_rate_9': 0.31886994598325236, 'drop_out_rate_10': 0.22182085319184194, 'drop_out_rate_11': 0.44942917498613344, 'drop_out_rate_12': 0.2132039320734153, 'drop_out_rate_13': 0.3341938365893691}. Best is trial 0 with value: 0.494.
[I 2026-08-29 19:08:03,571] Trial 2 finished with value: 0.497 and parameters: {'num_layer': 7, 'hidden_dim_0': 254, 'hidden_dim_1': 49, 'hidden_dim_2': 136, 'hidden_dim_3': 137, 'hidden_dim_4': 97, 'hidden_dim_5': 183, 'hidden_dim_6': 139, 'learning_rate': 2.298025816316979e-05, 'drop_out_rate_0': 0.177117321141125, 'drop_out_rate_1': 0.14639929831606185, 'drop_out_rate_2': 0.2010936545925978, 'drop_out_rate_3': 0.11818902666362013, 'drop_out_rate_4': 0.33773826727949224, 'drop_out_rate_5': 0.30395037673447456, 'drop_out_rate_6': 0.4763330332263881}. Best is trial 2 with value: 0.497.
[I 2026-08-29 19:08:12,116] Trial 3 finished with value: 0.496 and parameters: {'num_layer': 4, 'hidden_dim_0': 172, 'hidden_dim_1': 170, 'hidden_dim_2': 19, 'hidden_dim_3': 145, 'learning_rate': 1.0128818255389246e-05, 'drop_out_rate_0': 0.38068880115425197, 'drop_out_rate_1': 0.38316787248886286, 'drop_out_rate_2': 0.1481846967963798, 'drop_out_rate_3': 0.3672284531207115}. Best is trial 2 with value: 0.497.
[I 2026-08-29 19:08:18,820] Trial 4 finished with value: 0.509 and parameters: {'num_layer': 3, 'hidden_dim_0': 107, 'hidden_dim_1': 206, 'hidden_dim_2': 49, 'learning_rate': 1.474684983224313e-05, 'drop_out_rate_0': 0.388116050380529, 'drop_out_rate_1': 0.16954483538093426, 'drop_out_rate_2': 0.20830253576569074}. Best is trial 4 with value: 0.509.
[I 2026-08-29 19:08:22,453] Trial 5 finished with value: 0.489 and parameters: {'num_layer': 18, 'hidden_dim_0': 234, 'hidden_dim_1': 53, 'hidden_dim_2': 58, 'hidden_dim_3': 104, 'hidden_dim_4': 234, 'hidden_dim_5': 53, 'hidden_dim_6': 70, 'hidden_dim_7': 179, 'hidden_dim_8': 32, 'hidden_dim_9': 208, 'hidden_dim_10': 45, 'hidden_dim_11': 194, 'hidden_dim_12': 62, 'hidden_dim_13': 223, 'hidden_dim_14': 219, 'hidden_dim_15': 158, 'hidden_dim_16': 160, 'hidden_dim_17': 226, 'learning_rate': 0.005971482228851993, 'drop_out_rate_0': 0.27878886541496195, 'drop_out_rate_1': 0.23066049736441854, 'drop_out_rate_2': 0.11021085023482297, 'drop_out_rate_3': 0.3363003883932847, 'drop_out_rate_4': 0.40791292131628365, 'drop_out_rate_5': 0.2674915449760514, 'drop_out_rate_6': 0.2475436014094471, 'drop_out_rate_7': 0.40388317463101686, 'drop_out_rate_8': 0.19100915893466044, 'drop_out_rate_9': 0.25707237551134976, 'drop_out_rate_10': 0.4863021297345853, 'drop_out_rate_11': 0.28028427727371297, 'drop_out_rate_12': 0.3089684499824844, 'drop_out_rate_13': 0.4232441523448752, 'drop_out_rate_14': 0.17638049229524433, 'drop_out_rate_15': 0.19162748945777733, 'drop_out_rate_16': 0.12498777934302843, 'drop_out_rate_17': 0.10961523190905048}. Best is trial 4 with value: 0.509.
[I 2026-08-29 19:08:37,787] Trial 6 finished with value: 0.489 and parameters: {'num_layer': 2, 'hidden_dim_0': 35, 'hidden_dim_1': 140, 'learning_rate': 0.0003429028465406513, 'drop_out_rate_0': 0.3700635651691324, 'drop_out_rate_1': 0.3283766061418236}. Best is trial 4 with value: 0.509.
[I 2026-08-29 19:08:47,342] Trial 7 finished with value: 0.5 and parameters: {'num_layer': 18, 'hidden_dim_0': 132, 'hidden_dim_1': 185, 'hidden_dim_2': 132, 'hidden_dim_3': 94, 'hidden_dim_4': 56, 'hidden_dim_5': 193, 'hidden_dim_6': 21, 'hidden_dim_7': 33, 'hidden_dim_8': 235, 'hidden_dim_9': 197, 'hidden_dim_10': 26, 'hidden_dim_11': 170, 'hidden_dim_12': 109, 'hidden_dim_13': 217, 'hidden_dim_14': 99, 'hidden_dim_15': 175, 'hidden_dim_16': 62, 'hidden_dim_17': 105, 'learning_rate': 0.008178936294068602, 'drop_out_rate_0': 0.3135259151187316, 'drop_out_rate_1': 0.44694937499682785, 'drop_out_rate_2': 0.3349385214312338, 'drop_out_rate_3': 0.4589991238042276, 'drop_out_rate_4': 0.4065518879713832, 'drop_out_rate_5': 0.14462618979906622, 'drop_out_rate_6': 0.3169548264002673, 'drop_out_rate_7': 0.27896104144181094, 'drop_out_rate_8': 0.2672372694192371, 'drop_out_rate_9': 0.43056707746209444, 'drop_out_rate_10': 0.22471338600200413, 'drop_out_rate_11': 0.42812875329505007, 'drop_out_rate_12': 0.32934791672175046, 'drop_out_rate_13': 0.2777936549395388, 'drop_out_rate_14': 0.1961092192563837, 'drop_out_rate_15': 0.25036918788965634, 'drop_out_rate_16': 0.4797796742383066, 'drop_out_rate_17': 0.3950150705852141}. Best is trial 4 with value: 0.509.
[I 2026-08-29 19:08:53,413] Trial 8 finished with value: 0.501 and parameters: {'num_layer': 6, 'hidden_dim_0': 164, 'hidden_dim_1': 104, 'hidden_dim_2': 237, 'hidden_dim_3': 101, 'hidden_dim_4': 115, 'hidden_dim_5': 160, 'learning_rate': 1.9759969548701698e-05, 'drop_out_rate_0': 0.3528592280358932, 'drop_out_rate_1': 0.2768540920272582, 'drop_out_rate_2': 0.21171687310408355, 'drop_out_rate_3': 0.46649514461850217, 'drop_out_rate_4': 0.3548951161946965, 'drop_out_rate_5': 0.238706286163738}. Best is trial 4 with value: 0.509.
[I 2026-08-29 19:08:59,256] Trial 9 finished with value: 0.534 and parameters: {'num_layer': 12, 'hidden_dim_0': 20, 'hidden_dim_1': 187, 'hidden_dim_2': 253, 'hidden_dim_3': 208, 'hidden_dim_4': 29, 'hidden_dim_5': 129, 'hidden_dim_6': 43, 'hidden_dim_7': 29, 'hidden_dim_8': 186, 'hidden_dim_9': 153, 'hidden_dim_10': 59, 'hidden_dim_11': 103, 'learning_rate': 0.007132575209897287, 'drop_out_rate_0': 0.13494148057399225, 'drop_out_rate_1': 0.21948826576252023, 'drop_out_rate_2': 0.30944274695345625, 'drop_out_rate_3': 0.24289942103366086, 'drop_out_rate_4': 0.269605185661575, 'drop_out_rate_5': 0.4413318522793862, 'drop_out_rate_6': 0.2544182552574131, 'drop_out_rate_7': 0.40824065928842534, 'drop_out_rate_8': 0.4868523218969092, 'drop_out_rate_9': 0.4016051768185743, 'drop_out_rate_10': 0.10005849520052408, 'drop_out_rate_11': 0.4256733241522702}. Best is trial 9 with value: 0.534.
[I 2026-08-29 19:09:40,846] A new study created in memory with name: no-name-1c8a58f8-96e3-44d3-9f10-f3d31135c40e
[I 2026-08-29 19:15:44,704] Trial 0 finished with value: 0.524 and parameters: {'num_layer': 2, 'hidden_dim_0': 49, 'hidden_dim_1': 249, 'learning_rate': 0.0013537713840545073, 'drop_out_rate_0': 0.48598600670585224, 'drop_out_rate_1': 0.10428548096969502}. Best is trial 0 with value: 0.524.
[I 2026-08-29 19:17:34,904] Trial 1 finished with value: 0.505 and parameters: {'num_layer': 16, 'hidden_dim_0': 214, 'hidden_dim_1': 234, 'hidden_dim_2': 20, 'hidden_dim_3': 203, 'hidden_dim_4': 182, 'hidden_dim_5': 23, 'hidden_dim_6': 120, 'hidden_dim_7': 70, 'hidden_dim_8': 232, 'hidden_dim_9': 209, 'hidden_dim_10': 125, 'hidden_dim_11': 87, 'hidden_dim_12': 51, 'hidden_dim_13': 220, 'hidden_dim_14': 194, 'hidden_dim_15': 54, 'learning_rate': 2.8080108104957724e-05, 'drop_out_rate_0': 0.42111557209992345, 'drop_out_rate_1': 0.4486991488496517, 'drop_out_rate_2': 0.4280104610521087, 'drop_out_rate_3': 0.2424836071806693, 'drop_out_rate_4': 0.3641481186239125, 'drop_out_rate_5': 0.3481391650089394, 'drop_out_rate_6': 0.3873186918530648, 'drop_out_rate_7': 0.35391811464401346, 'drop_out_rate_8': 0.12828404219858314, 'drop_out_rate_9': 0.26157318306710003, 'drop_out_rate_10': 0.30589146514186183, 'drop_out_rate_11': 0.44067137538265244, 'drop_out_rate_12': 0.4070623502978252, 'drop_out_rate_13': 0.22283562829783532, 'drop_out_rate_14': 0.39670394274300225, 'drop_out_rate_15': 0.2454319487850941}. Best is trial 0 with value: 0.524.
[I 2026-08-29 19:19:50,770] Trial 2 finished with value: 0.494 and parameters: {'num_layer': 13, 'hidden_dim_0': 250, 'hidden_dim_1': 146, 'hidden_dim_2': 86, 'hidden_dim_3': 129, 'hidden_dim_4': 219, 'hidden_dim_5': 248, 'hidden_dim_6': 68, 'hidden_dim_7': 126, 'hidden_dim_8': 168, 'hidden_dim_9': 233, 'hidden_dim_10': 158, 'hidden_dim_11': 160, 'hidden_dim_12': 127, 'learning_rate': 1.951963534039672e-05, 'drop_out_rate_0': 0.3491320080822607, 'drop_out_rate_1': 0.145534696117728, 'drop_out_rate_2': 0.15369595116059043, 'drop_out_rate_3': 0.43566028699863557, 'drop_out_rate_4': 0.43552847298305786, 'drop_out_rate_5': 0.2605159506136494, 'drop_out_rate_6': 0.4474920821796122, 'drop_out_rate_7': 0.3418225309684056, 'drop_out_rate_8': 0.13946466984590358, 'drop_out_rate_9': 0.4379953241647324, 'drop_out_rate_10': 0.18096381352576552, 'drop_out_rate_11': 0.4114036703591023, 'drop_out_rate_12': 0.13618430389509173}. Best is trial 0 with value: 0.524.
[I 2026-08-29 19:21:40,501] Trial 3 finished with value: 0.513 and parameters: {'num_layer': 20, 'hidden_dim_0': 201, 'hidden_dim_1': 82, 'hidden_dim_2': 167, 'hidden_dim_3': 84, 'hidden_dim_4': 170, 'hidden_dim_5': 95, 'hidden_dim_6': 24, 'hidden_dim_7': 119, 'hidden_dim_8': 71, 'hidden_dim_9': 51, 'hidden_dim_10': 75, 'hidden_dim_11': 91, 'hidden_dim_12': 142, 'hidden_dim_13': 180, 'hidden_dim_14': 73, 'hidden_dim_15': 223, 'hidden_dim_16': 18, 'hidden_dim_17': 102, 'hidden_dim_18': 104, 'hidden_dim_19': 217, 'learning_rate': 0.0007208600253144585, 'drop_out_rate_0': 0.33737251947933133, 'drop_out_rate_1': 0.49386960934492785, 'drop_out_rate_2': 0.23155448404307233, 'drop_out_rate_3': 0.2334799262425462, 'drop_out_rate_4': 0.3593232556270002, 'drop_out_rate_5': 0.40683366941992116, 'drop_out_rate_6': 0.2703185208110688, 'drop_out_rate_7': 0.23912525110340743, 'drop_out_rate_8': 0.17523341631143238, 'drop_out_rate_9': 0.485650816895391, 'drop_out_rate_10': 0.2150365018135057, 'drop_out_rate_11': 0.2100613537212823, 'drop_out_rate_12': 0.3215226343741223, 'drop_out_rate_13': 0.3929385479594971, 'drop_out_rate_14': 0.3699436686522394, 'drop_out_rate_15': 0.2491971894137639, 'drop_out_rate_16': 0.23070073748164002, 'drop_out_rate_17': 0.2557988148688678, 'drop_out_rate_18': 0.26988029907016753, 'drop_out_rate_19': 0.3319236461730163}. Best is trial 0 with value: 0.524.
[I 2026-08-29 19:24:03,734] Trial 4 finished with value: 0.51 and parameters: {'num_layer': 13, 'hidden_dim_0': 254, 'hidden_dim_1': 104, 'hidden_dim_2': 106, 'hidden_dim_3': 115, 'hidden_dim_4': 242, 'hidden_dim_5': 125, 'hidden_dim_6': 83, 'hidden_dim_7': 236, 'hidden_dim_8': 65, 'hidden_dim_9': 38, 'hidden_dim_10': 28, 'hidden_dim_11': 222, 'hidden_dim_12': 216, 'learning_rate': 0.00010835943501348609, 'drop_out_rate_0': 0.30478505200607775, 'drop_out_rate_1': 0.4783840069108334, 'drop_out_rate_2': 0.3512601432926933, 'drop_out_rate_3': 0.19363422497155508, 'drop_out_rate_4': 0.18059060384869696, 'drop_out_rate_5': 0.37102821057445534, 'drop_out_rate_6': 0.14300925413104998, 'drop_out_rate_7': 0.22474264493597726, 'drop_out_rate_8': 0.3515788586018519, 'drop_out_rate_9': 0.2096785999560381, 'drop_out_rate_10': 0.31133275535531557, 'drop_out_rate_11': 0.1570936728505263, 'drop_out_rate_12': 0.11416534888618363}. Best is trial 0 with value: 0.524.
[I 2026-08-29 19:31:34,542] Trial 5 finished with value: 0.524 and parameters: {'num_layer': 1, 'hidden_dim_0': 145, 'learning_rate': 0.00044617367643954117, 'drop_out_rate_0': 0.22386127999978422}. Best is trial 0 with value: 0.524.
