[I 2026-08-27 02:55:40,838] Trial 9 finished with value: 0.524 and parameters: {'num_layer': 1, 'hidden_dim_0': 210, 'learning_rate': 0.0034572047629940505, 'drop_out_rate_0': 0.11063881641195811}. Best is trial 5 with value: 0.525.
Using GPU: cuda:1 (utilization=0%, free_mem=11260MiB)
Train data path /home/minhn2/uiuc-kidney-failure/generated_data/rep1/egfr_ti_train_data.csv
Test data path /home/minhn2/uiuc-kidney-failure/generated_data/rep1/egfr_ti_test_data.csv
Number of patients: test 6841 and train 27361
Number of records: test 6841 and train 27361
Loading from saved weights
C-Index on Test Data: 0.474
Integrated Brier Score Test: 0.57
Risk scores shape: (6841,)
First 10 risk scores: [-0.05981906 -0.05970863 -0.05982057 -0.05807529 -0.06061506 -0.05940301
 -0.0610926  -0.05956358 -0.06001833 -0.05994125]
y_train shape: (27361,)
y_test shape: (6841,)
Mean AUC: 0.461

Running FOUR_FEATURES DeepSurv model evaluation...
Using GPU: cuda:2 (utilization=0%, free_mem=11260MiB)
Train data path /home/minhn2/uiuc-kidney-failure/generated_data/rep1/four_features_train_data.csv
Test data path /home/minhn2/uiuc-kidney-failure/generated_data/rep1/four_features_test_data.csv
Number of patients: test 562 and train 2247
Number of records: test 5511 and train 21318
get_last_observation_data(ExperimentScenario.FOUR_FEATURES): train 21318 rows/2247 subjects -> 2247 rows; test 5511 rows/562 subjects -> 562 rows
Running Optuna hyperparameter optimization
Using GPU: cuda:2 (utilization=0%, free_mem=11260MiB)
Epoch 1/50
Average Loss: 1009.4839952256945
Epoch 2/50
Average Loss: 985.9563937717014
Epoch 3/50
Average Loss: 973.245863172743
Epoch 4/50
Average Loss: 967.9910956488716
Epoch 5/50
Average Loss: 967.8319837782118
Epoch 6/50
Average Loss: 969.0719875759548
Patience Counter: 1
Epoch 7/50
Average Loss: 966.8560791015625
Epoch 8/50
Average Loss: 967.7768351236979
Patience Counter: 1
Epoch 9/50
Average Loss: 968.5469224717882
Patience Counter: 2
Epoch 10/50
Average Loss: 967.9320407443577
Patience Counter: 3
Epoch 11/50
Average Loss: 969.2053629557291
Patience Counter: 4
Epoch 12/50
Average Loss: 967.2674628363716
Patience Counter: 5
Early stopping triggered
C-Index Data: 0.534
No existing model found, saving current model with C-index: 0.5340
Using GPU: cuda:3 (utilization=0%, free_mem=11260MiB)
Epoch 1/50
Average Loss: 967.5400933159722
Epoch 2/50
Average Loss: 967.0165269639757
Epoch 3/50
Average Loss: 967.5541653103298
Patience Counter: 1
Epoch 4/50
Average Loss: 967.3907877604166
Patience Counter: 2
Epoch 5/50
Average Loss: 967.4162258572048
Patience Counter: 3
Epoch 6/50
Average Loss: 967.3928629557291
Patience Counter: 4
Epoch 7/50
Average Loss: 966.6790974934896
Epoch 8/50
Average Loss: 967.4270426432291
Patience Counter: 1
Epoch 9/50
Average Loss: 967.3133816189236
Patience Counter: 2
Epoch 10/50
Average Loss: 967.6001383463541
Patience Counter: 3
Epoch 11/50
Average Loss: 967.3298136393229
Patience Counter: 4
Epoch 12/50
Average Loss: 966.6751776801216
Epoch 13/50
Average Loss: 967.4814927842882
Patience Counter: 1
Epoch 14/50
Average Loss: 967.650377061632
Patience Counter: 2
Epoch 15/50
Average Loss: 967.3357747395834
Patience Counter: 3
Epoch 16/50
Average Loss: 967.4950629340278
Patience Counter: 4
Epoch 17/50
Average Loss: 967.2388102213541
Patience Counter: 5
Early stopping triggered
C-Index Data: 0.49
C-Index Data: 0.534
Current trial C-index: 0.4900, Previously saved model C-index: 0.5340
Using GPU: cuda:4 (utilization=0%, free_mem=11260MiB)
Epoch 1/50
Average Loss: 967.3281453450521
Epoch 2/50
Average Loss: 967.9290161132812
Patience Counter: 1
Epoch 3/50
Average Loss: 967.885484483507
Patience Counter: 2
Epoch 4/50
Average Loss: 968.2152031792534
Patience Counter: 3
Epoch 5/50
Average Loss: 968.1427612304688
Patience Counter: 4
Epoch 6/50
Average Loss: 967.7108629014757
Patience Counter: 5
Early stopping triggered
C-Index Data: 0.492
C-Index Data: 0.534
Current trial C-index: 0.4920, Previously saved model C-index: 0.5340
Using GPU: cuda:5 (utilization=0%, free_mem=11260MiB)
Epoch 1/50
Average Loss: 966.8448079427084
Epoch 2/50
Average Loss: 967.7890828450521
Patience Counter: 1
Epoch 3/50
Average Loss: 967.5652465820312
Patience Counter: 2
Epoch 4/50
Average Loss: 967.3508775499132
Patience Counter: 3
Epoch 5/50
Average Loss: 967.2508884006077
Patience Counter: 4
Epoch 6/50
Average Loss: 967.4198065863716
Patience Counter: 5
Early stopping triggered
C-Index Data: 0.491
C-Index Data: 0.534
Current trial C-index: 0.4910, Previously saved model C-index: 0.5340
Using GPU: cuda:6 (utilization=0%, free_mem=11260MiB)
Epoch 1/50
Average Loss: 31273.090711805555
Epoch 2/50
Average Loss: 5400.721164279514
Epoch 3/50
Average Loss: 4880.319688585069
Epoch 4/50
Average Loss: 4236.536295572917
Epoch 5/50
Average Loss: 4574.909939236111
Patience Counter: 1
Epoch 6/50
Average Loss: 4073.15478515625
Epoch 7/50
Average Loss: 3851.5965440538193
Epoch 8/50
Average Loss: 3738.874565972222
Epoch 9/50
Average Loss: 3220.875434027778
Epoch 10/50
Average Loss: 2875.3387315538193
Epoch 11/50
Average Loss: 2672.899509006076
Epoch 12/50
Average Loss: 2800.4099392361113
Patience Counter: 1
Epoch 13/50
Average Loss: 2590.795505099826
Epoch 14/50
Average Loss: 2432.067125108507
Epoch 15/50
Average Loss: 2218.1319037543403
Epoch 16/50
Average Loss: 2516.72021484375
Patience Counter: 1
Epoch 17/50
Average Loss: 2245.5643174913193
Patience Counter: 2
Epoch 18/50
Average Loss: 2469.971177842882
Patience Counter: 3
Epoch 19/50
Average Loss: 2068.6868353949653
Epoch 20/50
Average Loss: 2051.9292263454863
Epoch 21/50
Average Loss: 1985.2088216145833
Epoch 22/50
Average Loss: 1747.9818793402778
Epoch 23/50
Average Loss: 2232.9258490668403
Patience Counter: 1
Epoch 24/50
Average Loss: 1606.0366346571182
Epoch 25/50
Average Loss: 1733.7662082248264
Patience Counter: 1
Epoch 26/50
Average Loss: 1802.3304850260417
Patience Counter: 2
Epoch 27/50
Average Loss: 1574.2849799262153
Epoch 28/50
Average Loss: 2122.1965603298613
Patience Counter: 1
Epoch 29/50
Average Loss: 2099.297064887153
Patience Counter: 2
Epoch 30/50
Average Loss: 1684.8706597222222
Patience Counter: 3
Epoch 31/50
Average Loss: 1612.5673014322917
Patience Counter: 4
Epoch 32/50
Average Loss: 1831.7313096788193
Patience Counter: 5
Early stopping triggered
C-Index Data: 0.498
C-Index Data: 0.534
Current trial C-index: 0.4980, Previously saved model C-index: 0.5340
Using GPU: cuda:2 (utilization=0%, free_mem=11014MiB)
Epoch 1/50
Average Loss: 967.391859266493
Epoch 2/50
Average Loss: 967.6851738823784
Patience Counter: 1
Epoch 3/50
Average Loss: 973.8005303276909
Patience Counter: 2
Epoch 4/50
Average Loss: 968.0064290364584
Patience Counter: 3
Epoch 5/50
Average Loss: 966.8679606119791
Epoch 6/50
Average Loss: 967.4309828016493
Patience Counter: 1
Epoch 7/50
Average Loss: 967.8553195529514
Patience Counter: 2
Epoch 8/50
Average Loss: 967.1515028211805
Patience Counter: 3
Epoch 9/50
Average Loss: 967.5478719075521
Patience Counter: 4
Epoch 10/50
Average Loss: 967.3528917100695
Patience Counter: 5
Early stopping triggered
C-Index Data: 0.492
C-Index Data: 0.534
Current trial C-index: 0.4920, Previously saved model C-index: 0.5340
Using GPU: cuda:6 (utilization=0%, free_mem=11016MiB)
Epoch 1/50
Average Loss: 991.7271321614584
Epoch 2/50
Average Loss: 1007.8132798936632
Patience Counter: 1
Epoch 3/50
Average Loss: 1059.9615071614583
Patience Counter: 2
Epoch 4/50
Average Loss: 1020.7029690212673
Patience Counter: 3
Epoch 5/50
Average Loss: 990.7448798285591
Epoch 6/50
Average Loss: 1066.642306857639
Patience Counter: 1
Epoch 7/50
Average Loss: 1021.5479193793403
Patience Counter: 2
Epoch 8/50
Average Loss: 1085.712693956163
Patience Counter: 3
Epoch 9/50
Average Loss: 1011.5196194118923
Patience Counter: 4
Epoch 10/50
Average Loss: 981.0391710069445
Epoch 11/50
Average Loss: 980.8941650390625
Epoch 12/50
Average Loss: 978.2988009982639
Epoch 13/50
Average Loss: 985.3653835720486
Patience Counter: 1
Epoch 14/50
Average Loss: 975.1029391818577
Epoch 15/50
Average Loss: 994.2662624782986
Patience Counter: 1
Epoch 16/50
Average Loss: 977.8261379665798
Patience Counter: 2
Epoch 17/50
Average Loss: 995.607421875
Patience Counter: 3
Epoch 18/50
Average Loss: 988.5447591145834
Patience Counter: 4
Epoch 19/50
Average Loss: 1018.8594835069445
Patience Counter: 5
Early stopping triggered
C-Index Data: 0.541
C-Index Data: 0.534
Current trial C-index: 0.5410, Previously saved model C-index: 0.5340
Current model performs better, saving it...
Using GPU: cuda:3 (utilization=0%, free_mem=11014MiB)
Epoch 1/50
Average Loss: 1920.8016899956597
Epoch 2/50
Average Loss: 979.4351806640625
Epoch 3/50
Average Loss: 970.3662855360243
Epoch 4/50
Average Loss: 968.4310370551216
Epoch 5/50
Average Loss: 969.6847873263889
Patience Counter: 1
Epoch 6/50
Average Loss: 968.0155978732639
Epoch 7/50
Average Loss: 967.3026665581597
Epoch 8/50
Average Loss: 967.9794040256077
Patience Counter: 1
Epoch 9/50
Average Loss: 967.6781751844618
Patience Counter: 2
Epoch 10/50
Average Loss: 967.7490573459202
Patience Counter: 3
Epoch 11/50
Average Loss: 967.6025119357639
Patience Counter: 4
Epoch 12/50
Average Loss: 966.5885213216146
Epoch 13/50
Average Loss: 967.5774807400173
Patience Counter: 1
Epoch 14/50
Average Loss: 967.5808648003472
Patience Counter: 2
Epoch 15/50
Average Loss: 968.0244344075521
Patience Counter: 3
Epoch 16/50
Average Loss: 967.3501858181423
Patience Counter: 4
Epoch 17/50
Average Loss: 967.274183485243
Patience Counter: 5
Early stopping triggered
C-Index Data: 0.538
C-Index Data: 0.541
Current trial C-index: 0.5380, Previously saved model C-index: 0.5410
Using GPU: cuda:6 (utilization=0%, free_mem=11014MiB)
Epoch 1/50
Average Loss: 7353.683702256944
Epoch 2/50
Average Loss: 4389.375135633681
Epoch 3/50
Average Loss: 4291.460611979167
Epoch 4/50
Average Loss: 3576.8249240451387
Epoch 5/50
Average Loss: 4708.067708333333
Patience Counter: 1
Epoch 6/50
Average Loss: 4078.1912706163193
Patience Counter: 2
Epoch 7/50
Average Loss: 3585.743842230903
Patience Counter: 3
Epoch 8/50
Average Loss: 3440.2138943142363
Epoch 9/50
Average Loss: 3314.9280870225693
Epoch 10/50
Average Loss: 4123.311876085069
Patience Counter: 1
Epoch 11/50
Average Loss: 3346.8758680555557
Patience Counter: 2
Epoch 12/50
Average Loss: 3716.105943467882
Patience Counter: 3
Epoch 13/50
Average Loss: 3548.5346950954863
Patience Counter: 4
Epoch 14/50
Average Loss: 3193.1757541232637
Epoch 15/50
Average Loss: 3018.537841796875
Epoch 16/50
Average Loss: 3276.7797580295137
Patience Counter: 1
Epoch 17/50
Average Loss: 3408.6534016927085
Patience Counter: 2
Epoch 18/50
Average Loss: 3820.179741753472
Patience Counter: 3
Epoch 19/50
Average Loss: 3752.7989366319443
Patience Counter: 4
Epoch 20/50
Average Loss: 3259.5349934895835
Patience Counter: 5
Early stopping triggered
C-Index Data: 0.486
C-Index Data: 0.541
Current trial C-index: 0.4860, Previously saved model C-index: 0.5410
Using GPU: cuda:3 (utilization=0%, free_mem=11012MiB)
Epoch 1/50
Average Loss: 966.6713392469618
Epoch 2/50
Average Loss: 969.1451619466146
Patience Counter: 1
Epoch 3/50
Average Loss: 967.622816297743
Patience Counter: 2
Epoch 4/50
Average Loss: 967.6891276041666
Patience Counter: 3
Epoch 5/50
Average Loss: 967.819091796875
Patience Counter: 4
Epoch 6/50
Average Loss: 967.0958048502604
Patience Counter: 5
Early stopping triggered
C-Index Data: 0.502
C-Index Data: 0.541
Current trial C-index: 0.5020, Previously saved model C-index: 0.5410
Number of finished trials:  10
Best trial:
Best hyperparameters: {'num_layer': 9, 'hidden_dim_0': 38, 'hidden_dim_1': 76, 'hidden_dim_2': 148, 'hidden_dim_3': 160, 'hidden_dim_4': 18, 'hidden_dim_5': 90, 'hidden_dim_6': 254, 'hidden_dim_7': 183, 'hidden_dim_8': 195, 'learning_rate': 1.4375357473051826e-05, 'drop_out_rate_0': 0.2519876880170441, 'drop_out_rate_1': 0.405901927786944, 'drop_out_rate_2': 0.3237018898285645, 'drop_out_rate_3': 0.12076194811259114, 'drop_out_rate_4': 0.10071497377490202, 'drop_out_rate_5': 0.3756086869052008, 'drop_out_rate_6': 0.19156622237991272, 'drop_out_rate_7': 0.2924192116976124, 'drop_out_rate_8': 0.3695622322664325}
C-Index on Test Data: 0.553
Warning: Could not compute Brier Score: time must be smaller than largest observed time point: 4216.413194444444
Mean AUC: 0.562

Running EIGHT_FEATURES DeepSurv model evaluation...
Using GPU: cuda:6 (utilization=0%, free_mem=11014MiB)
Train data path /home/minhn2/uiuc-kidney-failure/generated_data/rep1/eight_features_train_data.csv
Test data path /home/minhn2/uiuc-kidney-failure/generated_data/rep1/eight_features_test_data.csv
Number of patients: test 243 and train 970
Number of records: test 1100 and train 4307
get_last_observation_data(ExperimentScenario.EIGHT_FEATURES): train 4307 rows/970 subjects -> 970 rows; test 1100 rows/243 subjects -> 243 rows
Running Optuna hyperparameter optimization
Using GPU: cuda:6 (utilization=0%, free_mem=11014MiB)
Epoch 1/50
Average Loss: 7354.359588623047
Epoch 2/50
Average Loss: 3071.8961486816406
Epoch 3/50
Average Loss: 1704.0405883789062
Epoch 4/50
Average Loss: 1696.6913452148438
Epoch 5/50
Average Loss: 1903.6747741699219
Patience Counter: 1
Epoch 6/50
Average Loss: 1669.0931701660156
Epoch 7/50
Average Loss: 1524.8579711914062
Epoch 8/50
Average Loss: 1543.9129943847656
Patience Counter: 1
Epoch 9/50
Average Loss: 1470.2815551757812
Epoch 10/50
Average Loss: 2632.602752685547
Patience Counter: 1
Epoch 11/50
Average Loss: 1542.4140319824219
Patience Counter: 2
Epoch 12/50
Average Loss: 1447.4264526367188
Epoch 13/50
Average Loss: 1408.4554748535156
Epoch 14/50
Average Loss: 1293.7444763183594
Epoch 15/50
Average Loss: 1578.6564636230469
Patience Counter: 1
Epoch 16/50
Average Loss: 1455.9165649414062
Patience Counter: 2
Epoch 17/50
Average Loss: 1386.4065856933594
Patience Counter: 3
Epoch 18/50
Average Loss: 1645.9190673828125
Patience Counter: 4
Epoch 19/50
Average Loss: 1460.6226501464844
Patience Counter: 5
Early stopping triggered
C-Index Data: 0.508
No existing model found, saving current model with C-index: 0.5080
Using GPU: cuda:4 (utilization=0%, free_mem=11012MiB)
Epoch 1/50
Average Loss: 1671.4031219482422
Epoch 2/50
Average Loss: 938.2600555419922
Epoch 3/50
Average Loss: 937.9212646484375
Epoch 4/50
Average Loss: 937.7747039794922
Epoch 5/50
Average Loss: 936.6018981933594
Epoch 6/50
Average Loss: 936.7728118896484
Patience Counter: 1
Epoch 7/50
Average Loss: 936.9554901123047
Patience Counter: 2
Epoch 8/50
Average Loss: 936.7291259765625
Patience Counter: 3
Epoch 9/50
Average Loss: 936.8124389648438
Patience Counter: 4
Epoch 10/50
Average Loss: 936.8279266357422
Patience Counter: 5
Early stopping triggered
C-Index Data: 0.508
C-Index Data: 0.508
Current trial C-index: 0.5080, Previously saved model C-index: 0.5080
Using GPU: cuda:6 (utilization=0%, free_mem=11014MiB)
Epoch 1/50
Average Loss: 5363.486877441406
Epoch 2/50
Average Loss: 13572.44873046875
Patience Counter: 1
Epoch 3/50
Average Loss: 5278.4232177734375
Epoch 4/50
Average Loss: 3290.1935424804688
Epoch 5/50
Average Loss: 2162.8407287597656
Epoch 6/50
Average Loss: 1635.7160034179688
Epoch 7/50
Average Loss: 1316.2507019042969
Epoch 8/50
Average Loss: 1334.6829833984375
Patience Counter: 1
Epoch 9/50
Average Loss: 1258.66455078125
Epoch 10/50
Average Loss: 1065.6986846923828
Epoch 11/50
Average Loss: 998.0824279785156
Epoch 12/50
Average Loss: 954.2072448730469
Epoch 13/50
Average Loss: 1493.1580047607422
Patience Counter: 1
Epoch 14/50
Average Loss: 959.3903961181641
Patience Counter: 2
Epoch 15/50
Average Loss: 965.5442504882812
Patience Counter: 3
Epoch 16/50
Average Loss: 951.2942199707031
Epoch 17/50
Average Loss: 956.8383483886719
Patience Counter: 1
Epoch 18/50
Average Loss: 977.7723999023438
Patience Counter: 2
Epoch 19/50
Average Loss: 947.4419708251953
Epoch 20/50
Average Loss: 940.8696441650391
Epoch 21/50
Average Loss: 942.0984344482422
Patience Counter: 1
Epoch 22/50
Average Loss: 941.1924438476562
Patience Counter: 2
Epoch 23/50
Average Loss: 937.1514892578125
Epoch 24/50
Average Loss: 936.7789306640625
Epoch 25/50
Average Loss: 939.9644317626953
Patience Counter: 1
Epoch 26/50
Average Loss: 939.8572540283203
Patience Counter: 2
Epoch 27/50
Average Loss: 937.5618743896484
Patience Counter: 3
Epoch 28/50
Average Loss: 937.0133209228516
Patience Counter: 4
Epoch 29/50
Average Loss: 937.4967956542969
Patience Counter: 5
Early stopping triggered
C-Index Data: 0.5
C-Index Data: 0.508
Current trial C-index: 0.5000, Previously saved model C-index: 0.5080
Using GPU: cuda:4 (utilization=0%, free_mem=11012MiB)
Epoch 1/50
Average Loss: 28135.888427734375
Epoch 2/50
Average Loss: 9566.417236328125
Epoch 3/50
Average Loss: 11560.120361328125
Patience Counter: 1
Epoch 4/50
Average Loss: 13277.245361328125
Patience Counter: 2
Epoch 5/50
Average Loss: 11550.87841796875
Patience Counter: 3
Epoch 6/50
Average Loss: 17425.808227539062
Patience Counter: 4
Epoch 7/50
Average Loss: 8843.792358398438
Epoch 8/50
Average Loss: 9754.993286132812
Patience Counter: 1
Epoch 9/50
Average Loss: 6113.63916015625
Epoch 10/50
Average Loss: 6296.848388671875
Patience Counter: 1
Epoch 11/50
Average Loss: 4924.7197265625
Epoch 12/50
Average Loss: 4715.579345703125
Epoch 13/50
Average Loss: 4187.3258056640625
Epoch 14/50
Average Loss: 3728.5238037109375
Epoch 15/50
Average Loss: 4516.5814208984375
Patience Counter: 1
Epoch 16/50
Average Loss: 3696.0383911132812
Epoch 17/50
Average Loss: 3339.1399536132812
Epoch 18/50
Average Loss: 4726.909912109375
Patience Counter: 1
Epoch 19/50
Average Loss: 2734.0689697265625
Epoch 20/50
Average Loss: 2966.2863159179688
Patience Counter: 1
Epoch 21/50
Average Loss: 2554.606201171875
Epoch 22/50
Average Loss: 3051.573455810547
Patience Counter: 1
Epoch 23/50
Average Loss: 2638.1363830566406
Patience Counter: 2
Epoch 24/50
Average Loss: 2263.884490966797
Epoch 25/50
Average Loss: 2445.911651611328
Patience Counter: 1
Epoch 26/50
Average Loss: 1963.2897644042969
Epoch 27/50
Average Loss: 1984.4940490722656
Patience Counter: 1
Epoch 28/50
Average Loss: 2274.8810424804688
Patience Counter: 2
Epoch 29/50
Average Loss: 2211.622833251953
Patience Counter: 3
Epoch 30/50
Average Loss: 2170.8040771484375
Patience Counter: 4
Epoch 31/50
Average Loss: 2186.5437622070312
Patience Counter: 5
Early stopping triggered
C-Index Data: 0.504
C-Index Data: 0.508
Current trial C-index: 0.5040, Previously saved model C-index: 0.5080
Using GPU: cuda:6 (utilization=0%, free_mem=11014MiB)
Epoch 1/50
Average Loss: 4578.945251464844
Epoch 2/50
Average Loss: 3822.4881591796875
Epoch 3/50
Average Loss: 3164.478271484375
Epoch 4/50
Average Loss: 2255.7072143554688
Epoch 5/50
Average Loss: 1825.6789855957031
Epoch 6/50
Average Loss: 1527.7237243652344
Epoch 7/50
Average Loss: 2237.9671936035156
Patience Counter: 1
Epoch 8/50
Average Loss: 1506.531982421875
Epoch 9/50
Average Loss: 1513.6980285644531
Patience Counter: 1
Epoch 10/50
Average Loss: 2544.8475341796875
Patience Counter: 2
Epoch 11/50
Average Loss: 1977.5344848632812
Patience Counter: 3
Epoch 12/50
Average Loss: 1507.299072265625
Patience Counter: 4
Epoch 13/50
Average Loss: 1391.1960144042969
Epoch 14/50
Average Loss: 1478.06005859375
Patience Counter: 1
Epoch 15/50
Average Loss: 1461.6063232421875
Patience Counter: 2
Epoch 16/50
Average Loss: 1366.7090148925781
Epoch 17/50
Average Loss: 1544.2545776367188
Patience Counter: 1
Epoch 18/50
Average Loss: 1408.3763122558594
Patience Counter: 2
Epoch 19/50
Average Loss: 1309.3411254882812
Epoch 20/50
Average Loss: 1280.7356567382812
Epoch 21/50
Average Loss: 1234.1419067382812
Epoch 22/50
Average Loss: 1412.2636108398438
Patience Counter: 1
Epoch 23/50
Average Loss: 1346.9205322265625
Patience Counter: 2
Epoch 24/50
Average Loss: 1241.357162475586
Patience Counter: 3
Epoch 25/50
Average Loss: 1233.5785675048828
Epoch 26/50
Average Loss: 1272.818603515625
Patience Counter: 1
Epoch 27/50
Average Loss: 1400.2860565185547
Patience Counter: 2
Epoch 28/50
Average Loss: 1208.9837799072266
Epoch 29/50
Average Loss: 1264.551742553711
Patience Counter: 1
Epoch 30/50
Average Loss: 1185.477767944336
Epoch 31/50
Average Loss: 1207.513931274414
Patience Counter: 1
Epoch 32/50
Average Loss: 1204.5549011230469
Patience Counter: 2
Epoch 33/50
Average Loss: 1309.3932800292969
Patience Counter: 3
Epoch 34/50
Average Loss: 1244.0751037597656
Patience Counter: 4
Epoch 35/50
Average Loss: 1843.0751953125
Patience Counter: 5
Early stopping triggered
C-Index Data: 0.499
C-Index Data: 0.508
Current trial C-index: 0.4990, Previously saved model C-index: 0.5080
Using GPU: cuda:4 (utilization=0%, free_mem=11012MiB)
Epoch 1/50
Average Loss: 1475.4756469726562
Epoch 2/50
Average Loss: 1137.0487365722656
Epoch 3/50
Average Loss: 1069.2110595703125
Epoch 4/50
Average Loss: 1076.2639923095703
Patience Counter: 1
Epoch 5/50
Average Loss: 1098.0809478759766
Patience Counter: 2
Epoch 6/50
Average Loss: 1250.8960571289062
Patience Counter: 3
Epoch 7/50
Average Loss: 1031.2172546386719
Epoch 8/50
Average Loss: 1015.0450897216797
Epoch 9/50
Average Loss: 1012.9891357421875
Epoch 10/50
Average Loss: 1768.74267578125
Patience Counter: 1
Epoch 11/50
Average Loss: 1018.2378692626953
Patience Counter: 2
Epoch 12/50
Average Loss: 1017.4622497558594
Patience Counter: 3
Epoch 13/50
Average Loss: 1026.1591491699219
Patience Counter: 4
Epoch 14/50
Average Loss: 1008.9247436523438
Epoch 15/50
Average Loss: 993.9552307128906
Epoch 16/50
Average Loss: 1014.3976440429688
Patience Counter: 1
Epoch 17/50
Average Loss: 1087.4497680664062
Patience Counter: 2
Epoch 18/50
Average Loss: 980.0597076416016
Epoch 19/50
Average Loss: 974.9936828613281
Epoch 20/50
Average Loss: 998.7785034179688
Patience Counter: 1
Epoch 21/50
Average Loss: 982.8961029052734
Patience Counter: 2
Epoch 22/50
Average Loss: 985.6318359375
Patience Counter: 3
Epoch 23/50
Average Loss: 973.9478454589844
Epoch 24/50
Average Loss: 980.6874694824219
Patience Counter: 1
Epoch 25/50
Average Loss: 1032.5000305175781
Pa