Start time: Fri Aug 28 21:25:49 CDT 2026
[I 2026-08-28 21:25:56,553] A new study created in memory with name: no-name-4a648ba9-5ad0-431c-8bab-58a178bf1e8d
[I 2026-08-28 21:26:24,034] Trial 0 finished with value: 0.503 and parameters: {'num_layer': 5, 'hidden_dim_0': 245, 'hidden_dim_1': 47, 'hidden_dim_2': 239, 'hidden_dim_3': 203, 'hidden_dim_4': 170, 'learning_rate': 0.004643918671666406, 'drop_out_rate_0': 0.34916737527822583, 'drop_out_rate_1': 0.34105015192604743, 'drop_out_rate_2': 0.2486389833642226, 'drop_out_rate_3': 0.2744397607811687, 'drop_out_rate_4': 0.46950665393018554}. Best is trial 0 with value: 0.503.
[I 2026-08-28 21:26:35,562] Trial 1 finished with value: 0.496 and parameters: {'num_layer': 10, 'hidden_dim_0': 211, 'hidden_dim_1': 202, 'hidden_dim_2': 74, 'hidden_dim_3': 82, 'hidden_dim_4': 203, 'hidden_dim_5': 200, 'hidden_dim_6': 129, 'hidden_dim_7': 256, 'hidden_dim_8': 122, 'hidden_dim_9': 35, 'learning_rate': 0.00011365950964744327, 'drop_out_rate_0': 0.22772638535376868, 'drop_out_rate_1': 0.30931874783877433, 'drop_out_rate_2': 0.4899435825679399, 'drop_out_rate_3': 0.37082726017064915, 'drop_out_rate_4': 0.284090282978813, 'drop_out_rate_5': 0.437088701248857, 'drop_out_rate_6': 0.3671891685790921, 'drop_out_rate_7': 0.2555355418470814, 'drop_out_rate_8': 0.286429614331123, 'drop_out_rate_9': 0.10261603233885618}. Best is trial 0 with value: 0.503.
[I 2026-08-28 21:26:39,404] Trial 2 finished with value: 0.499 and parameters: {'num_layer': 19, 'hidden_dim_0': 26, 'hidden_dim_1': 242, 'hidden_dim_2': 173, 'hidden_dim_3': 233, 'hidden_dim_4': 110, 'hidden_dim_5': 163, 'hidden_dim_6': 104, 'hidden_dim_7': 180, 'hidden_dim_8': 30, 'hidden_dim_9': 40, 'hidden_dim_10': 110, 'hidden_dim_11': 65, 'hidden_dim_12': 41, 'hidden_dim_13': 94, 'hidden_dim_14': 201, 'hidden_dim_15': 52, 'hidden_dim_16': 146, 'hidden_dim_17': 160, 'hidden_dim_18': 150, 'learning_rate': 7.549322314579487e-05, 'drop_out_rate_0': 0.4821067389562361, 'drop_out_rate_1': 0.25164531548590596, 'drop_out_rate_2': 0.2508561950967335, 'drop_out_rate_3': 0.13301679589993753, 'drop_out_rate_4': 0.14920649803409877, 'drop_out_rate_5': 0.22809144541240522, 'drop_out_rate_6': 0.12955690122578406, 'drop_out_rate_7': 0.2611243260880812, 'drop_out_rate_8': 0.12584091178916545, 'drop_out_rate_9': 0.2387604784300074, 'drop_out_rate_10': 0.17667856615934707, 'drop_out_rate_11': 0.42519834799243517, 'drop_out_rate_12': 0.19097911497843897, 'drop_out_rate_13': 0.11662295558483105, 'drop_out_rate_14': 0.1747758679879145, 'drop_out_rate_15': 0.16823208858127586, 'drop_out_rate_16': 0.3828357736858813, 'drop_out_rate_17': 0.4279422829635433, 'drop_out_rate_18': 0.19945705469102148}. Best is trial 0 with value: 0.503.
[I 2026-08-28 21:26:49,138] Trial 3 finished with value: 0.494 and parameters: {'num_layer': 14, 'hidden_dim_0': 209, 'hidden_dim_1': 234, 'hidden_dim_2': 253, 'hidden_dim_3': 118, 'hidden_dim_4': 200, 'hidden_dim_5': 235, 'hidden_dim_6': 58, 'hidden_dim_7': 104, 'hidden_dim_8': 40, 'hidden_dim_9': 174, 'hidden_dim_10': 192, 'hidden_dim_11': 80, 'hidden_dim_12': 58, 'hidden_dim_13': 187, 'learning_rate': 0.0002656711841927544, 'drop_out_rate_0': 0.3252578654177637, 'drop_out_rate_1': 0.12286330046473554, 'drop_out_rate_2': 0.4551602089735457, 'drop_out_rate_3': 0.4191850740070402, 'drop_out_rate_4': 0.4900088369747543, 'drop_out_rate_5': 0.29269701017274397, 'drop_out_rate_6': 0.4271027217284834, 'drop_out_rate_7': 0.10467385595857209, 'drop_out_rate_8': 0.2475417356578502, 'drop_out_rate_9': 0.48414517134343305, 'drop_out_rate_10': 0.2351821192265201, 'drop_out_rate_11': 0.17713176347847548, 'drop_out_rate_12': 0.21486830522412906, 'drop_out_rate_13': 0.18842841475133168}. Best is trial 0 with value: 0.503.
[I 2026-08-28 21:26:56,588] Trial 4 finished with value: 0.5 and parameters: {'num_layer': 9, 'hidden_dim_0': 90, 'hidden_dim_1': 185, 'hidden_dim_2': 76, 'hidden_dim_3': 37, 'hidden_dim_4': 97, 'hidden_dim_5': 191, 'hidden_dim_6': 88, 'hidden_dim_7': 157, 'hidden_dim_8': 63, 'learning_rate': 0.005878845731092976, 'drop_out_rate_0': 0.20578182458797728, 'drop_out_rate_1': 0.3783827578114455, 'drop_out_rate_2': 0.21212663424962433, 'drop_out_rate_3': 0.18763677922851663, 'drop_out_rate_4': 0.36314125430298383, 'drop_out_rate_5': 0.23543366328837118, 'drop_out_rate_6': 0.3321616799496814, 'drop_out_rate_7': 0.3082991213195892, 'drop_out_rate_8': 0.15032696010019678}. Best is trial 0 with value: 0.503.
[I 2026-08-28 21:27:15,547] Trial 5 finished with value: 0.488 and parameters: {'num_layer': 3, 'hidden_dim_0': 137, 'hidden_dim_1': 40, 'hidden_dim_2': 221, 'learning_rate': 0.00013183379287294255, 'drop_out_rate_0': 0.36341523042425017, 'drop_out_rate_1': 0.3252642901028474, 'drop_out_rate_2': 0.24192488646874338}. Best is trial 0 with value: 0.503.
[I 2026-08-28 21:27:20,225] Trial 6 finished with value: 0.512 and parameters: {'num_layer': 19, 'hidden_dim_0': 167, 'hidden_dim_1': 25, 'hidden_dim_2': 214, 'hidden_dim_3': 241, 'hidden_dim_4': 190, 'hidden_dim_5': 113, 'hidden_dim_6': 157, 'hidden_dim_7': 244, 'hidden_dim_8': 185, 'hidden_dim_9': 39, 'hidden_dim_10': 198, 'hidden_dim_11': 131, 'hidden_dim_12': 209, 'hidden_dim_13': 78, 'hidden_dim_14': 144, 'hidden_dim_15': 32, 'hidden_dim_16': 184, 'hidden_dim_17': 103, 'hidden_dim_18': 66, 'learning_rate': 3.0418823820515395e-05, 'drop_out_rate_0': 0.41931172955755736, 'drop_out_rate_1': 0.2745511783840411, 'drop_out_rate_2': 0.10698087159615986, 'drop_out_rate_3': 0.3684292922259105, 'drop_out_rate_4': 0.4298743442316514, 'drop_out_rate_5': 0.2632065146606293, 'drop_out_rate_6': 0.2448714631584252, 'drop_out_rate_7': 0.24422673774087855, 'drop_out_rate_8': 0.4638672079071231, 'drop_out_rate_9': 0.4716165668845037, 'drop_out_rate_10': 0.3536649578422213, 'drop_out_rate_11': 0.14437178014728025, 'drop_out_rate_12': 0.14400343386895167, 'drop_out_rate_13': 0.1736911942942153, 'drop_out_rate_14': 0.195962319756765, 'drop_out_rate_15': 0.31187499056415763, 'drop_out_rate_16': 0.21952261963432618, 'drop_out_rate_17': 0.30416288928815566, 'drop_out_rate_18': 0.2483497717348081}. Best is trial 6 with value: 0.512.
[I 2026-08-28 21:27:29,707] Trial 7 finished with value: 0.532 and parameters: {'num_layer': 11, 'hidden_dim_0': 206, 'hidden_dim_1': 154, 'hidden_dim_2': 77, 'hidden_dim_3': 187, 'hidden_dim_4': 41, 'hidden_dim_5': 165, 'hidden_dim_6': 186, 'hidden_dim_7': 59, 'hidden_dim_8': 100, 'hidden_dim_9': 173, 'hidden_dim_10': 73, 'learning_rate': 8.964244562722232e-05, 'drop_out_rate_0': 0.1901171654850586, 'drop_out_rate_1': 0.4212974147614854, 'drop_out_rate_2': 0.22121409330196118, 'drop_out_rate_3': 0.21150714960802652, 'drop_out_rate_4': 0.4363550419514771, 'drop_out_rate_5': 0.38618965865228394, 'drop_out_rate_6': 0.31593356611439916, 'drop_out_rate_7': 0.30448701752234786, 'drop_out_rate_8': 0.3811770729957136, 'drop_out_rate_9': 0.33771298970110897, 'drop_out_rate_10': 0.1038357559678949}. Best is trial 7 with value: 0.532.
[I 2026-08-28 21:27:35,569] Trial 8 finished with value: 0.511 and parameters: {'num_layer': 16, 'hidden_dim_0': 151, 'hidden_dim_1': 68, 'hidden_dim_2': 215, 'hidden_dim_3': 22, 'hidden_dim_4': 201, 'hidden_dim_5': 85, 'hidden_dim_6': 83, 'hidden_dim_7': 183, 'hidden_dim_8': 119, 'hidden_dim_9': 35, 'hidden_dim_10': 229, 'hidden_dim_11': 96, 'hidden_dim_12': 176, 'hidden_dim_13': 202, 'hidden_dim_14': 230, 'hidden_dim_15': 190, 'learning_rate': 0.001650666896102546, 'drop_out_rate_0': 0.14562743153261906, 'drop_out_rate_1': 0.1730967136353566, 'drop_out_rate_2': 0.41699198931810466, 'drop_out_rate_3': 0.37243706215469263, 'drop_out_rate_4': 0.46192717990519316, 'drop_out_rate_5': 0.47427161775308835, 'drop_out_rate_6': 0.1647382350702737, 'drop_out_rate_7': 0.46139978536333737, 'drop_out_rate_8': 0.42907755231596, 'drop_out_rate_9': 0.3988378362412178, 'drop_out_rate_10': 0.371492767439477, 'drop_out_rate_11': 0.4512476180351027, 'drop_out_rate_12': 0.27918195489411535, 'drop_out_rate_13': 0.2613554410127473, 'drop_out_rate_14': 0.2921251506329753, 'drop_out_rate_15': 0.46269522287712594}. Best is trial 7 with value: 0.532.
[I 2026-08-28 21:27:40,519] Trial 9 finished with value: 0.515 and parameters: {'num_layer': 14, 'hidden_dim_0': 85, 'hidden_dim_1': 245, 'hidden_dim_2': 209, 'hidden_dim_3': 171, 'hidden_dim_4': 116, 'hidden_dim_5': 45, 'hidden_dim_6': 246, 'hidden_dim_7': 189, 'hidden_dim_8': 210, 'hidden_dim_9': 128, 'hidden_dim_10': 48, 'hidden_dim_11': 90, 'hidden_dim_12': 124, 'hidden_dim_13': 170, 'learning_rate': 0.0002771328476572715, 'drop_out_rate_0': 0.15493678582292283, 'drop_out_rate_1': 0.2460906256038455, 'drop_out_rate_2': 0.3970125468105915, 'drop_out_rate_3': 0.3783393644967904, 'drop_out_rate_4': 0.16983679238899688, 'drop_out_rate_5': 0.3838218952395842, 'drop_out_rate_6': 0.4904528077792577, 'drop_out_rate_7': 0.4057235726522205, 'drop_out_rate_8': 0.11793126929486548, 'drop_out_rate_9': 0.10719012056361535, 'drop_out_rate_10': 0.2611243352404764, 'drop_out_rate_11': 0.42137497813182156, 'drop_out_rate_12': 0.2696648371779363, 'drop_out_rate_13': 0.26177622009021584}. Best is trial 7 with value: 0.532.
[I 2026-08-28 21:27:40,881] A new study created in memory with name: no-name-43edf8fd-84c0-434a-9fbb-011eebbf857e
[I 2026-08-28 21:27:45,983] Trial 0 finished with value: 0.472 and parameters: {'num_layer': 9, 'hidden_dim_0': 96, 'hidden_dim_1': 81, 'hidden_dim_2': 142, 'hidden_dim_3': 124, 'hidden_dim_4': 71, 'hidden_dim_5': 19, 'hidden_dim_6': 197, 'hidden_dim_7': 92, 'hidden_dim_8': 35, 'learning_rate': 0.002258431524358734, 'drop_out_rate_0': 0.21698054472097442, 'drop_out_rate_1': 0.17285839446505302, 'drop_out_rate_2': 0.44869183895644116, 'drop_out_rate_3': 0.17093343263743743, 'drop_out_rate_4': 0.27157528547221355, 'drop_out_rate_5': 0.23989715549860846, 'drop_out_rate_6': 0.1589033765710192, 'drop_out_rate_7': 0.439067068264263, 'drop_out_rate_8': 0.2993164485700047}. Best is trial 0 with value: 0.472.
[I 2026-08-28 21:27:48,103] Trial 1 finished with value: 0.492 and parameters: {'num_layer': 14, 'hidden_dim_0': 194, 'hidden_dim_1': 56, 'hidden_dim_2': 246, 'hidden_dim_3': 230, 'hidden_dim_4': 164, 'hidden_dim_5': 154, 'hidden_dim_6': 108, 'hidden_dim_7': 78, 'hidden_dim_8': 88, 'hidden_dim_9': 117, 'hidden_dim_10': 142, 'hidden_dim_11': 79, 'hidden_dim_12': 58, 'hidden_dim_13': 50, 'learning_rate': 0.0005781878750788165, 'drop_out_rate_0': 0.4074601529021329, 'drop_out_rate_1': 0.12676443794255313, 'drop_out_rate_2': 0.3167866211754496, 'drop_out_rate_3': 0.45804021667510153, 'drop_out_rate_4': 0.21536211081397144, 'drop_out_rate_5': 0.13083125856457212, 'drop_out_rate_6': 0.3272773731200201, 'drop_out_rate_7': 0.3788868542855094, 'drop_out_rate_8': 0.20769733625672787, 'drop_out_rate_9': 0.22137941100370304, 'drop_out_rate_10': 0.16603166015035897, 'drop_out_rate_11': 0.10447742625448352, 'drop_out_rate_12': 0.2791795573881908, 'drop_out_rate_13': 0.2231800698596459}. Best is trial 1 with value: 0.492.
[I 2026-08-28 21:27:51,047] Trial 2 finished with value: 0.506 and parameters: {'num_layer': 20, 'hidden_dim_0': 83, 'hidden_dim_1': 228, 'hidden_dim_2': 214, 'hidden_dim_3': 213, 'hidden_dim_4': 61, 'hidden_dim_5': 168, 'hidden_dim_6': 32, 'hidden_dim_7': 51, 'hidden_dim_8': 239, 'hidden_dim_9': 248, 'hidden_dim_10': 203, 'hidden_dim_11': 187, 'hidden_dim_12': 253, 'hidden_dim_13': 16, 'hidden_dim_14': 17, 'hidden_dim_15': 128, 'hidden_dim_16': 141, 'hidden_dim_17': 75, 'hidden_dim_18': 161, 'hidden_dim_19': 76, 'learning_rate': 0.002213997057890152, 'drop_out_rate_0': 0.49339970516806864, 'drop_out_rate_1': 0.32428132049955916, 'drop_out_rate_2': 0.18540596994191946, 'drop_out_rate_3': 0.17509638470267738, 'drop_out_rate_4': 0.17836683883320925, 'drop_out_rate_5': 0.26201942864149974, 'drop_out_rate_6': 0.2712690628357406, 'drop_out_rate_7': 0.19701310105049508, 'drop_out_rate_8': 0.1797083354122312, 'drop_out_rate_9': 0.4119228899086824, 'drop_out_rate_10': 0.281575313214534, 'drop_out_rate_11': 0.40519618249723566, 'drop_out_rate_12': 0.30692252648262863, 'drop_out_rate_13': 0.27758754403946795, 'drop_out_rate_14': 0.31388683004104057, 'drop_out_rate_15': 0.44077465237548363, 'drop_out_rate_16': 0.1388565401425221, 'drop_out_rate_17': 0.41049513868659415, 'drop_out_rate_18': 0.34970597166860873, 'drop_out_rate_19': 0.2443219277821354}. Best is trial 2 with value: 0.506.
[I 2026-08-28 21:27:54,818] Trial 3 finished with value: 0.506 and parameters: {'num_layer': 15, 'hidden_dim_0': 81, 'hidden_dim_1': 241, 'hidden_dim_2': 197, 'hidden_dim_3': 254, 'hidden_dim_4': 168, 'hidden_dim_5': 232, 'hidden_dim_6': 105, 'hidden_dim_7': 114, 'hidden_dim_8': 120, 'hidden_dim_9': 28, 'hidden_dim_10': 68, 'hidden_dim_11': 121, 'hidden_dim_12': 101, 'hidden_dim_13': 219, 'hidden_dim_14': 111, 'learning_rate': 1.3880826927363548e-05, 'drop_out_rate_0': 0.35297397330525293, 'drop_out_rate_1': 0.3107776500862734, 'drop_out_rate_2': 0.447618915269822, 'drop_out_rate_3': 0.3867456267116025, 'drop_out_rate_4': 0.280989184183868, 'drop_out_rate_5': 0.21197662927917782, 'drop_out_rate_6': 0.30980091496057927, 'drop_out_rate_7': 0.22834471535008405, 'drop_out_rate_8': 0.30538969019925616, 'drop_out_rate_9': 0.4183723792063625, 'drop_out_rate_10': 0.18724262744732623, 'drop_out_rate_11': 0.2049862236000044, 'drop_out_rate_12': 0.45103376938475803, 'drop_out_rate_13': 0.376783319637675, 'drop_out_rate_14': 0.4762913766164334}. Best is trial 2 with value: 0.506.
[I 2026-08-28 21:27:57,844] Trial 4 finished with value: 0.515 and parameters: {'num_layer': 20, 'hidden_dim_0': 165, 'hidden_dim_1': 132, 'hidden_dim_2': 25, 'hidden_dim_3': 178, 'hidden_dim_4': 59, 'hidden_dim_5': 109, 'hidden_dim_6': 156, 'hidden_dim_7': 254, 'hidden_dim_8': 153, 'hidden_dim_9': 115, 'hidden_dim_10': 63, 'hidden_dim_11': 20, 'hidden_dim_12': 180, 'hidden_dim_13': 176, 'hidden_dim_14': 72, 'hidden_dim_15': 149, 'hidden_dim_16': 236, 'hidden_dim_17': 25, 'hidden_dim_18': 198, 'hidden_dim_19': 159, 'learning_rate': 0.006271699139736987, 'drop_out_rate_0': 0.3360325852369428, 'drop_out_rate_1': 0.25936038650610405, 'drop_out_rate_2': 0.39670044464914167, 'drop_out_rate_3': 0.16637448607147448, 'drop_out_rate_4': 0.3322134110263376, 'drop_out_rate_5': 0.12827885238363726, 'drop_out_rate_6': 0.25754600521083626, 'drop_out_rate_7': 0.3406934925629552, 'drop_out_rate_8': 0.2227161796019158, 'drop_out_rate_9': 0.48760776842645015, 'drop_out_rate_10': 0.229417267945402, 'drop_out_rate_11': 0.22574687469123933, 'drop_out_rate_12': 0.21689561705255775, 'drop_out_rate_13': 0.32933357944669883, 'drop_out_rate_14': 0.1874010722339039, 'drop_out_rate_15': 0.45176628488337867, 'drop_out_rate_16': 0.2856474193503323, 'drop_out_rate_17': 0.31081643502535494, 'drop_out_rate_18': 0.20454970499262495, 'drop_out_rate_19': 0.1639208480459099}. Best is trial 4 with value: 0.515.
[I 2026-08-28 21:28:00,558] Trial 5 finished with value: 0.507 and parameters: {'num_layer': 7, 'hidden_dim_0': 126, 'hidden_dim_1': 194, 'hidden_dim_2': 152, 'hidden_dim_3': 254, 'hidden_dim_4': 28, 'hidden_dim_5': 176, 'hidden_dim_6': 151, 'learning_rate': 8.039281541921053e-05, 'drop_out_rate_0': 0.35876100695205204, 'drop_out_rate_1': 0.23740456998526005, 'drop_out_rate_2': 0.2579908530797641, 'drop_out_rate_3': 0.15017105250460372, 'drop_out_rate_4': 0.3187294989135059, 'drop_out_rate_5': 0.31454984931581387, 'drop_out_rate_6': 0.2287373348368917}. Best is trial 4 with value: 0.515.
[I 2026-08-28 21:28:03,389] Trial 6 finished with value: 0.498 and parameters: {'num_layer': 17, 'hidden_dim_0': 73, 'hidden_dim_1': 127, 'hidden_dim_2': 171, 'hidden_dim_3': 78, 'hidden_dim_4': 19, 'hidden_dim_5': 214, 'hidden_dim_6': 163, 'hidden_dim_7': 23, 'hidden_dim_8': 20, 'hidden_dim_9': 158, 'hidden_dim_10': 97, 'hidden_dim_11': 169, 'hidden_dim_12': 186, 'hidden_dim_13': 229, 'hidden_dim_14': 196, 'hidden_dim_15': 137, 'hidden_dim_16': 220, 'learning_rate': 0.00016563270067627154, 'drop_out_rate_0': 0.49713442311488076, 'drop_out_rate_1': 0.2513474833592962, 'drop_out_rate_2': 0.3907712129695594, 'drop_out_rate_3': 0.3123204038785967, 'drop_out_rate_4': 0.2733403105899733, 'drop_out_rate_5': 0.21947872632510157, 'drop_out_rate_6': 0.19213085084894216, 'drop_out_rate_7': 0.12749151651664434, 'drop_out_rate_8': 0.12678630654327452, 'drop_out_rate_9': 0.18826016742120377, 'drop_out_rate_10': 0.4851703525233938, 'drop_out_rate_11': 0.1977165451181182, 'drop_out_rate_12': 0.269885762842458, 'drop_out_rate_13': 0.4419784614095217, 'drop_out_rate_14': 0.41561425613172787, 'drop_out_rate_15': 0.4774632515893409, 'drop_out_rate_16': 0.41019559306198716}. Best is trial 4 with value: 0.515.
[I 2026-08-28 21:28:09,535] Trial 7 finished with value: 0.525 and parameters: {'num_layer': 6, 'hidden_dim_0': 123, 'hidden_dim_1': 190, 'hidden_dim_2': 71, 'hidden_dim_3': 160, 'hidden_dim_4': 191, 'hidden_dim_5': 115, 'learning_rate': 0.0043918062048237, 'drop_out_rate_0': 0.21052743269821242, 'drop_out_rate_1': 0.20515372474328986, 'drop_out_rate_2': 0.40333943115911763, 'drop_out_rate_3': 0.36035365390054597, 'drop_out_rate_4': 0.3237860748628324, 'drop_out_rate_5': 0.14350255224021016}. Best is trial 7 with value: 0.525.
[I 2026-08-28 21:28:13,545] Trial 8 finished with value: 0.499 and parameters: {'num_layer': 8, 'hidden_dim_0': 208, 'hidden_dim_1': 227, 'hidden_dim_2': 254, 'hidden_dim_3': 225, 'hidden_dim_4': 224, 'hidden_dim_5': 253, 'hidden_dim_6': 50, 'hidden_dim_7': 199, 'learning_rate': 7.17248652336788e-05, 'drop_out_rate_0': 0.27840221790251074, 'drop_out_rate_1': 0.24561752710274076, 'drop_out_rate_2': 0.4117670731293369, 'drop_out_rate_3': 0.19895079780322772, 'drop_out_rate_4': 0.2194085725046882, 'drop_out_rate_5': 0.4886597308860582, 'drop_out_rate_6': 0.43932976524202083, 'drop_out_rate_7': 0.11701817523983632}. Best is trial 7 with value: 0.525.
