[I 2026-08-29 19:42:46,957] Trial 9 finished with value: 0.52 and parameters: {'num_layer': 7, 'hidden_dim_0': 84, 'hidden_dim_1': 238, 'hidden_dim_2': 125, 'hidden_dim_3': 181, 'hidden_dim_4': 207, 'hidden_dim_5': 183, 'hidden_dim_6': 165, 'learning_rate': 1.9232722972719162e-05, 'drop_out_rate_0': 0.3342586358607539, 'drop_out_rate_1': 0.33588301028940526, 'drop_out_rate_2': 0.28739406783566906, 'drop_out_rate_3': 0.436470905403086, 'drop_out_rate_4': 0.3608697608920688, 'drop_out_rate_5': 0.1638424891283709, 'drop_out_rate_6': 0.485046077801746}. Best is trial 3 with value: 0.528.
Using GPU: cuda:3 (utilization=0%, free_mem=11260MiB)
Train data path /home/minhn2/uiuc-kidney-failure/generated_data/rep3/egfr_ti_train_data.csv
Test data path /home/minhn2/uiuc-kidney-failure/generated_data/rep3/egfr_ti_test_data.csv
Number of patients: test 6841 and train 27361
Number of records: test 6841 and train 27361
Loading from saved weights
C-Index on Test Data: 0.478
Integrated Brier Score Test: 0.502
Risk scores shape: (6841,)
First 10 risk scores: [-0.07680765  0.05641785 -0.00289914 -0.01884301 -0.04110087  0.0334812
  0.10082404 -0.01157985  0.02145205  0.09378278]
y_train shape: (27361,)
y_test shape: (6841,)
Mean AUC: 0.465

Running FOUR_FEATURES DeepSurv model evaluation...
Using GPU: cuda:5 (utilization=0%, free_mem=11260MiB)
Train data path /home/minhn2/uiuc-kidney-failure/generated_data/rep3/four_features_train_data.csv
Test data path /home/minhn2/uiuc-kidney-failure/generated_data/rep3/four_features_test_data.csv
Number of patients: test 562 and train 2247
Number of records: test 5511 and train 21318
get_last_observation_data(ExperimentScenario.FOUR_FEATURES): train 21318 rows/2247 subjects -> 2247 rows; test 5511 rows/562 subjects -> 562 rows
Running Optuna hyperparameter optimization
Using GPU: cuda:5 (utilization=0%, free_mem=11260MiB)
Epoch 1/50
Average Loss: 967.6483832465278
Epoch 2/50
Average Loss: 967.3531358506945
Epoch 3/50
Average Loss: 966.9904242621528
Epoch 4/50
Average Loss: 966.9075520833334
Epoch 5/50
Average Loss: 966.8752102322048
Epoch 6/50
Average Loss: 967.3847588433159
Patience Counter: 1
Epoch 7/50
Average Loss: 967.6475694444445
Patience Counter: 2
Epoch 8/50
Average Loss: 967.1338975694445
Patience Counter: 3
Epoch 9/50
Average Loss: 967.6014065212673
Patience Counter: 4
Epoch 10/50
Average Loss: 966.8871120876736
Patience Counter: 5
Early stopping triggered
C-Index Data: 0.52
No existing model found, saving current model with C-index: 0.5200
Using GPU: cuda:7 (utilization=0%, free_mem=11260MiB)
Epoch 1/50
Average Loss: 967.6219278971354
Epoch 2/50
Average Loss: 968.1073811848959
Patience Counter: 1
Epoch 3/50
Average Loss: 967.3962741427952
Epoch 4/50
Average Loss: 967.2738783094618
Epoch 5/50
Average Loss: 967.4746500651041
Patience Counter: 1
Epoch 6/50
Average Loss: 967.295884874132
Patience Counter: 2
Epoch 7/50
Average Loss: 967.6998358832466
Patience Counter: 3
Epoch 8/50
Average Loss: 966.8592664930555
Epoch 9/50
Average Loss: 967.4669460720486
Patience Counter: 1
Epoch 10/50
Average Loss: 966.6850789388021
Epoch 11/50
Average Loss: 967.6052313910591
Patience Counter: 1
Epoch 12/50
Average Loss: 967.2848917643229
Patience Counter: 2
Epoch 13/50
Average Loss: 967.9163886176216
Patience Counter: 3
Epoch 14/50
Average Loss: 967.8086140950521
Patience Counter: 4
Epoch 15/50
Average Loss: 966.8764919704861
Patience Counter: 5
Early stopping triggered
C-Index Data: 0.508
C-Index Data: 0.52
Current trial C-index: 0.5080, Previously saved model C-index: 0.5200
Using GPU: cuda:2 (utilization=0%, free_mem=10538MiB)
Epoch 1/50
Average Loss: 971.0187717013889
Epoch 2/50
Average Loss: 967.7138943142361
Epoch 3/50
Average Loss: 968.1234063042534
Patience Counter: 1
Epoch 4/50
Average Loss: 968.2884046766493
Patience Counter: 2
Epoch 5/50
Average Loss: 967.5300089518229
Epoch 6/50
Average Loss: 967.6478881835938
Patience Counter: 1
Epoch 7/50
Average Loss: 966.8622368706597
Epoch 8/50
Average Loss: 967.0796780056423
Patience Counter: 1
Epoch 9/50
Average Loss: 967.5299343532986
Patience Counter: 2
Epoch 10/50
Average Loss: 967.3739963107639
Patience Counter: 3
Epoch 11/50
Average Loss: 967.2921278211805
Patience Counter: 4
Epoch 12/50
Average Loss: 966.7689548068577
Epoch 13/50
Average Loss: 967.5491468641493
Patience Counter: 1
Epoch 14/50
Average Loss: 968.0656534830729
Patience Counter: 2
Epoch 15/50
Average Loss: 967.8856540256077
Patience Counter: 3
Epoch 16/50
Average Loss: 967.4685736762153
Patience Counter: 4
Epoch 17/50
Average Loss: 967.1239827473959
Patience Counter: 5
Early stopping triggered
C-Index Data: 0.5
C-Index Data: 0.52
Current trial C-index: 0.5000, Previously saved model C-index: 0.5200
Using GPU: cuda:6 (utilization=0%, free_mem=10574MiB)
Epoch 1/50
Average Loss: 1174.3129136827256
Epoch 2/50
Average Loss: 1178.894334581163
Patience Counter: 1
Epoch 3/50
Average Loss: 1089.2830607096355
Epoch 4/50
Average Loss: 1060.5678304036458
Epoch 5/50
Average Loss: 1110.9680718315972
Patience Counter: 1
Epoch 6/50
Average Loss: 1057.0250515407986
Epoch 7/50
Average Loss: 1139.240505642361
Patience Counter: 1
Epoch 8/50
Average Loss: 1037.114766438802
Epoch 9/50
Average Loss: 1050.3121880425347
Patience Counter: 1
Epoch 10/50
Average Loss: 1025.3057250976562
Epoch 11/50
Average Loss: 1066.7664252387153
Patience Counter: 1
Epoch 12/50
Average Loss: 1026.7512546115452
Patience Counter: 2
Epoch 13/50
Average Loss: 1023.916015625
Epoch 14/50
Average Loss: 1106.6947835286458
Patience Counter: 1
Epoch 15/50
Average Loss: 1017.8514607747396
Epoch 16/50
Average Loss: 1012.6936306423611
Epoch 17/50
Average Loss: 1016.1192830403646
Patience Counter: 1
Epoch 18/50
Average Loss: 1000.216539171007
Epoch 19/50
Average Loss: 1000.7619561089409
Patience Counter: 1
Epoch 20/50
Average Loss: 1001.7679511176216
Patience Counter: 2
Epoch 21/50
Average Loss: 1006.2162339952257
Patience Counter: 3
Epoch 22/50
Average Loss: 1004.3420952690972
Patience Counter: 4
Epoch 23/50
Average Loss: 993.2144368489584
Epoch 24/50
Average Loss: 992.0314737955729
Epoch 25/50
Average Loss: 993.2840304904514
Patience Counter: 1
Epoch 26/50
Average Loss: 991.0263468424479
Epoch 27/50
Average Loss: 1093.900370279948
Patience Counter: 1
Epoch 28/50
Average Loss: 986.716566297743
Epoch 29/50
Average Loss: 989.6855129665798
Patience Counter: 1
Epoch 30/50
Average Loss: 992.7008734809028
Patience Counter: 2
Epoch 31/50
Average Loss: 995.5701633029514
Patience Counter: 3
Epoch 32/50
Average Loss: 996.2171495225695
Patience Counter: 4
Epoch 33/50
Average Loss: 1025.152852376302
Patience Counter: 5
Early stopping triggered
C-Index Data: 0.493
C-Index Data: 0.52
Current trial C-index: 0.4930, Previously saved model C-index: 0.5200
Using GPU: cuda:5 (utilization=0%, free_mem=10568MiB)
Epoch 1/50
Average Loss: 1971.472195095486
Epoch 2/50
Average Loss: 2232.463134765625
Patience Counter: 1
Epoch 3/50
Average Loss: 1718.5819498697917
Epoch 4/50
Average Loss: 1849.885498046875
Patience Counter: 1
Epoch 5/50
Average Loss: 1723.9281548394097
Patience Counter: 2
Epoch 6/50
Average Loss: 2070.9133572048613
Patience Counter: 3
Epoch 7/50
Average Loss: 1759.1817491319443
Patience Counter: 4
Epoch 8/50
Average Loss: 1628.685574001736
Epoch 9/50
Average Loss: 1846.861545138889
Patience Counter: 1
Epoch 10/50
Average Loss: 1536.3711344401042
Epoch 11/50
Average Loss: 1507.4236789279514
Epoch 12/50
Average Loss: 2142.879150390625
Patience Counter: 1
Epoch 13/50
Average Loss: 1481.4184163411458
Epoch 14/50
Average Loss: 1481.6128879123264
Patience Counter: 1
Epoch 15/50
Average Loss: 1418.5862358940972
Epoch 16/50
Average Loss: 1409.9658881293403
Epoch 17/50
Average Loss: 1503.661404079861
Patience Counter: 1
Epoch 18/50
Average Loss: 1675.6851264105903
Patience Counter: 2
Epoch 19/50
Average Loss: 1395.3263346354167
Epoch 20/50
Average Loss: 1456.8487548828125
Patience Counter: 1
Epoch 21/50
Average Loss: 1368.110622829861
Epoch 22/50
Average Loss: 1412.0271809895833
Patience Counter: 1
Epoch 23/50
Average Loss: 1639.5354546440972
Patience Counter: 2
Epoch 24/50
Average Loss: 1357.1430257161458
Epoch 25/50
Average Loss: 1338.5514187282986
Epoch 26/50
Average Loss: 1347.1935356987847
Patience Counter: 1
Epoch 27/50
Average Loss: 1323.293206108941
Epoch 28/50
Average Loss: 1625.0075276692708
Patience Counter: 1
Epoch 29/50
Average Loss: 1284.123555501302
Epoch 30/50
Average Loss: 1327.4151882595486
Patience Counter: 1
Epoch 31/50
Average Loss: 1313.8167453342014
Patience Counter: 2
Epoch 32/50
Average Loss: 1386.664794921875
Patience Counter: 3
Epoch 33/50
Average Loss: 1346.086208767361
Patience Counter: 4
Epoch 34/50
Average Loss: 1273.7325100368923
Epoch 35/50
Average Loss: 1281.193827311198
Patience Counter: 1
Epoch 36/50
Average Loss: 1217.0191650390625
Epoch 37/50
Average Loss: 1201.0309041341145
Epoch 38/50
Average Loss: 1167.8263549804688
Epoch 39/50
Average Loss: 1232.0628051757812
Patience Counter: 1
Epoch 40/50
Average Loss: 1178.6130913628472
Patience Counter: 2
Epoch 41/50
Average Loss: 1441.0679253472222
Patience Counter: 3
Epoch 42/50
Average Loss: 1169.9623006184895
Patience Counter: 4
Epoch 43/50
Average Loss: 1266.7621731228298
Patience Counter: 5
Early stopping triggered
C-Index Data: 0.508
C-Index Data: 0.52
Current trial C-index: 0.5080, Previously saved model C-index: 0.5200
Using GPU: cuda:2 (utilization=0%, free_mem=8546MiB)
Epoch 1/50
Average Loss: 981.8699544270834
Epoch 2/50
Average Loss: 974.6253119574653
Epoch 3/50
Average Loss: 967.8646443684896
Epoch 4/50
Average Loss: 968.6858520507812
Patience Counter: 1
Epoch 5/50
Average Loss: 967.9546712239584
Patience Counter: 2
Epoch 6/50
Average Loss: 968.178480360243
Patience Counter: 3
Epoch 7/50
Average Loss: 967.6708713107639
Epoch 8/50
Average Loss: 967.4241536458334
Epoch 9/50
Average Loss: 967.0482381184896
Epoch 10/50
Average Loss: 967.6373155381945
Patience Counter: 1
Epoch 11/50
Average Loss: 967.7014838324653
Patience Counter: 2
Epoch 12/50
Average Loss: 967.3494127061632
Patience Counter: 3
Epoch 13/50
Average Loss: 968.9486897786459
Patience Counter: 4
Epoch 14/50
Average Loss: 967.6308661566841
Patience Counter: 5
Early stopping triggered
C-Index Data: 0.5
C-Index Data: 0.52
Current trial C-index: 0.5000, Previously saved model C-index: 0.5200
Using GPU: cuda:6 (utilization=5%, free_mem=10090MiB)
Epoch 1/50
Average Loss: 967.7479112413195
Epoch 2/50
Average Loss: 967.3413764105903
Epoch 3/50
Average Loss: 967.4811740451389
Patience Counter: 1
Epoch 4/50
Average Loss: 967.4625583224827
Patience Counter: 2
Epoch 5/50
Average Loss: 967.3268296983507
Epoch 6/50
Average Loss: 967.9937337239584
Patience Counter: 1
Epoch 7/50
Average Loss: 967.6307373046875
Patience Counter: 2
Epoch 8/50
Average Loss: 968.1818372938368
Patience Counter: 3
Epoch 9/50
Average Loss: 967.6695285373264
Patience Counter: 4
Epoch 10/50
Average Loss: 967.7958713107639
Patience Counter: 5
Early stopping triggered
C-Index Data: 0.509
C-Index Data: 0.52
Current trial C-index: 0.5090, Previously saved model C-index: 0.5200
Using GPU: cuda:5 (utilization=2%, free_mem=10344MiB)
Epoch 1/50
Average Loss: 968.5096638997396
Epoch 2/50
Average Loss: 967.478529188368
Epoch 3/50
Average Loss: 968.9716864691841
Patience Counter: 1
Epoch 4/50
Average Loss: 967.4225124782986
Epoch 5/50
Average Loss: 967.3144259982639
Epoch 6/50
Average Loss: 967.8626912434896
Patience Counter: 1
Epoch 7/50
Average Loss: 968.1909925672743
Patience Counter: 2
Epoch 8/50
Average Loss: 967.5411376953125
Patience Counter: 3
Epoch 9/50
Average Loss: 967.2400241427952
Epoch 10/50
Average Loss: 966.7143079969618
Epoch 11/50
Average Loss: 968.2542453342014
Patience Counter: 1
Epoch 12/50
Average Loss: 966.7743191189236
Patience Counter: 2
Epoch 13/50
Average Loss: 968.8115776909722
Patience Counter: 3
Epoch 14/50
Average Loss: 967.5406155056423
Patience Counter: 4
Epoch 15/50
Average Loss: 967.4962361653646
Patience Counter: 5
Early stopping triggered
C-Index Data: 0.522
C-Index Data: 0.52
Current trial C-index: 0.5220, Previously saved model C-index: 0.5200
Current model performs better, saving it...
Using GPU: cuda:6 (utilization=0%, free_mem=9570MiB)
Epoch 1/50
Average Loss: 168726.89409722222
Epoch 2/50
Average Loss: 192817.59114583334
Patience Counter: 1
Epoch 3/50
Average Loss: 125678.015625
Epoch 4/50
Average Loss: 129381.69791666667
Patience Counter: 1
Epoch 5/50
Average Loss: 120082.13802083333
Epoch 6/50
Average Loss: 114541.98524305556
Epoch 7/50
Average Loss: 111538.27777777778
Epoch 8/50
Average Loss: 86087.73524305556
Epoch 9/50
Average Loss: 90156.02886284722
Patience Counter: 1
Epoch 10/50
Average Loss: 48775.392578125
Epoch 11/50
Average Loss: 55022.60373263889
Patience Counter: 1
Epoch 12/50
Average Loss: 45219.208333333336
Epoch 13/50
Average Loss: 41876.303385416664
Epoch 14/50
Average Loss: 38001.78298611111
Epoch 15/50
Average Loss: 35976.343424479164
Epoch 16/50
Average Loss: 36811.03949652778
Patience Counter: 1
Epoch 17/50
Average Loss: 25477.624674479168
Epoch 18/50
Average Loss: 24591.301323784723
Epoch 19/50
Average Loss: 32021.989149305555
Patience Counter: 1
Epoch 20/50
Average Loss: 21210.440538194445
Epoch 21/50
Average Loss: 19806.566297743055
Epoch 22/50
Average Loss: 26668.410047743055
Patience Counter: 1
Epoch 23/50
Average Loss: 21689.95041232639
Patience Counter: 2
Epoch 24/50
Average Loss: 18074.276909722223
Epoch 25/50
Average Loss: 18463.789713541668
Patience Counter: 1
Epoch 26/50
Average Loss: 20517.060112847223
Patience Counter: 2
Epoch 27/50
Average Loss: 20443.209309895832
Patience Counter: 3
Epoch 28/50
Average Loss: 18317.962456597223
Patience Counter: 4
Epoch 29/50
Average Loss: 32213.7998046875
Patience Counter: 5
Early stopping triggered
C-Index Data: 0.482
C-Index Data: 0.522
Current trial C-index: 0.4820, Previously saved model C-index: 0.5220
Using GPU: cuda:2 (utilization=5%, free_mem=7072MiB)
Epoch 1/50
Average Loss: 981.7476874457466
Epoch 2/50
Average Loss: 970.9591200086805
Epoch 3/50
Average Loss: 968.1125420464409
Epoch 4/50
Average Loss: 967.4725206163195
Epoch 5/50
Average Loss: 967.5406697591146
Patience Counter: 1
Epoch 6/50
Average Loss: 969.1044921875
Patience Counter: 2
Epoch 7/50
Average Loss: 968.528564453125
Patience Counter: 3
Epoch 8/50
Average Loss: 966.5210435655382
Epoch 9/50
Average Loss: 966.9261745876736
Patience Counter: 1
Epoch 10/50
Average Loss: 967.7124226888021
Patience Counter: 2
Epoch 11/50
Average Loss: 967.2302517361111
Patience Counter: 3
Epoch 12/50
Average Loss: 967.8584798177084
Patience Counter: 4
Epoch 13/50
Average Loss: 967.3377482096354
Patience Counter: 5
Early stopping triggered
C-Index Data: 0.516
C-Index Data: 0.522
Current trial C-index: 0.5160, Previously saved model C-index: 0.5220
Number of finished trials:  10
Best trial:
Best hyperparameters: {'num_layer': 13, 'hidden_dim_0': 147, 'hidden_dim_1': 67, 'hidden_dim_2': 148, 'hidden_dim_3': 199, 'hidden_dim_4': 120, 'hidden_dim_5': 199, 'hidden_dim_6': 56, 'hidden_dim_7': 102, 'hidden_dim_8': 160, 'hidden_dim_9': 217, 'hidden_dim_10': 176, 'hidden_dim_11': 45, 'hidden_dim_12': 160, 'learning_rate': 0.001604690159420131, 'drop_out_rate_0': 0.3179833870827483, 'drop_out_rate_1': 0.3695578938548768, 'drop_out_rate_2': 0.32664658936053914, 'drop_out_rate_3': 0.2824530588951928, 'drop_out_rate_4': 0.31893184754045756, 'drop_out_rate_5': 0.4037920932904998, 'drop_out_rate_6': 0.2952099105148164, 'drop_out_rate_7': 0.43731221327026804, 'drop_out_rate_8': 0.4553969917358389, 'drop_out_rate_9': 0.4010455263134921, 'drop_out_rate_10': 0.49823728204344697, 'drop_out_rate_11': 0.4282789371564175, 'drop_out_rate_12': 0.20737645056324114}
C-Index on Test Data: 0.528
Warning: Could not compute Brier Score: time must be smaller than largest observed time point: 4216.413194444444
Mean AUC: 0.535

Running EIGHT_FEATURES DeepSurv model evaluation...
Using GPU: cuda:1 (utilization=0%, free_mem=8486MiB)
Train data path /home/minhn2/uiuc-kidney-failure/generated_data/rep3/eight_features_train_data.csv
Test data path /home/minhn2/uiuc-kidney-failure/generated_data/rep3/eight_features_test_data.csv
Number of patients: test 243 and train 970
Number of records: test 1100 and train 4307
get_last_observation_data(ExperimentScenario.EIGHT_FEATURES): train 4307 rows/970 subjects -> 970 rows; test 1100 rows/243 subjects -> 243 rows
Running Optuna hyperparameter optimization
Using GPU: cuda:1 (utilization=0%, free_mem=8486MiB)
Epoch 1/50
Average Loss: 937.6997375488281
Epoch 2/50
Average Loss: 938.3798217773438
Patience Counter: 1
Epoch 3/50
Average Loss: 937.8592834472656
Patience Counter: 2
Epoch 4/50
Average Loss: 937.7306671142578
Patience Counter: 3
Epoch 5/50
Average Loss: 936.8993225097656
Epoch 6/50
Average Loss: 1019.5828704833984
Patience Counter: 1
Epoch 7/50
Average Loss: 936.5503997802734
Epoch 8/50
Average Loss: 937.9501800537109
Patience Counter: 1
Epoch 9/50
Average Loss: 937.5852203369141
Patience Counter: 2
Epoch 10/50
Average Loss: 937.2342987060547
Patience Counter: 3
Epoch 11/50
Average Loss: 936.5572509765625
Patience Counter: 4
Epoch 12/50
Average Loss: 935.5295104980469
Epoch 13/50
Average Loss: 937.0574798583984
Patience Counter: 1
Epoch 14/50
Average Loss: 937.4933319091797
Patience Counter: 2
Epoch 15/50
Average Loss: 936.8729400634766
Patience Counter: 3
Epoch 16/50
Average Loss: 936.6410675048828
Patience Counter: 4
Epoch 17/50
Average Loss: 937.0383911132812
Patience Counter: 5
Early stopping triggered
C-Index Data: 0.527
No existing model found, saving current model with C-index: 0.5270
Using GPU: cuda:7 (utilization=0%, free_mem=5198MiB)
Epoch 1/50
Average Loss: 955.1336669921875
Epoch 2/50
Average Loss: 945.0312042236328
Epoch 3/50
Average Loss: 954.6464691162109
Patience Counter: 1
Epoch 4/50
Average Loss: 939.0632629394531
Epoch 5/50
Average Loss: 941.3445281982422
Patience Counter: 1
Epoch 6/50
Average Loss: 979.9163513183594
Patience Counter: 2
Epoch 7/50
Average Loss: 936.7869567871094
Epoch 8/50
Average Loss: 938.7968597412109
Patience Counter: 1
Epoch 9/50
Average Loss: 940.3963928222656
Patience Counter: 2
Epoch 10/50
Average Loss: 938.6189422607422
Patience Counter: 3
Epoch 11/50
Average Loss: 948.1393737792969
Patience Counter: 4
Epoch 12/50
Average Loss: 937.3867340087891
Patience Counter: 5
Early stopping triggered
C-Index Data: 0.488
C-Index Data: 0.527
Current trial C-index: 0.4880, Previously saved model C-index: 0.5270
Using GPU: cuda:1 (utilization=0%, free_mem=8260MiB)
Epoch 1/50
Average Loss: 937.1504058837891
Epoch 2/50
Average Loss: 936.4333648681641
Epoch 3/50
Average Loss: 937.1842651367188
Patience Counter: 1
Epoch 4/50
Average Loss: 937.1647186279297
Patience Counter: 2
Epoch 5/50
Average Loss: 936.9085845947266
Patience Counter: 3
Epoch 6/50
Average Loss: 936.2380218505859
Epoch 7/50
Average Loss: 936.7472686767578
Patience Counter: 1
Epoch 8/50
Average Loss: 936.6814422607422
Patience Counter: 2
Epoch 9/50
Average Loss: 936.6207427978516
Patience Counter: 3
Epoch 10/50
Average Loss: 937.9249267578125
Patience Counter: 4
Epoch 11/50
Average Loss: 936.3451995849609
Patience Counter: 5
Early stopping triggered
C-Index Data: 0.51
C-Index Data: 0.527
Current trial C-index: 0.5100, Previously saved model C-index: 0.5270
Using GPU: cuda:5 (utilization=0%, free_mem=8982MiB)
Epoch 1/50
Average Loss: 937.3450927734375
Epoch 2/50
Average Loss: 937.4080963134766
Patience Counter: 1
Epoch 3/50
Average Loss: 936.9272613525391
Epoch 4/50
Average Loss: 936.9159545898438
Epoch 5/50
Average Loss: 937.2240905761719
Patience Counter: 1
Epoch 6/50
Average Loss: 936.3909606933594
Epoch 7/50
Average Loss: 937.2237701416016
Patience Counter: 1
Epoch 8/50
Average Loss: 936.6464233398438
Patience Counter: 2
Epoch 9/50
Average Loss: 935.9405059814453
Epoch 10/50
Average Loss: 936.072509765625
Patience Counter: 1
Epoch 11/50
Average Loss: 937.2134246826172
Patience Counter: 2
Epoch 12/50
Average Loss: 936.7626190185547
Patience Counter: 3
Epoch 13/50
Average Loss: 936.3999633789062
Patience Counter: 4
Epoch 14/50
Average Loss: 937.0761871337891
Patience Counter: 5
Early stopping triggered
C-Index Data: 0.49
C-Index Data: 0.527
Current trial C-index: 0.4900, Previously saved model C-index: 0.5270
Using GPU: cuda:2 (utilization=0%, free_mem=7072MiB)
Epoch 1/50
Average Loss: 937.6396484375
Epoch 2/50
Average Loss: 936.0028076171875
Epoch 3/50
Average Loss: 936.8041229248047
Patience Counter: 1
Epoch 4/50
Average Loss: 936.9574279785156
Patience Counter: 2
Epoch 5/50
Average Loss: 937.7089996337891
Patience Counter: 3
Epoch 6/50
Average Loss: 937.3418884277344
Patience Counter: 4
Epoch 7/50
Average Loss: 936.4842529296875
Patience Counter: 5
Early stopping triggered
C-Index Data: 0.513
C-Index Data: 0.527
Current trial C-index: 0.5130, Previously saved model C-index: 0.5270
Using GPU: cuda:5 (utilization=0%, free_mem=8982MiB)
Epoch 1/50
Average Loss: 1004.2805786132812
Epoch 2/50
Average Loss: 966.6843414306641
Epoch 3/50
Average Loss: 973.0135803222656
Patience Counter: 1
Epoch 4/50
Average Loss: 962.3019256591797
Epoch 5/50
Average Loss: 951.6471710205078
Epoch 6/50
Average Loss: 952.7728424072266
Patience Counter: 1
Epoch 7/50
Average Loss: 946.9685821533203
Epoch 8/50
Average Loss: 944.8538360595703
Epoch 9/50
Average Loss: 941.1552276611328
Epoch 10/50
Average Loss: 969.6289367675781
Patience Counter: 1
Epoch 11/50
Average Loss: 942.9606170654297
Patience Counter: 2
Epoch 12/50
Average Loss: 939.85205078125
Epoch 13/50
Average Loss: 944.1878051757812
Patience Counter: 1
Epoch 14/50
Average Loss: 940.7841949462891
Patience Counter: 2
Epoch 15/50
Average Loss: 943.8111114501953
Patience Counter: 3
Epoch 16/50
Average Loss: 940.3199310302734
Patience Counter: 4
Epoch 17/50
Average Loss: 940.9176330566406
Patience Counter: 5
Early stopping triggered
C-Index Data: 0.484
C-Index Data: 0.527
Current trial C-index: 0.4840, Previously saved model C-index: 0.5270
Using GPU: cuda:2 (utilization=0%, free_mem=7068MiB)
Epoch 1/50
Average Loss: 2152.87002