[I 2026-08-29 18:56:55,825] Trial 8 finished with value: 0.46372960179379646 and parameters: {'num_nodes': 32, 'num_layers': 2, 'lr': 0.07641696422202159, 'batch_size': 32, 'dropout': 0.3866385629709845}. Best is trial 6 with value: 0.5090727899348088.
/home/minhn2/uiuc-kidney-failure/pkgs/experiments/logistic_hazard.py:90: FutureWarning: You are using `torch.load` with `weights_only=False` (the current default value), which uses the default pickle module implicitly. It is possible to construct malicious pickle data which will execute arbitrary code during unpickling (See https://github.com/pytorch/pytorch/blob/main/SECURITY.md#untrusted-models for more details). In a future release, the default value for `weights_only` will be flipped to `True`. This limits the functions that could be executed during unpickling. Arbitrary objects will no longer be allowed to be loaded via this mode unless they are explicitly allowlisted by the user via `torch.serialization.add_safe_globals`. We recommend you start setting `weights_only=True` for any use case where you don't have full control of the loaded file. Please open an issue on GitHub for any issues related to this experimental feature.
  saved_net = torch.load(saved_path, map_location=device)
[I 2026-08-29 18:56:58,998] Trial 9 finished with value: 0.44184694597849106 and parameters: {'num_nodes': 64, 'num_layers': 2, 'lr': 0.02582004509112148, 'batch_size': 256, 'dropout': 0.08343246862290543}. Best is trial 6 with value: 0.5090727899348088.
[I 2026-08-29 18:58:31,110] A new study created in memory with name: no-name-b5cf8776-d6e3-450a-be4d-36cefbe7c7a9
[I 2026-08-29 19:19:09,924] Trial 0 finished with value: 0.46040072684279043 and parameters: {'num_nodes': 128, 'num_layers': 1, 'lr': 0.001436114663105847, 'batch_size': 128, 'dropout': 0.3569555864244014}. Best is trial 0 with value: 0.46040072684279043.
/home/minhn2/uiuc-kidney-failure/pkgs/experiments/logistic_hazard.py:90: FutureWarning: You are using `torch.load` with `weights_only=False` (the current default value), which uses the default pickle module implicitly. It is possible to construct malicious pickle data which will execute arbitrary code during unpickling (See https://github.com/pytorch/pytorch/blob/main/SECURITY.md#untrusted-models for more details). In a future release, the default value for `weights_only` will be flipped to `True`. This limits the functions that could be executed during unpickling. Arbitrary objects will no longer be allowed to be loaded via this mode unless they are explicitly allowlisted by the user via `torch.serialization.add_safe_globals`. We recommend you start setting `weights_only=True` for any use case where you don't have full control of the loaded file. Please open an issue on GitHub for any issues related to this experimental feature.
  saved_net = torch.load(saved_path, map_location=device)
[I 2026-08-29 19:38:34,846] Trial 1 finished with value: 0.4695263392656192 and parameters: {'num_nodes': 64, 'num_layers': 1, 'lr': 0.022917688089876563, 'batch_size': 128, 'dropout': 0.11997394403840783}. Best is trial 1 with value: 0.4695263392656192.
/home/minhn2/uiuc-kidney-failure/pkgs/experiments/logistic_hazard.py:90: FutureWarning: You are using `torch.load` with `weights_only=False` (the current default value), which uses the default pickle module implicitly. It is possible to construct malicious pickle data which will execute arbitrary code during unpickling (See https://github.com/pytorch/pytorch/blob/main/SECURITY.md#untrusted-models for more details). In a future release, the default value for `weights_only` will be flipped to `True`. This limits the functions that could be executed during unpickling. Arbitrary objects will no longer be allowed to be loaded via this mode unless they are explicitly allowlisted by the user via `torch.serialization.add_safe_globals`. We recommend you start setting `weights_only=True` for any use case where you don't have full control of the loaded file. Please open an issue on GitHub for any issues related to this experimental feature.
  saved_net = torch.load(saved_path, map_location=device)
[I 2026-08-29 19:42:58,750] Trial 2 finished with value: 0.4728813799325674 and parameters: {'num_nodes': 16, 'num_layers': 1, 'lr': 0.001350651343385148, 'batch_size': 256, 'dropout': 0.18451072790097128}. Best is trial 2 with value: 0.4728813799325674.
/home/minhn2/uiuc-kidney-failure/pkgs/experiments/logistic_hazard.py:90: FutureWarning: You are using `torch.load` with `weights_only=False` (the current default value), which uses the default pickle module implicitly. It is possible to construct malicious pickle data which will execute arbitrary code during unpickling (See https://github.com/pytorch/pytorch/blob/main/SECURITY.md#untrusted-models for more details). In a future release, the default value for `weights_only` will be flipped to `True`. This limits the functions that could be executed during unpickling. Arbitrary objects will no longer be allowed to be loaded via this mode unless they are explicitly allowlisted by the user via `torch.serialization.add_safe_globals`. We recommend you start setting `weights_only=True` for any use case where you don't have full control of the loaded file. Please open an issue on GitHub for any issues related to this experimental feature.
  saved_net = torch.load(saved_path, map_location=device)
[I 2026-08-29 20:10:18,643] Trial 3 finished with value: 0.4627235447007231 and parameters: {'num_nodes': 128, 'num_layers': 2, 'lr': 0.003277771184997831, 'batch_size': 128, 'dropout': 0.4449461749253662}. Best is trial 2 with value: 0.4728813799325674.
/home/minhn2/uiuc-kidney-failure/pkgs/experiments/logistic_hazard.py:90: FutureWarning: You are using `torch.load` with `weights_only=False` (the current default value), which uses the default pickle module implicitly. It is possible to construct malicious pickle data which will execute arbitrary code during unpickling (See https://github.com/pytorch/pytorch/blob/main/SECURITY.md#untrusted-models for more details). In a future release, the default value for `weights_only` will be flipped to `True`. This limits the functions that could be executed during unpickling. Arbitrary objects will no longer be allowed to be loaded via this mode unless they are explicitly allowlisted by the user via `torch.serialization.add_safe_globals`. We recommend you start setting `weights_only=True` for any use case where you don't have full control of the loaded file. Please open an issue on GitHub for any issues related to this experimental feature.
  saved_net = torch.load(saved_path, map_location=device)
[I 2026-08-29 20:29:33,977] Trial 4 finished with value: 0.4713669863068139 and parameters: {'num_nodes': 64, 'num_layers': 2, 'lr': 0.004663140676432562, 'batch_size': 128, 'dropout': 0.43126519123507623}. Best is trial 2 with value: 0.4728813799325674.
/home/minhn2/uiuc-kidney-failure/pkgs/experiments/logistic_hazard.py:90: FutureWarning: You are using `torch.load` with `weights_only=False` (the current default value), which uses the default pickle module implicitly. It is possible to construct malicious pickle data which will execute arbitrary code during unpickling (See https://github.com/pytorch/pytorch/blob/main/SECURITY.md#untrusted-models for more details). In a future release, the default value for `weights_only` will be flipped to `True`. This limits the functions that could be executed during unpickling. Arbitrary objects will no longer be allowed to be loaded via this mode unless they are explicitly allowlisted by the user via `torch.serialization.add_safe_globals`. We recommend you start setting `weights_only=True` for any use case where you don't have full control of the loaded file. Please open an issue on GitHub for any issues related to this experimental feature.
  saved_net = torch.load(saved_path, map_location=device)
[I 2026-08-29 20:40:29,267] Trial 5 finished with value: 0.46920794115180114 and parameters: {'num_nodes': 128, 'num_layers': 3, 'lr': 0.0027596105244832463, 'batch_size': 256, 'dropout': 0.12296891875264032}. Best is trial 2 with value: 0.4728813799325674.
/home/minhn2/uiuc-kidney-failure/pkgs/experiments/logistic_hazard.py:90: FutureWarning: You are using `torch.load` with `weights_only=False` (the current default value), which uses the default pickle module implicitly. It is possible to construct malicious pickle data which will execute arbitrary code during unpickling (See https://github.com/pytorch/pytorch/blob/main/SECURITY.md#untrusted-models for more details). In a future release, the default value for `weights_only` will be flipped to `True`. This limits the functions that could be executed during unpickling. Arbitrary objects will no longer be allowed to be loaded via this mode unless they are explicitly allowlisted by the user via `torch.serialization.add_safe_globals`. We recommend you start setting `weights_only=True` for any use case where you don't have full control of the loaded file. Please open an issue on GitHub for any issues related to this experimental feature.
  saved_net = torch.load(saved_path, map_location=device)
[I 2026-08-29 20:52:11,274] Trial 6 finished with value: 0.46867744989415755 and parameters: {'num_nodes': 64, 'num_layers': 1, 'lr': 0.0011107132231396905, 'batch_size': 256, 'dropout': 0.41008592479134576}. Best is trial 2 with value: 0.4728813799325674.
/home/minhn2/uiuc-kidney-failure/pkgs/experiments/logistic_hazard.py:90: FutureWarning: You are using `torch.load` with `weights_only=False` (the current default value), which uses the default pickle module implicitly. It is possible to construct malicious pickle data which will execute arbitrary code during unpickling (See https://github.com/pytorch/pytorch/blob/main/SECURITY.md#untrusted-models for more details). In a future release, the default value for `weights_only` will be flipped to `True`. This limits the functions that could be executed during unpickling. Arbitrary objects will no longer be allowed to be loaded via this mode unless they are explicitly allowlisted by the user via `torch.serialization.add_safe_globals`. We recommend you start setting `weights_only=True` for any use case where you don't have full control of the loaded file. Please open an issue on GitHub for any issues related to this experimental feature.
  saved_net = torch.load(saved_path, map_location=device)
[I 2026-08-29 20:58:26,262] Trial 7 finished with value: 0.4977836938305236 and parameters: {'num_nodes': 32, 'num_layers': 2, 'lr': 0.08774157134024752, 'batch_size': 32, 'dropout': 0.3491918303620018}. Best is trial 7 with value: 0.4977836938305236.
/home/minhn2/uiuc-kidney-failure/pkgs/experiments/logistic_hazard.py:90: FutureWarning: You are using `torch.load` with `weights_only=False` (the current default value), which uses the default pickle module implicitly. It is possible to construct malicious pickle data which will execute arbitrary code during unpickling (See https://github.com/pytorch/pytorch/blob/main/SECURITY.md#untrusted-models for more details). In a future release, the default value for `weights_only` will be flipped to `True`. This limits the functions that could be executed during unpickling. Arbitrary objects will no longer be allowed to be loaded via this mode unless they are explicitly allowlisted by the user via `torch.serialization.add_safe_globals`. We recommend you start setting `weights_only=True` for any use case where you don't have full control of the loaded file. Please open an issue on GitHub for any issues related to this experimental feature.
  saved_net = torch.load(saved_path, map_location=device)
[I 2026-08-29 21:13:04,397] Trial 8 finished with value: 0.4713714565935929 and parameters: {'num_nodes': 32, 'num_layers': 3, 'lr': 0.024550211285090523, 'batch_size': 128, 'dropout': 0.3087637729495924}. Best is trial 7 with value: 0.4977836938305236.
/home/minhn2/uiuc-kidney-failure/pkgs/experiments/logistic_hazard.py:90: FutureWarning: You are using `torch.load` with `weights_only=False` (the current default value), which uses the default pickle module implicitly. It is possible to construct malicious pickle data which will execute arbitrary code during unpickling (See https://github.com/pytorch/pytorch/blob/main/SECURITY.md#untrusted-models for more details). In a future release, the default value for `weights_only` will be flipped to `True`. This limits the functions that could be executed during unpickling. Arbitrary objects will no longer be allowed to be loaded via this mode unless they are explicitly allowlisted by the user via `torch.serialization.add_safe_globals`. We recommend you start setting `weights_only=True` for any use case where you don't have full control of the loaded file. Please open an issue on GitHub for any issues related to this experimental feature.
  saved_net = torch.load(saved_path, map_location=device)
