[I 2026-08-29 19:38:52,633] Trial 9 finished with value: 0.489 and parameters: {'num_layer': 16, 'hidden_dim_0': 87, 'hidden_dim_1': 49, 'hidden_dim_2': 136, 'hidden_dim_3': 168, 'hidden_dim_4': 58, 'hidden_dim_5': 112, 'hidden_dim_6': 243, 'hidden_dim_7': 66, 'hidden_dim_8': 227, 'hidden_dim_9': 223, 'hidden_dim_10': 193, 'hidden_dim_11': 19, 'hidden_dim_12': 239, 'hidden_dim_13': 62, 'hidden_dim_14': 89, 'hidden_dim_15': 227, 'learning_rate': 6.28415176326177e-05, 'drop_out_rate_0': 0.4621293880011098, 'drop_out_rate_1': 0.10557284986857862, 'drop_out_rate_2': 0.493214641467703, 'drop_out_rate_3': 0.44089969941042695, 'drop_out_rate_4': 0.22617688061705407, 'drop_out_rate_5': 0.11594669569637645, 'drop_out_rate_6': 0.20599334263878144, 'drop_out_rate_7': 0.2832556158577648, 'drop_out_rate_8': 0.11786172949605277, 'drop_out_rate_9': 0.14400101135954171, 'drop_out_rate_10': 0.410020695183518, 'drop_out_rate_11': 0.16841401204589945, 'drop_out_rate_12': 0.2663103645234487, 'drop_out_rate_13': 0.20349076546284306, 'drop_out_rate_14': 0.40876813812567525, 'drop_out_rate_15': 0.37561487056631626}. Best is trial 1 with value: 0.525.
Using GPU: cuda:1 (utilization=0%, free_mem=11260MiB)
Train data path /home/minhn2/uiuc-kidney-failure/generated_data/rep2/egfr_ti_train_data.csv
Test data path /home/minhn2/uiuc-kidney-failure/generated_data/rep2/egfr_ti_test_data.csv
Number of patients: test 6841 and train 27361
Number of records: test 6841 and train 27361
Loading from saved weights
C-Index on Test Data: 0.478
Integrated Brier Score Test: 0.519
Risk scores shape: (6841,)
First 10 risk scores: [0.10190423 0.1762453  0.14898932 0.14302354 0.13375868 0.1632123
 0.2054153  0.14558877 0.15815538 0.19886488]
y_train shape: (27361,)
y_test shape: (6841,)
Mean AUC: 0.465

Running FOUR_FEATURES DeepSurv model evaluation...
Using GPU: cuda:2 (utilization=0%, free_mem=11260MiB)
Train data path /home/minhn2/uiuc-kidney-failure/generated_data/rep2/four_features_train_data.csv
Test data path /home/minhn2/uiuc-kidney-failure/generated_data/rep2/four_features_test_data.csv
Number of patients: test 562 and train 2247
Number of records: test 5511 and train 21318
get_last_observation_data(ExperimentScenario.FOUR_FEATURES): train 21318 rows/2247 subjects -> 2247 rows; test 5511 rows/562 subjects -> 562 rows
Running Optuna hyperparameter optimization
Using GPU: cuda:2 (utilization=0%, free_mem=11260MiB)
Epoch 1/50
Average Loss: 967.2370130750868
Epoch 2/50
Average Loss: 966.9861585828993
Epoch 3/50
Average Loss: 967.7149115668403
Patience Counter: 1
Epoch 4/50
Average Loss: 967.8263210720486
Patience Counter: 2
Epoch 5/50
Average Loss: 967.5285373263889
Patience Counter: 3
Epoch 6/50
Average Loss: 967.5706651475695
Patience Counter: 4
Epoch 7/50
Average Loss: 966.7238837348091
Epoch 8/50
Average Loss: 967.6216227213541
Patience Counter: 1
Epoch 9/50
Average Loss: 967.43701171875
Patience Counter: 2
Epoch 10/50
Average Loss: 966.6814982096354
Epoch 11/50
Average Loss: 966.7035725911459
Patience Counter: 1
Epoch 12/50
Average Loss: 967.7542453342014
Patience Counter: 2
Epoch 13/50
Average Loss: 967.2503051757812
Patience Counter: 3
Epoch 14/50
Average Loss: 967.6829087999132
Patience Counter: 4
Epoch 15/50
Average Loss: 968.1469319661459
Patience Counter: 5
Early stopping triggered
C-Index Data: 0.484
No existing model found, saving current model with C-index: 0.4840
Using GPU: cuda:7 (utilization=0%, free_mem=11260MiB)
Epoch 1/50
Average Loss: 968.0161743164062
Epoch 2/50
Average Loss: 966.8673027886284
Epoch 3/50
Average Loss: 967.786363389757
Patience Counter: 1
Epoch 4/50
Average Loss: 967.6565551757812
Patience Counter: 2
Epoch 5/50
Average Loss: 967.6944986979166
Patience Counter: 3
Epoch 6/50
Average Loss: 967.1038614908854
Patience Counter: 4
Epoch 7/50
Average Loss: 967.4026285807291
Patience Counter: 5
Early stopping triggered
C-Index Data: 0.493
C-Index Data: 0.484
Current trial C-index: 0.4930, Previously saved model C-index: 0.4840
Current model performs better, saving it...
Using GPU: cuda:6 (utilization=0%, free_mem=11040MiB)
Epoch 1/50
Average Loss: 968.0629475911459
Epoch 2/50
Average Loss: 967.0802137586805
Epoch 3/50
Average Loss: 967.2635633680555
Patience Counter: 1
Epoch 4/50
Average Loss: 967.445326063368
Patience Counter: 2
Epoch 5/50
Average Loss: 967.1956990559896
Patience Counter: 3
Epoch 6/50
Average Loss: 967.4125569661459
Patience Counter: 4
Epoch 7/50
Average Loss: 967.8029581705729
Patience Counter: 5
Early stopping triggered
C-Index Data: 0.502
C-Index Data: 0.493
Current trial C-index: 0.5020, Previously saved model C-index: 0.4930
Current model performs better, saving it...
Using GPU: cuda:2 (utilization=0%, free_mem=10792MiB)
Epoch 1/50
Average Loss: 967.6862386067709
Epoch 2/50
Average Loss: 967.6460639105903
Epoch 3/50
Average Loss: 967.5843302408854
Epoch 4/50
Average Loss: 967.424072265625
Epoch 5/50
Average Loss: 966.6864556206597
Epoch 6/50
Average Loss: 967.5184529622396
Patience Counter: 1
Epoch 7/50
Average Loss: 967.5377739800347
Patience Counter: 2
Epoch 8/50
Average Loss: 967.2575073242188
Patience Counter: 3
Epoch 9/50
Average Loss: 967.5719401041666
Patience Counter: 4
Epoch 10/50
Average Loss: 966.8553127712673
Patience Counter: 5
Early stopping triggered
C-Index Data: 0.516
C-Index Data: 0.502
Current trial C-index: 0.5160, Previously saved model C-index: 0.5020
Current model performs better, saving it...
Using GPU: cuda:7 (utilization=0%, free_mem=10760MiB)
Epoch 1/50
Average Loss: 1571.1310153537327
Epoch 2/50
Average Loss: 1133.8451402452256
Epoch 3/50
Average Loss: 1127.3669297960068
Epoch 4/50
Average Loss: 1113.4852837456597
Epoch 5/50
Average Loss: 1141.4652370876736
Patience Counter: 1
Epoch 6/50
Average Loss: 1091.1449110243057
Epoch 7/50
Average Loss: 1063.4490424262153
Epoch 8/50
Average Loss: 1048.2017144097222
Epoch 9/50
Average Loss: 1085.9447835286458
Patience Counter: 1
Epoch 10/50
Average Loss: 1051.872999403212
Patience Counter: 2
Epoch 11/50
Average Loss: 1043.5033840603298
Epoch 12/50
Average Loss: 1022.1290486653646
Epoch 13/50
Average Loss: 1019.1014472113716
Epoch 14/50
Average Loss: 1008.9415554470486
Epoch 15/50
Average Loss: 1067.6086018880208
Patience Counter: 1
Epoch 16/50
Average Loss: 1020.9263644748264
Patience Counter: 2
Epoch 17/50
Average Loss: 1027.885281032986
Patience Counter: 3
Epoch 18/50
Average Loss: 1026.5770399305557
Patience Counter: 4
Epoch 19/50
Average Loss: 1009.1327718098959
Patience Counter: 5
Early stopping triggered
C-Index Data: 0.473
C-Index Data: 0.516
Current trial C-index: 0.4730, Previously saved model C-index: 0.5160
Using GPU: cuda:4 (utilization=0%, free_mem=10242MiB)
Epoch 1/50
Average Loss: 30139.192545572918
Epoch 2/50
Average Loss: 7101.434136284723
Epoch 3/50
Average Loss: 4225.923095703125
Epoch 4/50
Average Loss: 2422.9950493706597
Epoch 5/50
Average Loss: 1626.376756456163
Epoch 6/50
Average Loss: 1296.0262858072917
Epoch 7/50
Average Loss: 1476.9067993164062
Patience Counter: 1
Epoch 8/50
Average Loss: 1213.9922553168403
Epoch 9/50
Average Loss: 1488.1160685221355
Patience Counter: 1
Epoch 10/50
Average Loss: 1163.4981146918403
Epoch 11/50
Average Loss: 1135.7838338216145
Epoch 12/50
Average Loss: 1105.5586886935764
Epoch 13/50
Average Loss: 1067.1831597222222
Epoch 14/50
Average Loss: 1042.2012261284722
Epoch 15/50
Average Loss: 1028.2611287434895
Epoch 16/50
Average Loss: 1027.8817613389756
Epoch 17/50
Average Loss: 1043.5985310872395
Patience Counter: 1
Epoch 18/50
Average Loss: 1013.430650499132
Epoch 19/50
Average Loss: 996.2815890842014
Epoch 20/50
Average Loss: 986.0828857421875
Epoch 21/50
Average Loss: 978.705091688368
Epoch 22/50
Average Loss: 976.1199205186632
Epoch 23/50
Average Loss: 976.0928887261284
Epoch 24/50
Average Loss: 975.7369520399305
Epoch 25/50
Average Loss: 972.9697604709202
Epoch 26/50
Average Loss: 974.3091973198784
Patience Counter: 1
Epoch 27/50
Average Loss: 974.8345947265625
Patience Counter: 2
Epoch 28/50
Average Loss: 973.3745998806423
Patience Counter: 3
Epoch 29/50
Average Loss: 974.3269382052952
Patience Counter: 4
Epoch 30/50
Average Loss: 974.7341579861111
Patience Counter: 5
Early stopping triggered
C-Index Data: 0.512
C-Index Data: 0.516
Current trial C-index: 0.5120, Previously saved model C-index: 0.5160
Using GPU: cuda:7 (utilization=4%, free_mem=10278MiB)
Epoch 1/50
Average Loss: 34024.05902777778
Epoch 2/50
Average Loss: 24425.903754340277
Epoch 3/50
Average Loss: 15188.552300347223
Epoch 4/50
Average Loss: 13889.976128472223
Epoch 5/50
Average Loss: 12227.939887152777
Epoch 6/50
Average Loss: 10628.751139322916
Epoch 7/50
Average Loss: 9667.918728298611
Epoch 8/50
Average Loss: 11061.854709201389
Patience Counter: 1
Epoch 9/50
Average Loss: 7885.358832465277
Epoch 10/50
Average Loss: 7130.99365234375
Epoch 11/50
Average Loss: 4988.859619140625
Epoch 12/50
Average Loss: 7808.998480902777
Patience Counter: 1
Epoch 13/50
Average Loss: 6361.83935546875
Patience Counter: 2
Epoch 14/50
Average Loss: 4262.663248697917
Epoch 15/50
Average Loss: 3929.9672580295137
Epoch 16/50
Average Loss: 3167.190226236979
Epoch 17/50
Average Loss: 2800.9953884548613
Epoch 18/50
Average Loss: 1973.1196424696182
Epoch 19/50
Average Loss: 1738.6619601779514
Epoch 20/50
Average Loss: 1666.5991821289062
Epoch 21/50
Average Loss: 1577.4822319878472
Epoch 22/50
Average Loss: 1364.358418782552
Epoch 23/50
Average Loss: 1692.3636542426216
Patience Counter: 1
Epoch 24/50
Average Loss: 1466.685031467014
Patience Counter: 2
Epoch 25/50
Average Loss: 1401.2274576822917
Patience Counter: 3
Epoch 26/50
Average Loss: 1210.1356608072917
Epoch 27/50
Average Loss: 1243.892062717014
Patience Counter: 1
Epoch 28/50
Average Loss: 1104.475633409288
Epoch 29/50
Average Loss: 1104.2024943033855
Epoch 30/50
Average Loss: 1056.6914740668403
Epoch 31/50
Average Loss: 1139.1417439778645
Patience Counter: 1
Epoch 32/50
Average Loss: 1240.7831285264756
Patience Counter: 2
Epoch 33/50
Average Loss: 1347.8110894097222
Patience Counter: 3
Epoch 34/50
Average Loss: 1113.1565890842014
Patience Counter: 4
Epoch 35/50
Average Loss: 1127.572482638889
Patience Counter: 5
Early stopping triggered
C-Index Data: 0.537
C-Index Data: 0.516
Current trial C-index: 0.5370, Previously saved model C-index: 0.5160
Current model performs better, saving it...
Using GPU: cuda:6 (utilization=0%, free_mem=10328MiB)
Epoch 1/50
Average Loss: 2760.526570638021
Epoch 2/50
Average Loss: 2050.814548068576
Epoch 3/50
Average Loss: 2654.049072265625
Patience Counter: 1
Epoch 4/50
Average Loss: 1751.305392795139
Epoch 5/50
Average Loss: 1642.6644694010417
Epoch 6/50
Average Loss: 1354.3820190429688
Epoch 7/50
Average Loss: 1209.762668185764
Epoch 8/50
Average Loss: 1090.3612942165798
Epoch 9/50
Average Loss: 1073.959988064236
Epoch 10/50
Average Loss: 1036.2480129665798
Epoch 11/50
Average Loss: 1024.1722954644097
Epoch 12/50
Average Loss: 1146.073682996962
Patience Counter: 1
Epoch 13/50
Average Loss: 1051.0334608289932
Patience Counter: 2
Epoch 14/50
Average Loss: 1049.1407199435764
Patience Counter: 3
Epoch 15/50
Average Loss: 1020.868665907118
Epoch 16/50
Average Loss: 1047.5645616319443
Patience Counter: 1
Epoch 17/50
Average Loss: 1011.556382921007
Epoch 18/50
Average Loss: 1007.4130791558159
Epoch 19/50
Average Loss: 1001.8069525824653
Epoch 20/50
Average Loss: 994.9470893012153
Epoch 21/50
Average Loss: 994.608656141493
Epoch 22/50
Average Loss: 982.9397243923611
Epoch 23/50
Average Loss: 979.269761827257
Epoch 24/50
Average Loss: 977.322265625
Epoch 25/50
Average Loss: 979.1779378255209
Patience Counter: 1
Epoch 26/50
Average Loss: 980.4659762912327
Patience Counter: 2
Epoch 27/50
Average Loss: 977.8951619466146
Patience Counter: 3
Epoch 28/50
Average Loss: 973.7033216688368
Epoch 29/50
Average Loss: 976.430650499132
Patience Counter: 1
Epoch 30/50
Average Loss: 971.7781032986111
Epoch 31/50
Average Loss: 971.7064819335938
Epoch 32/50
Average Loss: 970.6293606228298
Epoch 33/50
Average Loss: 971.4896918402778
Patience Counter: 1
Epoch 34/50
Average Loss: 972.4805026584202
Patience Counter: 2
Epoch 35/50
Average Loss: 970.8684828016493
Patience Counter: 3
Epoch 36/50
Average Loss: 970.8091498480903
Patience Counter: 4
Epoch 37/50
Average Loss: 971.1568332248264
Patience Counter: 5
Early stopping triggered
C-Index Data: 0.53
C-Index Data: 0.537
Current trial C-index: 0.5300, Previously saved model C-index: 0.5370
Using GPU: cuda:7 (utilization=4%, free_mem=8910MiB)
Epoch 1/50
Average Loss: 966.5428466796875
Epoch 2/50
Average Loss: 967.5936143663195
Patience Counter: 1
Epoch 3/50
Average Loss: 967.5086330837673
Patience Counter: 2
Epoch 4/50
Average Loss: 966.9959581163195
Patience Counter: 3
Epoch 5/50
Average Loss: 967.8862779405382
Patience Counter: 4
Epoch 6/50
Average Loss: 967.7376505533854
Patience Counter: 5
Early stopping triggered
C-Index Data: 0.5
C-Index Data: 0.537
Current trial C-index: 0.5000, Previously saved model C-index: 0.5370
Using GPU: cuda:5 (utilization=6%, free_mem=10568MiB)
Epoch 1/50
Average Loss: 18653.70667860243
Epoch 2/50
Average Loss: 2720.8156060112847
Epoch 3/50
Average Loss: 1402.1989881727432
Epoch 4/50
Average Loss: 1129.4040866427952
Epoch 5/50
Average Loss: 1013.4615614149305
Epoch 6/50
Average Loss: 977.993665907118
Epoch 7/50
Average Loss: 986.5987887912327
Patience Counter: 1
Epoch 8/50
Average Loss: 971.7575412326389
Epoch 9/50
Average Loss: 968.4880303276909
Epoch 10/50
Average Loss: 969.5526733398438
Patience Counter: 1
Epoch 11/50
Average Loss: 974.3201022677952
Patience Counter: 2
Epoch 12/50
Average Loss: 967.7838134765625
Epoch 13/50
Average Loss: 968.0561794704861
Patience Counter: 1
Epoch 14/50
Average Loss: 968.1559448242188
Patience Counter: 2
Epoch 15/50
Average Loss: 967.2888387044271
Epoch 16/50
Average Loss: 967.4819946289062
Patience Counter: 1
Epoch 17/50
Average Loss: 968.6239895290798
Patience Counter: 2
Epoch 18/50
Average Loss: 971.2784627278646
Patience Counter: 3
Epoch 19/50
Average Loss: 967.5045166015625
Patience Counter: 4
Epoch 20/50
Average Loss: 968.3489244249132
Patience Counter: 5
Early stopping triggered
C-Index Data: 0.532
C-Index Data: 0.537
Current trial C-index: 0.5320, Previously saved model C-index: 0.5370
Number of finished trials:  10
Best trial:
Best hyperparameters: {'num_layer': 2, 'hidden_dim_0': 78, 'hidden_dim_1': 140, 'learning_rate': 0.003266508571092897, 'drop_out_rate_0': 0.24310941866003488, 'drop_out_rate_1': 0.24550417928314375}
C-Index on Test Data: 0.557
Warning: Could not compute Brier Score: time must be smaller than largest observed time point: 4216.413194444444
Mean AUC: 0.575

Running EIGHT_FEATURES DeepSurv model evaluation...
Using GPU: cuda:5 (utilization=5%, free_mem=10344MiB)
Train data path /home/minhn2/uiuc-kidney-failure/generated_data/rep2/eight_features_train_data.csv
Test data path /home/minhn2/uiuc-kidney-failure/generated_data/rep2/eight_features_test_data.csv
Number of patients: test 243 and train 970
Number of records: test 1100 and train 4307
get_last_observation_data(ExperimentScenario.EIGHT_FEATURES): train 4307 rows/970 subjects -> 970 rows; test 1100 rows/243 subjects -> 243 rows
Running Optuna hyperparameter optimization
Using GPU: cuda:5 (utilization=5%, free_mem=10344MiB)
Epoch 1/50
Average Loss: 4567.2479248046875
Epoch 2/50
Average Loss: 1798.8740844726562
Epoch 3/50
Average Loss: 4661.137420654297
Patience Counter: 1
Epoch 4/50
Average Loss: 2182.720245361328
Patience Counter: 2
Epoch 5/50
Average Loss: 2660.316162109375
Patience Counter: 3
Epoch 6/50
Average Loss: 2337.594696044922
Patience Counter: 4
Epoch 7/50
Average Loss: 1824.4159240722656
Patience Counter: 5
Early stopping triggered
C-Index Data: 0.488
No existing model found, saving current model with C-index: 0.4880
Using GPU: cuda:4 (utilization=0%, free_mem=6862MiB)
Epoch 1/50
Average Loss: 936.9573364257812
Epoch 2/50
Average Loss: 937.0548248291016
Patience Counter: 1
Epoch 3/50
Average Loss: 936.2165985107422
Epoch 4/50
Average Loss: 936.995849609375
Patience Counter: 1
Epoch 5/50
Average Loss: 936.5698852539062
Patience Counter: 2
Epoch 6/50
Average Loss: 936.9100036621094
Patience Counter: 3
Epoch 7/50
Average Loss: 936.6000518798828
Patience Counter: 4
Epoch 8/50
Average Loss: 936.455322265625
Patience Counter: 5
Early stopping triggered
C-Index Data: 0.515
C-Index Data: 0.488
Current trial C-index: 0.5150, Previously saved model C-index: 0.4880
Current model performs better, saving it...
Using GPU: cuda:5 (utilization=2%, free_mem=10344MiB)
Epoch 1/50
Average Loss: 936.4301605224609
Epoch 2/50
Average Loss: 936.8814086914062
Patience Counter: 1
Epoch 3/50
Average Loss: 936.7906646728516
Patience Counter: 2
Epoch 4/50
Average Loss: 937.0976409912109
Patience Counter: 3
Epoch 5/50
Average Loss: 936.6031341552734
Patience Counter: 4
Epoch 6/50
Average Loss: 937.9532012939453
Patience Counter: 5
Early stopping triggered
C-Index Data: 0.491
C-Index Data: 0.515
Current trial C-index: 0.4910, Previously saved model C-index: 0.5150
Using GPU: cuda:1 (utilization=0%, free_mem=8502MiB)
Epoch 1/50
Average Loss: 962.2348480224609
Epoch 2/50
Average Loss: 941.3719635009766
Epoch 3/50
Average Loss: 939.8156433105469
Epoch 4/50
Average Loss: 937.0458526611328
Epoch 5/50
Average Loss: 939.1195831298828
Patience Counter: 1
Epoch 6/50
Average Loss: 937.2505035400391
Patience Counter: 2
Epoch 7/50
Average Loss: 938.5894775390625
Patience Counter: 3
Epoch 8/50
Average Loss: 937.5552520751953
Patience Counter: 4
Epoch 9/50
Average Loss: 936.3228607177734
Epoch 10/50
Average Loss: 936.8734588623047
Patience Counter: 1
Epoch 11/50
Average Loss: 937.6452484130859
Patience Counter: 2
Epoch 12/50
Average Loss: 937.1453247070312
Patience Counter: 3
Epoch 13/50
Average Loss: 937.2932739257812
Patience Counter: 4
Epoch 14/50
Average Loss: 936.9224090576172
Patience Counter: 5
Early stopping triggered
C-Index Data: 0.509
C-Index Data: 0.515
Current trial C-index: 0.5090, Previously saved model C-index: 0.5150
Using GPU: cuda:6 (utilization=0%, free_mem=9576MiB)
Epoch 1/50
Average Loss: 936.0280303955078
Epoch 2/50
Average Loss: 1000.8167572021484
Patience Counter: 1
Epoch 3/50
Average Loss: 936.9691772460938
Patience Counter: 2
Epoch 4/50
Average Loss: 936.6739959716797
Patience Counter: 3
Epoch 5/50
Average Loss: 937.9537811279297
Patience Counter: 4
Epoch 6/50
Average Loss: 937.6964263916016
Patience Counter: 5
Early stopping triggered
C-Index Data: 0.485
C-Index Data: 0.515
Current trial C-index: 0.4850, Previously saved model C-index: 0.5150
Using GPU: cuda:1 (utilization=0%, free_mem=8488MiB)
Epoch 1/50
Average Loss: 9798.871337890625
Epoch 2/50
Average Loss: 7820.7042236328125
Epoch 3/50
Average Loss: 6747.3729248046875
Epoch 4/50
Average Loss: 10843.225463867188
Patience Counter: 1
Epoch 5/50
Average Loss: 10150.380737304688
Patience Counter: 2
Epoch 6/50
Average Loss: 6512.0439453125
Epoch 7/50
Average Loss: 9639.96435546875
Patience Counter: 1
Epoch 8/50
Average Loss: 8721.68310546875
Patience Counter: 2
Epoch 9/50
Average Loss: 7585.45947265625
Patience Counter: 3
Epoch 10/50
Average Loss: 5803.728271484375
Epoch 11/50
Average Loss: 5922.25634765625
Patience Counter: 1
Epoch 12/50
Average Loss: 6725.57177734375
Patience Counter: 2
Epoch 13/50
Average Loss: 5414.582092285156
Epoch 14/50
Average Loss: 7013.8267822265625
Patience Counter: 1
Epoch 15/50
Average Loss: 4817.118225097656
Epoch 16/50
Average Loss: 6349.7864990234375
Patience Counter: 1
Epoch 17/50
Average Loss: 4770.173034667969
Epoch 18/50
Average Loss: 2919.090576171875
Epoch 19/50
Average Loss: 6143.3233642578125
Patience Counter: 1
Epoch 20/50
Average Loss: 3701.5770874023438
Patience Counter: 2
Epoch 21/50
Average Loss: 3565.3785095214844
Patience Counter: 3
Epoch 22/50
Average Loss: 4467.174560546875
Patience Counter: 4
Epoch 23/50
Average Loss: 4203.774841308594
Patience Counter: 5
Early stopping triggered
C-Index Data: 0.487
C-Index Data: 0.515
Current trial C-index: 0.4870, Previously saved model C-index: 0.5150
Using GPU: cuda:5 (utilization=0%, free_mem=10330MiB)
Epoch 1/50
Average Loss: 937.0395202636719
Epoch 2/50
Average Loss: 936.834228515625
Epoch 3/50
Average Loss: 937.7513427734375
Patience Counter: 1
Epoch 4/50
Average Loss: 937.3481903076172
Patience Counter: 2
Epoch 5/50
Average Loss: 937.2994232177734
Patience Counter: 3
Epoch 6/50
Average Loss: 937.7622833251953
Patience Counter: 4
Epoch 7/50
Average Loss: 937.2178344726562
Patience Counter: 5
Early stopping triggered
C-Index Data: 0.5
C-Index Data: 0.515
Current trial C-index: 0.5000, Previously saved model C-index: 0.5150
Using GPU: cuda:1 (utilization=0%, free_mem=8488MiB)
Epoch 1/50
Average Loss: 1092.409912109375
Epoch 2/50
Average Loss: 968.1100921630859
Epoch 3/50
Average Loss: 977.3182220458984
Patience Counter: 1
Epoch 4/50
Average Loss: 966.1764221191406
Epoch 5/50
Average Loss: 950.3064575195312
Epoch 6/50
Average Loss: 948.3552551269531
Epoch 7/50
Average Loss: 989.1960754394531
Patience Counter: 1
Epoch 8/50
Average Loss: 981.9719390869141
Patience Counter: 2
Epoch 9/50
Average Loss: 945.2860717773438
Epoch 10/50
Average Loss: 946.5608978271484
Patience Counter: 1
Epoch 11/50
Average Loss: 944.3563537597656
Epoch 12/50
Average Loss: 941.9006805419922
Epoch 13/50
Average Loss: 946.5917510986328
Patience Counter: 1
Epoch 14/50
Average Loss: 942.65478515625
Patience Counter: 2
Epoch 15/50
Average Loss: 942.9556732177734
Patience Counter: 3
Epoch 16/50
Average Loss: 937.9571838378906
Epoch 17/50
Average Loss: 944.8084716796875
Patience Counter: 1
Epoch 18/50
Average Loss: 980.7231750488281
Patience Counter: 2
Epoch 19/50
Average Loss: 940.3984985351562
Patience Counter: 3
Epoch 20/50
Average Loss: 944.0475616455078
Patience Counter: 4
Epoch 21/50
Average Loss: 942.8287963867188
Patience Counter: 5
Early stopping triggered
C-Index Data: 0.493
C-Index Data: 0.515
Current trial C-index: 0.4930, Previously saved model C-index: 0.5150
Using GPU: cuda:5 (utilization=0%, free_mem=8988MiB)
Epoch 1/50
Average Loss