Using existing train and test subsets for FIVELABMS scenario.
Number of patients: test 3268 and train 2686
Number of records: test 89173 and train 71055
Running Optuna hyperparameter optimization
[I 2025-08-24 16:20:10,277] A new study created in memory with name: no-name-841f884a-8b05-433b-bc11-4c6e5a609be9
Running trial 0 for ExperimentScenario.FIVELABMS on device cuda:4
Using existing train and test subsets for FIVELABMS scenario.
Number of patients: test 3268 and train 2686
Number of records: test 89173 and train 71055
Epoch 1/50
Average Loss: 0.04249365085173171
Epoch 2/50
Average Loss: 0.0007766862959090075
Epoch 3/50
Average Loss: 0.00010070739456060665
Epoch 4/50
Average Loss: 1.8140467560450757e-05
Epoch 5/50
Average Loss: 3.6043617415722294e-06
Epoch 6/50
Average Loss: 7.599041891555894e-07
Epoch 7/50
Average Loss: 1.6474493716670428e-07
Epoch 8/50
Average Loss: 7.749047637962176e-08
Epoch 9/50
Average Loss: 7.749047637962176e-08
Patience Counter: 1
Epoch 10/50
Average Loss: 7.751266723769154e-08
Patience Counter: 2
Epoch 11/50
Average Loss: 7.749047637962176e-08
Patience Counter: 3
Epoch 12/50
Average Loss: 7.749047637962176e-08
Patience Counter: 4
Epoch 13/50
Average Loss: 7.751266723769154e-08
Patience Counter: 5
Early stopping triggered
C-index: 0.5000
[I 2025-08-24 17:01:32,784] Trial 0 finished with value: 0.5 and parameters: {'num_layers': 54, 'learning_rate': 0.0001819198442905074, 'drop_out_rate': 0.1774268254792078, 'n_head': 1, 'nhead_factor': 10}. Best is trial 0 with value: 0.5.
Running trial 1 for ExperimentScenario.FIVELABMS on device cuda:4
Using existing train and test subsets for FIVELABMS scenario.
Number of patients: test 3268 and train 2686
Number of records: test 89173 and train 71055
Epoch 1/50
Average Loss: 0.6980747291603288
Epoch 2/50
Average Loss: 0.5390242792205499
Epoch 3/50
Average Loss: 0.4082135697708854
Epoch 4/50
Average Loss: 0.3032521667293178
Epoch 5/50
Average Loss: 0.22182311724569045
Epoch 6/50
Average Loss: 0.16027213020592773
Epoch 7/50
Average Loss: 0.11473102250697448
Epoch 8/50
Average Loss: 0.08151313983464277
Epoch 9/50
Average Loss: 0.05764278267424939
Epoch 10/50
Average Loss: 0.040552514535184235
Epoch 11/50
Average Loss: 0.02852861989325582
Epoch 12/50
Average Loss: 0.019997416662602883
Epoch 13/50
Average Loss: 0.013993999981810288
Epoch 14/50
Average Loss: 0.009790265347048563
Epoch 15/50
Average Loss: 0.006851111401749008
Epoch 16/50
Average Loss: 0.004795132974115542
Epoch 17/50
Average Loss: 0.0033479731678005727
Epoch 18/50
Average Loss: 0.0023411373395960965
Epoch 19/50
Average Loss: 0.0016351819602871067
Epoch 20/50
Average Loss: 0.0011421251480435719
Epoch 21/50
Average Loss: 0.0007973168989173979
Epoch 22/50
Average Loss: 0.0005573861551069192
Epoch 23/50
Average Loss: 0.0003892172535415739
Epoch 24/50
Average Loss: 0.00027169053258054645
Epoch 25/50
Average Loss: 0.00018961674891503622
Epoch 26/50
Average Loss: 0.00013241703259686357
Epoch 27/50
Average Loss: 9.252883277561104e-05
Epoch 28/50
Average Loss: 6.455255406262036e-05
Epoch 29/50
Average Loss: 4.5097594145932566e-05
Epoch 30/50
Average Loss: 3.15184662874777e-05
Epoch 31/50
Average Loss: 2.202591100273455e-05
Epoch 32/50
Average Loss: 1.538002225677326e-05
Epoch 33/50
Average Loss: 1.0729124116452374e-05
Epoch 34/50
Average Loss: 7.49429498977994e-06
Epoch 35/50
Average Loss: 5.236663824697584e-06
Epoch 36/50
Average Loss: 3.658239508992556e-06
Epoch 37/50
Average Loss: 2.55750119693102e-06
Epoch 38/50
Average Loss: 1.7888073594168931e-06
Epoch 39/50
Average Loss: 1.2501674431441155e-06
Epoch 40/50
Average Loss: 8.753410889372297e-07
Epoch 41/50
Average Loss: 6.12712004797497e-07
Epoch 42/50
Average Loss: 4.2952634625331525e-07
Epoch 43/50
Average Loss: 3.0339344971820176e-07
Epoch 44/50
Average Loss: 2.122999488354528e-07
Epoch 45/50
Average Loss: 1.4865655921459576e-07
Epoch 46/50
Average Loss: 1.074037530576659e-07
Epoch 47/50
Average Loss: 7.749047637962176e-08
Epoch 48/50
Average Loss: 7.749047637962176e-08
Patience Counter: 1
Epoch 49/50
Average Loss: 7.749047637962176e-08
Patience Counter: 2
Epoch 50/50
Average Loss: 7.749047637962176e-08
Patience Counter: 3
C-index: 0.5000
[I 2025-08-24 18:45:24,701] Trial 1 finished with value: 0.5 and parameters: {'num_layers': 35, 'learning_rate': 0.00019347599838903342, 'drop_out_rate': 0.4255344738627991, 'n_head': 2, 'nhead_factor': 1}. Best is trial 0 with value: 0.5.
Running trial 2 for ExperimentScenario.FIVELABMS on device cuda:4
Using existing train and test subsets for FIVELABMS scenario.
Number of patients: test 3268 and train 2686
Number of records: test 89173 and train 71055
Epoch 1/50
Average Loss: 0.0013454848353417728
Epoch 2/50
Average Loss: 3.9315557795896767e-07
Epoch 3/50
Average Loss: 9.084937349843627e-08
Epoch 4/50
Average Loss: 7.811182041615663e-08
Epoch 5/50
Average Loss: 7.757923981190083e-08
Epoch 6/50
Average Loss: 7.749047637962176e-08
Epoch 7/50
Average Loss: 7.749047637962176e-08
Patience Counter: 1
Epoch 8/50
Average Loss: 7.749047637962176e-08
Patience Counter: 2
Epoch 9/50
Average Loss: 7.749047637962176e-08
Patience Counter: 3
Epoch 10/50
Average Loss: 7.749047637962176e-08
Patience Counter: 4
Epoch 11/50
Average Loss: 7.749047637962176e-08
Patience Counter: 5
Early stopping triggered
C-index: 0.5000
[I 2025-08-24 19:17:57,926] Trial 2 finished with value: 0.5 and parameters: {'num_layers': 50, 'learning_rate': 0.001701922645613409, 'drop_out_rate': 0.4226420557682119, 'n_head': 5, 'nhead_factor': 10}. Best is trial 0 with value: 0.5.
Running trial 3 for ExperimentScenario.FIVELABMS on device cuda:4
Using existing train and test subsets for FIVELABMS scenario.
Number of patients: test 3268 and train 2686
Number of records: test 89173 and train 71055
Epoch 1/50
Average Loss: 0.00871692959671211
Epoch 2/50
Average Loss: 5.092520027672406e-06
Epoch 3/50
Average Loss: 8.605621616853871e-07
Epoch 4/50
Average Loss: 1.785476579968166e-07
Epoch 5/50
Average Loss: 7.950984447455187e-08
Epoch 6/50
Average Loss: 7.777895753452872e-08
Epoch 7/50
Average Loss: 7.751266723769154e-08
Epoch 8/50
Average Loss: 7.75348580957613e-08
Patience Counter: 1
Epoch 9/50
Average Loss: 7.751266723769154e-08
Patience Counter: 2
Epoch 10/50
Average Loss: 7.749047637962176e-08
Epoch 11/50
Average Loss: 7.749047637962176e-08
Patience Counter: 1
Epoch 12/50
Average Loss: 7.749047637962176e-08
Patience Counter: 2
Epoch 13/50
Average Loss: 7.749047637962176e-08
Patience Counter: 3
Epoch 14/50
Average Loss: 7.749047637962176e-08
Patience Counter: 4
Epoch 15/50
Average Loss: 7.749047637962176e-08
Patience Counter: 5
Early stopping triggered
C-index: 0.5000
[I 2025-08-24 19:35:49,451] Trial 3 finished with value: 0.5 and parameters: {'num_layers': 19, 'learning_rate': 0.0035354204950537246, 'drop_out_rate': 0.37355582296874623, 'n_head': 1, 'nhead_factor': 16}. Best is trial 0 with value: 0.5.
Running trial 4 for ExperimentScenario.FIVELABMS on device cuda:4
Using existing train and test subsets for FIVELABMS scenario.
Number of patients: test 3268 and train 2686
Number of records: test 89173 and train 71055
Epoch 1/50
Average Loss: 0.002115144517915692
Epoch 2/50
Average Loss: 4.4199775488254816e-07
Epoch 3/50
Average Loss: 1.019004238328859e-07
Epoch 4/50
Average Loss: 7.975394410378496e-08
Epoch 5/50
Average Loss: 7.793429357276136e-08
Epoch 6/50
Average Loss: 7.751266723769154e-08
Epoch 7/50
Average Loss: 7.749047637962176e-08
Epoch 8/50
Average Loss: 7.749047637962176e-08
Patience Counter: 1
Epoch 9/50
Average Loss: 7.749047637962176e-08
Patience Counter: 2
Epoch 10/50
Average Loss: 7.749047637962176e-08
Patience Counter: 3
Epoch 11/50
Average Loss: 7.749047637962176e-08
Patience Counter: 4
Epoch 12/50
Average Loss: 7.749047637962176e-08
Patience Counter: 5
Early stopping triggered
C-index: 0.5000
[I 2025-08-24 20:20:09,121] Trial 4 finished with value: 0.5 and parameters: {'num_layers': 63, 'learning_rate': 0.0031666205838974688, 'drop_out_rate': 0.48972090178826055, 'n_head': 5, 'nhead_factor': 8}. Best is trial 0 with value: 0.5.
Running trial 5 for ExperimentScenario.FIVELABMS on device cuda:4
Using existing train and test subsets for FIVELABMS scenario.
Number of patients: test 3268 and train 2686
Number of records: test 89173 and train 71055
Epoch 1/50
Average Loss: 0.0006992407112131043
Epoch 2/50
Average Loss: 7.820058389076139e-08
Epoch 3/50
Average Loss: 7.762362152804036e-08
Epoch 4/50
Average Loss: 7.749047637962176e-08
Epoch 5/50
Average Loss: 7.75348580957613e-08
Patience Counter: 1
Epoch 6/50
Average Loss: 7.749047637962176e-08
Patience Counter: 2
Epoch 7/50
Average Loss: 7.749047637962176e-08
Patience Counter: 3
Epoch 8/50
Average Loss: 7.749047637962176e-08
Patience Counter: 4
Epoch 9/50
Average Loss: 7.749047637962176e-08
Patience Counter: 5
Early stopping triggered
C-index: 0.5000
[I 2025-08-24 20:37:34,467] Trial 5 finished with value: 0.5 and parameters: {'num_layers': 32, 'learning_rate': 0.007692238400796623, 'drop_out_rate': 0.463192013161973, 'n_head': 8, 'nhead_factor': 8}. Best is trial 0 with value: 0.5.
Running trial 6 for ExperimentScenario.FIVELABMS on device cuda:4
Using existing train and test subsets for FIVELABMS scenario.
Number of patients: test 3268 and train 2686
Number of records: test 89173 and train 71055
Epoch 1/50
Average Loss: 0.039729074802601745
Epoch 2/50
Average Loss: 6.068666321424537e-06
Epoch 3/50
Average Loss: 1.1271205197479805e-06
Epoch 4/50
Average Loss: 1.039193528346263e-06
Epoch 5/50
Average Loss: 1.200083459654296e-07
Epoch 6/50
Average Loss: 9.588690360225736e-08
Epoch 7/50
Average Loss: 8.099663886431572e-08
Epoch 8/50
Average Loss: 7.777895755569157e-08
Epoch 9/50
Average Loss: 7.757923982248226e-08
Epoch 10/50
Average Loss: 7.80674391126927e-08
Patience Counter: 1
Epoch 11/50
Average Loss: 7.749047637962176e-08
Epoch 12/50
Average Loss: 7.749047637962176e-08
Patience Counter: 1
Epoch 13/50
Average Loss: 7.749047637962176e-08
Patience Counter: 2
Epoch 14/50
Average Loss: 7.749047637962176e-08
Patience Counter: 3
Epoch 15/50
Average Loss: 7.749047637962176e-08
Patience Counter: 4
Epoch 16/50
Average Loss: 7.749047637962176e-08
Patience Counter: 5
Early stopping triggered
C-index: 0.5000
[I 2025-08-24 20:56:42,983] Trial 6 finished with value: 0.5 and parameters: {'num_layers': 19, 'learning_rate': 0.002345093462277497, 'drop_out_rate': 0.23834413329639062, 'n_head': 1, 'nhead_factor': 8}. Best is trial 0 with value: 0.5.
Running trial 7 for ExperimentScenario.FIVELABMS on device cuda:4
Using existing train and test subsets for FIVELABMS scenario.
Number of patients: test 3268 and train 2686
Number of records: test 89173 and train 71055
Epoch 1/50
Average Loss: 0.012836219532549651
Epoch 2/50
Average Loss: 2.1571175874833842e-05
Epoch 3/50
Average Loss: 3.2437140588435816e-06
Epoch 4/50
Average Loss: 6.259600242460662e-07
Epoch 5/50
Average Loss: 1.3245723497169622e-07
Epoch 6/50
Average Loss: 7.755704895383106e-08
Epoch 7/50
Average Loss: 7.749047637962176e-08
Epoch 8/50
Average Loss: 7.749047637962176e-08
Patience Counter: 1
Epoch 9/50
Average Loss: 7.749047637962176e-08
Patience Counter: 2
Epoch 10/50
Average Loss: 7.749047637962176e-08
Patience Counter: 3
Epoch 11/50
Average Loss: 7.749047637962176e-08
Patience Counter: 4
Epoch 12/50
Average Loss: 7.749047637962176e-08
Patience Counter: 5
Early stopping triggered
C-index: 0.5000
[I 2025-08-24 21:30:13,888] Trial 7 finished with value: 0.5 and parameters: {'num_layers': 47, 'learning_rate': 0.00041231529384604283, 'drop_out_rate': 0.2807413505466446, 'n_head': 4, 'nhead_factor': 12}. Best is trial 0 with value: 0.5.
Running trial 8 for ExperimentScenario.FIVELABMS on device cuda:4
Using existing train and test subsets for FIVELABMS scenario.
Number of patients: test 3268 and train 2686
Number of records: test 89173 and train 71055
Epoch 1/50
Average Loss: 0.016759311284834304
Epoch 2/50
Average Loss: 2.2057265597585868e-05
Epoch 3/50
Average Loss: 3.47221468854536e-06
Epoch 4/50
Average Loss: 6.893815622883659e-07
Epoch 5/50
Average Loss: 1.483015090620014e-07
Epoch 6/50
Average Loss: 7.771238496031943e-08
Epoch 7/50
Average Loss: 7.751266723769154e-08
Epoch 8/50
Average Loss: 7.75348580957613e-08
Patience Counter: 1
Epoch 9/50
Average Loss: 7.751266723769154e-08
Patience Counter: 2
Epoch 10/50
Average Loss: 7.749047637962176e-08
Epoch 11/50
Average Loss: 7.751266723769154e-08
Patience Counter: 1
Epoch 12/50
Average Loss: 7.749047637962176e-08
Patience Counter: 2
Epoch 13/50
Average Loss: 7.749047637962176e-08
Patience Counter: 3
Epoch 14/50
Average Loss: 7.749047637962176e-08
Patience Counter: 4
Epoch 15/50
Average Loss: 7.749047637962176e-08
Patience Counter: 5
Early stopping triggered
C-index: 0.5000
[I 2025-08-24 22:03:39,159] Trial 8 finished with value: 0.5 and parameters: {'num_layers': 38, 'learning_rate': 0.002429383156431582, 'drop_out_rate': 0.3071587601634759, 'n_head': 2, 'nhead_factor': 6}. Best is trial 0 with value: 0.5.
Running trial 9 for ExperimentScenario.FIVELABMS on device cuda:4
Using existing train and test subsets for FIVELABMS scenario.
Number of patients: test 3268 and train 2686
Number of records: test 89173 and train 71055
Epoch 1/50
Average Loss: 0.0009550252025406313
Epoch 2/50
Average Loss: 2.6487018389392267e-07
Epoch 3/50
Average Loss: 8.971764051990372e-08
Epoch 4/50
Average Loss: 7.842249246087762e-08
Epoch 5/50
Average Loss: 7.78899118460404e-08
Epoch 6/50
Average Loss: 7.75348580957613e-08
Epoch 7/50
Average Loss: 7.749047637962176e-08
Epoch 8/50
Average Loss: 7.749047637962176e-08
Patience Counter: 1
Epoch 9/50
Average Loss: 7.749047637962176e-08
Patience Counter: 2
Epoch 10/50
Average Loss: 7.749047637962176e-08
Patience Counter: 3
Epoch 11/50
Average Loss: 7.749047637962176e-08
Patience Counter: 4
Epoch 12/50
Average Loss: 7.749047637962176e-08
Patience Counter: 5
Early stopping triggered
C-index: 0.5000
[I 2025-08-24 22:14:08,093] Trial 9 finished with value: 0.5 and parameters: {'num_layers': 13, 'learning_rate': 0.008881783370494927, 'drop_out_rate': 0.19221616460211127, 'n_head': 2, 'nhead_factor': 12}. Best is trial 0 with value: 0.5.
Number of finished trials:  10
Best trial:
Best hyperparameters: {'num_layers': 54, 'learning_rate': 0.0001819198442905074, 'drop_out_rate': 0.1774268254792078, 'n_head': 1, 'nhead_factor': 10}
model summary
HazardTransformer(
  (input_embedding): Linear(in_features=4, out_features=10, bias=True)
  (time_encoder): Sequential(
    (0): Linear(in_features=1, out_features=5, bias=True)
    (1): ReLU()
    (2): Linear(in_features=5, out_features=10, bias=True)
  )
  (pos_encoder): PositionalEncoding()
  (transformer_encoder): TransformerEncoder(
    (layers): ModuleList(
      (0-53): 54 x TransformerEncoderLayer(
        (self_attn): MultiheadAttention(
          (out_proj): NonDynamicallyQuantizableLinear(in_features=10, out_features=10, bias=True)
        )
        (linear1): Linear(in_features=10, out_features=2048, bias=True)
        (dropout): Dropout(p=0.1774268254792078, inplace=False)
        (linear2): Linear(in_features=2048, out_features=10, bias=True)
        (norm1): LayerNorm((10,), eps=1e-05, elementwise_affine=True)
        (norm2): LayerNorm((10,), eps=1e-05, elementwise_affine=True)
        (dropout1): Dropout(p=0.1774268254792078, inplace=False)
        (dropout2): Dropout(p=0.1774268254792078, inplace=False)
      )
    )
  )
  (hazard_decoders): ModuleList(
    (0): Sequential(
      (0): Linear(in_features=10, out_features=5, bias=True)
      (1): ReLU()
      (2): Linear(in_features=5, out_features=1, bias=True)
    )
  )
)
C-index: 0.5000
Mean time-dependent AUC: 0.50
Integrated Brier Score Test: 0.546
