Using GPU: cuda:6
Using existing train and test subsets for FIVELABMS scenario.
Number of patients: test 3268 and train 2686
Number of records: test 89173 and train 71055
Training new model with Optuna optimization
Running Optuna hyperparameter optimization
[I 2025-08-24 16:20:21,219] A new study created in memory with name: no-name-4267d49b-9102-4f76-aa3f-e83de2129627
Using GPU: cuda:6
Using existing train and test subsets for FIVELABMS scenario.
Number of patients: test 3268 and train 2686
Number of records: test 89173 and train 71055
No existing model, saving current model
[I 2025-08-24 16:20:38,801] Trial 0 finished with value: 0.48062849620081416 and parameters: {'num_nodes': 32, 'num_layers': 3, 'lr': 0.0008962821264013031, 'batch_size': 128, 'dropout': 0.3405719845413374}. Best is trial 0 with value: 0.48062849620081416.
Using GPU: cuda:3
Using existing train and test subsets for FIVELABMS scenario.
Number of patients: test 3268 and train 2686
Number of records: test 89173 and train 71055
/home/minhn2/uiuc-kidney-failure/pkgs/experiments/logistic_hazard.py:131: FutureWarning: You are using `torch.load` with `weights_only=False` (the current default value), which uses the default pickle module implicitly. It is possible to construct malicious pickle data which will execute arbitrary code during unpickling (See https://github.com/pytorch/pytorch/blob/main/SECURITY.md#untrusted-models for more details). In a future release, the default value for `weights_only` will be flipped to `True`. This limits the functions that could be executed during unpickling. Arbitrary objects will no longer be allowed to be loaded via this mode unless they are explicitly allowlisted by the user via `torch.serialization.add_safe_globals`. We recommend you start setting `weights_only=True` for any use case where you don't have full control of the loaded file. Please open an issue on GitHub for any issues related to this experimental feature.
  saved_net = torch.load(saved_path, map_location=device)
Saved model C-index: 0.4806, Current trial C-index: 0.4968
New model is better, saving current model
[I 2025-08-24 16:20:52,839] Trial 1 finished with value: 0.4968154097421608 and parameters: {'num_nodes': 64, 'num_layers': 1, 'lr': 0.0024707504813316987, 'batch_size': 128, 'dropout': 0.030921141281279263}. Best is trial 1 with value: 0.4968154097421608.
Using GPU: cuda:6
Using existing train and test subsets for FIVELABMS scenario.
Number of patients: test 3268 and train 2686
Number of records: test 89173 and train 71055
/home/minhn2/uiuc-kidney-failure/pkgs/experiments/logistic_hazard.py:131: FutureWarning: You are using `torch.load` with `weights_only=False` (the current default value), which uses the default pickle module implicitly. It is possible to construct malicious pickle data which will execute arbitrary code during unpickling (See https://github.com/pytorch/pytorch/blob/main/SECURITY.md#untrusted-models for more details). In a future release, the default value for `weights_only` will be flipped to `True`. This limits the functions that could be executed during unpickling. Arbitrary objects will no longer be allowed to be loaded via this mode unless they are explicitly allowlisted by the user via `torch.serialization.add_safe_globals`. We recommend you start setting `weights_only=True` for any use case where you don't have full control of the loaded file. Please open an issue on GitHub for any issues related to this experimental feature.
  saved_net = torch.load(saved_path, map_location=device)
Saved model C-index: 0.4968, Current trial C-index: 0.4820
Saved model is better, keeping it
[I 2025-08-24 16:21:06,140] Trial 2 finished with value: 0.4819918508409588 and parameters: {'num_nodes': 64, 'num_layers': 3, 'lr': 0.00029181855860971274, 'batch_size': 256, 'dropout': 0.13200707627400116}. Best is trial 1 with value: 0.4968154097421608.
Using GPU: cuda:2
Using existing train and test subsets for FIVELABMS scenario.
Number of patients: test 3268 and train 2686
Number of records: test 89173 and train 71055
/home/minhn2/uiuc-kidney-failure/pkgs/experiments/logistic_hazard.py:131: FutureWarning: You are using `torch.load` with `weights_only=False` (the current default value), which uses the default pickle module implicitly. It is possible to construct malicious pickle data which will execute arbitrary code during unpickling (See https://github.com/pytorch/pytorch/blob/main/SECURITY.md#untrusted-models for more details). In a future release, the default value for `weights_only` will be flipped to `True`. This limits the functions that could be executed during unpickling. Arbitrary objects will no longer be allowed to be loaded via this mode unless they are explicitly allowlisted by the user via `torch.serialization.add_safe_globals`. We recommend you start setting `weights_only=True` for any use case where you don't have full control of the loaded file. Please open an issue on GitHub for any issues related to this experimental feature.
  saved_net = torch.load(saved_path, map_location=device)
Saved model C-index: 0.4968, Current trial C-index: 0.5094
New model is better, saving current model
[I 2025-08-24 16:21:29,380] Trial 3 finished with value: 0.5094160739293837 and parameters: {'num_nodes': 64, 'num_layers': 1, 'lr': 0.006059959976843486, 'batch_size': 32, 'dropout': 0.11975767226395673}. Best is trial 3 with value: 0.5094160739293837.
Using GPU: cuda:3
Using existing train and test subsets for FIVELABMS scenario.
Number of patients: test 3268 and train 2686
Number of records: test 89173 and train 71055
/home/minhn2/uiuc-kidney-failure/pkgs/experiments/logistic_hazard.py:131: FutureWarning: You are using `torch.load` with `weights_only=False` (the current default value), which uses the default pickle module implicitly. It is possible to construct malicious pickle data which will execute arbitrary code during unpickling (See https://github.com/pytorch/pytorch/blob/main/SECURITY.md#untrusted-models for more details). In a future release, the default value for `weights_only` will be flipped to `True`. This limits the functions that could be executed during unpickling. Arbitrary objects will no longer be allowed to be loaded via this mode unless they are explicitly allowlisted by the user via `torch.serialization.add_safe_globals`. We recommend you start setting `weights_only=True` for any use case where you don't have full control of the loaded file. Please open an issue on GitHub for any issues related to this experimental feature.
  saved_net = torch.load(saved_path, map_location=device)
Saved model C-index: 0.5094, Current trial C-index: 0.4967
Saved model is better, keeping it
[I 2025-08-24 16:21:41,180] Trial 4 finished with value: 0.4967296739712851 and parameters: {'num_nodes': 128, 'num_layers': 1, 'lr': 0.0008234916201990757, 'batch_size': 256, 'dropout': 0.35367529818244514}. Best is trial 3 with value: 0.5094160739293837.
Using GPU: cuda:3
Using existing train and test subsets for FIVELABMS scenario.
Number of patients: test 3268 and train 2686
Number of records: test 89173 and train 71055
/home/minhn2/uiuc-kidney-failure/pkgs/experiments/logistic_hazard.py:131: FutureWarning: You are using `torch.load` with `weights_only=False` (the current default value), which uses the default pickle module implicitly. It is possible to construct malicious pickle data which will execute arbitrary code during unpickling (See https://github.com/pytorch/pytorch/blob/main/SECURITY.md#untrusted-models for more details). In a future release, the default value for `weights_only` will be flipped to `True`. This limits the functions that could be executed during unpickling. Arbitrary objects will no longer be allowed to be loaded via this mode unless they are explicitly allowlisted by the user via `torch.serialization.add_safe_globals`. We recommend you start setting `weights_only=True` for any use case where you don't have full control of the loaded file. Please open an issue on GitHub for any issues related to this experimental feature.
  saved_net = torch.load(saved_path, map_location=device)
Saved model C-index: 0.5094, Current trial C-index: 0.4929
Saved model is better, keeping it
[I 2025-08-24 16:21:56,698] Trial 5 finished with value: 0.4929101193982326 and parameters: {'num_nodes': 32, 'num_layers': 3, 'lr': 0.0032658874651047397, 'batch_size': 128, 'dropout': 0.4973371844563315}. Best is trial 3 with value: 0.5094160739293837.
Using GPU: cuda:1
Using existing train and test subsets for FIVELABMS scenario.
Number of patients: test 3268 and train 2686
Number of records: test 89173 and train 71055
/home/minhn2/uiuc-kidney-failure/pkgs/experiments/logistic_hazard.py:131: FutureWarning: You are using `torch.load` with `weights_only=False` (the current default value), which uses the default pickle module implicitly. It is possible to construct malicious pickle data which will execute arbitrary code during unpickling (See https://github.com/pytorch/pytorch/blob/main/SECURITY.md#untrusted-models for more details). In a future release, the default value for `weights_only` will be flipped to `True`. This limits the functions that could be executed during unpickling. Arbitrary objects will no longer be allowed to be loaded via this mode unless they are explicitly allowlisted by the user via `torch.serialization.add_safe_globals`. We recommend you start setting `weights_only=True` for any use case where you don't have full control of the loaded file. Please open an issue on GitHub for any issues related to this experimental feature.
  saved_net = torch.load(saved_path, map_location=device)
Saved model C-index: 0.5094, Current trial C-index: 0.4922
Saved model is better, keeping it
[I 2025-08-24 16:22:26,651] Trial 6 finished with value: 0.4922369117331013 and parameters: {'num_nodes': 32, 'num_layers': 3, 'lr': 0.006034329442124024, 'batch_size': 32, 'dropout': 0.14431960635021013}. Best is trial 3 with value: 0.5094160739293837.
Using GPU: cuda:2
Using existing train and test subsets for FIVELABMS scenario.
Number of patients: test 3268 and train 2686
Number of records: test 89173 and train 71055
/home/minhn2/uiuc-kidney-failure/pkgs/experiments/logistic_hazard.py:131: FutureWarning: You are using `torch.load` with `weights_only=False` (the current default value), which uses the default pickle module implicitly. It is possible to construct malicious pickle data which will execute arbitrary code during unpickling (See https://github.com/pytorch/pytorch/blob/main/SECURITY.md#untrusted-models for more details). In a future release, the default value for `weights_only` will be flipped to `True`. This limits the functions that could be executed during unpickling. Arbitrary objects will no longer be allowed to be loaded via this mode unless they are explicitly allowlisted by the user via `torch.serialization.add_safe_globals`. We recommend you start setting `weights_only=True` for any use case where you don't have full control of the loaded file. Please open an issue on GitHub for any issues related to this experimental feature.
  saved_net = torch.load(saved_path, map_location=device)
Saved model C-index: 0.5094, Current trial C-index: 0.5298
New model is better, saving current model
[I 2025-08-24 16:22:52,237] Trial 7 finished with value: 0.5297692263245605 and parameters: {'num_nodes': 16, 'num_layers': 2, 'lr': 0.05574411560140048, 'batch_size': 32, 'dropout': 0.4115091935013649}. Best is trial 7 with value: 0.5297692263245605.
Using GPU: cuda:1
Using existing train and test subsets for FIVELABMS scenario.
Number of patients: test 3268 and train 2686
Number of records: test 89173 and train 71055
/home/minhn2/uiuc-kidney-failure/pkgs/experiments/logistic_hazard.py:131: FutureWarning: You are using `torch.load` with `weights_only=False` (the current default value), which uses the default pickle module implicitly. It is possible to construct malicious pickle data which will execute arbitrary code during unpickling (See https://github.com/pytorch/pytorch/blob/main/SECURITY.md#untrusted-models for more details). In a future release, the default value for `weights_only` will be flipped to `True`. This limits the functions that could be executed during unpickling. Arbitrary objects will no longer be allowed to be loaded via this mode unless they are explicitly allowlisted by the user via `torch.serialization.add_safe_globals`. We recommend you start setting `weights_only=True` for any use case where you don't have full control of the loaded file. Please open an issue on GitHub for any issues related to this experimental feature.
  saved_net = torch.load(saved_path, map_location=device)
Saved model C-index: 0.5298, Current trial C-index: 0.4701
Saved model is better, keeping it
[I 2025-08-24 16:23:03,905] Trial 8 finished with value: 0.4701279946725351 and parameters: {'num_nodes': 16, 'num_layers': 1, 'lr': 0.0013436080181177656, 'batch_size': 256, 'dropout': 0.33658417815932606}. Best is trial 7 with value: 0.5297692263245605.
Using GPU: cuda:3
Using existing train and test subsets for FIVELABMS scenario.
Number of patients: test 3268 and train 2686
Number of records: test 89173 and train 71055
/home/minhn2/uiuc-kidney-failure/pkgs/experiments/logistic_hazard.py:131: FutureWarning: You are using `torch.load` with `weights_only=False` (the current default value), which uses the default pickle module implicitly. It is possible to construct malicious pickle data which will execute arbitrary code during unpickling (See https://github.com/pytorch/pytorch/blob/main/SECURITY.md#untrusted-models for more details). In a future release, the default value for `weights_only` will be flipped to `True`. This limits the functions that could be executed during unpickling. Arbitrary objects will no longer be allowed to be loaded via this mode unless they are explicitly allowlisted by the user via `torch.serialization.add_safe_globals`. We recommend you start setting `weights_only=True` for any use case where you don't have full control of the loaded file. Please open an issue on GitHub for any issues related to this experimental feature.
  saved_net = torch.load(saved_path, map_location=device)
Saved model C-index: 0.5298, Current trial C-index: 0.4887
Saved model is better, keeping it
[I 2025-08-24 16:23:31,272] Trial 9 finished with value: 0.4887095862360521 and parameters: {'num_nodes': 128, 'num_layers': 3, 'lr': 0.00012974049984003786, 'batch_size': 32, 'dropout': 0.3942612975757246}. Best is trial 7 with value: 0.5297692263245605.
Number of finished trials:  10
Best trial:
Best hyperparameters: {'num_nodes': 16, 'num_layers': 2, 'lr': 0.05574411560140048, 'batch_size': 32, 'dropout': 0.4115091935013649}
Loading best model from disk after optimization
Model summary:
MLPVanilla(
  (net): Sequential(
    (0): DenseVanillaBlock(
      (linear): Linear(in_features=4, out_features=16, bias=True)
      (activation): ReLU()
      (batch_norm): BatchNorm1d(16, eps=1e-05, momentum=0.1, affine=True, track_running_stats=True)
      (dropout): Dropout(p=0.4115091935013649, inplace=False)
    )
    (1): DenseVanillaBlock(
      (linear): Linear(in_features=16, out_features=16, bias=True)
      (activation): ReLU()
      (batch_norm): BatchNorm1d(16, eps=1e-05, momentum=0.1, affine=True, track_running_stats=True)
      (dropout): Dropout(p=0.4115091935013649, inplace=False)
    )
    (2): Linear(in_features=16, out_features=50, bias=False)
  )
)

=== Evaluation Results for fivelabms ===
Global test C-index: 0.530
Event rate: 2982/3268 (91.25%)
Mean time-dependent AUC: 0.499
Integrated Brier Score Test: 0.545
